2023-10-21 00:03:25,435 [ERROR] LogOutputStream:75 - [STDERR_REDIRECT] 
2023-10-21 12:54:33,535 [INFO] Activator:176 - 


2023-10-21 12:54:33,537 [INFO] Activator:177 - !SESSION log4j initialized
2023-10-21 12:54:38,046 [ERROR] LogOutputStream:75 - [STDERR_REDIRECT] 
2023-10-21 12:54:38,505 [INFO] LogOutputStream:77 - [STDOUT_REDIRECT] 
2023-10-21 12:54:40,242 [INFO] LogOutputStream:77 - [STDOUT_REDIRECT] 
2023-10-21 12:54:42,358 [ERROR] LogOutputStream:75 - [STDERR_REDIRECT] java.net.URISyntaxException: Illegal character in path at index 55: file:/Users/brandonrobb/Documents/CPSC-3300/Programming Assignmentds/.metadata/.log4j2.xml
2023-10-21 12:54:42,359 [ERROR] LogOutputStream:75 - [STDERR_REDIRECT] 	at java.base/java.net.URI$Parser.fail(URI.java:2974)
2023-10-21 12:54:42,359 [ERROR] LogOutputStream:75 - [STDERR_REDIRECT] 	at java.base/java.net.URI$Parser.checkChars(URI.java:3145)
2023-10-21 12:54:42,361 [ERROR] LogOutputStream:75 - [STDERR_REDIRECT] 	at java.base/java.net.URI$Parser.parseHierarchical(URI.java:3227)
2023-10-21 12:54:42,362 [ERROR] LogOutputStream:75 - [STDERR_REDIRECT] 	at java.base/java.net.URI$Parser.parse(URI.java:3175)
2023-10-21 12:54:42,363 [ERROR] LogOutputStream:75 - [STDERR_REDIRECT] 	at java.base/java.net.URI.<init>(URI.java:623)
2023-10-21 12:54:42,363 [ERROR] LogOutputStream:75 - [STDERR_REDIRECT] 	at java.base/java.net.URL.toURI(URL.java:1056)
2023-10-21 12:54:42,363 [ERROR] LogOutputStream:75 - [STDERR_REDIRECT] 	at com.st.stm32cube.common.mx.core.CubeMxInstance.getInstance(CubeMxInstance.java:81)
2023-10-21 12:54:42,364 [ERROR] LogOutputStream:75 - [STDERR_REDIRECT] 	at com.st.stm32cube.common.mx.userauth.UserAuthAdapter.<init>(UserAuthAdapter.java:18)
2023-10-21 12:54:42,364 [ERROR] LogOutputStream:75 - [STDERR_REDIRECT] 	at com.st.stm32cube.common.mx.userauth.UserAuthProvider.getUserAuthAdapter(UserAuthProvider.java:9)
2023-10-21 12:54:42,364 [ERROR] LogOutputStream:75 - [STDERR_REDIRECT] 	at com.st.stm32cube.common.ecosystemintegration.ui.core.MCUEcoSystemIntegrationUiHelper.getUserAuth(MCUEcoSystemIntegrationUiHelper.java:100)
2023-10-21 12:54:42,364 [ERROR] LogOutputStream:75 - [STDERR_REDIRECT] 	at com.st.stm32cube.ide.mcu.userauth.UserAuthStartup.earlyStartup(UserAuthStartup.java:41)
2023-10-21 12:54:42,364 [ERROR] LogOutputStream:75 - [STDERR_REDIRECT] 	at org.eclipse.ui.internal.EarlyStartupRunnable.runEarlyStartup(EarlyStartupRunnable.java:79)
2023-10-21 12:54:42,364 [ERROR] LogOutputStream:75 - [STDERR_REDIRECT] 	at org.eclipse.ui.internal.EarlyStartupRunnable.run(EarlyStartupRunnable.java:55)
2023-10-21 12:54:42,364 [ERROR] LogOutputStream:75 - [STDERR_REDIRECT] 	at org.eclipse.core.runtime.SafeRunner.run(SafeRunner.java:45)
2023-10-21 12:54:42,364 [ERROR] LogOutputStream:75 - [STDERR_REDIRECT] 	at org.eclipse.ui.internal.Workbench$39.run(Workbench.java:2656)
2023-10-21 12:54:42,364 [ERROR] LogOutputStream:75 - [STDERR_REDIRECT] 	at org.eclipse.core.internal.jobs.Worker.run(Worker.java:63)
2023-10-21 12:54:42,455 [INFO] ApplicationProperties:184 - Using Application install path: /Applications/STM32CubeIDE.app/Contents/Eclipse/plugins/com.st.stm32cube.common.mx_6.9.2.202309101412
2023-10-21 12:54:42,468 [INFO] DbMcusXml:78 - Set database path to: /Applications/STM32CubeIDE.app/Contents/Eclipse/plugins/com.st.stm32cube.common.mx_6.9.2.202309101412//db//mcu/
2023-10-21 12:54:42,468 [INFO] ApiDb:274 - Set plugin database path to: /Applications/STM32CubeIDE.app/Contents/Eclipse/plugins/com.st.stm32cube.common.mx_6.9.2.202309101412//db//plugins/boardmanager/
2023-10-21 12:54:42,468 [WARN] ApiDb:259 - Overriding images path with different value:  => /Applications/STM32CubeIDE.app/Contents/Eclipse/plugins/com.st.stm32cube.common.mx_6.9.2.202309101412//db//plugins/mcufinder/images/
2023-10-21 12:54:42,479 [INFO] ApiDb:250 - Set database path to: /Users/brandonrobb/.stmcufinder/plugins/mcufinder//mcu/
2023-10-21 12:54:42,480 [INFO] DbMcusAds:125 - Set database path to: /Users/brandonrobb/.stmcufinder/plugins/mcufinder//mcu/
2023-10-21 12:54:42,481 [INFO] CrossReferenceDbSqlite:203 - Set database path to: /Users/brandonrobb/.stmcufinder/plugins/mcufinder//mcu/cs/
2023-10-21 12:54:42,593 [INFO] RulesReader:64 - Compatibility file has been processed (293 Rules)
2023-10-21 12:54:42,709 [INFO] DbMcusXml:78 - Set database path to: /Applications/STM32CubeIDE.app/Contents/Eclipse/plugins/com.st.stm32cube.common.mx_6.9.2.202309101412//db//mcu/
2023-10-21 12:54:42,710 [INFO] ApiDb:274 - Set plugin database path to: /Applications/STM32CubeIDE.app/Contents/Eclipse/plugins/com.st.stm32cube.common.mx_6.9.2.202309101412//db//plugins/boardmanager/
2023-10-21 12:54:42,713 [INFO] ApiDb:261 - Set plugin images path to: /Applications/STM32CubeIDE.app/Contents/Eclipse/plugins/com.st.stm32cube.common.mx_6.9.2.202309101412//db//plugins/mcufinder/images/
2023-10-21 12:54:42,714 [WARN] DbFile:41 - Overriding database path with different value: /Users/brandonrobb/.stmcufinder/plugins/mcufinder/ => /Users/brandonrobb/.stmcufinder/plugins/mcufinder
2023-10-21 12:54:42,714 [INFO] ApiDb:250 - Set database path to: /Users/brandonrobb/.stmcufinder/plugins/mcufinder//mcu/
2023-10-21 12:54:42,714 [WARN] DbFile:41 - Overriding database path with different value: /Users/brandonrobb/.stmcufinder/plugins/mcufinder/ => /Users/brandonrobb/.stmcufinder/plugins/mcufinder
2023-10-21 12:54:42,714 [INFO] DbMcusAds:125 - Set database path to: /Users/brandonrobb/.stmcufinder/plugins/mcufinder//mcu/
2023-10-21 12:54:42,714 [WARN] DbFile:41 - Overriding database path with different value: /Users/brandonrobb/.stmcufinder/plugins/mcufinder/ => /Users/brandonrobb/.stmcufinder/plugins/mcufinder
2023-10-21 12:54:42,714 [WARN] DbFile:41 - Overriding database path with different value: /Users/brandonrobb/.stmcufinder/plugins/mcufinder/ => /Users/brandonrobb/.stmcufinder/plugins/mcufinder
2023-10-21 12:54:42,715 [INFO] CrossReferenceDbSqlite:203 - Set database path to: /Users/brandonrobb/.stmcufinder/plugins/mcufinder//mcu/cs/
2023-10-21 12:54:42,804 [INFO] MainPanel:262 - HeapMemory: 268435456
2023-10-21 12:54:42,875 [INFO] DbMcusXml:78 - Set database path to: /Applications/STM32CubeIDE.app/Contents/Eclipse/plugins/com.st.stm32cube.common.mx_6.9.2.202309101412//db//mcu/
2023-10-21 12:54:42,876 [INFO] ApiDb:274 - Set plugin database path to: /Applications/STM32CubeIDE.app/Contents/Eclipse/plugins/com.st.stm32cube.common.mx_6.9.2.202309101412//db//plugins/boardmanager/
2023-10-21 12:54:42,876 [INFO] ApiDb:261 - Set plugin images path to: /Applications/STM32CubeIDE.app/Contents/Eclipse/plugins/com.st.stm32cube.common.mx_6.9.2.202309101412//db//plugins/mcufinder/images/
2023-10-21 12:54:42,876 [WARN] DbFile:41 - Overriding database path with different value: /Users/brandonrobb/.stmcufinder/plugins/mcufinder/ => /Users/brandonrobb/.stmcufinder/plugins/mcufinder
2023-10-21 12:54:42,876 [INFO] ApiDb:250 - Set database path to: /Users/brandonrobb/.stmcufinder/plugins/mcufinder//mcu/
2023-10-21 12:54:42,876 [WARN] DbFile:41 - Overriding database path with different value: /Users/brandonrobb/.stmcufinder/plugins/mcufinder/ => /Users/brandonrobb/.stmcufinder/plugins/mcufinder
2023-10-21 12:54:42,876 [INFO] DbMcusAds:125 - Set database path to: /Users/brandonrobb/.stmcufinder/plugins/mcufinder//mcu/
2023-10-21 12:54:42,876 [WARN] DbFile:41 - Overriding database path with different value: /Users/brandonrobb/.stmcufinder/plugins/mcufinder/ => /Users/brandonrobb/.stmcufinder/plugins/mcufinder
2023-10-21 12:54:42,876 [WARN] DbFile:41 - Overriding database path with different value: /Users/brandonrobb/.stmcufinder/plugins/mcufinder/ => /Users/brandonrobb/.stmcufinder/plugins/mcufinder
2023-10-21 12:54:42,877 [INFO] CrossReferenceDbSqlite:203 - Set database path to: /Users/brandonrobb/.stmcufinder/plugins/mcufinder//mcu/cs/
2023-10-21 12:54:42,898 [INFO] ApplicationProperties:184 - Using Application install path: /Applications/STM32CubeIDE.app/Contents/Eclipse/plugins/com.st.stm32cube.common.mx_6.9.2.202309101412
2023-10-21 12:54:42,899 [INFO] PluginManage:196 - Search for loadable plugins [exclusion list=, ]
2023-10-21 12:54:42,901 [INFO] PluginManage:310 - Check plugin analytics
2023-10-21 12:54:43,082 [INFO] AnalyticsPlugin:253 - Accepted Software Licenses: 
2023-10-21 12:54:43,084 [INFO] AnalyticsPlugin:255 - Accepted CMSIS Pack Licenses: 
2023-10-21 12:54:43,084 [INFO] AnalyticsPlugin:257 - Accepted Firmware Licenses: 
2023-10-21 12:54:43,088 [INFO] PluginManage:359 - Loaded plugin analytics (category:tool,tabindex:-1)
2023-10-21 12:54:43,089 [INFO] PluginManage:310 - Check plugin cadmodel
2023-10-21 12:54:43,433 [INFO] CADModel:105 - Init CAD model plugin
2023-10-21 12:54:43,434 [INFO] PluginManage:359 - Loaded plugin cadmodel (category:power,tabindex:5)
2023-10-21 12:54:43,434 [INFO] PluginManage:310 - Check plugin clock
2023-10-21 12:54:43,447 [INFO] PluginManage:359 - Loaded plugin clock (category:base,tabindex:2)
2023-10-21 12:54:43,447 [INFO] PluginManage:310 - Check plugin ddr
2023-10-21 12:54:43,451 [INFO] PluginManage:359 - Loaded plugin ddr (category:tool,tabindex:6)
2023-10-21 12:54:43,451 [INFO] PluginManage:310 - Check plugin filemanager
2023-10-21 12:54:43,599 [INFO] PluginManage:359 - Loaded plugin filemanager (category:base,tabindex:10)
2023-10-21 12:54:43,600 [INFO] PluginManage:310 - Check plugin ipmanager
2023-10-21 12:54:43,606 [INFO] PluginManage:359 - Loaded plugin ipmanager (category:base,tabindex:5)
2023-10-21 12:54:43,606 [INFO] PluginManage:310 - Check plugin lpbam
2023-10-21 12:54:43,615 [INFO] PluginManage:359 - Loaded plugin lpbam (category:base,tabindex:0)
2023-10-21 12:54:43,615 [INFO] PluginManage:310 - Check plugin memorymap
2023-10-21 12:54:43,625 [INFO] PluginManage:359 - Loaded plugin memorymap (category:base,tabindex:4)
2023-10-21 12:54:43,625 [INFO] PluginManage:310 - Check plugin pinoutandconfiguration
2023-10-21 12:54:43,630 [INFO] PluginManage:359 - Loaded plugin pinoutandconfiguration (category:base,tabindex:1)
2023-10-21 12:54:43,630 [INFO] PluginManage:310 - Check plugin pinoutconfig
2023-10-21 12:54:43,711 [WARN] SupportedApi:132 - Cannot load RTOS API schema: s4s-elt-must-match.1: The content of 'definitions' must match (annotation?, (simpleType | complexType)?, (unique | key | keyref)*)). A problem was found starting at: attribute.
2023-10-21 12:54:43,839 [INFO] PluginManage:359 - Loaded plugin pinoutconfig (category:base,tabindex:0)
2023-10-21 12:54:43,839 [INFO] PluginManage:310 - Check plugin power
2023-10-21 12:54:43,847 [INFO] PluginManage:359 - Loaded plugin power (category:power,tabindex:4)
2023-10-21 12:54:43,848 [INFO] PluginManage:310 - Check plugin projectmanager
2023-10-21 12:54:43,866 [INFO] PluginManage:359 - Loaded plugin projectmanager (category:projectmanager,tabindex:3)
2023-10-21 12:54:43,866 [INFO] PluginManage:310 - Check plugin thirdparty
2023-10-21 12:54:43,988 [INFO] PluginManage:359 - Loaded plugin thirdparty (category:base,tabindex:-1)
2023-10-21 12:54:43,988 [INFO] PluginManage:310 - Check plugin tools
2023-10-21 12:54:43,988 [WARN] IntegrityCheckThread:84 - waiting for thirdparty lock release [integrity check]
2023-10-21 12:54:43,989 [INFO] IntegrityCheckThread:86 - entering critical section [integrity check]
2023-10-21 12:54:43,989 [INFO] ThirdPartyUpdaterWithRetryManager:70 - Updater plugin not ready yet. [1/15]
2023-10-21 12:54:43,990 [INFO] PluginManage:359 - Loaded plugin tools (category:base,tabindex:7)
2023-10-21 12:54:43,990 [INFO] PluginManage:310 - Check plugin tutovideos
2023-10-21 12:54:44,169 [INFO] PluginManage:359 - Loaded plugin tutovideos (category:base,tabindex:-1)
2023-10-21 12:54:44,170 [INFO] PluginManage:310 - Check plugin updater
2023-10-21 12:54:44,199 [INFO] PluginManage:359 - Loaded plugin updater (category:base,tabindex:12)
2023-10-21 12:54:44,200 [INFO] PluginManage:310 - Check plugin userauth
2023-10-21 12:54:44,210 [INFO] UserAuth:113 - Init User Auth plugin
2023-10-21 12:54:44,211 [INFO] PluginManage:359 - Loaded plugin userauth (category:base,tabindex:14)
2023-10-21 12:54:44,212 [INFO] PluginManage:283 - PluginManage : Loaded plugins [17]
2023-10-21 12:54:44,464 [INFO] PinOutPanel:1499 - setPackage(No Configuration,No Configuration)
2023-10-21 12:54:44,554 [INFO] CADModel:165 - CPN selected for project level
2023-10-21 12:54:44,554 [INFO] CADModel:114 - Register for checkConnection events
2023-10-21 12:54:44,563 [INFO] IPUIPlugin:80 - create IPUIPlugin
2023-10-21 12:54:44,564 [INFO] PluginManager:220 - loadIPPluginJar : add mdma
2023-10-21 12:54:44,569 [INFO] IPUIPlugin:80 - create IPUIPlugin
2023-10-21 12:54:44,569 [INFO] PluginManager:220 - loadIPPluginJar : add freertos
2023-10-21 12:54:44,572 [INFO] IPUIPlugin:80 - create IPUIPlugin
2023-10-21 12:54:44,572 [INFO] PluginManager:220 - loadIPPluginJar : add gic
2023-10-21 12:54:44,577 [INFO] IPUIPlugin:80 - create IPUIPlugin
2023-10-21 12:54:44,577 [INFO] PluginManager:220 - loadIPPluginJar : add adc
2023-10-21 12:54:44,578 [INFO] IPUIPlugin:80 - create IPUIPlugin
2023-10-21 12:54:44,578 [INFO] PluginManager:220 - loadIPPluginJar : add gtzc
2023-10-21 12:54:44,579 [INFO] IPUIPlugin:80 - create IPUIPlugin
2023-10-21 12:54:44,579 [INFO] PluginManager:220 - loadIPPluginJar : add quadspi
2023-10-21 12:54:44,580 [INFO] IPUIPlugin:80 - create IPUIPlugin
2023-10-21 12:54:44,580 [INFO] PluginManager:220 - loadIPPluginJar : add aes
2023-10-21 12:54:44,582 [INFO] IPUIPlugin:80 - create IPUIPlugin
2023-10-21 12:54:44,582 [INFO] PluginManager:220 - loadIPPluginJar : add pdm2pcm
2023-10-21 12:54:44,583 [INFO] IPUIPlugin:80 - create IPUIPlugin
2023-10-21 12:54:44,583 [INFO] PluginManager:220 - loadIPPluginJar : add hash
2023-10-21 12:54:44,584 [INFO] IPUIPlugin:80 - create IPUIPlugin
2023-10-21 12:54:44,584 [INFO] PluginManager:220 - loadIPPluginJar : add tim
2023-10-21 12:54:44,585 [INFO] IPUIPlugin:80 - create IPUIPlugin
2023-10-21 12:54:44,585 [INFO] PluginManager:220 - loadIPPluginJar : add tsc
2023-10-21 12:54:44,585 [INFO] IPUIPlugin:80 - create IPUIPlugin
2023-10-21 12:54:44,585 [INFO] PluginManager:220 - loadIPPluginJar : add ts
2023-10-21 12:54:44,586 [INFO] IPUIPlugin:80 - create IPUIPlugin
2023-10-21 12:54:44,586 [INFO] PluginManager:220 - loadIPPluginJar : add can
2023-10-21 12:54:44,587 [INFO] IPUIPlugin:80 - create IPUIPlugin
2023-10-21 12:54:44,588 [INFO] PluginManager:220 - loadIPPluginJar : add dma3
2023-10-21 12:54:44,590 [INFO] IPUIPlugin:80 - create IPUIPlugin
2023-10-21 12:54:44,590 [INFO] PluginManager:220 - loadIPPluginJar : add dfsdm
2023-10-21 12:54:44,591 [INFO] IPUIPlugin:80 - create IPUIPlugin
2023-10-21 12:54:44,591 [INFO] PluginManager:220 - loadIPPluginJar : add spi
2023-10-21 12:54:44,592 [INFO] IPUIPlugin:80 - create IPUIPlugin
2023-10-21 12:54:44,592 [INFO] PluginManager:220 - loadIPPluginJar : add gfxmmu
2023-10-21 12:54:44,593 [INFO] IPUIPlugin:80 - create IPUIPlugin
2023-10-21 12:54:44,593 [INFO] PluginManager:220 - loadIPPluginJar : add genericplugin
2023-10-21 12:54:44,593 [INFO] IPUIPlugin:80 - create IPUIPlugin
2023-10-21 12:54:44,593 [INFO] PluginManager:220 - loadIPPluginJar : add cryp
2023-10-21 12:54:44,595 [INFO] IPUIPlugin:80 - create IPUIPlugin
2023-10-21 12:54:44,595 [INFO] PluginManager:220 - loadIPPluginJar : add gpio
2023-10-21 12:54:44,596 [INFO] IPUIPlugin:80 - create IPUIPlugin
2023-10-21 12:54:44,596 [INFO] PluginManager:220 - loadIPPluginJar : add comp
2023-10-21 12:54:44,597 [INFO] IPUIPlugin:80 - create IPUIPlugin
2023-10-21 12:54:44,597 [INFO] PluginManager:220 - loadIPPluginJar : add tracer_emb
2023-10-21 12:54:44,599 [INFO] IPUIPlugin:80 - create IPUIPlugin
2023-10-21 12:54:44,599 [INFO] PluginManager:220 - loadIPPluginJar : add openamp
2023-10-21 12:54:44,606 [INFO] IPUIPlugin:80 - create IPUIPlugin
2023-10-21 12:54:44,606 [INFO] PluginManager:220 - loadIPPluginJar : add stm32_wpan
2023-10-21 12:54:44,610 [INFO] IPUIPlugin:80 - create IPUIPlugin
2023-10-21 12:54:44,614 [INFO] PluginManager:220 - loadIPPluginJar : add plateformsettings
2023-10-21 12:54:44,617 [INFO] IPUIPlugin:80 - create IPUIPlugin
2023-10-21 12:54:44,617 [INFO] PluginManager:220 - loadIPPluginJar : add ipddr
2023-10-21 12:54:44,619 [INFO] IPUIPlugin:80 - create IPUIPlugin
2023-10-21 12:54:44,619 [INFO] PluginManager:220 - loadIPPluginJar : add usart
2023-10-21 12:54:44,620 [INFO] IPUIPlugin:80 - create IPUIPlugin
2023-10-21 12:54:44,620 [INFO] PluginManager:220 - loadIPPluginJar : add ltdc
2023-10-21 12:54:44,622 [INFO] IPUIPlugin:80 - create IPUIPlugin
2023-10-21 12:54:44,622 [INFO] PluginManager:220 - loadIPPluginJar : add nvic
2023-10-21 12:54:44,623 [INFO] IPUIPlugin:80 - create IPUIPlugin
2023-10-21 12:54:44,623 [INFO] PluginManager:220 - loadIPPluginJar : add fatfs
2023-10-21 12:54:44,626 [INFO] IPUIPlugin:80 - create IPUIPlugin
2023-10-21 12:54:44,626 [INFO] PluginManager:220 - loadIPPluginJar : add linkedlist
2023-10-21 12:54:44,630 [INFO] IPUIPlugin:80 - create IPUIPlugin
2023-10-21 12:54:44,630 [INFO] PluginManager:220 - loadIPPluginJar : add dma
2023-10-21 12:54:44,633 [INFO] IPUIPlugin:80 - create IPUIPlugin
2023-10-21 12:54:44,633 [INFO] PluginManager:220 - loadIPPluginJar : add fmc
2023-10-21 12:54:44,634 [INFO] IPUIPlugin:80 - create IPUIPlugin
2023-10-21 12:54:44,634 [INFO] PluginManager:220 - loadIPPluginJar : add i2s
2023-10-21 12:54:44,635 [INFO] IPUIPlugin:80 - create IPUIPlugin
2023-10-21 12:54:44,635 [INFO] PluginManager:220 - loadIPPluginJar : add ucpd
2023-10-21 12:54:44,636 [INFO] IPUIPlugin:80 - create IPUIPlugin
2023-10-21 12:54:44,637 [INFO] PluginManager:220 - loadIPPluginJar : add lorawan
2023-10-21 12:54:44,638 [INFO] IPUIPlugin:80 - create IPUIPlugin
2023-10-21 12:54:44,638 [INFO] PluginManager:220 - loadIPPluginJar : add opamp
2023-10-21 12:54:44,639 [INFO] IPUIPlugin:80 - create IPUIPlugin
2023-10-21 12:54:44,639 [INFO] PluginManager:220 - loadIPPluginJar : add i3c
2023-10-21 12:54:44,641 [INFO] IPUIPlugin:80 - create IPUIPlugin
2023-10-21 12:54:44,641 [INFO] PluginManager:220 - loadIPPluginJar : add touchsensing
2023-10-21 12:54:44,642 [INFO] IPUIPlugin:80 - create IPUIPlugin
2023-10-21 12:54:44,642 [INFO] PluginManager:220 - loadIPPluginJar : add i2c
2023-10-21 12:54:44,644 [INFO] IPUIPlugin:80 - create IPUIPlugin
2023-10-21 12:54:44,644 [INFO] PluginManager:220 - loadIPPluginJar : add resmgrutility
2023-10-21 12:54:44,645 [INFO] IPUIPlugin:80 - create IPUIPlugin
2023-10-21 12:54:44,645 [INFO] PluginManager:220 - loadIPPluginJar : add sai
2023-10-21 12:54:44,646 [INFO] IPUIPlugin:80 - create IPUIPlugin
2023-10-21 12:54:44,646 [INFO] PluginManager:220 - loadIPPluginJar : add usbx
2023-10-21 12:54:44,768 [INFO] CADModel:165 - CPN selected for project level
2023-10-21 12:54:44,769 [INFO] CADModel:114 - Register for checkConnection events
2023-10-21 12:54:44,770 [FATAL] Updater:308 - Updater called before beeing initialized
2023-10-21 12:54:44,770 [ERROR] CADModel:125 - Updater not yet initialized, retry later 
2023-10-21 12:54:44,970 [INFO] CADModel:165 - CPN selected for project level
2023-10-21 12:54:44,970 [INFO] CADModel:114 - Register for checkConnection events
2023-10-21 12:54:44,970 [FATAL] Updater:308 - Updater called before beeing initialized
2023-10-21 12:54:44,970 [ERROR] CADModel:125 - Updater not yet initialized, retry later 
2023-10-21 12:54:44,972 [FATAL] Updater:308 - Updater called before beeing initialized
2023-10-21 12:54:45,096 [FATAL] Updater:308 - Updater called before beeing initialized
2023-10-21 12:54:45,105 [INFO] DbMcusAds:53 - JSON generation date=Tue Mar 07 02:50:55 CST 2023 (1678179055114)
2023-10-21 12:54:45,105 [FATAL] Updater:308 - Updater called before beeing initialized
2023-10-21 12:54:45,159 [WARN] DetailPanel:346 - Failed to get advertising image, set to default
2023-10-21 12:54:45,223 [FATAL] Updater:308 - Updater called before beeing initialized
2023-10-21 12:54:45,224 [FATAL] Updater:308 - Updater called before beeing initialized
2023-10-21 12:54:45,224 [FATAL] Updater:308 - Updater called before beeing initialized
2023-10-21 12:54:45,224 [WARN] DetailPanel:346 - Failed to get advertising image, set to default
2023-10-21 12:54:45,226 [FATAL] Updater:308 - Updater called before beeing initialized
2023-10-21 12:54:45,291 [ERROR] Updater:1120 - MainUpdater not yet initialized. External WinMGr cannot be set.
2023-10-21 12:54:45,324 [INFO] Updater:1056 - Updater Version found : 6.9.2
2023-10-21 12:54:45,336 [INFO] ApplicationProperties:184 - Using Application install path: /Applications/STM32CubeIDE.app/Contents/Eclipse/plugins/com.st.stm32cube.common.mx_6.9.2.202309101412
2023-10-21 12:54:45,512 [INFO] MainUpdater:2868 - connection check result : 10
2023-10-21 12:54:45,512 [INFO] MainUpdater:285 - Updater Check For Update Now.
2023-10-21 12:54:45,513 [INFO] MicroXplorer:498 - Change Database Version : DB.6.0.92
2023-10-21 12:54:45,518 [INFO] McuFinderGlobals:63 - Set McuFinder mode to 2 (CubeIDE integrated)
2023-10-21 12:54:45,519 [INFO] UserAuth:179 - activating auth plugin
2023-10-21 12:54:45,528 [INFO] UserAuth:393 - Internet connection configuration mode: 1
2023-10-21 12:54:45,543 [INFO] JxBrowserEngine:151 - Initiate JxBrowser Engine with user profile folder
2023-10-21 12:54:45,855 [INFO] CheckServerUpdateThread:120 - End of CheckServer Thread
2023-10-21 12:54:47,130 [WARN] PackLoader:240 - Cannot read IP mode file for STMicroelectronics.X-CUBE-GNSS1.6.0.0
2023-10-21 12:54:47,159 [WARN] PackLoader:240 - Cannot read IP mode file for STMicroelectronics.FP-SNS-MOTENV1.4.3.2
2023-10-21 12:54:47,193 [WARN] PackLoader:240 - Cannot read IP mode file for STMicroelectronics.X-CUBE-BLEMGR.2.0.0
2023-10-21 12:54:47,210 [WARN] PackLoader:240 - Cannot read IP mode file for STMicroelectronics.FP-SNS-FLIGHT1.5.0.2
2023-10-21 12:54:47,230 [WARN] PackLoader:240 - Cannot read IP mode file for STMicroelectronics.X-CUBE-DISPLAY.3.0.0
2023-10-21 12:54:47,264 [WARN] PackLoader:240 - Cannot read IP mode file for STMicroelectronics.X-CUBE-BLE1.7.0.0
2023-10-21 12:54:47,283 [WARN] PackLoader:240 - Cannot read IP mode file for STMicroelectronics.X-CUBE-NFC7.1.0.1
2023-10-21 12:54:47,302 [WARN] PackLoader:240 - Cannot read IP mode file for STMicroelectronics.X-CUBE-EEPRMA1.4.1.0
2023-10-21 12:54:47,328 [WARN] PackLoader:240 - Cannot read IP mode file for STMicroelectronics.X-CUBE-AI.8.1.0
2023-10-21 12:54:47,350 [WARN] PackLoader:240 - Cannot read IP mode file for STMicroelectronics.X-CUBE-BLE2.3.3.0
2023-10-21 12:54:47,369 [WARN] PackLoader:240 - Cannot read IP mode file for STMicroelectronics.X-CUBE-ISPU.1.1.0
2023-10-21 12:54:47,386 [WARN] PackLoader:240 - Cannot read IP mode file for STMicroelectronics.X-CUBE-NFC4.3.0.0
2023-10-21 12:54:47,401 [WARN] PackLoader:240 - Cannot read IP mode file for STMicroelectronics.FP-ATR-SIGFOX1.3.2.0
2023-10-21 12:54:47,422 [WARN] PackLoader:240 - Cannot read IP mode file for STMicroelectronics.X-CUBE-FREERTOS.1.1.0
2023-10-21 12:54:47,443 [WARN] PackLoader:240 - Cannot read IP mode file for STMicroelectronics.X-CUBE-ALS.1.0.1
2023-10-21 12:54:47,457 [WARN] PackLoader:240 - Cannot read IP mode file for STMicroelectronics.FP-ATR-ASTRA1.2.0.0
2023-10-21 12:54:47,465 [INFO] ThirdParty:978 - Integrity check success = true
2023-10-21 12:54:47,465 [INFO] IntegrityCheckThread:100 - exiting critical section [integrity check]
2023-10-21 12:54:47,465 [INFO] IntegrityCheckThread:103 - End integrity checks thread
2023-10-21 12:54:50,156 [INFO] WebApp:157 - Instantiating new browser for Auth
2023-10-21 12:54:51,223 [INFO] WebApp:753 - Register for checkConnection events
2023-10-21 12:54:51,224 [INFO] WebApp:390 - Apply proxy settings
2023-10-21 12:54:51,240 [INFO] WebApp:455 - Chromium authenticates against System proxy
2023-10-21 12:54:51,367 [INFO] WebApp:188 - Starting web application
2023-10-21 12:54:51,367 [INFO] WebApp:520 - Web application path used /Applications/STM32CubeIDE.app/Contents/Eclipse/plugins/com.st.stm32cube.common.mx_6.9.2.202309101412/db/plugins/mcufinder/reactClient1/index.html
2023-10-21 12:55:12,559 [ERROR] LogOutputStream:75 - [STDERR_REDIRECT] SLF4J: Failed to load class "org.slf4j.impl.StaticLoggerBinder".
2023-10-21 12:55:12,563 [ERROR] LogOutputStream:75 - [STDERR_REDIRECT] SLF4J: Defaulting to no-operation (NOP) logger implementation
2023-10-21 12:55:12,563 [ERROR] LogOutputStream:75 - [STDERR_REDIRECT] SLF4J: See http://www.slf4j.org/codes.html#StaticLoggerBinder for further details.
2023-10-21 22:34:33,850 [ERROR] LogOutputStream:75 - [STDERR_REDIRECT] 
2023-10-21 22:34:52,595 [INFO] Activator:176 - 


2023-10-21 22:34:52,596 [INFO] Activator:177 - !SESSION log4j initialized
2023-10-21 22:34:57,234 [ERROR] LogOutputStream:75 - [STDERR_REDIRECT] 
2023-10-21 22:34:58,019 [INFO] LogOutputStream:77 - [STDOUT_REDIRECT] 
2023-10-21 22:35:00,231 [INFO] LogOutputStream:77 - [STDOUT_REDIRECT] 
2023-10-21 22:35:04,589 [ERROR] LogOutputStream:75 - [STDERR_REDIRECT] java.net.URISyntaxException: Illegal character in path at index 55: file:/Users/brandonrobb/Documents/CPSC-3300/Programming Assignmentds/.metadata/.log4j2.xml
2023-10-21 22:35:04,590 [ERROR] LogOutputStream:75 - [STDERR_REDIRECT] 	at java.base/java.net.URI$Parser.fail(URI.java:2974)
2023-10-21 22:35:04,591 [ERROR] LogOutputStream:75 - [STDERR_REDIRECT] 	at java.base/java.net.URI$Parser.checkChars(URI.java:3145)
2023-10-21 22:35:04,591 [ERROR] LogOutputStream:75 - [STDERR_REDIRECT] 	at java.base/java.net.URI$Parser.parseHierarchical(URI.java:3227)
2023-10-21 22:35:04,591 [ERROR] LogOutputStream:75 - [STDERR_REDIRECT] 	at java.base/java.net.URI$Parser.parse(URI.java:3175)
2023-10-21 22:35:04,591 [ERROR] LogOutputStream:75 - [STDERR_REDIRECT] 	at java.base/java.net.URI.<init>(URI.java:623)
2023-10-21 22:35:04,592 [ERROR] LogOutputStream:75 - [STDERR_REDIRECT] 	at java.base/java.net.URL.toURI(URL.java:1056)
2023-10-21 22:35:04,593 [ERROR] LogOutputStream:75 - [STDERR_REDIRECT] 	at com.st.stm32cube.common.mx.core.CubeMxInstance.getInstance(CubeMxInstance.java:81)
2023-10-21 22:35:04,593 [ERROR] LogOutputStream:75 - [STDERR_REDIRECT] 	at com.st.stm32cube.common.mx.userauth.UserAuthAdapter.<init>(UserAuthAdapter.java:18)
2023-10-21 22:35:04,594 [ERROR] LogOutputStream:75 - [STDERR_REDIRECT] 	at com.st.stm32cube.common.mx.userauth.UserAuthProvider.getUserAuthAdapter(UserAuthProvider.java:9)
2023-10-21 22:35:04,594 [ERROR] LogOutputStream:75 - [STDERR_REDIRECT] 	at com.st.stm32cube.common.ecosystemintegration.ui.core.MCUEcoSystemIntegrationUiHelper.getUserAuth(MCUEcoSystemIntegrationUiHelper.java:100)
2023-10-21 22:35:04,594 [ERROR] LogOutputStream:75 - [STDERR_REDIRECT] 	at com.st.stm32cube.ide.mcu.userauth.UserAuthStartup.earlyStartup(UserAuthStartup.java:41)
2023-10-21 22:35:04,594 [ERROR] LogOutputStream:75 - [STDERR_REDIRECT] 	at org.eclipse.ui.internal.EarlyStartupRunnable.runEarlyStartup(EarlyStartupRunnable.java:79)
2023-10-21 22:35:04,594 [ERROR] LogOutputStream:75 - [STDERR_REDIRECT] 	at org.eclipse.ui.internal.EarlyStartupRunnable.run(EarlyStartupRunnable.java:55)
2023-10-21 22:35:04,594 [ERROR] LogOutputStream:75 - [STDERR_REDIRECT] 	at org.eclipse.core.runtime.SafeRunner.run(SafeRunner.java:45)
2023-10-21 22:35:04,594 [ERROR] LogOutputStream:75 - [STDERR_REDIRECT] 	at org.eclipse.ui.internal.Workbench$39.run(Workbench.java:2656)
2023-10-21 22:35:04,595 [ERROR] LogOutputStream:75 - [STDERR_REDIRECT] 	at org.eclipse.core.internal.jobs.Worker.run(Worker.java:63)
2023-10-21 22:35:04,695 [INFO] ApplicationProperties:184 - Using Application install path: /Applications/STM32CubeIDE.app/Contents/Eclipse/plugins/com.st.stm32cube.common.mx_6.9.2.202309101412
2023-10-21 22:35:04,762 [INFO] DbMcusXml:78 - Set database path to: /Applications/STM32CubeIDE.app/Contents/Eclipse/plugins/com.st.stm32cube.common.mx_6.9.2.202309101412//db//mcu/
2023-10-21 22:35:04,762 [INFO] ApiDb:274 - Set plugin database path to: /Applications/STM32CubeIDE.app/Contents/Eclipse/plugins/com.st.stm32cube.common.mx_6.9.2.202309101412//db//plugins/boardmanager/
2023-10-21 22:35:04,764 [WARN] ApiDb:259 - Overriding images path with different value:  => /Applications/STM32CubeIDE.app/Contents/Eclipse/plugins/com.st.stm32cube.common.mx_6.9.2.202309101412//db//plugins/mcufinder/images/
2023-10-21 22:35:04,787 [INFO] ApiDb:250 - Set database path to: /Users/brandonrobb/.stmcufinder/plugins/mcufinder//mcu/
2023-10-21 22:35:04,788 [INFO] DbMcusAds:125 - Set database path to: /Users/brandonrobb/.stmcufinder/plugins/mcufinder//mcu/
2023-10-21 22:35:04,789 [INFO] CrossReferenceDbSqlite:203 - Set database path to: /Users/brandonrobb/.stmcufinder/plugins/mcufinder//mcu/cs/
2023-10-21 22:35:04,903 [INFO] RulesReader:64 - Compatibility file has been processed (293 Rules)
2023-10-21 22:35:04,980 [INFO] DbMcusXml:78 - Set database path to: /Applications/STM32CubeIDE.app/Contents/Eclipse/plugins/com.st.stm32cube.common.mx_6.9.2.202309101412//db//mcu/
2023-10-21 22:35:04,980 [INFO] ApiDb:274 - Set plugin database path to: /Applications/STM32CubeIDE.app/Contents/Eclipse/plugins/com.st.stm32cube.common.mx_6.9.2.202309101412//db//plugins/boardmanager/
2023-10-21 22:35:04,981 [INFO] ApiDb:261 - Set plugin images path to: /Applications/STM32CubeIDE.app/Contents/Eclipse/plugins/com.st.stm32cube.common.mx_6.9.2.202309101412//db//plugins/mcufinder/images/
2023-10-21 22:35:04,981 [WARN] DbFile:41 - Overriding database path with different value: /Users/brandonrobb/.stmcufinder/plugins/mcufinder/ => /Users/brandonrobb/.stmcufinder/plugins/mcufinder
2023-10-21 22:35:04,981 [INFO] ApiDb:250 - Set database path to: /Users/brandonrobb/.stmcufinder/plugins/mcufinder//mcu/
2023-10-21 22:35:04,981 [WARN] DbFile:41 - Overriding database path with different value: /Users/brandonrobb/.stmcufinder/plugins/mcufinder/ => /Users/brandonrobb/.stmcufinder/plugins/mcufinder
2023-10-21 22:35:04,981 [INFO] DbMcusAds:125 - Set database path to: /Users/brandonrobb/.stmcufinder/plugins/mcufinder//mcu/
2023-10-21 22:35:04,981 [WARN] DbFile:41 - Overriding database path with different value: /Users/brandonrobb/.stmcufinder/plugins/mcufinder/ => /Users/brandonrobb/.stmcufinder/plugins/mcufinder
2023-10-21 22:35:04,981 [WARN] DbFile:41 - Overriding database path with different value: /Users/brandonrobb/.stmcufinder/plugins/mcufinder/ => /Users/brandonrobb/.stmcufinder/plugins/mcufinder
2023-10-21 22:35:04,981 [INFO] CrossReferenceDbSqlite:203 - Set database path to: /Users/brandonrobb/.stmcufinder/plugins/mcufinder//mcu/cs/
2023-10-21 22:35:05,039 [INFO] MainPanel:262 - HeapMemory: 268435456
2023-10-21 22:35:05,098 [INFO] DbMcusXml:78 - Set database path to: /Applications/STM32CubeIDE.app/Contents/Eclipse/plugins/com.st.stm32cube.common.mx_6.9.2.202309101412//db//mcu/
2023-10-21 22:35:05,098 [INFO] ApiDb:274 - Set plugin database path to: /Applications/STM32CubeIDE.app/Contents/Eclipse/plugins/com.st.stm32cube.common.mx_6.9.2.202309101412//db//plugins/boardmanager/
2023-10-21 22:35:05,098 [INFO] ApiDb:261 - Set plugin images path to: /Applications/STM32CubeIDE.app/Contents/Eclipse/plugins/com.st.stm32cube.common.mx_6.9.2.202309101412//db//plugins/mcufinder/images/
2023-10-21 22:35:05,098 [WARN] DbFile:41 - Overriding database path with different value: /Users/brandonrobb/.stmcufinder/plugins/mcufinder/ => /Users/brandonrobb/.stmcufinder/plugins/mcufinder
2023-10-21 22:35:05,098 [INFO] ApiDb:250 - Set database path to: /Users/brandonrobb/.stmcufinder/plugins/mcufinder//mcu/
2023-10-21 22:35:05,098 [WARN] DbFile:41 - Overriding database path with different value: /Users/brandonrobb/.stmcufinder/plugins/mcufinder/ => /Users/brandonrobb/.stmcufinder/plugins/mcufinder
2023-10-21 22:35:05,098 [INFO] DbMcusAds:125 - Set database path to: /Users/brandonrobb/.stmcufinder/plugins/mcufinder//mcu/
2023-10-21 22:35:05,098 [WARN] DbFile:41 - Overriding database path with different value: /Users/brandonrobb/.stmcufinder/plugins/mcufinder/ => /Users/brandonrobb/.stmcufinder/plugins/mcufinder
2023-10-21 22:35:05,098 [WARN] DbFile:41 - Overriding database path with different value: /Users/brandonrobb/.stmcufinder/plugins/mcufinder/ => /Users/brandonrobb/.stmcufinder/plugins/mcufinder
2023-10-21 22:35:05,099 [INFO] CrossReferenceDbSqlite:203 - Set database path to: /Users/brandonrobb/.stmcufinder/plugins/mcufinder//mcu/cs/
2023-10-21 22:35:05,114 [INFO] ApplicationProperties:184 - Using Application install path: /Applications/STM32CubeIDE.app/Contents/Eclipse/plugins/com.st.stm32cube.common.mx_6.9.2.202309101412
2023-10-21 22:35:05,116 [INFO] PluginManage:196 - Search for loadable plugins [exclusion list=, ]
2023-10-21 22:35:05,117 [INFO] PluginManage:310 - Check plugin analytics
2023-10-21 22:35:05,266 [INFO] AnalyticsPlugin:253 - Accepted Software Licenses: 
2023-10-21 22:35:05,267 [INFO] AnalyticsPlugin:255 - Accepted CMSIS Pack Licenses: 
2023-10-21 22:35:05,267 [INFO] AnalyticsPlugin:257 - Accepted Firmware Licenses: 
2023-10-21 22:35:05,276 [INFO] PluginManage:359 - Loaded plugin analytics (category:tool,tabindex:-1)
2023-10-21 22:35:05,278 [INFO] PluginManage:310 - Check plugin cadmodel
2023-10-21 22:35:05,482 [INFO] CADModel:105 - Init CAD model plugin
2023-10-21 22:35:05,482 [INFO] PluginManage:359 - Loaded plugin cadmodel (category:power,tabindex:5)
2023-10-21 22:35:05,483 [INFO] PluginManage:310 - Check plugin clock
2023-10-21 22:35:05,492 [INFO] PluginManage:359 - Loaded plugin clock (category:base,tabindex:2)
2023-10-21 22:35:05,493 [INFO] PluginManage:310 - Check plugin ddr
2023-10-21 22:35:05,494 [INFO] PluginManage:359 - Loaded plugin ddr (category:tool,tabindex:6)
2023-10-21 22:35:05,494 [INFO] PluginManage:310 - Check plugin filemanager
2023-10-21 22:35:05,608 [INFO] PluginManage:359 - Loaded plugin filemanager (category:base,tabindex:10)
2023-10-21 22:35:05,609 [INFO] PluginManage:310 - Check plugin ipmanager
2023-10-21 22:35:05,614 [INFO] PluginManage:359 - Loaded plugin ipmanager (category:base,tabindex:5)
2023-10-21 22:35:05,614 [INFO] PluginManage:310 - Check plugin lpbam
2023-10-21 22:35:05,620 [INFO] PluginManage:359 - Loaded plugin lpbam (category:base,tabindex:0)
2023-10-21 22:35:05,620 [INFO] PluginManage:310 - Check plugin memorymap
2023-10-21 22:35:05,626 [INFO] PluginManage:359 - Loaded plugin memorymap (category:base,tabindex:4)
2023-10-21 22:35:05,626 [INFO] PluginManage:310 - Check plugin pinoutandconfiguration
2023-10-21 22:35:05,628 [INFO] PluginManage:359 - Loaded plugin pinoutandconfiguration (category:base,tabindex:1)
2023-10-21 22:35:05,628 [INFO] PluginManage:310 - Check plugin pinoutconfig
2023-10-21 22:35:05,689 [WARN] SupportedApi:132 - Cannot load RTOS API schema: s4s-elt-must-match.1: The content of 'definitions' must match (annotation?, (simpleType | complexType)?, (unique | key | keyref)*)). A problem was found starting at: attribute.
2023-10-21 22:35:05,800 [INFO] PluginManage:359 - Loaded plugin pinoutconfig (category:base,tabindex:0)
2023-10-21 22:35:05,800 [INFO] PluginManage:310 - Check plugin power
2023-10-21 22:35:05,809 [INFO] PluginManage:359 - Loaded plugin power (category:power,tabindex:4)
2023-10-21 22:35:05,809 [INFO] PluginManage:310 - Check plugin projectmanager
2023-10-21 22:35:05,832 [INFO] PluginManage:359 - Loaded plugin projectmanager (category:projectmanager,tabindex:3)
2023-10-21 22:35:05,832 [INFO] PluginManage:310 - Check plugin thirdparty
2023-10-21 22:35:05,956 [INFO] PluginManage:359 - Loaded plugin thirdparty (category:base,tabindex:-1)
2023-10-21 22:35:05,957 [INFO] PluginManage:310 - Check plugin tools
2023-10-21 22:35:05,956 [WARN] IntegrityCheckThread:84 - waiting for thirdparty lock release [integrity check]
2023-10-21 22:35:05,957 [INFO] IntegrityCheckThread:86 - entering critical section [integrity check]
2023-10-21 22:35:05,959 [INFO] ThirdPartyUpdaterWithRetryManager:70 - Updater plugin not ready yet. [1/15]
2023-10-21 22:35:05,959 [INFO] PluginManage:359 - Loaded plugin tools (category:base,tabindex:7)
2023-10-21 22:35:05,959 [INFO] PluginManage:310 - Check plugin tutovideos
2023-10-21 22:35:06,082 [INFO] PluginManage:359 - Loaded plugin tutovideos (category:base,tabindex:-1)
2023-10-21 22:35:06,082 [INFO] PluginManage:310 - Check plugin updater
2023-10-21 22:35:06,091 [INFO] PluginManage:359 - Loaded plugin updater (category:base,tabindex:12)
2023-10-21 22:35:06,091 [INFO] PluginManage:310 - Check plugin userauth
2023-10-21 22:35:06,095 [INFO] UserAuth:113 - Init User Auth plugin
2023-10-21 22:35:06,095 [INFO] PluginManage:359 - Loaded plugin userauth (category:base,tabindex:14)
2023-10-21 22:35:06,096 [INFO] PluginManage:283 - PluginManage : Loaded plugins [17]
2023-10-21 22:35:06,288 [INFO] PinOutPanel:1499 - setPackage(No Configuration,No Configuration)
2023-10-21 22:35:06,358 [INFO] CADModel:165 - CPN selected for project level
2023-10-21 22:35:06,358 [INFO] CADModel:114 - Register for checkConnection events
2023-10-21 22:35:06,366 [INFO] IPUIPlugin:80 - create IPUIPlugin
2023-10-21 22:35:06,366 [INFO] PluginManager:220 - loadIPPluginJar : add mdma
2023-10-21 22:35:06,370 [INFO] IPUIPlugin:80 - create IPUIPlugin
2023-10-21 22:35:06,370 [INFO] PluginManager:220 - loadIPPluginJar : add freertos
2023-10-21 22:35:06,372 [INFO] IPUIPlugin:80 - create IPUIPlugin
2023-10-21 22:35:06,372 [INFO] PluginManager:220 - loadIPPluginJar : add gic
2023-10-21 22:35:06,376 [INFO] IPUIPlugin:80 - create IPUIPlugin
2023-10-21 22:35:06,376 [INFO] PluginManager:220 - loadIPPluginJar : add adc
2023-10-21 22:35:06,377 [INFO] IPUIPlugin:80 - create IPUIPlugin
2023-10-21 22:35:06,377 [INFO] PluginManager:220 - loadIPPluginJar : add gtzc
2023-10-21 22:35:06,378 [INFO] IPUIPlugin:80 - create IPUIPlugin
2023-10-21 22:35:06,378 [INFO] PluginManager:220 - loadIPPluginJar : add quadspi
2023-10-21 22:35:06,379 [INFO] IPUIPlugin:80 - create IPUIPlugin
2023-10-21 22:35:06,379 [INFO] PluginManager:220 - loadIPPluginJar : add aes
2023-10-21 22:35:06,382 [INFO] IPUIPlugin:80 - create IPUIPlugin
2023-10-21 22:35:06,382 [INFO] PluginManager:220 - loadIPPluginJar : add pdm2pcm
2023-10-21 22:35:06,383 [INFO] IPUIPlugin:80 - create IPUIPlugin
2023-10-21 22:35:06,383 [INFO] PluginManager:220 - loadIPPluginJar : add hash
2023-10-21 22:35:06,383 [INFO] IPUIPlugin:80 - create IPUIPlugin
2023-10-21 22:35:06,384 [INFO] PluginManager:220 - loadIPPluginJar : add tim
2023-10-21 22:35:06,384 [INFO] IPUIPlugin:80 - create IPUIPlugin
2023-10-21 22:35:06,384 [INFO] PluginManager:220 - loadIPPluginJar : add tsc
2023-10-21 22:35:06,385 [INFO] IPUIPlugin:80 - create IPUIPlugin
2023-10-21 22:35:06,385 [INFO] PluginManager:220 - loadIPPluginJar : add ts
2023-10-21 22:35:06,385 [INFO] IPUIPlugin:80 - create IPUIPlugin
2023-10-21 22:35:06,385 [INFO] PluginManager:220 - loadIPPluginJar : add can
2023-10-21 22:35:06,387 [INFO] IPUIPlugin:80 - create IPUIPlugin
2023-10-21 22:35:06,387 [INFO] PluginManager:220 - loadIPPluginJar : add dma3
2023-10-21 22:35:06,388 [INFO] IPUIPlugin:80 - create IPUIPlugin
2023-10-21 22:35:06,388 [INFO] PluginManager:220 - loadIPPluginJar : add dfsdm
2023-10-21 22:35:06,389 [INFO] IPUIPlugin:80 - create IPUIPlugin
2023-10-21 22:35:06,389 [INFO] PluginManager:220 - loadIPPluginJar : add spi
2023-10-21 22:35:06,390 [INFO] IPUIPlugin:80 - create IPUIPlugin
2023-10-21 22:35:06,390 [INFO] PluginManager:220 - loadIPPluginJar : add gfxmmu
2023-10-21 22:35:06,391 [INFO] IPUIPlugin:80 - create IPUIPlugin
2023-10-21 22:35:06,391 [INFO] PluginManager:220 - loadIPPluginJar : add genericplugin
2023-10-21 22:35:06,391 [INFO] IPUIPlugin:80 - create IPUIPlugin
2023-10-21 22:35:06,391 [INFO] PluginManager:220 - loadIPPluginJar : add cryp
2023-10-21 22:35:06,393 [INFO] IPUIPlugin:80 - create IPUIPlugin
2023-10-21 22:35:06,393 [INFO] PluginManager:220 - loadIPPluginJar : add gpio
2023-10-21 22:35:06,393 [INFO] IPUIPlugin:80 - create IPUIPlugin
2023-10-21 22:35:06,393 [INFO] PluginManager:220 - loadIPPluginJar : add comp
2023-10-21 22:35:06,394 [INFO] IPUIPlugin:80 - create IPUIPlugin
2023-10-21 22:35:06,394 [INFO] PluginManager:220 - loadIPPluginJar : add tracer_emb
2023-10-21 22:35:06,395 [INFO] IPUIPlugin:80 - create IPUIPlugin
2023-10-21 22:35:06,395 [INFO] PluginManager:220 - loadIPPluginJar : add openamp
2023-10-21 22:35:06,397 [INFO] IPUIPlugin:80 - create IPUIPlugin
2023-10-21 22:35:06,397 [INFO] PluginManager:220 - loadIPPluginJar : add stm32_wpan
2023-10-21 22:35:06,400 [INFO] IPUIPlugin:80 - create IPUIPlugin
2023-10-21 22:35:06,401 [INFO] PluginManager:220 - loadIPPluginJar : add plateformsettings
2023-10-21 22:35:06,403 [INFO] IPUIPlugin:80 - create IPUIPlugin
2023-10-21 22:35:06,403 [INFO] PluginManager:220 - loadIPPluginJar : add ipddr
2023-10-21 22:35:06,404 [INFO] IPUIPlugin:80 - create IPUIPlugin
2023-10-21 22:35:06,404 [INFO] PluginManager:220 - loadIPPluginJar : add usart
2023-10-21 22:35:06,405 [INFO] IPUIPlugin:80 - create IPUIPlugin
2023-10-21 22:35:06,405 [INFO] PluginManager:220 - loadIPPluginJar : add ltdc
2023-10-21 22:35:06,406 [INFO] IPUIPlugin:80 - create IPUIPlugin
2023-10-21 22:35:06,407 [INFO] PluginManager:220 - loadIPPluginJar : add nvic
2023-10-21 22:35:06,408 [INFO] IPUIPlugin:80 - create IPUIPlugin
2023-10-21 22:35:06,408 [INFO] PluginManager:220 - loadIPPluginJar : add fatfs
2023-10-21 22:35:06,410 [INFO] IPUIPlugin:80 - create IPUIPlugin
2023-10-21 22:35:06,410 [INFO] PluginManager:220 - loadIPPluginJar : add linkedlist
2023-10-21 22:35:06,412 [INFO] IPUIPlugin:80 - create IPUIPlugin
2023-10-21 22:35:06,412 [INFO] PluginManager:220 - loadIPPluginJar : add dma
2023-10-21 22:35:06,414 [INFO] IPUIPlugin:80 - create IPUIPlugin
2023-10-21 22:35:06,414 [INFO] PluginManager:220 - loadIPPluginJar : add fmc
2023-10-21 22:35:06,415 [INFO] IPUIPlugin:80 - create IPUIPlugin
2023-10-21 22:35:06,415 [INFO] PluginManager:220 - loadIPPluginJar : add i2s
2023-10-21 22:35:06,415 [INFO] IPUIPlugin:80 - create IPUIPlugin
2023-10-21 22:35:06,415 [INFO] PluginManager:220 - loadIPPluginJar : add ucpd
2023-10-21 22:35:06,416 [INFO] IPUIPlugin:80 - create IPUIPlugin
2023-10-21 22:35:06,416 [INFO] PluginManager:220 - loadIPPluginJar : add lorawan
2023-10-21 22:35:06,417 [INFO] IPUIPlugin:80 - create IPUIPlugin
2023-10-21 22:35:06,417 [INFO] PluginManager:220 - loadIPPluginJar : add opamp
2023-10-21 22:35:06,417 [INFO] IPUIPlugin:80 - create IPUIPlugin
2023-10-21 22:35:06,418 [INFO] PluginManager:220 - loadIPPluginJar : add i3c
2023-10-21 22:35:06,419 [INFO] IPUIPlugin:80 - create IPUIPlugin
2023-10-21 22:35:06,419 [INFO] PluginManager:220 - loadIPPluginJar : add touchsensing
2023-10-21 22:35:06,420 [INFO] IPUIPlugin:80 - create IPUIPlugin
2023-10-21 22:35:06,420 [INFO] PluginManager:220 - loadIPPluginJar : add i2c
2023-10-21 22:35:06,421 [INFO] IPUIPlugin:80 - create IPUIPlugin
2023-10-21 22:35:06,421 [INFO] PluginManager:220 - loadIPPluginJar : add resmgrutility
2023-10-21 22:35:06,422 [INFO] IPUIPlugin:80 - create IPUIPlugin
2023-10-21 22:35:06,423 [INFO] PluginManager:220 - loadIPPluginJar : add sai
2023-10-21 22:35:06,423 [INFO] IPUIPlugin:80 - create IPUIPlugin
2023-10-21 22:35:06,423 [INFO] PluginManager:220 - loadIPPluginJar : add usbx
2023-10-21 22:35:06,533 [INFO] CADModel:165 - CPN selected for project level
2023-10-21 22:35:06,533 [INFO] CADModel:114 - Register for checkConnection events
2023-10-21 22:35:06,533 [FATAL] Updater:308 - Updater called before beeing initialized
2023-10-21 22:35:06,533 [ERROR] CADModel:125 - Updater not yet initialized, retry later 
2023-10-21 22:35:06,709 [INFO] CADModel:165 - CPN selected for project level
2023-10-21 22:35:06,709 [INFO] CADModel:114 - Register for checkConnection events
2023-10-21 22:35:06,709 [FATAL] Updater:308 - Updater called before beeing initialized
2023-10-21 22:35:06,709 [ERROR] CADModel:125 - Updater not yet initialized, retry later 
2023-10-21 22:35:06,711 [FATAL] Updater:308 - Updater called before beeing initialized
2023-10-21 22:35:06,837 [FATAL] Updater:308 - Updater called before beeing initialized
2023-10-21 22:35:06,847 [INFO] DbMcusAds:53 - JSON generation date=Tue Mar 07 02:50:55 CST 2023 (1678179055114)
2023-10-21 22:35:06,848 [FATAL] Updater:308 - Updater called before beeing initialized
2023-10-21 22:35:06,917 [WARN] DetailPanel:346 - Failed to get advertising image, set to default
2023-10-21 22:35:06,999 [FATAL] Updater:308 - Updater called before beeing initialized
2023-10-21 22:35:07,002 [FATAL] Updater:308 - Updater called before beeing initialized
2023-10-21 22:35:07,003 [FATAL] Updater:308 - Updater called before beeing initialized
2023-10-21 22:35:07,003 [WARN] DetailPanel:346 - Failed to get advertising image, set to default
2023-10-21 22:35:07,004 [FATAL] Updater:308 - Updater called before beeing initialized
2023-10-21 22:35:07,126 [ERROR] Updater:1120 - MainUpdater not yet initialized. External WinMGr cannot be set.
2023-10-21 22:35:07,165 [INFO] Updater:1056 - Updater Version found : 6.9.2
2023-10-21 22:35:07,174 [INFO] ApplicationProperties:184 - Using Application install path: /Applications/STM32CubeIDE.app/Contents/Eclipse/plugins/com.st.stm32cube.common.mx_6.9.2.202309101412
2023-10-21 22:35:07,478 [INFO] MainUpdater:2868 - connection check result : 10
2023-10-21 22:35:07,483 [INFO] MainUpdater:285 - Updater Check For Update Now.
2023-10-21 22:35:07,484 [INFO] MicroXplorer:498 - Change Database Version : DB.6.0.92
2023-10-21 22:35:07,499 [INFO] McuFinderGlobals:63 - Set McuFinder mode to 2 (CubeIDE integrated)
2023-10-21 22:35:07,500 [INFO] UserAuth:179 - activating auth plugin
2023-10-21 22:35:07,525 [INFO] UserAuth:393 - Internet connection configuration mode: 1
2023-10-21 22:35:07,552 [INFO] JxBrowserEngine:151 - Initiate JxBrowser Engine with user profile folder
2023-10-21 22:35:07,845 [INFO] CheckServerUpdateThread:120 - End of CheckServer Thread
2023-10-21 22:35:09,137 [WARN] PackLoader:240 - Cannot read IP mode file for STMicroelectronics.X-CUBE-GNSS1.6.0.0
2023-10-21 22:35:09,162 [WARN] PackLoader:240 - Cannot read IP mode file for STMicroelectronics.FP-SNS-MOTENV1.4.3.2
2023-10-21 22:35:09,194 [WARN] PackLoader:240 - Cannot read IP mode file for STMicroelectronics.X-CUBE-BLEMGR.2.0.0
2023-10-21 22:35:09,208 [WARN] PackLoader:240 - Cannot read IP mode file for STMicroelectronics.FP-SNS-FLIGHT1.5.0.2
2023-10-21 22:35:09,224 [WARN] PackLoader:240 - Cannot read IP mode file for STMicroelectronics.X-CUBE-DISPLAY.3.0.0
2023-10-21 22:35:09,249 [WARN] PackLoader:240 - Cannot read IP mode file for STMicroelectronics.X-CUBE-BLE1.7.0.0
2023-10-21 22:35:09,260 [WARN] PackLoader:240 - Cannot read IP mode file for STMicroelectronics.X-CUBE-NFC7.1.0.1
2023-10-21 22:35:09,271 [WARN] PackLoader:240 - Cannot read IP mode file for STMicroelectronics.X-CUBE-EEPRMA1.4.1.0
2023-10-21 22:35:09,286 [WARN] PackLoader:240 - Cannot read IP mode file for STMicroelectronics.X-CUBE-AI.8.1.0
2023-10-21 22:35:09,303 [WARN] PackLoader:240 - Cannot read IP mode file for STMicroelectronics.X-CUBE-BLE2.3.3.0
2023-10-21 22:35:09,310 [WARN] PackLoader:240 - Cannot read IP mode file for STMicroelectronics.X-CUBE-ISPU.1.1.0
2023-10-21 22:35:09,319 [WARN] PackLoader:240 - Cannot read IP mode file for STMicroelectronics.X-CUBE-NFC4.3.0.0
2023-10-21 22:35:09,325 [WARN] PackLoader:240 - Cannot read IP mode file for STMicroelectronics.FP-ATR-SIGFOX1.3.2.0
2023-10-21 22:35:09,339 [WARN] PackLoader:240 - Cannot read IP mode file for STMicroelectronics.X-CUBE-FREERTOS.1.1.0
2023-10-21 22:35:09,351 [WARN] PackLoader:240 - Cannot read IP mode file for STMicroelectronics.X-CUBE-ALS.1.0.1
2023-10-21 22:35:09,359 [WARN] PackLoader:240 - Cannot read IP mode file for STMicroelectronics.FP-ATR-ASTRA1.2.0.0
2023-10-21 22:35:09,360 [INFO] ThirdParty:978 - Integrity check success = true
2023-10-21 22:35:09,360 [INFO] IntegrityCheckThread:100 - exiting critical section [integrity check]
2023-10-21 22:35:09,360 [INFO] IntegrityCheckThread:103 - End integrity checks thread
2023-10-21 22:35:11,521 [INFO] WebApp:157 - Instantiating new browser for Auth
2023-10-21 22:35:12,153 [INFO] WebApp:753 - Register for checkConnection events
2023-10-21 22:35:12,154 [INFO] WebApp:390 - Apply proxy settings
2023-10-21 22:35:12,159 [INFO] WebApp:455 - Chromium authenticates against System proxy
2023-10-21 22:35:12,295 [INFO] WebApp:188 - Starting web application
2023-10-21 22:35:12,295 [INFO] WebApp:520 - Web application path used /Applications/STM32CubeIDE.app/Contents/Eclipse/plugins/com.st.stm32cube.common.mx_6.9.2.202309101412/db/plugins/mcufinder/reactClient1/index.html
2023-10-21 22:35:33,504 [ERROR] LogOutputStream:75 - [STDERR_REDIRECT] SLF4J: Failed to load class "org.slf4j.impl.StaticLoggerBinder".
2023-10-21 22:35:33,505 [ERROR] LogOutputStream:75 - [STDERR_REDIRECT] SLF4J: Defaulting to no-operation (NOP) logger implementation
2023-10-21 22:35:33,505 [ERROR] LogOutputStream:75 - [STDERR_REDIRECT] SLF4J: See http://www.slf4j.org/codes.html#StaticLoggerBinder for further details.
2023-10-21 22:35:34,120 [ERROR] LogOutputStream:75 - [STDERR_REDIRECT] 
2023-10-21 22:36:14,992 [INFO] Activator:176 - 


2023-10-21 22:36:14,994 [INFO] Activator:177 - !SESSION log4j initialized
2023-10-21 22:36:18,924 [ERROR] LogOutputStream:75 - [STDERR_REDIRECT] 
2023-10-21 22:36:19,548 [INFO] LogOutputStream:77 - [STDOUT_REDIRECT] 
2023-10-21 22:36:21,796 [INFO] LogOutputStream:77 - [STDOUT_REDIRECT] 
2023-10-21 22:36:23,519 [ERROR] LogOutputStream:75 - [STDERR_REDIRECT] java.net.URISyntaxException: Illegal character in path at index 55: file:/Users/brandonrobb/Documents/CPSC-3300/Programming Assignmentds/.metadata/.log4j2.xml
2023-10-21 22:36:23,521 [ERROR] LogOutputStream:75 - [STDERR_REDIRECT] 	at java.base/java.net.URI$Parser.fail(URI.java:2974)
2023-10-21 22:36:23,522 [ERROR] LogOutputStream:75 - [STDERR_REDIRECT] 	at java.base/java.net.URI$Parser.checkChars(URI.java:3145)
2023-10-21 22:36:23,522 [ERROR] LogOutputStream:75 - [STDERR_REDIRECT] 	at java.base/java.net.URI$Parser.parseHierarchical(URI.java:3227)
2023-10-21 22:36:23,524 [ERROR] LogOutputStream:75 - [STDERR_REDIRECT] 	at java.base/java.net.URI$Parser.parse(URI.java:3175)
2023-10-21 22:36:23,528 [ERROR] LogOutputStream:75 - [STDERR_REDIRECT] 	at java.base/java.net.URI.<init>(URI.java:623)
2023-10-21 22:36:23,530 [ERROR] LogOutputStream:75 - [STDERR_REDIRECT] 	at java.base/java.net.URL.toURI(URL.java:1056)
2023-10-21 22:36:23,530 [ERROR] LogOutputStream:75 - [STDERR_REDIRECT] 	at com.st.stm32cube.common.mx.core.CubeMxInstance.getInstance(CubeMxInstance.java:81)
2023-10-21 22:36:23,531 [ERROR] LogOutputStream:75 - [STDERR_REDIRECT] 	at com.st.stm32cube.common.mx.userauth.UserAuthAdapter.<init>(UserAuthAdapter.java:18)
2023-10-21 22:36:23,531 [ERROR] LogOutputStream:75 - [STDERR_REDIRECT] 	at com.st.stm32cube.common.mx.userauth.UserAuthProvider.getUserAuthAdapter(UserAuthProvider.java:9)
2023-10-21 22:36:23,533 [ERROR] LogOutputStream:75 - [STDERR_REDIRECT] 	at com.st.stm32cube.common.ecosystemintegration.ui.core.MCUEcoSystemIntegrationUiHelper.getUserAuth(MCUEcoSystemIntegrationUiHelper.java:100)
2023-10-21 22:36:23,534 [ERROR] LogOutputStream:75 - [STDERR_REDIRECT] 	at com.st.stm32cube.ide.mcu.userauth.UserAuthStartup.earlyStartup(UserAuthStartup.java:41)
2023-10-21 22:36:23,534 [ERROR] LogOutputStream:75 - [STDERR_REDIRECT] 	at org.eclipse.ui.internal.EarlyStartupRunnable.runEarlyStartup(EarlyStartupRunnable.java:79)
2023-10-21 22:36:23,534 [ERROR] LogOutputStream:75 - [STDERR_REDIRECT] 	at org.eclipse.ui.internal.EarlyStartupRunnable.run(EarlyStartupRunnable.java:55)
2023-10-21 22:36:23,534 [ERROR] LogOutputStream:75 - [STDERR_REDIRECT] 	at org.eclipse.core.runtime.SafeRunner.run(SafeRunner.java:45)
2023-10-21 22:36:23,534 [ERROR] LogOutputStream:75 - [STDERR_REDIRECT] 	at org.eclipse.ui.internal.Workbench$39.run(Workbench.java:2656)
2023-10-21 22:36:23,534 [ERROR] LogOutputStream:75 - [STDERR_REDIRECT] 	at org.eclipse.core.internal.jobs.Worker.run(Worker.java:63)
2023-10-21 22:36:23,616 [INFO] ApplicationProperties:184 - Using Application install path: /Applications/STM32CubeIDE.app/Contents/Eclipse/plugins/com.st.stm32cube.common.mx_6.9.2.202309101412
2023-10-21 22:36:23,627 [INFO] DbMcusXml:78 - Set database path to: /Applications/STM32CubeIDE.app/Contents/Eclipse/plugins/com.st.stm32cube.common.mx_6.9.2.202309101412//db//mcu/
2023-10-21 22:36:23,627 [INFO] ApiDb:274 - Set plugin database path to: /Applications/STM32CubeIDE.app/Contents/Eclipse/plugins/com.st.stm32cube.common.mx_6.9.2.202309101412//db//plugins/boardmanager/
2023-10-21 22:36:23,627 [WARN] ApiDb:259 - Overriding images path with different value:  => /Applications/STM32CubeIDE.app/Contents/Eclipse/plugins/com.st.stm32cube.common.mx_6.9.2.202309101412//db//plugins/mcufinder/images/
2023-10-21 22:36:23,641 [INFO] ApiDb:250 - Set database path to: /Users/brandonrobb/.stmcufinder/plugins/mcufinder//mcu/
2023-10-21 22:36:23,642 [INFO] DbMcusAds:125 - Set database path to: /Users/brandonrobb/.stmcufinder/plugins/mcufinder//mcu/
2023-10-21 22:36:23,644 [INFO] CrossReferenceDbSqlite:203 - Set database path to: /Users/brandonrobb/.stmcufinder/plugins/mcufinder//mcu/cs/
2023-10-21 22:36:23,756 [INFO] RulesReader:64 - Compatibility file has been processed (293 Rules)
2023-10-21 22:36:23,810 [INFO] DbMcusXml:78 - Set database path to: /Applications/STM32CubeIDE.app/Contents/Eclipse/plugins/com.st.stm32cube.common.mx_6.9.2.202309101412//db//mcu/
2023-10-21 22:36:23,810 [INFO] ApiDb:274 - Set plugin database path to: /Applications/STM32CubeIDE.app/Contents/Eclipse/plugins/com.st.stm32cube.common.mx_6.9.2.202309101412//db//plugins/boardmanager/
2023-10-21 22:36:23,810 [INFO] ApiDb:261 - Set plugin images path to: /Applications/STM32CubeIDE.app/Contents/Eclipse/plugins/com.st.stm32cube.common.mx_6.9.2.202309101412//db//plugins/mcufinder/images/
2023-10-21 22:36:23,811 [WARN] DbFile:41 - Overriding database path with different value: /Users/brandonrobb/.stmcufinder/plugins/mcufinder/ => /Users/brandonrobb/.stmcufinder/plugins/mcufinder
2023-10-21 22:36:23,811 [INFO] ApiDb:250 - Set database path to: /Users/brandonrobb/.stmcufinder/plugins/mcufinder//mcu/
2023-10-21 22:36:23,811 [WARN] DbFile:41 - Overriding database path with different value: /Users/brandonrobb/.stmcufinder/plugins/mcufinder/ => /Users/brandonrobb/.stmcufinder/plugins/mcufinder
2023-10-21 22:36:23,811 [INFO] DbMcusAds:125 - Set database path to: /Users/brandonrobb/.stmcufinder/plugins/mcufinder//mcu/
2023-10-21 22:36:23,811 [WARN] DbFile:41 - Overriding database path with different value: /Users/brandonrobb/.stmcufinder/plugins/mcufinder/ => /Users/brandonrobb/.stmcufinder/plugins/mcufinder
2023-10-21 22:36:23,811 [WARN] DbFile:41 - Overriding database path with different value: /Users/brandonrobb/.stmcufinder/plugins/mcufinder/ => /Users/brandonrobb/.stmcufinder/plugins/mcufinder
2023-10-21 22:36:23,811 [INFO] CrossReferenceDbSqlite:203 - Set database path to: /Users/brandonrobb/.stmcufinder/plugins/mcufinder//mcu/cs/
2023-10-21 22:36:23,987 [INFO] MainPanel:262 - HeapMemory: 268435456
2023-10-21 22:36:24,093 [INFO] DbMcusXml:78 - Set database path to: /Applications/STM32CubeIDE.app/Contents/Eclipse/plugins/com.st.stm32cube.common.mx_6.9.2.202309101412//db//mcu/
2023-10-21 22:36:24,094 [INFO] ApiDb:274 - Set plugin database path to: /Applications/STM32CubeIDE.app/Contents/Eclipse/plugins/com.st.stm32cube.common.mx_6.9.2.202309101412//db//plugins/boardmanager/
2023-10-21 22:36:24,095 [INFO] ApiDb:261 - Set plugin images path to: /Applications/STM32CubeIDE.app/Contents/Eclipse/plugins/com.st.stm32cube.common.mx_6.9.2.202309101412//db//plugins/mcufinder/images/
2023-10-21 22:36:24,095 [WARN] DbFile:41 - Overriding database path with different value: /Users/brandonrobb/.stmcufinder/plugins/mcufinder/ => /Users/brandonrobb/.stmcufinder/plugins/mcufinder
2023-10-21 22:36:24,095 [INFO] ApiDb:250 - Set database path to: /Users/brandonrobb/.stmcufinder/plugins/mcufinder//mcu/
2023-10-21 22:36:24,095 [WARN] DbFile:41 - Overriding database path with different value: /Users/brandonrobb/.stmcufinder/plugins/mcufinder/ => /Users/brandonrobb/.stmcufinder/plugins/mcufinder
2023-10-21 22:36:24,095 [INFO] DbMcusAds:125 - Set database path to: /Users/brandonrobb/.stmcufinder/plugins/mcufinder//mcu/
2023-10-21 22:36:24,095 [WARN] DbFile:41 - Overriding database path with different value: /Users/brandonrobb/.stmcufinder/plugins/mcufinder/ => /Users/brandonrobb/.stmcufinder/plugins/mcufinder
2023-10-21 22:36:24,096 [WARN] DbFile:41 - Overriding database path with different value: /Users/brandonrobb/.stmcufinder/plugins/mcufinder/ => /Users/brandonrobb/.stmcufinder/plugins/mcufinder
2023-10-21 22:36:24,096 [INFO] CrossReferenceDbSqlite:203 - Set database path to: /Users/brandonrobb/.stmcufinder/plugins/mcufinder//mcu/cs/
2023-10-21 22:36:24,109 [INFO] ApplicationProperties:184 - Using Application install path: /Applications/STM32CubeIDE.app/Contents/Eclipse/plugins/com.st.stm32cube.common.mx_6.9.2.202309101412
2023-10-21 22:36:24,110 [INFO] PluginManage:196 - Search for loadable plugins [exclusion list=, ]
2023-10-21 22:36:24,112 [INFO] PluginManage:310 - Check plugin analytics
2023-10-21 22:36:24,268 [INFO] AnalyticsPlugin:253 - Accepted Software Licenses: 
2023-10-21 22:36:24,268 [INFO] AnalyticsPlugin:255 - Accepted CMSIS Pack Licenses: 
2023-10-21 22:36:24,268 [INFO] AnalyticsPlugin:257 - Accepted Firmware Licenses: 
2023-10-21 22:36:24,274 [INFO] PluginManage:359 - Loaded plugin analytics (category:tool,tabindex:-1)
2023-10-21 22:36:24,279 [INFO] PluginManage:310 - Check plugin cadmodel
2023-10-21 22:36:24,486 [INFO] CADModel:105 - Init CAD model plugin
2023-10-21 22:36:24,487 [INFO] PluginManage:359 - Loaded plugin cadmodel (category:power,tabindex:5)
2023-10-21 22:36:24,487 [INFO] PluginManage:310 - Check plugin clock
2023-10-21 22:36:24,499 [INFO] PluginManage:359 - Loaded plugin clock (category:base,tabindex:2)
2023-10-21 22:36:24,500 [INFO] PluginManage:310 - Check plugin ddr
2023-10-21 22:36:24,501 [INFO] PluginManage:359 - Loaded plugin ddr (category:tool,tabindex:6)
2023-10-21 22:36:24,501 [INFO] PluginManage:310 - Check plugin filemanager
2023-10-21 22:36:24,605 [INFO] PluginManage:359 - Loaded plugin filemanager (category:base,tabindex:10)
2023-10-21 22:36:24,607 [INFO] PluginManage:310 - Check plugin ipmanager
2023-10-21 22:36:24,619 [INFO] PluginManage:359 - Loaded plugin ipmanager (category:base,tabindex:5)
2023-10-21 22:36:24,619 [INFO] PluginManage:310 - Check plugin lpbam
2023-10-21 22:36:24,629 [INFO] PluginManage:359 - Loaded plugin lpbam (category:base,tabindex:0)
2023-10-21 22:36:24,629 [INFO] PluginManage:310 - Check plugin memorymap
2023-10-21 22:36:24,636 [INFO] PluginManage:359 - Loaded plugin memorymap (category:base,tabindex:4)
2023-10-21 22:36:24,636 [INFO] PluginManage:310 - Check plugin pinoutandconfiguration
2023-10-21 22:36:24,640 [INFO] PluginManage:359 - Loaded plugin pinoutandconfiguration (category:base,tabindex:1)
2023-10-21 22:36:24,640 [INFO] PluginManage:310 - Check plugin pinoutconfig
2023-10-21 22:36:24,702 [WARN] SupportedApi:132 - Cannot load RTOS API schema: s4s-elt-must-match.1: The content of 'definitions' must match (annotation?, (simpleType | complexType)?, (unique | key | keyref)*)). A problem was found starting at: attribute.
2023-10-21 22:36:24,937 [INFO] PluginManage:359 - Loaded plugin pinoutconfig (category:base,tabindex:0)
2023-10-21 22:36:24,938 [INFO] PluginManage:310 - Check plugin power
2023-10-21 22:36:24,970 [INFO] PluginManage:359 - Loaded plugin power (category:power,tabindex:4)
2023-10-21 22:36:24,971 [INFO] PluginManage:310 - Check plugin projectmanager
2023-10-21 22:36:25,044 [INFO] PluginManage:359 - Loaded plugin projectmanager (category:projectmanager,tabindex:3)
2023-10-21 22:36:25,045 [INFO] PluginManage:310 - Check plugin thirdparty
2023-10-21 22:36:25,459 [INFO] PluginManage:359 - Loaded plugin thirdparty (category:base,tabindex:-1)
2023-10-21 22:36:25,462 [INFO] PluginManage:310 - Check plugin tools
2023-10-21 22:36:25,459 [WARN] IntegrityCheckThread:84 - waiting for thirdparty lock release [integrity check]
2023-10-21 22:36:25,466 [INFO] IntegrityCheckThread:86 - entering critical section [integrity check]
2023-10-21 22:36:25,471 [INFO] ThirdPartyUpdaterWithRetryManager:70 - Updater plugin not ready yet. [1/15]
2023-10-21 22:36:25,479 [INFO] PluginManage:359 - Loaded plugin tools (category:base,tabindex:7)
2023-10-21 22:36:25,479 [INFO] PluginManage:310 - Check plugin tutovideos
2023-10-21 22:36:25,685 [INFO] PluginManage:359 - Loaded plugin tutovideos (category:base,tabindex:-1)
2023-10-21 22:36:25,686 [INFO] PluginManage:310 - Check plugin updater
2023-10-21 22:36:25,703 [INFO] PluginManage:359 - Loaded plugin updater (category:base,tabindex:12)
2023-10-21 22:36:25,703 [INFO] PluginManage:310 - Check plugin userauth
2023-10-21 22:36:25,710 [INFO] UserAuth:113 - Init User Auth plugin
2023-10-21 22:36:25,711 [INFO] PluginManage:359 - Loaded plugin userauth (category:base,tabindex:14)
2023-10-21 22:36:25,712 [INFO] PluginManage:283 - PluginManage : Loaded plugins [17]
2023-10-21 22:36:25,991 [INFO] PinOutPanel:1499 - setPackage(No Configuration,No Configuration)
2023-10-21 22:36:26,079 [INFO] CADModel:165 - CPN selected for project level
2023-10-21 22:36:26,080 [INFO] CADModel:114 - Register for checkConnection events
2023-10-21 22:36:26,088 [INFO] IPUIPlugin:80 - create IPUIPlugin
2023-10-21 22:36:26,089 [INFO] PluginManager:220 - loadIPPluginJar : add mdma
2023-10-21 22:36:26,093 [INFO] IPUIPlugin:80 - create IPUIPlugin
2023-10-21 22:36:26,093 [INFO] PluginManager:220 - loadIPPluginJar : add freertos
2023-10-21 22:36:26,096 [INFO] IPUIPlugin:80 - create IPUIPlugin
2023-10-21 22:36:26,096 [INFO] PluginManager:220 - loadIPPluginJar : add gic
2023-10-21 22:36:26,100 [INFO] IPUIPlugin:80 - create IPUIPlugin
2023-10-21 22:36:26,100 [INFO] PluginManager:220 - loadIPPluginJar : add adc
2023-10-21 22:36:26,101 [INFO] IPUIPlugin:80 - create IPUIPlugin
2023-10-21 22:36:26,102 [INFO] PluginManager:220 - loadIPPluginJar : add gtzc
2023-10-21 22:36:26,102 [INFO] IPUIPlugin:80 - create IPUIPlugin
2023-10-21 22:36:26,102 [INFO] PluginManager:220 - loadIPPluginJar : add quadspi
2023-10-21 22:36:26,103 [INFO] IPUIPlugin:80 - create IPUIPlugin
2023-10-21 22:36:26,103 [INFO] PluginManager:220 - loadIPPluginJar : add aes
2023-10-21 22:36:26,104 [INFO] IPUIPlugin:80 - create IPUIPlugin
2023-10-21 22:36:26,104 [INFO] PluginManager:220 - loadIPPluginJar : add pdm2pcm
2023-10-21 22:36:26,105 [INFO] IPUIPlugin:80 - create IPUIPlugin
2023-10-21 22:36:26,105 [INFO] PluginManager:220 - loadIPPluginJar : add hash
2023-10-21 22:36:26,106 [INFO] IPUIPlugin:80 - create IPUIPlugin
2023-10-21 22:36:26,106 [INFO] PluginManager:220 - loadIPPluginJar : add tim
2023-10-21 22:36:26,106 [INFO] IPUIPlugin:80 - create IPUIPlugin
2023-10-21 22:36:26,106 [INFO] PluginManager:220 - loadIPPluginJar : add tsc
2023-10-21 22:36:26,107 [INFO] IPUIPlugin:80 - create IPUIPlugin
2023-10-21 22:36:26,107 [INFO] PluginManager:220 - loadIPPluginJar : add ts
2023-10-21 22:36:26,108 [INFO] IPUIPlugin:80 - create IPUIPlugin
2023-10-21 22:36:26,108 [INFO] PluginManager:220 - loadIPPluginJar : add can
2023-10-21 22:36:26,110 [INFO] IPUIPlugin:80 - create IPUIPlugin
2023-10-21 22:36:26,110 [INFO] PluginManager:220 - loadIPPluginJar : add dma3
2023-10-21 22:36:26,112 [INFO] IPUIPlugin:80 - create IPUIPlugin
2023-10-21 22:36:26,112 [INFO] PluginManager:220 - loadIPPluginJar : add dfsdm
2023-10-21 22:36:26,113 [INFO] IPUIPlugin:80 - create IPUIPlugin
2023-10-21 22:36:26,113 [INFO] PluginManager:220 - loadIPPluginJar : add spi
2023-10-21 22:36:26,114 [INFO] IPUIPlugin:80 - create IPUIPlugin
2023-10-21 22:36:26,114 [INFO] PluginManager:220 - loadIPPluginJar : add gfxmmu
2023-10-21 22:36:26,115 [INFO] IPUIPlugin:80 - create IPUIPlugin
2023-10-21 22:36:26,115 [INFO] PluginManager:220 - loadIPPluginJar : add genericplugin
2023-10-21 22:36:26,116 [INFO] IPUIPlugin:80 - create IPUIPlugin
2023-10-21 22:36:26,116 [INFO] PluginManager:220 - loadIPPluginJar : add cryp
2023-10-21 22:36:26,117 [INFO] IPUIPlugin:80 - create IPUIPlugin
2023-10-21 22:36:26,117 [INFO] PluginManager:220 - loadIPPluginJar : add gpio
2023-10-21 22:36:26,118 [INFO] IPUIPlugin:80 - create IPUIPlugin
2023-10-21 22:36:26,118 [INFO] PluginManager:220 - loadIPPluginJar : add comp
2023-10-21 22:36:26,119 [INFO] IPUIPlugin:80 - create IPUIPlugin
2023-10-21 22:36:26,119 [INFO] PluginManager:220 - loadIPPluginJar : add tracer_emb
2023-10-21 22:36:26,120 [INFO] IPUIPlugin:80 - create IPUIPlugin
2023-10-21 22:36:26,120 [INFO] PluginManager:220 - loadIPPluginJar : add openamp
2023-10-21 22:36:26,122 [INFO] IPUIPlugin:80 - create IPUIPlugin
2023-10-21 22:36:26,122 [INFO] PluginManager:220 - loadIPPluginJar : add stm32_wpan
2023-10-21 22:36:26,125 [INFO] IPUIPlugin:80 - create IPUIPlugin
2023-10-21 22:36:26,129 [INFO] PluginManager:220 - loadIPPluginJar : add plateformsettings
2023-10-21 22:36:26,133 [INFO] IPUIPlugin:80 - create IPUIPlugin
2023-10-21 22:36:26,134 [INFO] PluginManager:220 - loadIPPluginJar : add ipddr
2023-10-21 22:36:26,138 [INFO] IPUIPlugin:80 - create IPUIPlugin
2023-10-21 22:36:26,138 [INFO] PluginManager:220 - loadIPPluginJar : add usart
2023-10-21 22:36:26,138 [INFO] IPUIPlugin:80 - create IPUIPlugin
2023-10-21 22:36:26,138 [INFO] PluginManager:220 - loadIPPluginJar : add ltdc
2023-10-21 22:36:26,140 [INFO] IPUIPlugin:80 - create IPUIPlugin
2023-10-21 22:36:26,140 [INFO] PluginManager:220 - loadIPPluginJar : add nvic
2023-10-21 22:36:26,141 [INFO] IPUIPlugin:80 - create IPUIPlugin
2023-10-21 22:36:26,141 [INFO] PluginManager:220 - loadIPPluginJar : add fatfs
2023-10-21 22:36:26,143 [INFO] IPUIPlugin:80 - create IPUIPlugin
2023-10-21 22:36:26,144 [INFO] PluginManager:220 - loadIPPluginJar : add linkedlist
2023-10-21 22:36:26,146 [INFO] IPUIPlugin:80 - create IPUIPlugin
2023-10-21 22:36:26,146 [INFO] PluginManager:220 - loadIPPluginJar : add dma
2023-10-21 22:36:26,149 [INFO] IPUIPlugin:80 - create IPUIPlugin
2023-10-21 22:36:26,149 [INFO] PluginManager:220 - loadIPPluginJar : add fmc
2023-10-21 22:36:26,151 [INFO] IPUIPlugin:80 - create IPUIPlugin
2023-10-21 22:36:26,151 [INFO] PluginManager:220 - loadIPPluginJar : add i2s
2023-10-21 22:36:26,151 [INFO] IPUIPlugin:80 - create IPUIPlugin
2023-10-21 22:36:26,151 [INFO] PluginManager:220 - loadIPPluginJar : add ucpd
2023-10-21 22:36:26,153 [INFO] IPUIPlugin:80 - create IPUIPlugin
2023-10-21 22:36:26,153 [INFO] PluginManager:220 - loadIPPluginJar : add lorawan
2023-10-21 22:36:26,154 [INFO] IPUIPlugin:80 - create IPUIPlugin
2023-10-21 22:36:26,154 [INFO] PluginManager:220 - loadIPPluginJar : add opamp
2023-10-21 22:36:26,155 [INFO] IPUIPlugin:80 - create IPUIPlugin
2023-10-21 22:36:26,155 [INFO] PluginManager:220 - loadIPPluginJar : add i3c
2023-10-21 22:36:26,156 [INFO] IPUIPlugin:80 - create IPUIPlugin
2023-10-21 22:36:26,156 [INFO] PluginManager:220 - loadIPPluginJar : add touchsensing
2023-10-21 22:36:26,157 [INFO] IPUIPlugin:80 - create IPUIPlugin
2023-10-21 22:36:26,157 [INFO] PluginManager:220 - loadIPPluginJar : add i2c
2023-10-21 22:36:26,159 [INFO] IPUIPlugin:80 - create IPUIPlugin
2023-10-21 22:36:26,159 [INFO] PluginManager:220 - loadIPPluginJar : add resmgrutility
2023-10-21 22:36:26,161 [INFO] IPUIPlugin:80 - create IPUIPlugin
2023-10-21 22:36:26,161 [INFO] PluginManager:220 - loadIPPluginJar : add sai
2023-10-21 22:36:26,162 [INFO] IPUIPlugin:80 - create IPUIPlugin
2023-10-21 22:36:26,162 [INFO] PluginManager:220 - loadIPPluginJar : add usbx
2023-10-21 22:36:26,281 [INFO] CADModel:165 - CPN selected for project level
2023-10-21 22:36:26,282 [INFO] CADModel:114 - Register for checkConnection events
2023-10-21 22:36:26,282 [FATAL] Updater:308 - Updater called before beeing initialized
2023-10-21 22:36:26,282 [ERROR] CADModel:125 - Updater not yet initialized, retry later 
2023-10-21 22:36:26,471 [INFO] CADModel:165 - CPN selected for project level
2023-10-21 22:36:26,472 [INFO] CADModel:114 - Register for checkConnection events
2023-10-21 22:36:26,472 [FATAL] Updater:308 - Updater called before beeing initialized
2023-10-21 22:36:26,472 [ERROR] CADModel:125 - Updater not yet initialized, retry later 
2023-10-21 22:36:26,474 [FATAL] Updater:308 - Updater called before beeing initialized
2023-10-21 22:36:26,594 [FATAL] Updater:308 - Updater called before beeing initialized
2023-10-21 22:36:26,604 [INFO] DbMcusAds:53 - JSON generation date=Tue Mar 07 02:50:55 CST 2023 (1678179055114)
2023-10-21 22:36:26,604 [FATAL] Updater:308 - Updater called before beeing initialized
2023-10-21 22:36:26,650 [WARN] DetailPanel:346 - Failed to get advertising image, set to default
2023-10-21 22:36:26,712 [FATAL] Updater:308 - Updater called before beeing initialized
2023-10-21 22:36:26,713 [FATAL] Updater:308 - Updater called before beeing initialized
2023-10-21 22:36:26,714 [FATAL] Updater:308 - Updater called before beeing initialized
2023-10-21 22:36:26,714 [WARN] DetailPanel:346 - Failed to get advertising image, set to default
2023-10-21 22:36:26,717 [FATAL] Updater:308 - Updater called before beeing initialized
2023-10-21 22:36:26,770 [ERROR] Updater:1120 - MainUpdater not yet initialized. External WinMGr cannot be set.
2023-10-21 22:36:26,796 [INFO] Updater:1056 - Updater Version found : 6.9.2
2023-10-21 22:36:26,805 [INFO] ApplicationProperties:184 - Using Application install path: /Applications/STM32CubeIDE.app/Contents/Eclipse/plugins/com.st.stm32cube.common.mx_6.9.2.202309101412
2023-10-21 22:36:27,321 [INFO] MainUpdater:2868 - connection check result : 10
2023-10-21 22:36:27,322 [INFO] MainUpdater:285 - Updater Check For Update Now.
2023-10-21 22:36:27,323 [INFO] MicroXplorer:498 - Change Database Version : DB.6.0.92
2023-10-21 22:36:27,337 [INFO] McuFinderGlobals:63 - Set McuFinder mode to 2 (CubeIDE integrated)
2023-10-21 22:36:27,339 [INFO] UserAuth:179 - activating auth plugin
2023-10-21 22:36:27,354 [INFO] UserAuth:393 - Internet connection configuration mode: 1
2023-10-21 22:36:27,368 [INFO] JxBrowserEngine:151 - Initiate JxBrowser Engine with user profile folder
2023-10-21 22:36:27,570 [INFO] CheckServerUpdateThread:120 - End of CheckServer Thread
2023-10-21 22:36:28,650 [WARN] PackLoader:240 - Cannot read IP mode file for STMicroelectronics.X-CUBE-GNSS1.6.0.0
2023-10-21 22:36:28,685 [WARN] PackLoader:240 - Cannot read IP mode file for STMicroelectronics.FP-SNS-MOTENV1.4.3.2
2023-10-21 22:36:28,722 [WARN] PackLoader:240 - Cannot read IP mode file for STMicroelectronics.X-CUBE-BLEMGR.2.0.0
2023-10-21 22:36:28,738 [WARN] PackLoader:240 - Cannot read IP mode file for STMicroelectronics.FP-SNS-FLIGHT1.5.0.2
2023-10-21 22:36:28,756 [WARN] PackLoader:240 - Cannot read IP mode file for STMicroelectronics.X-CUBE-DISPLAY.3.0.0
2023-10-21 22:36:28,787 [WARN] PackLoader:240 - Cannot read IP mode file for STMicroelectronics.X-CUBE-BLE1.7.0.0
2023-10-21 22:36:28,803 [WARN] PackLoader:240 - Cannot read IP mode file for STMicroelectronics.X-CUBE-NFC7.1.0.1
2023-10-21 22:36:28,815 [WARN] PackLoader:240 - Cannot read IP mode file for STMicroelectronics.X-CUBE-EEPRMA1.4.1.0
2023-10-21 22:36:28,838 [WARN] PackLoader:240 - Cannot read IP mode file for STMicroelectronics.X-CUBE-AI.8.1.0
2023-10-21 22:36:28,848 [WARN] PackLoader:240 - Cannot read IP mode file for STMicroelectronics.X-CUBE-BLE2.3.3.0
2023-10-21 22:36:28,855 [WARN] PackLoader:240 - Cannot read IP mode file for STMicroelectronics.X-CUBE-ISPU.1.1.0
2023-10-21 22:36:28,903 [WARN] PackLoader:240 - Cannot read IP mode file for STMicroelectronics.X-CUBE-NFC4.3.0.0
2023-10-21 22:36:28,911 [WARN] PackLoader:240 - Cannot read IP mode file for STMicroelectronics.FP-ATR-SIGFOX1.3.2.0
2023-10-21 22:36:28,923 [WARN] PackLoader:240 - Cannot read IP mode file for STMicroelectronics.X-CUBE-FREERTOS.1.1.0
2023-10-21 22:36:28,936 [WARN] PackLoader:240 - Cannot read IP mode file for STMicroelectronics.X-CUBE-ALS.1.0.1
2023-10-21 22:36:28,947 [WARN] PackLoader:240 - Cannot read IP mode file for STMicroelectronics.FP-ATR-ASTRA1.2.0.0
2023-10-21 22:36:28,948 [INFO] ThirdParty:978 - Integrity check success = true
2023-10-21 22:36:28,948 [INFO] IntegrityCheckThread:100 - exiting critical section [integrity check]
2023-10-21 22:36:28,948 [INFO] IntegrityCheckThread:103 - End integrity checks thread
2023-10-21 22:36:31,268 [INFO] WebApp:157 - Instantiating new browser for Auth
2023-10-21 22:36:31,870 [INFO] WebApp:753 - Register for checkConnection events
2023-10-21 22:36:31,871 [INFO] WebApp:390 - Apply proxy settings
2023-10-21 22:36:31,878 [INFO] WebApp:455 - Chromium authenticates against System proxy
2023-10-21 22:36:32,028 [INFO] WebApp:188 - Starting web application
2023-10-21 22:36:32,029 [INFO] WebApp:520 - Web application path used /Applications/STM32CubeIDE.app/Contents/Eclipse/plugins/com.st.stm32cube.common.mx_6.9.2.202309101412/db/plugins/mcufinder/reactClient1/index.html
2023-10-21 22:36:52,951 [ERROR] LogOutputStream:75 - [STDERR_REDIRECT] SLF4J: Failed to load class "org.slf4j.impl.StaticLoggerBinder".
2023-10-21 22:36:52,952 [ERROR] LogOutputStream:75 - [STDERR_REDIRECT] SLF4J: Defaulting to no-operation (NOP) logger implementation
2023-10-21 22:36:52,952 [ERROR] LogOutputStream:75 - [STDERR_REDIRECT] SLF4J: See http://www.slf4j.org/codes.html#StaticLoggerBinder for further details.
2023-10-21 23:46:48,564 [ERROR] LogOutputStream:75 - [STDERR_REDIRECT] 
