2023-10-20 11:33:41,067 [INFO] Activator:176 - 


2023-10-20 11:33:41,070 [INFO] Activator:177 - !SESSION log4j initialized
2023-10-20 11:33:43,227 [ERROR] LogOutputStream:75 - [STDERR_REDIRECT] 
2023-10-20 11:33:43,733 [INFO] LogOutputStream:77 - [STDOUT_REDIRECT] 
2023-10-20 11:33:45,468 [INFO] LogOutputStream:77 - [STDOUT_REDIRECT] 
2023-10-20 11:33:46,125 [ERROR] LogOutputStream:75 - [STDERR_REDIRECT] java.net.URISyntaxException: Illegal character in path at index 55: file:/Users/brandonrobb/Documents/CPSC-3300/Programming Assignmentds/.metadata/.log4j2.xml
2023-10-20 11:33:46,126 [ERROR] LogOutputStream:75 - [STDERR_REDIRECT] 	at java.base/java.net.URI$Parser.fail(URI.java:2974)
2023-10-20 11:33:46,126 [ERROR] LogOutputStream:75 - [STDERR_REDIRECT] 	at java.base/java.net.URI$Parser.checkChars(URI.java:3145)
2023-10-20 11:33:46,127 [ERROR] LogOutputStream:75 - [STDERR_REDIRECT] 	at java.base/java.net.URI$Parser.parseHierarchical(URI.java:3227)
2023-10-20 11:33:46,127 [ERROR] LogOutputStream:75 - [STDERR_REDIRECT] 	at java.base/java.net.URI$Parser.parse(URI.java:3175)
2023-10-20 11:33:46,127 [ERROR] LogOutputStream:75 - [STDERR_REDIRECT] 	at java.base/java.net.URI.<init>(URI.java:623)
2023-10-20 11:33:46,129 [ERROR] LogOutputStream:75 - [STDERR_REDIRECT] 	at java.base/java.net.URL.toURI(URL.java:1056)
2023-10-20 11:33:46,129 [ERROR] LogOutputStream:75 - [STDERR_REDIRECT] 	at com.st.stm32cube.common.mx.core.CubeMxInstance.getInstance(CubeMxInstance.java:81)
2023-10-20 11:33:46,130 [ERROR] LogOutputStream:75 - [STDERR_REDIRECT] 	at com.st.stm32cube.common.mx.userauth.UserAuthAdapter.<init>(UserAuthAdapter.java:18)
2023-10-20 11:33:46,130 [ERROR] LogOutputStream:75 - [STDERR_REDIRECT] 	at com.st.stm32cube.common.mx.userauth.UserAuthProvider.getUserAuthAdapter(UserAuthProvider.java:9)
2023-10-20 11:33:46,130 [ERROR] LogOutputStream:75 - [STDERR_REDIRECT] 	at com.st.stm32cube.common.ecosystemintegration.ui.core.MCUEcoSystemIntegrationUiHelper.getUserAuth(MCUEcoSystemIntegrationUiHelper.java:100)
2023-10-20 11:33:46,130 [ERROR] LogOutputStream:75 - [STDERR_REDIRECT] 	at com.st.stm32cube.ide.mcu.userauth.UserAuthStartup.earlyStartup(UserAuthStartup.java:41)
2023-10-20 11:33:46,130 [ERROR] LogOutputStream:75 - [STDERR_REDIRECT] 	at org.eclipse.ui.internal.EarlyStartupRunnable.runEarlyStartup(EarlyStartupRunnable.java:79)
2023-10-20 11:33:46,132 [ERROR] LogOutputStream:75 - [STDERR_REDIRECT] 	at org.eclipse.ui.internal.EarlyStartupRunnable.run(EarlyStartupRunnable.java:55)
2023-10-20 11:33:46,132 [ERROR] LogOutputStream:75 - [STDERR_REDIRECT] 	at org.eclipse.core.runtime.SafeRunner.run(SafeRunner.java:45)
2023-10-20 11:33:46,132 [ERROR] LogOutputStream:75 - [STDERR_REDIRECT] 	at org.eclipse.ui.internal.Workbench$39.run(Workbench.java:2656)
2023-10-20 11:33:46,132 [ERROR] LogOutputStream:75 - [STDERR_REDIRECT] 	at org.eclipse.core.internal.jobs.Worker.run(Worker.java:63)
2023-10-20 11:33:47,218 [INFO] ApplicationProperties:184 - Using Application install path: /Applications/STM32CubeIDE.app/Contents/Eclipse/plugins/com.st.stm32cube.common.mx_6.9.2.202309101412
2023-10-20 11:33:47,230 [INFO] DbMcusXml:78 - Set database path to: /Applications/STM32CubeIDE.app/Contents/Eclipse/plugins/com.st.stm32cube.common.mx_6.9.2.202309101412//db//mcu/
2023-10-20 11:33:47,231 [INFO] ApiDb:274 - Set plugin database path to: /Applications/STM32CubeIDE.app/Contents/Eclipse/plugins/com.st.stm32cube.common.mx_6.9.2.202309101412//db//plugins/boardmanager/
2023-10-20 11:33:47,232 [WARN] ApiDb:259 - Overriding images path with different value:  => /Applications/STM32CubeIDE.app/Contents/Eclipse/plugins/com.st.stm32cube.common.mx_6.9.2.202309101412//db//plugins/mcufinder/images/
2023-10-20 11:33:47,244 [INFO] ApiDb:250 - Set database path to: /Users/brandonrobb/.stmcufinder/plugins/mcufinder//mcu/
2023-10-20 11:33:47,245 [INFO] DbMcusAds:125 - Set database path to: /Users/brandonrobb/.stmcufinder/plugins/mcufinder//mcu/
2023-10-20 11:33:47,247 [INFO] CrossReferenceDbSqlite:203 - Set database path to: /Users/brandonrobb/.stmcufinder/plugins/mcufinder//mcu/cs/
2023-10-20 11:33:47,345 [INFO] RulesReader:64 - Compatibility file has been processed (293 Rules)
2023-10-20 11:33:47,404 [INFO] DbMcusXml:78 - Set database path to: /Applications/STM32CubeIDE.app/Contents/Eclipse/plugins/com.st.stm32cube.common.mx_6.9.2.202309101412//db//mcu/
2023-10-20 11:33:47,404 [INFO] ApiDb:274 - Set plugin database path to: /Applications/STM32CubeIDE.app/Contents/Eclipse/plugins/com.st.stm32cube.common.mx_6.9.2.202309101412//db//plugins/boardmanager/
2023-10-20 11:33:47,405 [INFO] ApiDb:261 - Set plugin images path to: /Applications/STM32CubeIDE.app/Contents/Eclipse/plugins/com.st.stm32cube.common.mx_6.9.2.202309101412//db//plugins/mcufinder/images/
2023-10-20 11:33:47,405 [WARN] DbFile:41 - Overriding database path with different value: /Users/brandonrobb/.stmcufinder/plugins/mcufinder/ => /Users/brandonrobb/.stmcufinder/plugins/mcufinder
2023-10-20 11:33:47,405 [INFO] ApiDb:250 - Set database path to: /Users/brandonrobb/.stmcufinder/plugins/mcufinder//mcu/
2023-10-20 11:33:47,405 [WARN] DbFile:41 - Overriding database path with different value: /Users/brandonrobb/.stmcufinder/plugins/mcufinder/ => /Users/brandonrobb/.stmcufinder/plugins/mcufinder
2023-10-20 11:33:47,405 [INFO] DbMcusAds:125 - Set database path to: /Users/brandonrobb/.stmcufinder/plugins/mcufinder//mcu/
2023-10-20 11:33:47,405 [WARN] DbFile:41 - Overriding database path with different value: /Users/brandonrobb/.stmcufinder/plugins/mcufinder/ => /Users/brandonrobb/.stmcufinder/plugins/mcufinder
2023-10-20 11:33:47,405 [WARN] DbFile:41 - Overriding database path with different value: /Users/brandonrobb/.stmcufinder/plugins/mcufinder/ => /Users/brandonrobb/.stmcufinder/plugins/mcufinder
2023-10-20 11:33:47,405 [INFO] CrossReferenceDbSqlite:203 - Set database path to: /Users/brandonrobb/.stmcufinder/plugins/mcufinder//mcu/cs/
2023-10-20 11:33:47,471 [INFO] MainPanel:262 - HeapMemory: 268435456
2023-10-20 11:33:47,541 [INFO] DbMcusXml:78 - Set database path to: /Applications/STM32CubeIDE.app/Contents/Eclipse/plugins/com.st.stm32cube.common.mx_6.9.2.202309101412//db//mcu/
2023-10-20 11:33:47,542 [INFO] ApiDb:274 - Set plugin database path to: /Applications/STM32CubeIDE.app/Contents/Eclipse/plugins/com.st.stm32cube.common.mx_6.9.2.202309101412//db//plugins/boardmanager/
2023-10-20 11:33:47,542 [INFO] ApiDb:261 - Set plugin images path to: /Applications/STM32CubeIDE.app/Contents/Eclipse/plugins/com.st.stm32cube.common.mx_6.9.2.202309101412//db//plugins/mcufinder/images/
2023-10-20 11:33:47,542 [WARN] DbFile:41 - Overriding database path with different value: /Users/brandonrobb/.stmcufinder/plugins/mcufinder/ => /Users/brandonrobb/.stmcufinder/plugins/mcufinder
2023-10-20 11:33:47,542 [INFO] ApiDb:250 - Set database path to: /Users/brandonrobb/.stmcufinder/plugins/mcufinder//mcu/
2023-10-20 11:33:47,542 [WARN] DbFile:41 - Overriding database path with different value: /Users/brandonrobb/.stmcufinder/plugins/mcufinder/ => /Users/brandonrobb/.stmcufinder/plugins/mcufinder
2023-10-20 11:33:47,542 [INFO] DbMcusAds:125 - Set database path to: /Users/brandonrobb/.stmcufinder/plugins/mcufinder//mcu/
2023-10-20 11:33:47,542 [WARN] DbFile:41 - Overriding database path with different value: /Users/brandonrobb/.stmcufinder/plugins/mcufinder/ => /Users/brandonrobb/.stmcufinder/plugins/mcufinder
2023-10-20 11:33:47,542 [WARN] DbFile:41 - Overriding database path with different value: /Users/brandonrobb/.stmcufinder/plugins/mcufinder/ => /Users/brandonrobb/.stmcufinder/plugins/mcufinder
2023-10-20 11:33:47,543 [INFO] CrossReferenceDbSqlite:203 - Set database path to: /Users/brandonrobb/.stmcufinder/plugins/mcufinder//mcu/cs/
2023-10-20 11:33:47,559 [INFO] ApplicationProperties:184 - Using Application install path: /Applications/STM32CubeIDE.app/Contents/Eclipse/plugins/com.st.stm32cube.common.mx_6.9.2.202309101412
2023-10-20 11:33:47,560 [INFO] PluginManage:196 - Search for loadable plugins [exclusion list=, ]
2023-10-20 11:33:47,561 [INFO] PluginManage:310 - Check plugin analytics
2023-10-20 11:33:47,719 [INFO] AnalyticsPlugin:253 - Accepted Software Licenses: 
2023-10-20 11:33:47,720 [INFO] AnalyticsPlugin:255 - Accepted CMSIS Pack Licenses: 
2023-10-20 11:33:47,720 [INFO] AnalyticsPlugin:257 - Accepted Firmware Licenses: 
2023-10-20 11:33:47,723 [INFO] PluginManage:359 - Loaded plugin analytics (category:tool,tabindex:-1)
2023-10-20 11:33:47,724 [INFO] PluginManage:310 - Check plugin cadmodel
2023-10-20 11:33:48,215 [INFO] CADModel:105 - Init CAD model plugin
2023-10-20 11:33:48,217 [INFO] PluginManage:359 - Loaded plugin cadmodel (category:power,tabindex:5)
2023-10-20 11:33:48,218 [INFO] PluginManage:310 - Check plugin clock
2023-10-20 11:33:48,242 [INFO] PluginManage:359 - Loaded plugin clock (category:base,tabindex:2)
2023-10-20 11:33:48,242 [INFO] PluginManage:310 - Check plugin ddr
2023-10-20 11:33:48,244 [INFO] PluginManage:359 - Loaded plugin ddr (category:tool,tabindex:6)
2023-10-20 11:33:48,244 [INFO] PluginManage:310 - Check plugin filemanager
2023-10-20 11:33:48,379 [INFO] PluginManage:359 - Loaded plugin filemanager (category:base,tabindex:10)
2023-10-20 11:33:48,380 [INFO] PluginManage:310 - Check plugin ipmanager
2023-10-20 11:33:48,387 [INFO] PluginManage:359 - Loaded plugin ipmanager (category:base,tabindex:5)
2023-10-20 11:33:48,387 [INFO] PluginManage:310 - Check plugin lpbam
2023-10-20 11:33:48,393 [INFO] PluginManage:359 - Loaded plugin lpbam (category:base,tabindex:0)
2023-10-20 11:33:48,393 [INFO] PluginManage:310 - Check plugin memorymap
2023-10-20 11:33:48,401 [INFO] PluginManage:359 - Loaded plugin memorymap (category:base,tabindex:4)
2023-10-20 11:33:48,401 [INFO] PluginManage:310 - Check plugin pinoutandconfiguration
2023-10-20 11:33:48,405 [INFO] PluginManage:359 - Loaded plugin pinoutandconfiguration (category:base,tabindex:1)
2023-10-20 11:33:48,405 [INFO] PluginManage:310 - Check plugin pinoutconfig
2023-10-20 11:33:48,469 [WARN] SupportedApi:132 - Cannot load RTOS API schema: s4s-elt-must-match.1: The content of 'definitions' must match (annotation?, (simpleType | complexType)?, (unique | key | keyref)*)). A problem was found starting at: attribute.
2023-10-20 11:33:48,593 [INFO] PluginManage:359 - Loaded plugin pinoutconfig (category:base,tabindex:0)
2023-10-20 11:33:48,594 [INFO] PluginManage:310 - Check plugin power
2023-10-20 11:33:48,603 [INFO] PluginManage:359 - Loaded plugin power (category:power,tabindex:4)
2023-10-20 11:33:48,603 [INFO] PluginManage:310 - Check plugin projectmanager
2023-10-20 11:33:48,656 [INFO] PluginManage:359 - Loaded plugin projectmanager (category:projectmanager,tabindex:3)
2023-10-20 11:33:48,657 [INFO] PluginManage:310 - Check plugin thirdparty
2023-10-20 11:33:48,859 [INFO] PluginManage:359 - Loaded plugin thirdparty (category:base,tabindex:-1)
2023-10-20 11:33:48,859 [WARN] IntegrityCheckThread:84 - waiting for thirdparty lock release [integrity check]
2023-10-20 11:33:48,861 [INFO] IntegrityCheckThread:86 - entering critical section [integrity check]
2023-10-20 11:33:48,862 [INFO] PluginManage:310 - Check plugin tools
2023-10-20 11:33:48,864 [INFO] ThirdPartyUpdaterWithRetryManager:70 - Updater plugin not ready yet. [1/15]
2023-10-20 11:33:48,870 [INFO] PluginManage:359 - Loaded plugin tools (category:base,tabindex:7)
2023-10-20 11:33:48,870 [INFO] PluginManage:310 - Check plugin tutovideos
2023-10-20 11:33:49,079 [INFO] PluginManage:359 - Loaded plugin tutovideos (category:base,tabindex:-1)
2023-10-20 11:33:49,080 [INFO] PluginManage:310 - Check plugin updater
2023-10-20 11:33:49,099 [INFO] PluginManage:359 - Loaded plugin updater (category:base,tabindex:12)
2023-10-20 11:33:49,100 [INFO] PluginManage:310 - Check plugin userauth
2023-10-20 11:33:49,105 [INFO] UserAuth:113 - Init User Auth plugin
2023-10-20 11:33:49,105 [INFO] PluginManage:359 - Loaded plugin userauth (category:base,tabindex:14)
2023-10-20 11:33:49,106 [INFO] PluginManage:283 - PluginManage : Loaded plugins [17]
2023-10-20 11:33:49,304 [INFO] PinOutPanel:1499 - setPackage(No Configuration,No Configuration)
2023-10-20 11:33:49,386 [INFO] CADModel:165 - CPN selected for project level
2023-10-20 11:33:49,386 [INFO] CADModel:114 - Register for checkConnection events
2023-10-20 11:33:49,394 [INFO] IPUIPlugin:80 - create IPUIPlugin
2023-10-20 11:33:49,395 [INFO] PluginManager:220 - loadIPPluginJar : add mdma
2023-10-20 11:33:49,399 [INFO] IPUIPlugin:80 - create IPUIPlugin
2023-10-20 11:33:49,399 [INFO] PluginManager:220 - loadIPPluginJar : add freertos
2023-10-20 11:33:49,402 [INFO] IPUIPlugin:80 - create IPUIPlugin
2023-10-20 11:33:49,402 [INFO] PluginManager:220 - loadIPPluginJar : add gic
2023-10-20 11:33:49,407 [INFO] IPUIPlugin:80 - create IPUIPlugin
2023-10-20 11:33:49,407 [INFO] PluginManager:220 - loadIPPluginJar : add adc
2023-10-20 11:33:49,408 [INFO] IPUIPlugin:80 - create IPUIPlugin
2023-10-20 11:33:49,408 [INFO] PluginManager:220 - loadIPPluginJar : add gtzc
2023-10-20 11:33:49,409 [INFO] IPUIPlugin:80 - create IPUIPlugin
2023-10-20 11:33:49,409 [INFO] PluginManager:220 - loadIPPluginJar : add quadspi
2023-10-20 11:33:49,410 [INFO] IPUIPlugin:80 - create IPUIPlugin
2023-10-20 11:33:49,410 [INFO] PluginManager:220 - loadIPPluginJar : add aes
2023-10-20 11:33:49,412 [INFO] IPUIPlugin:80 - create IPUIPlugin
2023-10-20 11:33:49,412 [INFO] PluginManager:220 - loadIPPluginJar : add pdm2pcm
2023-10-20 11:33:49,413 [INFO] IPUIPlugin:80 - create IPUIPlugin
2023-10-20 11:33:49,413 [INFO] PluginManager:220 - loadIPPluginJar : add hash
2023-10-20 11:33:49,414 [INFO] IPUIPlugin:80 - create IPUIPlugin
2023-10-20 11:33:49,414 [INFO] PluginManager:220 - loadIPPluginJar : add tim
2023-10-20 11:33:49,415 [INFO] IPUIPlugin:80 - create IPUIPlugin
2023-10-20 11:33:49,415 [INFO] PluginManager:220 - loadIPPluginJar : add tsc
2023-10-20 11:33:49,416 [INFO] IPUIPlugin:80 - create IPUIPlugin
2023-10-20 11:33:49,416 [INFO] PluginManager:220 - loadIPPluginJar : add ts
2023-10-20 11:33:49,417 [INFO] IPUIPlugin:80 - create IPUIPlugin
2023-10-20 11:33:49,417 [INFO] PluginManager:220 - loadIPPluginJar : add can
2023-10-20 11:33:49,419 [INFO] IPUIPlugin:80 - create IPUIPlugin
2023-10-20 11:33:49,420 [INFO] PluginManager:220 - loadIPPluginJar : add dma3
2023-10-20 11:33:49,421 [INFO] IPUIPlugin:80 - create IPUIPlugin
2023-10-20 11:33:49,421 [INFO] PluginManager:220 - loadIPPluginJar : add dfsdm
2023-10-20 11:33:49,422 [INFO] IPUIPlugin:80 - create IPUIPlugin
2023-10-20 11:33:49,422 [INFO] PluginManager:220 - loadIPPluginJar : add spi
2023-10-20 11:33:49,423 [INFO] IPUIPlugin:80 - create IPUIPlugin
2023-10-20 11:33:49,423 [INFO] PluginManager:220 - loadIPPluginJar : add gfxmmu
2023-10-20 11:33:49,423 [INFO] IPUIPlugin:80 - create IPUIPlugin
2023-10-20 11:33:49,423 [INFO] PluginManager:220 - loadIPPluginJar : add genericplugin
2023-10-20 11:33:49,424 [INFO] IPUIPlugin:80 - create IPUIPlugin
2023-10-20 11:33:49,424 [INFO] PluginManager:220 - loadIPPluginJar : add cryp
2023-10-20 11:33:49,426 [INFO] IPUIPlugin:80 - create IPUIPlugin
2023-10-20 11:33:49,426 [INFO] PluginManager:220 - loadIPPluginJar : add gpio
2023-10-20 11:33:49,427 [INFO] IPUIPlugin:80 - create IPUIPlugin
2023-10-20 11:33:49,427 [INFO] PluginManager:220 - loadIPPluginJar : add comp
2023-10-20 11:33:49,427 [INFO] IPUIPlugin:80 - create IPUIPlugin
2023-10-20 11:33:49,427 [INFO] PluginManager:220 - loadIPPluginJar : add tracer_emb
2023-10-20 11:33:49,429 [INFO] IPUIPlugin:80 - create IPUIPlugin
2023-10-20 11:33:49,429 [INFO] PluginManager:220 - loadIPPluginJar : add openamp
2023-10-20 11:33:49,432 [INFO] IPUIPlugin:80 - create IPUIPlugin
2023-10-20 11:33:49,432 [INFO] PluginManager:220 - loadIPPluginJar : add stm32_wpan
2023-10-20 11:33:49,435 [INFO] IPUIPlugin:80 - create IPUIPlugin
2023-10-20 11:33:49,437 [INFO] PluginManager:220 - loadIPPluginJar : add plateformsettings
2023-10-20 11:33:49,439 [INFO] IPUIPlugin:80 - create IPUIPlugin
2023-10-20 11:33:49,439 [INFO] PluginManager:220 - loadIPPluginJar : add ipddr
2023-10-20 11:33:49,440 [INFO] IPUIPlugin:80 - create IPUIPlugin
2023-10-20 11:33:49,440 [INFO] PluginManager:220 - loadIPPluginJar : add usart
2023-10-20 11:33:49,441 [INFO] IPUIPlugin:80 - create IPUIPlugin
2023-10-20 11:33:49,442 [INFO] PluginManager:220 - loadIPPluginJar : add ltdc
2023-10-20 11:33:49,444 [INFO] IPUIPlugin:80 - create IPUIPlugin
2023-10-20 11:33:49,444 [INFO] PluginManager:220 - loadIPPluginJar : add nvic
2023-10-20 11:33:49,444 [INFO] IPUIPlugin:80 - create IPUIPlugin
2023-10-20 11:33:49,444 [INFO] PluginManager:220 - loadIPPluginJar : add fatfs
2023-10-20 11:33:49,448 [INFO] IPUIPlugin:80 - create IPUIPlugin
2023-10-20 11:33:49,448 [INFO] PluginManager:220 - loadIPPluginJar : add linkedlist
2023-10-20 11:33:49,450 [INFO] IPUIPlugin:80 - create IPUIPlugin
2023-10-20 11:33:49,450 [INFO] PluginManager:220 - loadIPPluginJar : add dma
2023-10-20 11:33:49,452 [INFO] IPUIPlugin:80 - create IPUIPlugin
2023-10-20 11:33:49,452 [INFO] PluginManager:220 - loadIPPluginJar : add fmc
2023-10-20 11:33:49,453 [INFO] IPUIPlugin:80 - create IPUIPlugin
2023-10-20 11:33:49,453 [INFO] PluginManager:220 - loadIPPluginJar : add i2s
2023-10-20 11:33:49,454 [INFO] IPUIPlugin:80 - create IPUIPlugin
2023-10-20 11:33:49,454 [INFO] PluginManager:220 - loadIPPluginJar : add ucpd
2023-10-20 11:33:49,455 [INFO] IPUIPlugin:80 - create IPUIPlugin
2023-10-20 11:33:49,455 [INFO] PluginManager:220 - loadIPPluginJar : add lorawan
2023-10-20 11:33:49,456 [INFO] IPUIPlugin:80 - create IPUIPlugin
2023-10-20 11:33:49,456 [INFO] PluginManager:220 - loadIPPluginJar : add opamp
2023-10-20 11:33:49,457 [INFO] IPUIPlugin:80 - create IPUIPlugin
2023-10-20 11:33:49,457 [INFO] PluginManager:220 - loadIPPluginJar : add i3c
2023-10-20 11:33:49,459 [INFO] IPUIPlugin:80 - create IPUIPlugin
2023-10-20 11:33:49,459 [INFO] PluginManager:220 - loadIPPluginJar : add touchsensing
2023-10-20 11:33:49,460 [INFO] IPUIPlugin:80 - create IPUIPlugin
2023-10-20 11:33:49,460 [INFO] PluginManager:220 - loadIPPluginJar : add i2c
2023-10-20 11:33:49,462 [INFO] IPUIPlugin:80 - create IPUIPlugin
2023-10-20 11:33:49,462 [INFO] PluginManager:220 - loadIPPluginJar : add resmgrutility
2023-10-20 11:33:49,463 [INFO] IPUIPlugin:80 - create IPUIPlugin
2023-10-20 11:33:49,463 [INFO] PluginManager:220 - loadIPPluginJar : add sai
2023-10-20 11:33:49,465 [INFO] IPUIPlugin:80 - create IPUIPlugin
2023-10-20 11:33:49,465 [INFO] PluginManager:220 - loadIPPluginJar : add usbx
2023-10-20 11:33:49,574 [INFO] CADModel:165 - CPN selected for project level
2023-10-20 11:33:49,575 [INFO] CADModel:114 - Register for checkConnection events
2023-10-20 11:33:49,575 [FATAL] Updater:308 - Updater called before beeing initialized
2023-10-20 11:33:49,575 [ERROR] CADModel:125 - Updater not yet initialized, retry later 
2023-10-20 11:33:49,793 [INFO] CADModel:165 - CPN selected for project level
2023-10-20 11:33:49,794 [INFO] CADModel:114 - Register for checkConnection events
2023-10-20 11:33:49,795 [FATAL] Updater:308 - Updater called before beeing initialized
2023-10-20 11:33:49,795 [ERROR] CADModel:125 - Updater not yet initialized, retry later 
2023-10-20 11:33:49,802 [FATAL] Updater:308 - Updater called before beeing initialized
2023-10-20 11:33:49,939 [FATAL] Updater:308 - Updater called before beeing initialized
2023-10-20 11:33:49,947 [INFO] DbMcusAds:53 - JSON generation date=Tue Mar 07 02:50:55 CST 2023 (1678179055114)
2023-10-20 11:33:49,948 [FATAL] Updater:308 - Updater called before beeing initialized
2023-10-20 11:33:50,023 [WARN] DetailPanel:346 - Failed to get advertising image, set to default
2023-10-20 11:33:50,092 [FATAL] Updater:308 - Updater called before beeing initialized
2023-10-20 11:33:50,094 [FATAL] Updater:308 - Updater called before beeing initialized
2023-10-20 11:33:50,094 [FATAL] Updater:308 - Updater called before beeing initialized
2023-10-20 11:33:50,094 [WARN] DetailPanel:346 - Failed to get advertising image, set to default
2023-10-20 11:33:50,097 [FATAL] Updater:308 - Updater called before beeing initialized
2023-10-20 11:33:50,177 [ERROR] Updater:1120 - MainUpdater not yet initialized. External WinMGr cannot be set.
2023-10-20 11:33:50,214 [INFO] Updater:1056 - Updater Version found : 6.9.2
2023-10-20 11:33:50,230 [INFO] ApplicationProperties:184 - Using Application install path: /Applications/STM32CubeIDE.app/Contents/Eclipse/plugins/com.st.stm32cube.common.mx_6.9.2.202309101412
2023-10-20 11:33:50,582 [INFO] MainUpdater:2868 - connection check result : 10
2023-10-20 11:33:50,583 [INFO] MainUpdater:285 - Updater Check For Update Now.
2023-10-20 11:33:50,584 [INFO] MicroXplorer:498 - Change Database Version : DB.6.0.92
2023-10-20 11:33:50,589 [INFO] McuFinderGlobals:63 - Set McuFinder mode to 2 (CubeIDE integrated)
2023-10-20 11:33:50,589 [INFO] UserAuth:179 - activating auth plugin
2023-10-20 11:33:50,596 [INFO] UserAuth:393 - Internet connection configuration mode: 1
2023-10-20 11:33:50,614 [INFO] JxBrowserEngine:151 - Initiate JxBrowser Engine with user profile folder
2023-10-20 11:33:50,818 [INFO] CheckServerUpdateThread:120 - End of CheckServer Thread
2023-10-20 11:33:52,006 [WARN] PackLoader:240 - Cannot read IP mode file for STMicroelectronics.X-CUBE-GNSS1.6.0.0
2023-10-20 11:33:52,035 [WARN] PackLoader:240 - Cannot read IP mode file for STMicroelectronics.FP-SNS-MOTENV1.4.3.2
2023-10-20 11:33:52,069 [WARN] PackLoader:240 - Cannot read IP mode file for STMicroelectronics.X-CUBE-BLEMGR.2.0.0
2023-10-20 11:33:52,085 [WARN] PackLoader:240 - Cannot read IP mode file for STMicroelectronics.FP-SNS-FLIGHT1.5.0.2
2023-10-20 11:33:52,107 [WARN] PackLoader:240 - Cannot read IP mode file for STMicroelectronics.X-CUBE-DISPLAY.3.0.0
2023-10-20 11:33:52,141 [WARN] PackLoader:240 - Cannot read IP mode file for STMicroelectronics.X-CUBE-BLE1.7.0.0
2023-10-20 11:33:52,151 [WARN] PackLoader:240 - Cannot read IP mode file for STMicroelectronics.X-CUBE-NFC7.1.0.1
2023-10-20 11:33:52,163 [WARN] PackLoader:240 - Cannot read IP mode file for STMicroelectronics.X-CUBE-EEPRMA1.4.1.0
2023-10-20 11:33:52,178 [WARN] PackLoader:240 - Cannot read IP mode file for STMicroelectronics.X-CUBE-AI.8.1.0
2023-10-20 11:33:52,185 [WARN] PackLoader:240 - Cannot read IP mode file for STMicroelectronics.X-CUBE-BLE2.3.3.0
2023-10-20 11:33:52,192 [WARN] PackLoader:240 - Cannot read IP mode file for STMicroelectronics.X-CUBE-ISPU.1.1.0
2023-10-20 11:33:52,204 [WARN] PackLoader:240 - Cannot read IP mode file for STMicroelectronics.X-CUBE-NFC4.3.0.0
2023-10-20 11:33:52,210 [WARN] PackLoader:240 - Cannot read IP mode file for STMicroelectronics.FP-ATR-SIGFOX1.3.2.0
2023-10-20 11:33:52,220 [WARN] PackLoader:240 - Cannot read IP mode file for STMicroelectronics.X-CUBE-FREERTOS.1.1.0
2023-10-20 11:33:52,233 [WARN] PackLoader:240 - Cannot read IP mode file for STMicroelectronics.X-CUBE-ALS.1.0.1
2023-10-20 11:33:52,244 [WARN] PackLoader:240 - Cannot read IP mode file for STMicroelectronics.FP-ATR-ASTRA1.2.0.0
2023-10-20 11:33:52,245 [INFO] ThirdParty:978 - Integrity check success = true
2023-10-20 11:33:52,245 [INFO] IntegrityCheckThread:100 - exiting critical section [integrity check]
2023-10-20 11:33:52,245 [INFO] IntegrityCheckThread:103 - End integrity checks thread
2023-10-20 11:33:55,358 [INFO] WebApp:157 - Instantiating new browser for Auth
2023-10-20 11:33:56,415 [INFO] WebApp:753 - Register for checkConnection events
2023-10-20 11:33:56,415 [INFO] WebApp:390 - Apply proxy settings
2023-10-20 11:33:56,420 [INFO] WebApp:455 - Chromium authenticates against System proxy
2023-10-20 11:33:56,595 [INFO] WebApp:188 - Starting web application
2023-10-20 11:33:56,598 [INFO] WebApp:520 - Web application path used /Applications/STM32CubeIDE.app/Contents/Eclipse/plugins/com.st.stm32cube.common.mx_6.9.2.202309101412/db/plugins/mcufinder/reactClient1/index.html
2023-10-20 11:34:17,628 [ERROR] LogOutputStream:75 - [STDERR_REDIRECT] SLF4J: Failed to load class "org.slf4j.impl.StaticLoggerBinder".
2023-10-20 11:34:17,629 [ERROR] LogOutputStream:75 - [STDERR_REDIRECT] SLF4J: Defaulting to no-operation (NOP) logger implementation
2023-10-20 11:34:17,629 [ERROR] LogOutputStream:75 - [STDERR_REDIRECT] SLF4J: See http://www.slf4j.org/codes.html#StaticLoggerBinder for further details.
2023-10-20 11:41:48,318 [INFO] McuFinderGlobals:63 - Set McuFinder mode to 2 (CubeIDE integrated)
2023-10-20 11:41:48,321 [INFO] MainUpdater:2868 - connection check result : 10
2023-10-20 11:41:49,132 [INFO] ApiDb:581 - Connected to CubeFinder SQLite database (/Users/brandonrobb/.stmcufinder/plugins/mcufinder/mcu/cube-finder-db.db)
2023-10-20 11:41:49,191 [INFO] ApiDb:668 - CubeFinder database Data Model version=2.1
2023-10-20 11:41:49,191 [INFO] ApiDb:669 - CubeFinder database Configuration version=3.0.37
2023-10-20 11:41:49,192 [INFO] ApiDb:670 - CubeFinder database generation date=2023-08-09 (1691586011)
2023-10-20 11:41:49,193 [INFO] ApiDb:671 - CubeFinder database FW Pack versions=[FP-ATR-ASTRA1_V2.0.0, FP-SNS-FLIGHT1_V5.0.1, FP-SNS-FLIGHT1_V5.0.2, FP-SNS-MOTENV1_V4.3.1, FP-SNS-MOTENV1_V4.3.2, STM32Cube_FW_C0_V1.1.0, STM32Cube_FW_F4_V1.27.1, STM32Cube_FW_F7_V1.17.0, STM32Cube_FW_G0_V1.6.1, STM32Cube_FW_G4_V1.5.1, STM32Cube_FW_H5_V0.5.1, STM32Cube_FW_H5_V1.1.0, STM32Cube_FW_H7_V1.11.0, STM32Cube_FW_L0_V1.12.2, STM32Cube_FW_L5_V1.5.0, STM32Cube_FW_U5_V1.3.0, STM32Cube_FW_U5_V1.3.0RC4, STM32Cube_FW_WBA_V1.0.0RC1, STM32Cube_FW_WBA_V1.1.0, STM32Cube_FW_WBA_V1.1.0RC1, STM32Cube_FW_WB_V1.15.0RC1, STM32Cube_FW_WB_V1.16.0, STM32Cube_FW_WB_V1.16.0RC2, STM32Cube_FW_WB_V1.17.0, STM32Cube_FW_WL_V1.3.0, X-CUBE-ALGOBUILD_V1.3.0, X-CUBE-ALS_V1.0.1, X-CUBE-AZRTOS-F4_V1.1.0, X-CUBE-AZRTOS-F7_V1.1.0, X-CUBE-AZRTOS-G0_V1.1.0, X-CUBE-AZRTOS-G4_V2.0.0, X-CUBE-AZRTOS-H7_V3.1.0, X-CUBE-AZRTOS-L4_V1.0.0, X-CUBE-AZRTOS-L4_V2.0.0, X-CUBE-AZRTOS-L5_V1.1.0, X-CUBE-AZRTOS-WB_V1.1.0, X-CUBE-AZRTOS-WL_V2.0.0, X-CUBE-BLE1_V7.0.0, X-CUBE-BLE2_V3.3.0, X-CUBE-BLEMGR_V2.0.0, X-CUBE-EEPRMA1_V4.1.0, X-CUBE-FREERTOS_V1.1.0, X-CUBE-GNSS1_V6.0.0, X-CUBE-MEMS1_V9.1.0, X-CUBE-MEMS1_V9.4.0, X-CUBE-MEMS1_V9.6.0, X-CUBE-NFC4_V3.0.0, X-CUBE-NFC7_V1.0.0, X-CUBE-SFXS2LP1_V4.0.0, X-CUBE-SUBG2_V5.0.0, X-CUBE-TOF1_V3.3.1]
2023-10-20 11:41:49,287 [INFO] DbBoardsSqlite:226 - include board P-NUCLEO-WB55-NUCLEO as a kit item of type 'Nucleo-64'
2023-10-20 11:41:49,287 [INFO] DbBoardsSqlite:226 - include board P-NUCLEO-WB55-USBDONGLE as a kit item of type 'Nucleo USB Dongle'
2023-10-20 11:41:49,288 [INFO] DbBoardsSqlite:226 - include board STEVAL-IDP005V1 as a kit item of type 'Evaluation Board'
2023-10-20 11:41:49,288 [INFO] DbBoardsSqlite:226 - include board STEVAL-IDP005V2 as a kit item of type 'Evaluation Board'
2023-10-20 11:41:49,389 [INFO] ApiDb:240 - Found 323 in-development CPN: [B-G473E-ZEST1S, B-WB1M-WPAN1, B-WL5M-SUBG1, NUCLEO-C031C6, NUCLEO-H503RB, NUCLEO-H563ZI, NUCLEO-U545RE-Q, NUCLEO-U5A5ZJ-Q, NUCLEO-WBA52CG, STEVAL-PROTEUS1, STEVAL-SMARTAG2, STEVAL-STWINBX1, STM320518-EVAL, STM32C0116-DK, STM32C011D6Y3TR, STM32C011D6Y6TR, STM32C011F4P3, STM32C011F4P6, STM32C011F4U3, STM32C011F4U6TR, STM32C011F6P3, STM32C011F6P6, STM32C011F6U3, STM32C011F6U6TR, STM32C011J4M3, STM32C011J4M6, STM32C011J6M3, STM32C011J6M6, STM32C0316-DK, STM32C031C4T3, STM32C031C4T6, STM32C031C4U3, STM32C031C4U6, STM32C031C6T3, STM32C031C6T6, STM32C031C6U3, STM32C031C6U6, STM32C031F4P3, STM32C031F4P6, STM32C031F6P3, STM32C031F6P6, STM32C031G4U3, STM32C031G4U6, STM32C031G6U3, STM32C031G6U6, STM32C031K4T3, STM32C031K4T6, STM32C031K4U3, STM32C031K4U6, STM32C031K6T3, STM32C031K6T6, STM32C031K6U3, STM32C031K6U6, STM32G071K8TXN, STM32G071K8UXN, STM32G081GBU6N, STM32G081KBT6N, STM32G081KBUXN, STM32G0B1CCT6N, STM32G0B1KCT6, STM32G0B1NEY6TR, STM32G0B1RCT6N, STM32G0C1CCT6, STM32G0C1CCT6N, STM32G0C1CCU6N, STM32G0C1CET6N, STM32G0C1CEU6N, STM32G0C1KCT6, STM32G0C1NEY6TR, STM32G0C1RCI6N, STM32G0C1RCT6N, STM32G0C1REI6N, STM32G0C1RET6N, STM32G0C1VCI6, STM32G0C1VEI6, STM32G471CCT6, STM32G471CCU6, STM32G471CET3, STM32G471CET6, STM32G471CEU3, STM32G471CEU6, STM32G471MCT6, STM32G471MET3, STM32G471MET6, STM32G471MEY6TR, STM32G471QCT6, STM32G471QET3, STM32G471RCT6, STM32G471RET3, STM32G471RET6, STM32G471VCH6, STM32G471VCI6, STM32G471VCT6, STM32G471VEH3, STM32G471VEH6, STM32G471VEI3, STM32G471VEI6, STM32G471VET3, STM32G471VET6, STM32G474CCT6, STM32H503CBT6, STM32H503CBU6, STM32H503EBY6TR, STM32H503KBU6, STM32H503RBT6, STM32H562AGI6, STM32H562AII6, STM32H562IGK6, STM32H562IGT6, STM32H562IIK6, STM32H562IIT6, STM32H562RGT6, STM32H562RGV6, STM32H562RIT6, STM32H562RIV6, STM32H562VGT6, STM32H562VIT6, STM32H562ZGT6, STM32H562ZIT6, STM32H563AGI6, STM32H563AII3Q, STM32H563AII6, STM32H563IGK6, STM32H563IGT6, STM32H563IIK3Q, STM32H563IIK6, STM32H563IIT3Q, STM32H563IIT6, STM32H563MIY3QTR, STM32H563RGT6, STM32H563RGV6, STM32H563RIT6, STM32H563RIV6, STM32H563VGT6, STM32H563VIT3Q, STM32H563VIT6, STM32H563ZGT6, STM32H563ZIT3Q, STM32H563ZIT6, STM32H573AII3Q, STM32H573AII6, STM32H573I-DK, STM32H573IIK3Q, STM32H573IIK6, STM32H573IIT3Q, STM32H573IIT6, STM32H573MIY3QTR, STM32H573RIT6, STM32H573RIV6, STM32H573VIT3Q, STM32H573VIT6, STM32H573ZIT3Q, STM32H573ZIT6, STM32L4R5QGI6STR, STM32MP131AAE3, STM32MP131AAF3, STM32MP131AAG3, STM32MP131CAE3, STM32MP131CAF3, STM32MP131CAG3, STM32MP131DAE7, STM32MP131DAF7, STM32MP131DAG7, STM32MP131FAE7, STM32MP131FAF7, STM32MP131FAG7, STM32MP133AAE3, STM32MP133AAF3, STM32MP133AAG3, STM32MP133CAE3, STM32MP133CAF3, STM32MP133CAG3, STM32MP133DAE7, STM32MP133DAF7, STM32MP133DAG7, STM32MP133FAE7, STM32MP133FAF7, STM32MP133FAG7, STM32MP135AAE3, STM32MP135AAF3, STM32MP135AAG3, STM32MP135CAE3, STM32MP135CAF3, STM32MP135CAG3, STM32MP135DAE7, STM32MP135DAF7, STM32MP135DAG7, STM32MP135F-DK, STM32MP135FAE7, STM32MP135FAF7, STM32MP135FAF7T, STM32MP135FAF7U, STM32MP135FAG7, STM32U535CBT6, STM32U535CBT6Q, STM32U535CBU6, STM32U535CBU6Q, STM32U535CCT6, STM32U535CCT6Q, STM32U535CCU6, STM32U535CCU6Q, STM32U535CET6, STM32U535CET6Q, STM32U535CEU6, STM32U535CEU6Q, STM32U535JEY6QTR, STM32U535NCY6QTR, STM32U535NEY6QTR, STM32U535RBI6, STM32U535RBI6Q, STM32U535RBT6, STM32U535RBT6Q, STM32U535RCI6, STM32U535RCI6Q, STM32U535RCT6, STM32U535RCT6Q, STM32U535REI6, STM32U535REI6Q, STM32U535RET6, STM32U535RET6Q, STM32U535VCI6, STM32U535VCI6Q, STM32U535VCT6, STM32U535VCT6Q, STM32U535VEI6, STM32U535VEI6Q, STM32U535VET6, STM32U535VET6Q, STM32U545CET6, STM32U545CET6Q, STM32U545CEU6, STM32U545CEU6Q, STM32U545JEY6QTR, STM32U545NEY6QTR, STM32U545REI6, STM32U545REI6Q, STM32U545RET6, STM32U545RET6Q, STM32U545VEI6, STM32U545VEI6Q, STM32U545VET6, STM32U545VET6Q, STM32U595AIH6, STM32U595AIH6Q, STM32U595AJH6, STM32U595AJH6Q, STM32U595QII6, STM32U595QII6Q, STM32U595QJI6, STM32U595QJI6Q, STM32U595RIT6, STM32U595RIT6Q, STM32U595RJT6, STM32U595RJT6Q, STM32U595VIT6, STM32U595VIT6Q, STM32U595VJT6, STM32U595VJT6Q, STM32U595ZIT6, STM32U595ZIT6Q, STM32U595ZIY6QTR, STM32U595ZJT6, STM32U595ZJT6Q, STM32U595ZJY6QTR, STM32U599BJY6QTR, STM32U599NIH6Q, STM32U599NJH6Q, STM32U599VIT6Q, STM32U599VJT6, STM32U599VJT6Q, STM32U599ZIT6Q, STM32U599ZIY6QTR, STM32U599ZJT6Q, STM32U599ZJY6QTR, STM32U5A5AJH6, STM32U5A5AJH6Q, STM32U5A5QJI6, STM32U5A5QJI6Q, STM32U5A5RJT6, STM32U5A5RJT6Q, STM32U5A5VJT6, STM32U5A5VJT6Q, STM32U5A5ZJT6, STM32U5A5ZJT6Q, STM32U5A5ZJY6QTR, STM32U5A9BJY6QTR, STM32U5A9J-DK, STM32U5A9NJH6Q, STM32U5A9VJT6Q, STM32U5A9ZJT6Q, STM32U5A9ZJY6QTR, STM32U5F7VIT6, STM32U5F7VIT6Q, STM32U5F7VJT6, STM32U5F7VJT6Q, STM32U5F9BJY6QTR, STM32U5F9NJH6Q, STM32U5F9VIT6Q, STM32U5F9VJT6Q, STM32U5F9ZIJ6QTR, STM32U5F9ZIT6Q, STM32U5F9ZJJ6QTR, STM32U5F9ZJT6Q, STM32U5G7VJT6, STM32U5G7VJT6Q, STM32U5G9BJY6QTR, STM32U5G9J-DK1, STM32U5G9J-DK2, STM32U5G9NJH6Q, STM32U5G9VJT6Q, STM32U5G9ZJJ6QTR, STM32U5G9ZJT6Q, STM32WB1MMCH6, STM32WBA52CEU6, STM32WBA52CEU6T, STM32WBA52CGU6, STM32WBA52CGU6T, STM32WBA52KEU6, STM32WBA52KEU6T, STM32WBA52KGU6, STM32WBA52KGU6T, STM32WL5MOCH6, STM32WL5MOCH6TR]
2023-10-20 11:41:49,486 [INFO] BoardInfo:880 - No configuration file found for board P-NUCLEO-WB55
2023-10-20 11:41:49,491 [INFO] DbBoards:157 - Kit is not supported: P-NUCLEO-WB55
2023-10-20 11:41:49,495 [INFO] BoardInfo:880 - No configuration file found for board STEVAL-BFA001V1B
2023-10-20 11:41:49,495 [INFO] DbBoards:157 - Kit is not supported: STEVAL-BFA001V1B
2023-10-20 11:41:49,496 [INFO] BoardInfo:880 - No configuration file found for board STEVAL-BFA001V2B
2023-10-20 11:41:49,496 [INFO] DbBoards:157 - Kit is not supported: STEVAL-BFA001V2B
2023-10-20 11:41:49,579 [INFO] DbBoards:161 - Found 190 boards, 187 are supported
2023-10-20 11:41:49,588 [INFO] ApiDb:668 - CubeFinder database Data Model version=2.1
2023-10-20 11:41:49,588 [INFO] ApiDb:669 - CubeFinder database Configuration version=3.0.37
2023-10-20 11:41:49,589 [INFO] ApiDb:670 - CubeFinder database generation date=2023-08-09 (1691586011)
2023-10-20 11:41:49,589 [INFO] ApiDb:671 - CubeFinder database FW Pack versions=[FP-ATR-ASTRA1_V2.0.0, FP-SNS-FLIGHT1_V5.0.1, FP-SNS-FLIGHT1_V5.0.2, FP-SNS-MOTENV1_V4.3.1, FP-SNS-MOTENV1_V4.3.2, STM32Cube_FW_C0_V1.1.0, STM32Cube_FW_F4_V1.27.1, STM32Cube_FW_F7_V1.17.0, STM32Cube_FW_G0_V1.6.1, STM32Cube_FW_G4_V1.5.1, STM32Cube_FW_H5_V0.5.1, STM32Cube_FW_H5_V1.1.0, STM32Cube_FW_H7_V1.11.0, STM32Cube_FW_L0_V1.12.2, STM32Cube_FW_L5_V1.5.0, STM32Cube_FW_U5_V1.3.0, STM32Cube_FW_U5_V1.3.0RC4, STM32Cube_FW_WBA_V1.0.0RC1, STM32Cube_FW_WBA_V1.1.0, STM32Cube_FW_WBA_V1.1.0RC1, STM32Cube_FW_WB_V1.15.0RC1, STM32Cube_FW_WB_V1.16.0, STM32Cube_FW_WB_V1.16.0RC2, STM32Cube_FW_WB_V1.17.0, STM32Cube_FW_WL_V1.3.0, X-CUBE-ALGOBUILD_V1.3.0, X-CUBE-ALS_V1.0.1, X-CUBE-AZRTOS-F4_V1.1.0, X-CUBE-AZRTOS-F7_V1.1.0, X-CUBE-AZRTOS-G0_V1.1.0, X-CUBE-AZRTOS-G4_V2.0.0, X-CUBE-AZRTOS-H7_V3.1.0, X-CUBE-AZRTOS-L4_V1.0.0, X-CUBE-AZRTOS-L4_V2.0.0, X-CUBE-AZRTOS-L5_V1.1.0, X-CUBE-AZRTOS-WB_V1.1.0, X-CUBE-AZRTOS-WL_V2.0.0, X-CUBE-BLE1_V7.0.0, X-CUBE-BLE2_V3.3.0, X-CUBE-BLEMGR_V2.0.0, X-CUBE-EEPRMA1_V4.1.0, X-CUBE-FREERTOS_V1.1.0, X-CUBE-GNSS1_V6.0.0, X-CUBE-MEMS1_V9.1.0, X-CUBE-MEMS1_V9.4.0, X-CUBE-MEMS1_V9.6.0, X-CUBE-NFC4_V3.0.0, X-CUBE-NFC7_V1.0.0, X-CUBE-SFXS2LP1_V4.0.0, X-CUBE-SUBG2_V5.0.0, X-CUBE-TOF1_V3.3.1]
2023-10-20 11:41:50,618 [INFO] ApiDb:240 - Found 323 in-development CPN: [B-G473E-ZEST1S, B-WB1M-WPAN1, B-WL5M-SUBG1, NUCLEO-C031C6, NUCLEO-H503RB, NUCLEO-H563ZI, NUCLEO-U545RE-Q, NUCLEO-U5A5ZJ-Q, NUCLEO-WBA52CG, STEVAL-PROTEUS1, STEVAL-SMARTAG2, STEVAL-STWINBX1, STM320518-EVAL, STM32C0116-DK, STM32C011D6Y3TR, STM32C011D6Y6TR, STM32C011F4P3, STM32C011F4P6, STM32C011F4U3, STM32C011F4U6TR, STM32C011F6P3, STM32C011F6P6, STM32C011F6U3, STM32C011F6U6TR, STM32C011J4M3, STM32C011J4M6, STM32C011J6M3, STM32C011J6M6, STM32C0316-DK, STM32C031C4T3, STM32C031C4T6, STM32C031C4U3, STM32C031C4U6, STM32C031C6T3, STM32C031C6T6, STM32C031C6U3, STM32C031C6U6, STM32C031F4P3, STM32C031F4P6, STM32C031F6P3, STM32C031F6P6, STM32C031G4U3, STM32C031G4U6, STM32C031G6U3, STM32C031G6U6, STM32C031K4T3, STM32C031K4T6, STM32C031K4U3, STM32C031K4U6, STM32C031K6T3, STM32C031K6T6, STM32C031K6U3, STM32C031K6U6, STM32G071K8TXN, STM32G071K8UXN, STM32G081GBU6N, STM32G081KBT6N, STM32G081KBUXN, STM32G0B1CCT6N, STM32G0B1KCT6, STM32G0B1NEY6TR, STM32G0B1RCT6N, STM32G0C1CCT6, STM32G0C1CCT6N, STM32G0C1CCU6N, STM32G0C1CET6N, STM32G0C1CEU6N, STM32G0C1KCT6, STM32G0C1NEY6TR, STM32G0C1RCI6N, STM32G0C1RCT6N, STM32G0C1REI6N, STM32G0C1RET6N, STM32G0C1VCI6, STM32G0C1VEI6, STM32G471CCT6, STM32G471CCU6, STM32G471CET3, STM32G471CET6, STM32G471CEU3, STM32G471CEU6, STM32G471MCT6, STM32G471MET3, STM32G471MET6, STM32G471MEY6TR, STM32G471QCT6, STM32G471QET3, STM32G471RCT6, STM32G471RET3, STM32G471RET6, STM32G471VCH6, STM32G471VCI6, STM32G471VCT6, STM32G471VEH3, STM32G471VEH6, STM32G471VEI3, STM32G471VEI6, STM32G471VET3, STM32G471VET6, STM32G474CCT6, STM32H503CBT6, STM32H503CBU6, STM32H503EBY6TR, STM32H503KBU6, STM32H503RBT6, STM32H562AGI6, STM32H562AII6, STM32H562IGK6, STM32H562IGT6, STM32H562IIK6, STM32H562IIT6, STM32H562RGT6, STM32H562RGV6, STM32H562RIT6, STM32H562RIV6, STM32H562VGT6, STM32H562VIT6, STM32H562ZGT6, STM32H562ZIT6, STM32H563AGI6, STM32H563AII3Q, STM32H563AII6, STM32H563IGK6, STM32H563IGT6, STM32H563IIK3Q, STM32H563IIK6, STM32H563IIT3Q, STM32H563IIT6, STM32H563MIY3QTR, STM32H563RGT6, STM32H563RGV6, STM32H563RIT6, STM32H563RIV6, STM32H563VGT6, STM32H563VIT3Q, STM32H563VIT6, STM32H563ZGT6, STM32H563ZIT3Q, STM32H563ZIT6, STM32H573AII3Q, STM32H573AII6, STM32H573I-DK, STM32H573IIK3Q, STM32H573IIK6, STM32H573IIT3Q, STM32H573IIT6, STM32H573MIY3QTR, STM32H573RIT6, STM32H573RIV6, STM32H573VIT3Q, STM32H573VIT6, STM32H573ZIT3Q, STM32H573ZIT6, STM32L4R5QGI6STR, STM32MP131AAE3, STM32MP131AAF3, STM32MP131AAG3, STM32MP131CAE3, STM32MP131CAF3, STM32MP131CAG3, STM32MP131DAE7, STM32MP131DAF7, STM32MP131DAG7, STM32MP131FAE7, STM32MP131FAF7, STM32MP131FAG7, STM32MP133AAE3, STM32MP133AAF3, STM32MP133AAG3, STM32MP133CAE3, STM32MP133CAF3, STM32MP133CAG3, STM32MP133DAE7, STM32MP133DAF7, STM32MP133DAG7, STM32MP133FAE7, STM32MP133FAF7, STM32MP133FAG7, STM32MP135AAE3, STM32MP135AAF3, STM32MP135AAG3, STM32MP135CAE3, STM32MP135CAF3, STM32MP135CAG3, STM32MP135DAE7, STM32MP135DAF7, STM32MP135DAG7, STM32MP135F-DK, STM32MP135FAE7, STM32MP135FAF7, STM32MP135FAF7T, STM32MP135FAF7U, STM32MP135FAG7, STM32U535CBT6, STM32U535CBT6Q, STM32U535CBU6, STM32U535CBU6Q, STM32U535CCT6, STM32U535CCT6Q, STM32U535CCU6, STM32U535CCU6Q, STM32U535CET6, STM32U535CET6Q, STM32U535CEU6, STM32U535CEU6Q, STM32U535JEY6QTR, STM32U535NCY6QTR, STM32U535NEY6QTR, STM32U535RBI6, STM32U535RBI6Q, STM32U535RBT6, STM32U535RBT6Q, STM32U535RCI6, STM32U535RCI6Q, STM32U535RCT6, STM32U535RCT6Q, STM32U535REI6, STM32U535REI6Q, STM32U535RET6, STM32U535RET6Q, STM32U535VCI6, STM32U535VCI6Q, STM32U535VCT6, STM32U535VCT6Q, STM32U535VEI6, STM32U535VEI6Q, STM32U535VET6, STM32U535VET6Q, STM32U545CET6, STM32U545CET6Q, STM32U545CEU6, STM32U545CEU6Q, STM32U545JEY6QTR, STM32U545NEY6QTR, STM32U545REI6, STM32U545REI6Q, STM32U545RET6, STM32U545RET6Q, STM32U545VEI6, STM32U545VEI6Q, STM32U545VET6, STM32U545VET6Q, STM32U595AIH6, STM32U595AIH6Q, STM32U595AJH6, STM32U595AJH6Q, STM32U595QII6, STM32U595QII6Q, STM32U595QJI6, STM32U595QJI6Q, STM32U595RIT6, STM32U595RIT6Q, STM32U595RJT6, STM32U595RJT6Q, STM32U595VIT6, STM32U595VIT6Q, STM32U595VJT6, STM32U595VJT6Q, STM32U595ZIT6, STM32U595ZIT6Q, STM32U595ZIY6QTR, STM32U595ZJT6, STM32U595ZJT6Q, STM32U595ZJY6QTR, STM32U599BJY6QTR, STM32U599NIH6Q, STM32U599NJH6Q, STM32U599VIT6Q, STM32U599VJT6, STM32U599VJT6Q, STM32U599ZIT6Q, STM32U599ZIY6QTR, STM32U599ZJT6Q, STM32U599ZJY6QTR, STM32U5A5AJH6, STM32U5A5AJH6Q, STM32U5A5QJI6, STM32U5A5QJI6Q, STM32U5A5RJT6, STM32U5A5RJT6Q, STM32U5A5VJT6, STM32U5A5VJT6Q, STM32U5A5ZJT6, STM32U5A5ZJT6Q, STM32U5A5ZJY6QTR, STM32U5A9BJY6QTR, STM32U5A9J-DK, STM32U5A9NJH6Q, STM32U5A9VJT6Q, STM32U5A9ZJT6Q, STM32U5A9ZJY6QTR, STM32U5F7VIT6, STM32U5F7VIT6Q, STM32U5F7VJT6, STM32U5F7VJT6Q, STM32U5F9BJY6QTR, STM32U5F9NJH6Q, STM32U5F9VIT6Q, STM32U5F9VJT6Q, STM32U5F9ZIJ6QTR, STM32U5F9ZIT6Q, STM32U5F9ZJJ6QTR, STM32U5F9ZJT6Q, STM32U5G7VJT6, STM32U5G7VJT6Q, STM32U5G9BJY6QTR, STM32U5G9J-DK1, STM32U5G9J-DK2, STM32U5G9NJH6Q, STM32U5G9VJT6Q, STM32U5G9ZJJ6QTR, STM32U5G9ZJT6Q, STM32WB1MMCH6, STM32WBA52CEU6, STM32WBA52CEU6T, STM32WBA52CGU6, STM32WBA52CGU6T, STM32WBA52KEU6, STM32WBA52KEU6T, STM32WBA52KGU6, STM32WBA52KGU6T, STM32WL5MOCH6, STM32WL5MOCH6TR]
2023-10-20 11:41:50,636 [INFO] DbMcus:217 - Found 3848 MCUs, 3848 are supported
2023-10-20 11:41:50,639 [INFO] ApiDb:423 - Load user favorites file /Users/brandonrobb/.stm32cubeide/favorites.mcus.txt: 0 item(s)
2023-10-20 11:41:50,639 [INFO] ApiDb:427 - User favorites MCUs=[]
2023-10-20 11:41:50,639 [INFO] DbMcus:223 - Set 0 / 0 favorites MCUs
2023-10-20 11:41:50,798 [INFO] ApiDb:423 - Load user favorites file /Users/brandonrobb/.stm32cubeide/favorites.boards.txt: 0 item(s)
2023-10-20 11:41:50,798 [INFO] ApiDb:427 - User favorites Boards=[]
2023-10-20 11:41:50,799 [INFO] DbBoards:190 - Set 0 / 0 favorites Boards
2023-10-20 11:41:50,800 [INFO] McuFinderGlobals:76 - Set McuFinderConnectedMode to true
2023-10-20 11:41:50,817 [INFO] MultiScanPanel:200 - Auto-refresh data requested => check proxy status ongoing
2023-10-20 11:41:50,819 [INFO] FinderPluginLoader:95 - Searching for filters in installed packs
2023-10-20 11:41:52,164 [INFO] LoadUrlFilesThread:185 - End of LoadServerUrlFiles without Thread
2023-10-20 11:41:52,193 [INFO] DetailPanel:341 - Set advertising image to /Users/brandonrobb/STM32Cube/Repository//en.prom-stm32h5-mcu-finder.jpg
2023-10-20 11:41:56,638 [INFO] MultiScanPanel:200 - Auto-refresh data requested => check proxy status ongoing
2023-10-20 11:41:56,849 [INFO] LoadUrlFilesThread:185 - End of LoadServerUrlFiles without Thread
2023-10-20 11:41:56,850 [INFO] DetailPanel:341 - Set advertising image to /Users/brandonrobb/STM32Cube/Repository//en.prom-stm32h5-mcu-finder.jpg
2023-10-20 11:41:56,874 [INFO] DbBoards:634 - Loading board mini-images...
2023-10-20 11:41:58,364 [ERROR] DbBoards:651 - Image file not found for board STM32U5G9J-DK1: /Users/brandonrobb/.stmcufinder/plugins/mcufinder//mcu//boards_images/STM32U5G9J-DK1.jpg
2023-10-20 11:41:58,367 [ERROR] DbBoards:651 - Image file not found for board STM32U5G9J-DK2: /Users/brandonrobb/.stmcufinder/plugins/mcufinder//mcu//boards_images/STM32U5G9J-DK2.jpg
2023-10-20 11:41:58,379 [INFO] DbBoards:657 - Loaded 188 board mini-images
2023-10-20 11:42:42,792 [INFO] McuFinderGlobals:76 - Set McuFinderConnectedMode to true
2023-10-20 11:42:42,807 [INFO] ApiDb:448 - Save user favorites file /Users/brandonrobb/.stm32cubeide/favorites.mcus.txt: 0 item(s)
2023-10-20 11:42:42,807 [INFO] ApiDb:452 - User favorites MCUs=[]
2023-10-20 11:42:42,813 [INFO] ApiDb:448 - Save user favorites file /Users/brandonrobb/.stm32cubeide/favorites.boards.txt: 0 item(s)
2023-10-20 11:42:42,813 [INFO] ApiDb:452 - User favorites Boards=[]
2023-10-20 11:52:43,793 [INFO] MainUpdater:2868 - connection check result : 10
2023-10-20 11:52:44,382 [INFO] McuFinderGlobals:76 - Set McuFinderConnectedMode to true
2023-10-20 11:52:44,394 [INFO] MultiScanPanel:200 - Auto-refresh data requested => check proxy status ongoing
2023-10-20 11:52:44,396 [INFO] FinderPluginLoader:95 - Searching for filters in installed packs
2023-10-20 11:52:44,965 [INFO] LoadUrlFilesThread:185 - End of LoadServerUrlFiles without Thread
2023-10-20 11:52:44,966 [INFO] DetailPanel:341 - Set advertising image to /Users/brandonrobb/STM32Cube/Repository//en.prom-stm32h5-mcu-finder.jpg
2023-10-20 11:52:49,255 [INFO] MultiScanPanel:200 - Auto-refresh data requested => check proxy status ongoing
2023-10-20 11:52:49,359 [INFO] LoadUrlFilesThread:185 - End of LoadServerUrlFiles without Thread
2023-10-20 11:52:49,359 [INFO] DetailPanel:341 - Set advertising image to /Users/brandonrobb/STM32Cube/Repository//en.prom-stm32h5-mcu-finder.jpg
2023-10-20 11:53:19,920 [INFO] McuFinderGlobals:76 - Set McuFinderConnectedMode to true
2023-10-20 11:53:19,936 [INFO] ApiDb:448 - Save user favorites file /Users/brandonrobb/.stm32cubeide/favorites.mcus.txt: 0 item(s)
2023-10-20 11:53:19,936 [INFO] ApiDb:452 - User favorites MCUs=[]
2023-10-20 11:53:19,946 [INFO] ApiDb:448 - Save user favorites file /Users/brandonrobb/.stm32cubeide/favorites.boards.txt: 0 item(s)
2023-10-20 11:53:19,946 [INFO] ApiDb:452 - User favorites Boards=[]
2023-10-20 18:41:52,256 [ERROR] LogOutputStream:75 - [STDERR_REDIRECT] 
2023-10-20 18:42:10,761 [INFO] Activator:176 - 


2023-10-20 18:42:10,763 [INFO] Activator:177 - !SESSION log4j initialized
2023-10-20 18:42:14,846 [ERROR] LogOutputStream:75 - [STDERR_REDIRECT] 
2023-10-20 18:42:15,350 [INFO] LogOutputStream:77 - [STDOUT_REDIRECT] 
2023-10-20 18:42:16,949 [INFO] LogOutputStream:77 - [STDOUT_REDIRECT] 
2023-10-20 18:42:18,029 [ERROR] LogOutputStream:75 - [STDERR_REDIRECT] java.net.URISyntaxException: Illegal character in path at index 55: file:/Users/brandonrobb/Documents/CPSC-3300/Programming Assignmentds/.metadata/.log4j2.xml
2023-10-20 18:42:18,029 [ERROR] LogOutputStream:75 - [STDERR_REDIRECT] 	at java.base/java.net.URI$Parser.fail(URI.java:2974)
2023-10-20 18:42:18,030 [ERROR] LogOutputStream:75 - [STDERR_REDIRECT] 	at java.base/java.net.URI$Parser.checkChars(URI.java:3145)
2023-10-20 18:42:18,030 [ERROR] LogOutputStream:75 - [STDERR_REDIRECT] 	at java.base/java.net.URI$Parser.parseHierarchical(URI.java:3227)
2023-10-20 18:42:18,030 [ERROR] LogOutputStream:75 - [STDERR_REDIRECT] 	at java.base/java.net.URI$Parser.parse(URI.java:3175)
2023-10-20 18:42:18,031 [ERROR] LogOutputStream:75 - [STDERR_REDIRECT] 	at java.base/java.net.URI.<init>(URI.java:623)
2023-10-20 18:42:18,032 [ERROR] LogOutputStream:75 - [STDERR_REDIRECT] 	at java.base/java.net.URL.toURI(URL.java:1056)
2023-10-20 18:42:18,032 [ERROR] LogOutputStream:75 - [STDERR_REDIRECT] 	at com.st.stm32cube.common.mx.core.CubeMxInstance.getInstance(CubeMxInstance.java:81)
2023-10-20 18:42:18,032 [ERROR] LogOutputStream:75 - [STDERR_REDIRECT] 	at com.st.stm32cube.common.mx.userauth.UserAuthAdapter.<init>(UserAuthAdapter.java:18)
2023-10-20 18:42:18,033 [ERROR] LogOutputStream:75 - [STDERR_REDIRECT] 	at com.st.stm32cube.common.mx.userauth.UserAuthProvider.getUserAuthAdapter(UserAuthProvider.java:9)
2023-10-20 18:42:18,033 [ERROR] LogOutputStream:75 - [STDERR_REDIRECT] 	at com.st.stm32cube.common.ecosystemintegration.ui.core.MCUEcoSystemIntegrationUiHelper.getUserAuth(MCUEcoSystemIntegrationUiHelper.java:100)
2023-10-20 18:42:18,033 [ERROR] LogOutputStream:75 - [STDERR_REDIRECT] 	at com.st.stm32cube.ide.mcu.userauth.UserAuthStartup.earlyStartup(UserAuthStartup.java:41)
2023-10-20 18:42:18,034 [ERROR] LogOutputStream:75 - [STDERR_REDIRECT] 	at org.eclipse.ui.internal.EarlyStartupRunnable.runEarlyStartup(EarlyStartupRunnable.java:79)
2023-10-20 18:42:18,034 [ERROR] LogOutputStream:75 - [STDERR_REDIRECT] 	at org.eclipse.ui.internal.EarlyStartupRunnable.run(EarlyStartupRunnable.java:55)
2023-10-20 18:42:18,034 [ERROR] LogOutputStream:75 - [STDERR_REDIRECT] 	at org.eclipse.core.runtime.SafeRunner.run(SafeRunner.java:45)
2023-10-20 18:42:18,034 [ERROR] LogOutputStream:75 - [STDERR_REDIRECT] 	at org.eclipse.ui.internal.Workbench$39.run(Workbench.java:2656)
2023-10-20 18:42:18,034 [ERROR] LogOutputStream:75 - [STDERR_REDIRECT] 	at org.eclipse.core.internal.jobs.Worker.run(Worker.java:63)
2023-10-20 18:42:18,113 [INFO] ApplicationProperties:184 - Using Application install path: /Applications/STM32CubeIDE.app/Contents/Eclipse/plugins/com.st.stm32cube.common.mx_6.9.2.202309101412
2023-10-20 18:42:18,123 [INFO] DbMcusXml:78 - Set database path to: /Applications/STM32CubeIDE.app/Contents/Eclipse/plugins/com.st.stm32cube.common.mx_6.9.2.202309101412//db//mcu/
2023-10-20 18:42:18,123 [INFO] ApiDb:274 - Set plugin database path to: /Applications/STM32CubeIDE.app/Contents/Eclipse/plugins/com.st.stm32cube.common.mx_6.9.2.202309101412//db//plugins/boardmanager/
2023-10-20 18:42:18,124 [WARN] ApiDb:259 - Overriding images path with different value:  => /Applications/STM32CubeIDE.app/Contents/Eclipse/plugins/com.st.stm32cube.common.mx_6.9.2.202309101412//db//plugins/mcufinder/images/
2023-10-20 18:42:18,138 [INFO] ApiDb:250 - Set database path to: /Users/brandonrobb/.stmcufinder/plugins/mcufinder//mcu/
2023-10-20 18:42:18,139 [INFO] DbMcusAds:125 - Set database path to: /Users/brandonrobb/.stmcufinder/plugins/mcufinder//mcu/
2023-10-20 18:42:18,140 [INFO] CrossReferenceDbSqlite:203 - Set database path to: /Users/brandonrobb/.stmcufinder/plugins/mcufinder//mcu/cs/
2023-10-20 18:42:18,239 [INFO] RulesReader:64 - Compatibility file has been processed (293 Rules)
2023-10-20 18:42:18,289 [INFO] DbMcusXml:78 - Set database path to: /Applications/STM32CubeIDE.app/Contents/Eclipse/plugins/com.st.stm32cube.common.mx_6.9.2.202309101412//db//mcu/
2023-10-20 18:42:18,289 [INFO] ApiDb:274 - Set plugin database path to: /Applications/STM32CubeIDE.app/Contents/Eclipse/plugins/com.st.stm32cube.common.mx_6.9.2.202309101412//db//plugins/boardmanager/
2023-10-20 18:42:18,289 [INFO] ApiDb:261 - Set plugin images path to: /Applications/STM32CubeIDE.app/Contents/Eclipse/plugins/com.st.stm32cube.common.mx_6.9.2.202309101412//db//plugins/mcufinder/images/
2023-10-20 18:42:18,289 [WARN] DbFile:41 - Overriding database path with different value: /Users/brandonrobb/.stmcufinder/plugins/mcufinder/ => /Users/brandonrobb/.stmcufinder/plugins/mcufinder
2023-10-20 18:42:18,289 [INFO] ApiDb:250 - Set database path to: /Users/brandonrobb/.stmcufinder/plugins/mcufinder//mcu/
2023-10-20 18:42:18,289 [WARN] DbFile:41 - Overriding database path with different value: /Users/brandonrobb/.stmcufinder/plugins/mcufinder/ => /Users/brandonrobb/.stmcufinder/plugins/mcufinder
2023-10-20 18:42:18,289 [INFO] DbMcusAds:125 - Set database path to: /Users/brandonrobb/.stmcufinder/plugins/mcufinder//mcu/
2023-10-20 18:42:18,289 [WARN] DbFile:41 - Overriding database path with different value: /Users/brandonrobb/.stmcufinder/plugins/mcufinder/ => /Users/brandonrobb/.stmcufinder/plugins/mcufinder
2023-10-20 18:42:18,289 [WARN] DbFile:41 - Overriding database path with different value: /Users/brandonrobb/.stmcufinder/plugins/mcufinder/ => /Users/brandonrobb/.stmcufinder/plugins/mcufinder
2023-10-20 18:42:18,289 [INFO] CrossReferenceDbSqlite:203 - Set database path to: /Users/brandonrobb/.stmcufinder/plugins/mcufinder//mcu/cs/
2023-10-20 18:42:18,354 [INFO] MainPanel:262 - HeapMemory: 268435456
2023-10-20 18:42:18,509 [INFO] DbMcusXml:78 - Set database path to: /Applications/STM32CubeIDE.app/Contents/Eclipse/plugins/com.st.stm32cube.common.mx_6.9.2.202309101412//db//mcu/
2023-10-20 18:42:18,510 [INFO] ApiDb:274 - Set plugin database path to: /Applications/STM32CubeIDE.app/Contents/Eclipse/plugins/com.st.stm32cube.common.mx_6.9.2.202309101412//db//plugins/boardmanager/
2023-10-20 18:42:18,511 [INFO] ApiDb:261 - Set plugin images path to: /Applications/STM32CubeIDE.app/Contents/Eclipse/plugins/com.st.stm32cube.common.mx_6.9.2.202309101412//db//plugins/mcufinder/images/
2023-10-20 18:42:18,512 [WARN] DbFile:41 - Overriding database path with different value: /Users/brandonrobb/.stmcufinder/plugins/mcufinder/ => /Users/brandonrobb/.stmcufinder/plugins/mcufinder
2023-10-20 18:42:18,512 [INFO] ApiDb:250 - Set database path to: /Users/brandonrobb/.stmcufinder/plugins/mcufinder//mcu/
2023-10-20 18:42:18,512 [WARN] DbFile:41 - Overriding database path with different value: /Users/brandonrobb/.stmcufinder/plugins/mcufinder/ => /Users/brandonrobb/.stmcufinder/plugins/mcufinder
2023-10-20 18:42:18,512 [INFO] DbMcusAds:125 - Set database path to: /Users/brandonrobb/.stmcufinder/plugins/mcufinder//mcu/
2023-10-20 18:42:18,512 [WARN] DbFile:41 - Overriding database path with different value: /Users/brandonrobb/.stmcufinder/plugins/mcufinder/ => /Users/brandonrobb/.stmcufinder/plugins/mcufinder
2023-10-20 18:42:18,512 [WARN] DbFile:41 - Overriding database path with different value: /Users/brandonrobb/.stmcufinder/plugins/mcufinder/ => /Users/brandonrobb/.stmcufinder/plugins/mcufinder
2023-10-20 18:42:18,512 [INFO] CrossReferenceDbSqlite:203 - Set database path to: /Users/brandonrobb/.stmcufinder/plugins/mcufinder//mcu/cs/
2023-10-20 18:42:18,532 [INFO] ApplicationProperties:184 - Using Application install path: /Applications/STM32CubeIDE.app/Contents/Eclipse/plugins/com.st.stm32cube.common.mx_6.9.2.202309101412
2023-10-20 18:42:18,532 [INFO] PluginManage:196 - Search for loadable plugins [exclusion list=, ]
2023-10-20 18:42:18,534 [INFO] PluginManage:310 - Check plugin analytics
2023-10-20 18:42:18,699 [INFO] AnalyticsPlugin:253 - Accepted Software Licenses: 
2023-10-20 18:42:18,699 [INFO] AnalyticsPlugin:255 - Accepted CMSIS Pack Licenses: 
2023-10-20 18:42:18,699 [INFO] AnalyticsPlugin:257 - Accepted Firmware Licenses: 
2023-10-20 18:42:18,707 [INFO] PluginManage:359 - Loaded plugin analytics (category:tool,tabindex:-1)
2023-10-20 18:42:18,708 [INFO] PluginManage:310 - Check plugin cadmodel
2023-10-20 18:42:18,933 [INFO] CADModel:105 - Init CAD model plugin
2023-10-20 18:42:18,933 [INFO] PluginManage:359 - Loaded plugin cadmodel (category:power,tabindex:5)
2023-10-20 18:42:18,934 [INFO] PluginManage:310 - Check plugin clock
2023-10-20 18:42:18,949 [INFO] PluginManage:359 - Loaded plugin clock (category:base,tabindex:2)
2023-10-20 18:42:18,949 [INFO] PluginManage:310 - Check plugin ddr
2023-10-20 18:42:18,951 [INFO] PluginManage:359 - Loaded plugin ddr (category:tool,tabindex:6)
2023-10-20 18:42:18,951 [INFO] PluginManage:310 - Check plugin filemanager
2023-10-20 18:42:19,064 [INFO] PluginManage:359 - Loaded plugin filemanager (category:base,tabindex:10)
2023-10-20 18:42:19,064 [INFO] PluginManage:310 - Check plugin ipmanager
2023-10-20 18:42:19,070 [INFO] PluginManage:359 - Loaded plugin ipmanager (category:base,tabindex:5)
2023-10-20 18:42:19,070 [INFO] PluginManage:310 - Check plugin lpbam
2023-10-20 18:42:19,076 [INFO] PluginManage:359 - Loaded plugin lpbam (category:base,tabindex:0)
2023-10-20 18:42:19,076 [INFO] PluginManage:310 - Check plugin memorymap
2023-10-20 18:42:19,085 [INFO] PluginManage:359 - Loaded plugin memorymap (category:base,tabindex:4)
2023-10-20 18:42:19,085 [INFO] PluginManage:310 - Check plugin pinoutandconfiguration
2023-10-20 18:42:19,089 [INFO] PluginManage:359 - Loaded plugin pinoutandconfiguration (category:base,tabindex:1)
2023-10-20 18:42:19,089 [INFO] PluginManage:310 - Check plugin pinoutconfig
2023-10-20 18:42:19,152 [WARN] SupportedApi:132 - Cannot load RTOS API schema: s4s-elt-must-match.1: The content of 'definitions' must match (annotation?, (simpleType | complexType)?, (unique | key | keyref)*)). A problem was found starting at: attribute.
2023-10-20 18:42:19,276 [INFO] PluginManage:359 - Loaded plugin pinoutconfig (category:base,tabindex:0)
2023-10-20 18:42:19,276 [INFO] PluginManage:310 - Check plugin power
2023-10-20 18:42:19,284 [INFO] PluginManage:359 - Loaded plugin power (category:power,tabindex:4)
2023-10-20 18:42:19,284 [INFO] PluginManage:310 - Check plugin projectmanager
2023-10-20 18:42:19,303 [INFO] PluginManage:359 - Loaded plugin projectmanager (category:projectmanager,tabindex:3)
2023-10-20 18:42:19,303 [INFO] PluginManage:310 - Check plugin thirdparty
2023-10-20 18:42:19,424 [INFO] PluginManage:359 - Loaded plugin thirdparty (category:base,tabindex:-1)
2023-10-20 18:42:19,424 [INFO] PluginManage:310 - Check plugin tools
2023-10-20 18:42:19,424 [WARN] IntegrityCheckThread:84 - waiting for thirdparty lock release [integrity check]
2023-10-20 18:42:19,424 [INFO] IntegrityCheckThread:86 - entering critical section [integrity check]
2023-10-20 18:42:19,426 [INFO] ThirdPartyUpdaterWithRetryManager:70 - Updater plugin not ready yet. [1/15]
2023-10-20 18:42:19,427 [INFO] PluginManage:359 - Loaded plugin tools (category:base,tabindex:7)
2023-10-20 18:42:19,427 [INFO] PluginManage:310 - Check plugin tutovideos
2023-10-20 18:42:19,560 [INFO] PluginManage:359 - Loaded plugin tutovideos (category:base,tabindex:-1)
2023-10-20 18:42:19,561 [INFO] PluginManage:310 - Check plugin updater
2023-10-20 18:42:19,571 [INFO] PluginManage:359 - Loaded plugin updater (category:base,tabindex:12)
2023-10-20 18:42:19,572 [INFO] PluginManage:310 - Check plugin userauth
2023-10-20 18:42:19,575 [INFO] UserAuth:113 - Init User Auth plugin
2023-10-20 18:42:19,575 [INFO] PluginManage:359 - Loaded plugin userauth (category:base,tabindex:14)
2023-10-20 18:42:19,577 [INFO] PluginManage:283 - PluginManage : Loaded plugins [17]
2023-10-20 18:42:19,783 [INFO] PinOutPanel:1499 - setPackage(No Configuration,No Configuration)
2023-10-20 18:42:19,875 [INFO] CADModel:165 - CPN selected for project level
2023-10-20 18:42:19,875 [INFO] CADModel:114 - Register for checkConnection events
2023-10-20 18:42:19,886 [INFO] IPUIPlugin:80 - create IPUIPlugin
2023-10-20 18:42:19,886 [INFO] PluginManager:220 - loadIPPluginJar : add mdma
2023-10-20 18:42:19,890 [INFO] IPUIPlugin:80 - create IPUIPlugin
2023-10-20 18:42:19,890 [INFO] PluginManager:220 - loadIPPluginJar : add freertos
2023-10-20 18:42:19,893 [INFO] IPUIPlugin:80 - create IPUIPlugin
2023-10-20 18:42:19,894 [INFO] PluginManager:220 - loadIPPluginJar : add gic
2023-10-20 18:42:19,898 [INFO] IPUIPlugin:80 - create IPUIPlugin
2023-10-20 18:42:19,898 [INFO] PluginManager:220 - loadIPPluginJar : add adc
2023-10-20 18:42:19,900 [INFO] IPUIPlugin:80 - create IPUIPlugin
2023-10-20 18:42:19,900 [INFO] PluginManager:220 - loadIPPluginJar : add gtzc
2023-10-20 18:42:19,901 [INFO] IPUIPlugin:80 - create IPUIPlugin
2023-10-20 18:42:19,901 [INFO] PluginManager:220 - loadIPPluginJar : add quadspi
2023-10-20 18:42:19,902 [INFO] IPUIPlugin:80 - create IPUIPlugin
2023-10-20 18:42:19,902 [INFO] PluginManager:220 - loadIPPluginJar : add aes
2023-10-20 18:42:19,904 [INFO] IPUIPlugin:80 - create IPUIPlugin
2023-10-20 18:42:19,904 [INFO] PluginManager:220 - loadIPPluginJar : add pdm2pcm
2023-10-20 18:42:19,905 [INFO] IPUIPlugin:80 - create IPUIPlugin
2023-10-20 18:42:19,905 [INFO] PluginManager:220 - loadIPPluginJar : add hash
2023-10-20 18:42:19,906 [INFO] IPUIPlugin:80 - create IPUIPlugin
2023-10-20 18:42:19,906 [INFO] PluginManager:220 - loadIPPluginJar : add tim
2023-10-20 18:42:19,907 [INFO] IPUIPlugin:80 - create IPUIPlugin
2023-10-20 18:42:19,907 [INFO] PluginManager:220 - loadIPPluginJar : add tsc
2023-10-20 18:42:19,907 [INFO] IPUIPlugin:80 - create IPUIPlugin
2023-10-20 18:42:19,907 [INFO] PluginManager:220 - loadIPPluginJar : add ts
2023-10-20 18:42:19,908 [INFO] IPUIPlugin:80 - create IPUIPlugin
2023-10-20 18:42:19,908 [INFO] PluginManager:220 - loadIPPluginJar : add can
2023-10-20 18:42:19,909 [INFO] IPUIPlugin:80 - create IPUIPlugin
2023-10-20 18:42:19,910 [INFO] PluginManager:220 - loadIPPluginJar : add dma3
2023-10-20 18:42:19,911 [INFO] IPUIPlugin:80 - create IPUIPlugin
2023-10-20 18:42:19,911 [INFO] PluginManager:220 - loadIPPluginJar : add dfsdm
2023-10-20 18:42:19,912 [INFO] IPUIPlugin:80 - create IPUIPlugin
2023-10-20 18:42:19,912 [INFO] PluginManager:220 - loadIPPluginJar : add spi
2023-10-20 18:42:19,913 [INFO] IPUIPlugin:80 - create IPUIPlugin
2023-10-20 18:42:19,914 [INFO] PluginManager:220 - loadIPPluginJar : add gfxmmu
2023-10-20 18:42:19,914 [INFO] IPUIPlugin:80 - create IPUIPlugin
2023-10-20 18:42:19,914 [INFO] PluginManager:220 - loadIPPluginJar : add genericplugin
2023-10-20 18:42:19,915 [INFO] IPUIPlugin:80 - create IPUIPlugin
2023-10-20 18:42:19,915 [INFO] PluginManager:220 - loadIPPluginJar : add cryp
2023-10-20 18:42:19,917 [INFO] IPUIPlugin:80 - create IPUIPlugin
2023-10-20 18:42:19,917 [INFO] PluginManager:220 - loadIPPluginJar : add gpio
2023-10-20 18:42:19,918 [INFO] IPUIPlugin:80 - create IPUIPlugin
2023-10-20 18:42:19,918 [INFO] PluginManager:220 - loadIPPluginJar : add comp
2023-10-20 18:42:19,918 [INFO] IPUIPlugin:80 - create IPUIPlugin
2023-10-20 18:42:19,918 [INFO] PluginManager:220 - loadIPPluginJar : add tracer_emb
2023-10-20 18:42:19,920 [INFO] IPUIPlugin:80 - create IPUIPlugin
2023-10-20 18:42:19,921 [INFO] PluginManager:220 - loadIPPluginJar : add openamp
2023-10-20 18:42:19,923 [INFO] IPUIPlugin:80 - create IPUIPlugin
2023-10-20 18:42:19,923 [INFO] PluginManager:220 - loadIPPluginJar : add stm32_wpan
2023-10-20 18:42:19,926 [INFO] IPUIPlugin:80 - create IPUIPlugin
2023-10-20 18:42:19,928 [INFO] PluginManager:220 - loadIPPluginJar : add plateformsettings
2023-10-20 18:42:19,930 [INFO] IPUIPlugin:80 - create IPUIPlugin
2023-10-20 18:42:19,930 [INFO] PluginManager:220 - loadIPPluginJar : add ipddr
2023-10-20 18:42:19,931 [INFO] IPUIPlugin:80 - create IPUIPlugin
2023-10-20 18:42:19,931 [INFO] PluginManager:220 - loadIPPluginJar : add usart
2023-10-20 18:42:19,932 [INFO] IPUIPlugin:80 - create IPUIPlugin
2023-10-20 18:42:19,932 [INFO] PluginManager:220 - loadIPPluginJar : add ltdc
2023-10-20 18:42:19,933 [INFO] IPUIPlugin:80 - create IPUIPlugin
2023-10-20 18:42:19,933 [INFO] PluginManager:220 - loadIPPluginJar : add nvic
2023-10-20 18:42:19,934 [INFO] IPUIPlugin:80 - create IPUIPlugin
2023-10-20 18:42:19,934 [INFO] PluginManager:220 - loadIPPluginJar : add fatfs
2023-10-20 18:42:19,937 [INFO] IPUIPlugin:80 - create IPUIPlugin
2023-10-20 18:42:19,937 [INFO] PluginManager:220 - loadIPPluginJar : add linkedlist
2023-10-20 18:42:19,940 [INFO] IPUIPlugin:80 - create IPUIPlugin
2023-10-20 18:42:19,941 [INFO] PluginManager:220 - loadIPPluginJar : add dma
2023-10-20 18:42:19,942 [INFO] IPUIPlugin:80 - create IPUIPlugin
2023-10-20 18:42:19,942 [INFO] PluginManager:220 - loadIPPluginJar : add fmc
2023-10-20 18:42:19,943 [INFO] IPUIPlugin:80 - create IPUIPlugin
2023-10-20 18:42:19,943 [INFO] PluginManager:220 - loadIPPluginJar : add i2s
2023-10-20 18:42:19,944 [INFO] IPUIPlugin:80 - create IPUIPlugin
2023-10-20 18:42:19,944 [INFO] PluginManager:220 - loadIPPluginJar : add ucpd
2023-10-20 18:42:19,945 [INFO] IPUIPlugin:80 - create IPUIPlugin
2023-10-20 18:42:19,945 [INFO] PluginManager:220 - loadIPPluginJar : add lorawan
2023-10-20 18:42:19,946 [INFO] IPUIPlugin:80 - create IPUIPlugin
2023-10-20 18:42:19,946 [INFO] PluginManager:220 - loadIPPluginJar : add opamp
2023-10-20 18:42:19,947 [INFO] IPUIPlugin:80 - create IPUIPlugin
2023-10-20 18:42:19,947 [INFO] PluginManager:220 - loadIPPluginJar : add i3c
2023-10-20 18:42:19,948 [INFO] IPUIPlugin:80 - create IPUIPlugin
2023-10-20 18:42:19,948 [INFO] PluginManager:220 - loadIPPluginJar : add touchsensing
2023-10-20 18:42:19,950 [INFO] IPUIPlugin:80 - create IPUIPlugin
2023-10-20 18:42:19,950 [INFO] PluginManager:220 - loadIPPluginJar : add i2c
2023-10-20 18:42:19,952 [INFO] IPUIPlugin:80 - create IPUIPlugin
2023-10-20 18:42:19,952 [INFO] PluginManager:220 - loadIPPluginJar : add resmgrutility
2023-10-20 18:42:19,953 [INFO] IPUIPlugin:80 - create IPUIPlugin
2023-10-20 18:42:19,953 [INFO] PluginManager:220 - loadIPPluginJar : add sai
2023-10-20 18:42:19,954 [INFO] IPUIPlugin:80 - create IPUIPlugin
2023-10-20 18:42:19,954 [INFO] PluginManager:220 - loadIPPluginJar : add usbx
2023-10-20 18:42:20,109 [INFO] CADModel:165 - CPN selected for project level
2023-10-20 18:42:20,111 [INFO] CADModel:114 - Register for checkConnection events
2023-10-20 18:42:20,112 [FATAL] Updater:308 - Updater called before beeing initialized
2023-10-20 18:42:20,112 [ERROR] CADModel:125 - Updater not yet initialized, retry later 
2023-10-20 18:42:20,321 [INFO] CADModel:165 - CPN selected for project level
2023-10-20 18:42:20,321 [INFO] CADModel:114 - Register for checkConnection events
2023-10-20 18:42:20,321 [FATAL] Updater:308 - Updater called before beeing initialized
2023-10-20 18:42:20,322 [ERROR] CADModel:125 - Updater not yet initialized, retry later 
2023-10-20 18:42:20,324 [FATAL] Updater:308 - Updater called before beeing initialized
2023-10-20 18:42:20,444 [FATAL] Updater:308 - Updater called before beeing initialized
2023-10-20 18:42:20,453 [INFO] DbMcusAds:53 - JSON generation date=Tue Mar 07 02:50:55 CST 2023 (1678179055114)
2023-10-20 18:42:20,454 [FATAL] Updater:308 - Updater called before beeing initialized
2023-10-20 18:42:20,513 [WARN] DetailPanel:346 - Failed to get advertising image, set to default
2023-10-20 18:42:20,590 [FATAL] Updater:308 - Updater called before beeing initialized
2023-10-20 18:42:20,593 [FATAL] Updater:308 - Updater called before beeing initialized
2023-10-20 18:42:20,593 [FATAL] Updater:308 - Updater called before beeing initialized
2023-10-20 18:42:20,593 [WARN] DetailPanel:346 - Failed to get advertising image, set to default
2023-10-20 18:42:20,596 [FATAL] Updater:308 - Updater called before beeing initialized
2023-10-20 18:42:20,657 [ERROR] Updater:1120 - MainUpdater not yet initialized. External WinMGr cannot be set.
2023-10-20 18:42:20,679 [INFO] Updater:1056 - Updater Version found : 6.9.2
2023-10-20 18:42:20,690 [INFO] ApplicationProperties:184 - Using Application install path: /Applications/STM32CubeIDE.app/Contents/Eclipse/plugins/com.st.stm32cube.common.mx_6.9.2.202309101412
2023-10-20 18:42:20,878 [INFO] MainUpdater:2868 - connection check result : 10
2023-10-20 18:42:20,879 [INFO] MainUpdater:285 - Updater Check For Update Now.
2023-10-20 18:42:20,879 [INFO] MicroXplorer:498 - Change Database Version : DB.6.0.92
2023-10-20 18:42:20,884 [INFO] McuFinderGlobals:63 - Set McuFinder mode to 2 (CubeIDE integrated)
2023-10-20 18:42:20,885 [INFO] UserAuth:179 - activating auth plugin
2023-10-20 18:42:20,890 [INFO] UserAuth:393 - Internet connection configuration mode: 1
2023-10-20 18:42:20,900 [INFO] JxBrowserEngine:151 - Initiate JxBrowser Engine with user profile folder
2023-10-20 18:42:21,102 [INFO] CheckServerUpdateThread:120 - End of CheckServer Thread
2023-10-20 18:42:22,594 [WARN] PackLoader:240 - Cannot read IP mode file for STMicroelectronics.X-CUBE-GNSS1.6.0.0
2023-10-20 18:42:22,621 [WARN] PackLoader:240 - Cannot read IP mode file for STMicroelectronics.FP-SNS-MOTENV1.4.3.2
2023-10-20 18:42:22,659 [WARN] PackLoader:240 - Cannot read IP mode file for STMicroelectronics.X-CUBE-BLEMGR.2.0.0
2023-10-20 18:42:22,677 [WARN] PackLoader:240 - Cannot read IP mode file for STMicroelectronics.FP-SNS-FLIGHT1.5.0.2
2023-10-20 18:42:22,695 [WARN] PackLoader:240 - Cannot read IP mode file for STMicroelectronics.X-CUBE-DISPLAY.3.0.0
2023-10-20 18:42:22,722 [WARN] PackLoader:240 - Cannot read IP mode file for STMicroelectronics.X-CUBE-BLE1.7.0.0
2023-10-20 18:42:22,737 [WARN] PackLoader:240 - Cannot read IP mode file for STMicroelectronics.X-CUBE-NFC7.1.0.1
2023-10-20 18:42:22,763 [WARN] PackLoader:240 - Cannot read IP mode file for STMicroelectronics.X-CUBE-EEPRMA1.4.1.0
2023-10-20 18:42:22,782 [WARN] PackLoader:240 - Cannot read IP mode file for STMicroelectronics.X-CUBE-AI.8.1.0
2023-10-20 18:42:22,792 [WARN] PackLoader:240 - Cannot read IP mode file for STMicroelectronics.X-CUBE-BLE2.3.3.0
2023-10-20 18:42:22,799 [WARN] PackLoader:240 - Cannot read IP mode file for STMicroelectronics.X-CUBE-ISPU.1.1.0
2023-10-20 18:42:22,808 [WARN] PackLoader:240 - Cannot read IP mode file for STMicroelectronics.X-CUBE-NFC4.3.0.0
2023-10-20 18:42:22,817 [WARN] PackLoader:240 - Cannot read IP mode file for STMicroelectronics.FP-ATR-SIGFOX1.3.2.0
2023-10-20 18:42:22,835 [WARN] PackLoader:240 - Cannot read IP mode file for STMicroelectronics.X-CUBE-FREERTOS.1.1.0
2023-10-20 18:42:22,849 [WARN] PackLoader:240 - Cannot read IP mode file for STMicroelectronics.X-CUBE-ALS.1.0.1
2023-10-20 18:42:22,860 [WARN] PackLoader:240 - Cannot read IP mode file for STMicroelectronics.FP-ATR-ASTRA1.2.0.0
2023-10-20 18:42:22,861 [INFO] ThirdParty:978 - Integrity check success = true
2023-10-20 18:42:22,861 [INFO] IntegrityCheckThread:100 - exiting critical section [integrity check]
2023-10-20 18:42:22,861 [INFO] IntegrityCheckThread:103 - End integrity checks thread
2023-10-20 18:42:24,785 [INFO] WebApp:157 - Instantiating new browser for Auth
2023-10-20 18:42:25,415 [INFO] WebApp:753 - Register for checkConnection events
2023-10-20 18:42:25,416 [INFO] WebApp:390 - Apply proxy settings
2023-10-20 18:42:25,421 [INFO] WebApp:455 - Chromium authenticates against System proxy
2023-10-20 18:42:25,550 [INFO] WebApp:188 - Starting web application
2023-10-20 18:42:25,550 [INFO] WebApp:520 - Web application path used /Applications/STM32CubeIDE.app/Contents/Eclipse/plugins/com.st.stm32cube.common.mx_6.9.2.202309101412/db/plugins/mcufinder/reactClient1/index.html
2023-10-20 18:42:46,718 [ERROR] LogOutputStream:75 - [STDERR_REDIRECT] SLF4J: Failed to load class "org.slf4j.impl.StaticLoggerBinder".
2023-10-20 18:42:46,725 [ERROR] LogOutputStream:75 - [STDERR_REDIRECT] SLF4J: Defaulting to no-operation (NOP) logger implementation
2023-10-20 18:42:46,727 [ERROR] LogOutputStream:75 - [STDERR_REDIRECT] SLF4J: See http://www.slf4j.org/codes.html#StaticLoggerBinder for further details.
