2023-10-23 11:29:44,765 [INFO] Activator:176 - 


2023-10-23 11:29:44,769 [INFO] Activator:177 - !SESSION log4j initialized
2023-10-23 11:29:48,884 [ERROR] LogOutputStream:75 - [STDERR_REDIRECT] 
2023-10-23 11:29:49,426 [INFO] LogOutputStream:77 - [STDOUT_REDIRECT] 
2023-10-23 11:29:51,138 [INFO] LogOutputStream:77 - [STDOUT_REDIRECT] 
2023-10-23 11:29:53,341 [ERROR] LogOutputStream:75 - [STDERR_REDIRECT] java.net.URISyntaxException: Illegal character in path at index 55: file:/Users/brandonrobb/Documents/CPSC-3300/Programming Assignmentds/.metadata/.log4j2.xml
2023-10-23 11:29:53,344 [ERROR] LogOutputStream:75 - [STDERR_REDIRECT] 	at java.base/java.net.URI$Parser.fail(URI.java:2974)
2023-10-23 11:29:53,344 [ERROR] LogOutputStream:75 - [STDERR_REDIRECT] 	at java.base/java.net.URI$Parser.checkChars(URI.java:3145)
2023-10-23 11:29:53,345 [ERROR] LogOutputStream:75 - [STDERR_REDIRECT] 	at java.base/java.net.URI$Parser.parseHierarchical(URI.java:3227)
2023-10-23 11:29:53,345 [ERROR] LogOutputStream:75 - [STDERR_REDIRECT] 	at java.base/java.net.URI$Parser.parse(URI.java:3175)
2023-10-23 11:29:53,346 [ERROR] LogOutputStream:75 - [STDERR_REDIRECT] 	at java.base/java.net.URI.<init>(URI.java:623)
2023-10-23 11:29:53,348 [ERROR] LogOutputStream:75 - [STDERR_REDIRECT] 	at java.base/java.net.URL.toURI(URL.java:1056)
2023-10-23 11:29:53,348 [ERROR] LogOutputStream:75 - [STDERR_REDIRECT] 	at com.st.stm32cube.common.mx.core.CubeMxInstance.getInstance(CubeMxInstance.java:81)
2023-10-23 11:29:53,349 [ERROR] LogOutputStream:75 - [STDERR_REDIRECT] 	at com.st.stm32cube.common.mx.userauth.UserAuthAdapter.<init>(UserAuthAdapter.java:18)
2023-10-23 11:29:53,349 [ERROR] LogOutputStream:75 - [STDERR_REDIRECT] 	at com.st.stm32cube.common.mx.userauth.UserAuthProvider.getUserAuthAdapter(UserAuthProvider.java:9)
2023-10-23 11:29:53,349 [ERROR] LogOutputStream:75 - [STDERR_REDIRECT] 	at com.st.stm32cube.common.ecosystemintegration.ui.core.MCUEcoSystemIntegrationUiHelper.getUserAuth(MCUEcoSystemIntegrationUiHelper.java:100)
2023-10-23 11:29:53,349 [ERROR] LogOutputStream:75 - [STDERR_REDIRECT] 	at com.st.stm32cube.ide.mcu.userauth.UserAuthStartup.earlyStartup(UserAuthStartup.java:41)
2023-10-23 11:29:53,349 [ERROR] LogOutputStream:75 - [STDERR_REDIRECT] 	at org.eclipse.ui.internal.EarlyStartupRunnable.runEarlyStartup(EarlyStartupRunnable.java:79)
2023-10-23 11:29:53,349 [ERROR] LogOutputStream:75 - [STDERR_REDIRECT] 	at org.eclipse.ui.internal.EarlyStartupRunnable.run(EarlyStartupRunnable.java:55)
2023-10-23 11:29:53,350 [ERROR] LogOutputStream:75 - [STDERR_REDIRECT] 	at org.eclipse.core.runtime.SafeRunner.run(SafeRunner.java:45)
2023-10-23 11:29:53,350 [ERROR] LogOutputStream:75 - [STDERR_REDIRECT] 	at org.eclipse.ui.internal.Workbench$39.run(Workbench.java:2656)
2023-10-23 11:29:53,350 [ERROR] LogOutputStream:75 - [STDERR_REDIRECT] 	at org.eclipse.core.internal.jobs.Worker.run(Worker.java:63)
2023-10-23 11:29:53,450 [INFO] ApplicationProperties:184 - Using Application install path: /Applications/STM32CubeIDE.app/Contents/Eclipse/plugins/com.st.stm32cube.common.mx_6.9.2.202309101412
2023-10-23 11:29:53,460 [INFO] DbMcusXml:78 - Set database path to: /Applications/STM32CubeIDE.app/Contents/Eclipse/plugins/com.st.stm32cube.common.mx_6.9.2.202309101412//db//mcu/
2023-10-23 11:29:53,460 [INFO] ApiDb:274 - Set plugin database path to: /Applications/STM32CubeIDE.app/Contents/Eclipse/plugins/com.st.stm32cube.common.mx_6.9.2.202309101412//db//plugins/boardmanager/
2023-10-23 11:29:53,460 [WARN] ApiDb:259 - Overriding images path with different value:  => /Applications/STM32CubeIDE.app/Contents/Eclipse/plugins/com.st.stm32cube.common.mx_6.9.2.202309101412//db//plugins/mcufinder/images/
2023-10-23 11:29:53,473 [INFO] ApiDb:250 - Set database path to: /Users/brandonrobb/.stmcufinder/plugins/mcufinder//mcu/
2023-10-23 11:29:53,474 [INFO] DbMcusAds:125 - Set database path to: /Users/brandonrobb/.stmcufinder/plugins/mcufinder//mcu/
2023-10-23 11:29:53,475 [INFO] CrossReferenceDbSqlite:203 - Set database path to: /Users/brandonrobb/.stmcufinder/plugins/mcufinder//mcu/cs/
2023-10-23 11:29:53,574 [INFO] RulesReader:64 - Compatibility file has been processed (293 Rules)
2023-10-23 11:29:53,623 [INFO] DbMcusXml:78 - Set database path to: /Applications/STM32CubeIDE.app/Contents/Eclipse/plugins/com.st.stm32cube.common.mx_6.9.2.202309101412//db//mcu/
2023-10-23 11:29:53,623 [INFO] ApiDb:274 - Set plugin database path to: /Applications/STM32CubeIDE.app/Contents/Eclipse/plugins/com.st.stm32cube.common.mx_6.9.2.202309101412//db//plugins/boardmanager/
2023-10-23 11:29:53,623 [INFO] ApiDb:261 - Set plugin images path to: /Applications/STM32CubeIDE.app/Contents/Eclipse/plugins/com.st.stm32cube.common.mx_6.9.2.202309101412//db//plugins/mcufinder/images/
2023-10-23 11:29:53,623 [WARN] DbFile:41 - Overriding database path with different value: /Users/brandonrobb/.stmcufinder/plugins/mcufinder/ => /Users/brandonrobb/.stmcufinder/plugins/mcufinder
2023-10-23 11:29:53,623 [INFO] ApiDb:250 - Set database path to: /Users/brandonrobb/.stmcufinder/plugins/mcufinder//mcu/
2023-10-23 11:29:53,623 [WARN] DbFile:41 - Overriding database path with different value: /Users/brandonrobb/.stmcufinder/plugins/mcufinder/ => /Users/brandonrobb/.stmcufinder/plugins/mcufinder
2023-10-23 11:29:53,623 [INFO] DbMcusAds:125 - Set database path to: /Users/brandonrobb/.stmcufinder/plugins/mcufinder//mcu/
2023-10-23 11:29:53,623 [WARN] DbFile:41 - Overriding database path with different value: /Users/brandonrobb/.stmcufinder/plugins/mcufinder/ => /Users/brandonrobb/.stmcufinder/plugins/mcufinder
2023-10-23 11:29:53,623 [WARN] DbFile:41 - Overriding database path with different value: /Users/brandonrobb/.stmcufinder/plugins/mcufinder/ => /Users/brandonrobb/.stmcufinder/plugins/mcufinder
2023-10-23 11:29:53,624 [INFO] CrossReferenceDbSqlite:203 - Set database path to: /Users/brandonrobb/.stmcufinder/plugins/mcufinder//mcu/cs/
2023-10-23 11:29:53,765 [INFO] MainPanel:262 - HeapMemory: 268435456
2023-10-23 11:29:53,845 [INFO] DbMcusXml:78 - Set database path to: /Applications/STM32CubeIDE.app/Contents/Eclipse/plugins/com.st.stm32cube.common.mx_6.9.2.202309101412//db//mcu/
2023-10-23 11:29:53,845 [INFO] ApiDb:274 - Set plugin database path to: /Applications/STM32CubeIDE.app/Contents/Eclipse/plugins/com.st.stm32cube.common.mx_6.9.2.202309101412//db//plugins/boardmanager/
2023-10-23 11:29:53,846 [INFO] ApiDb:261 - Set plugin images path to: /Applications/STM32CubeIDE.app/Contents/Eclipse/plugins/com.st.stm32cube.common.mx_6.9.2.202309101412//db//plugins/mcufinder/images/
2023-10-23 11:29:53,847 [WARN] DbFile:41 - Overriding database path with different value: /Users/brandonrobb/.stmcufinder/plugins/mcufinder/ => /Users/brandonrobb/.stmcufinder/plugins/mcufinder
2023-10-23 11:29:53,847 [INFO] ApiDb:250 - Set database path to: /Users/brandonrobb/.stmcufinder/plugins/mcufinder//mcu/
2023-10-23 11:29:53,847 [WARN] DbFile:41 - Overriding database path with different value: /Users/brandonrobb/.stmcufinder/plugins/mcufinder/ => /Users/brandonrobb/.stmcufinder/plugins/mcufinder
2023-10-23 11:29:53,847 [INFO] DbMcusAds:125 - Set database path to: /Users/brandonrobb/.stmcufinder/plugins/mcufinder//mcu/
2023-10-23 11:29:53,847 [WARN] DbFile:41 - Overriding database path with different value: /Users/brandonrobb/.stmcufinder/plugins/mcufinder/ => /Users/brandonrobb/.stmcufinder/plugins/mcufinder
2023-10-23 11:29:53,847 [WARN] DbFile:41 - Overriding database path with different value: /Users/brandonrobb/.stmcufinder/plugins/mcufinder/ => /Users/brandonrobb/.stmcufinder/plugins/mcufinder
2023-10-23 11:29:53,847 [INFO] CrossReferenceDbSqlite:203 - Set database path to: /Users/brandonrobb/.stmcufinder/plugins/mcufinder//mcu/cs/
2023-10-23 11:29:53,866 [INFO] ApplicationProperties:184 - Using Application install path: /Applications/STM32CubeIDE.app/Contents/Eclipse/plugins/com.st.stm32cube.common.mx_6.9.2.202309101412
2023-10-23 11:29:53,867 [INFO] PluginManage:196 - Search for loadable plugins [exclusion list=, ]
2023-10-23 11:29:53,869 [INFO] PluginManage:310 - Check plugin analytics
2023-10-23 11:29:54,045 [INFO] AnalyticsPlugin:253 - Accepted Software Licenses: 
2023-10-23 11:29:54,046 [INFO] AnalyticsPlugin:255 - Accepted CMSIS Pack Licenses: 
2023-10-23 11:29:54,046 [INFO] AnalyticsPlugin:257 - Accepted Firmware Licenses: 
2023-10-23 11:29:54,070 [INFO] PluginManage:359 - Loaded plugin analytics (category:tool,tabindex:-1)
2023-10-23 11:29:54,075 [INFO] PluginManage:310 - Check plugin cadmodel
2023-10-23 11:29:54,363 [INFO] CADModel:105 - Init CAD model plugin
2023-10-23 11:29:54,364 [INFO] PluginManage:359 - Loaded plugin cadmodel (category:power,tabindex:5)
2023-10-23 11:29:54,364 [INFO] PluginManage:310 - Check plugin clock
2023-10-23 11:29:54,374 [INFO] PluginManage:359 - Loaded plugin clock (category:base,tabindex:2)
2023-10-23 11:29:54,374 [INFO] PluginManage:310 - Check plugin ddr
2023-10-23 11:29:54,375 [INFO] PluginManage:359 - Loaded plugin ddr (category:tool,tabindex:6)
2023-10-23 11:29:54,376 [INFO] PluginManage:310 - Check plugin filemanager
2023-10-23 11:29:54,491 [INFO] PluginManage:359 - Loaded plugin filemanager (category:base,tabindex:10)
2023-10-23 11:29:54,491 [INFO] PluginManage:310 - Check plugin ipmanager
2023-10-23 11:29:54,496 [INFO] PluginManage:359 - Loaded plugin ipmanager (category:base,tabindex:5)
2023-10-23 11:29:54,496 [INFO] PluginManage:310 - Check plugin lpbam
2023-10-23 11:29:54,502 [INFO] PluginManage:359 - Loaded plugin lpbam (category:base,tabindex:0)
2023-10-23 11:29:54,502 [INFO] PluginManage:310 - Check plugin memorymap
2023-10-23 11:29:54,510 [INFO] PluginManage:359 - Loaded plugin memorymap (category:base,tabindex:4)
2023-10-23 11:29:54,510 [INFO] PluginManage:310 - Check plugin pinoutandconfiguration
2023-10-23 11:29:54,513 [INFO] PluginManage:359 - Loaded plugin pinoutandconfiguration (category:base,tabindex:1)
2023-10-23 11:29:54,514 [INFO] PluginManage:310 - Check plugin pinoutconfig
2023-10-23 11:29:54,581 [WARN] SupportedApi:132 - Cannot load RTOS API schema: s4s-elt-must-match.1: The content of 'definitions' must match (annotation?, (simpleType | complexType)?, (unique | key | keyref)*)). A problem was found starting at: attribute.
2023-10-23 11:29:54,698 [INFO] PluginManage:359 - Loaded plugin pinoutconfig (category:base,tabindex:0)
2023-10-23 11:29:54,698 [INFO] PluginManage:310 - Check plugin power
2023-10-23 11:29:54,709 [INFO] PluginManage:359 - Loaded plugin power (category:power,tabindex:4)
2023-10-23 11:29:54,709 [INFO] PluginManage:310 - Check plugin projectmanager
2023-10-23 11:29:54,729 [INFO] PluginManage:359 - Loaded plugin projectmanager (category:projectmanager,tabindex:3)
2023-10-23 11:29:54,729 [INFO] PluginManage:310 - Check plugin thirdparty
2023-10-23 11:29:54,861 [INFO] PluginManage:359 - Loaded plugin thirdparty (category:base,tabindex:-1)
2023-10-23 11:29:54,861 [WARN] IntegrityCheckThread:84 - waiting for thirdparty lock release [integrity check]
2023-10-23 11:29:54,861 [INFO] PluginManage:310 - Check plugin tools
2023-10-23 11:29:54,862 [INFO] IntegrityCheckThread:86 - entering critical section [integrity check]
2023-10-23 11:29:54,862 [INFO] ThirdPartyUpdaterWithRetryManager:70 - Updater plugin not ready yet. [1/15]
2023-10-23 11:29:54,864 [INFO] PluginManage:359 - Loaded plugin tools (category:base,tabindex:7)
2023-10-23 11:29:54,865 [INFO] PluginManage:310 - Check plugin tutovideos
2023-10-23 11:29:55,019 [INFO] PluginManage:359 - Loaded plugin tutovideos (category:base,tabindex:-1)
2023-10-23 11:29:55,020 [INFO] PluginManage:310 - Check plugin updater
2023-10-23 11:29:55,046 [INFO] PluginManage:359 - Loaded plugin updater (category:base,tabindex:12)
2023-10-23 11:29:55,047 [INFO] PluginManage:310 - Check plugin userauth
2023-10-23 11:29:55,055 [INFO] UserAuth:113 - Init User Auth plugin
2023-10-23 11:29:55,055 [INFO] PluginManage:359 - Loaded plugin userauth (category:base,tabindex:14)
2023-10-23 11:29:55,056 [INFO] PluginManage:283 - PluginManage : Loaded plugins [17]
2023-10-23 11:29:55,303 [INFO] PinOutPanel:1499 - setPackage(No Configuration,No Configuration)
2023-10-23 11:29:55,374 [INFO] CADModel:165 - CPN selected for project level
2023-10-23 11:29:55,374 [INFO] CADModel:114 - Register for checkConnection events
2023-10-23 11:29:55,383 [INFO] IPUIPlugin:80 - create IPUIPlugin
2023-10-23 11:29:55,383 [INFO] PluginManager:220 - loadIPPluginJar : add mdma
2023-10-23 11:29:55,387 [INFO] IPUIPlugin:80 - create IPUIPlugin
2023-10-23 11:29:55,387 [INFO] PluginManager:220 - loadIPPluginJar : add freertos
2023-10-23 11:29:55,390 [INFO] IPUIPlugin:80 - create IPUIPlugin
2023-10-23 11:29:55,390 [INFO] PluginManager:220 - loadIPPluginJar : add gic
2023-10-23 11:29:55,396 [INFO] IPUIPlugin:80 - create IPUIPlugin
2023-10-23 11:29:55,396 [INFO] PluginManager:220 - loadIPPluginJar : add adc
2023-10-23 11:29:55,397 [INFO] IPUIPlugin:80 - create IPUIPlugin
2023-10-23 11:29:55,397 [INFO] PluginManager:220 - loadIPPluginJar : add gtzc
2023-10-23 11:29:55,398 [INFO] IPUIPlugin:80 - create IPUIPlugin
2023-10-23 11:29:55,398 [INFO] PluginManager:220 - loadIPPluginJar : add quadspi
2023-10-23 11:29:55,399 [INFO] IPUIPlugin:80 - create IPUIPlugin
2023-10-23 11:29:55,399 [INFO] PluginManager:220 - loadIPPluginJar : add aes
2023-10-23 11:29:55,402 [INFO] IPUIPlugin:80 - create IPUIPlugin
2023-10-23 11:29:55,402 [INFO] PluginManager:220 - loadIPPluginJar : add pdm2pcm
2023-10-23 11:29:55,403 [INFO] IPUIPlugin:80 - create IPUIPlugin
2023-10-23 11:29:55,403 [INFO] PluginManager:220 - loadIPPluginJar : add hash
2023-10-23 11:29:55,403 [INFO] IPUIPlugin:80 - create IPUIPlugin
2023-10-23 11:29:55,404 [INFO] PluginManager:220 - loadIPPluginJar : add tim
2023-10-23 11:29:55,404 [INFO] IPUIPlugin:80 - create IPUIPlugin
2023-10-23 11:29:55,404 [INFO] PluginManager:220 - loadIPPluginJar : add tsc
2023-10-23 11:29:55,405 [INFO] IPUIPlugin:80 - create IPUIPlugin
2023-10-23 11:29:55,405 [INFO] PluginManager:220 - loadIPPluginJar : add ts
2023-10-23 11:29:55,406 [INFO] IPUIPlugin:80 - create IPUIPlugin
2023-10-23 11:29:55,406 [INFO] PluginManager:220 - loadIPPluginJar : add can
2023-10-23 11:29:55,407 [INFO] IPUIPlugin:80 - create IPUIPlugin
2023-10-23 11:29:55,408 [INFO] PluginManager:220 - loadIPPluginJar : add dma3
2023-10-23 11:29:55,409 [INFO] IPUIPlugin:80 - create IPUIPlugin
2023-10-23 11:29:55,409 [INFO] PluginManager:220 - loadIPPluginJar : add dfsdm
2023-10-23 11:29:55,410 [INFO] IPUIPlugin:80 - create IPUIPlugin
2023-10-23 11:29:55,410 [INFO] PluginManager:220 - loadIPPluginJar : add spi
2023-10-23 11:29:55,411 [INFO] IPUIPlugin:80 - create IPUIPlugin
2023-10-23 11:29:55,411 [INFO] PluginManager:220 - loadIPPluginJar : add gfxmmu
2023-10-23 11:29:55,411 [INFO] IPUIPlugin:80 - create IPUIPlugin
2023-10-23 11:29:55,411 [INFO] PluginManager:220 - loadIPPluginJar : add genericplugin
2023-10-23 11:29:55,412 [INFO] IPUIPlugin:80 - create IPUIPlugin
2023-10-23 11:29:55,412 [INFO] PluginManager:220 - loadIPPluginJar : add cryp
2023-10-23 11:29:55,414 [INFO] IPUIPlugin:80 - create IPUIPlugin
2023-10-23 11:29:55,414 [INFO] PluginManager:220 - loadIPPluginJar : add gpio
2023-10-23 11:29:55,415 [INFO] IPUIPlugin:80 - create IPUIPlugin
2023-10-23 11:29:55,415 [INFO] PluginManager:220 - loadIPPluginJar : add comp
2023-10-23 11:29:55,416 [INFO] IPUIPlugin:80 - create IPUIPlugin
2023-10-23 11:29:55,416 [INFO] PluginManager:220 - loadIPPluginJar : add tracer_emb
2023-10-23 11:29:55,418 [INFO] IPUIPlugin:80 - create IPUIPlugin
2023-10-23 11:29:55,418 [INFO] PluginManager:220 - loadIPPluginJar : add openamp
2023-10-23 11:29:55,420 [INFO] IPUIPlugin:80 - create IPUIPlugin
2023-10-23 11:29:55,420 [INFO] PluginManager:220 - loadIPPluginJar : add stm32_wpan
2023-10-23 11:29:55,423 [INFO] IPUIPlugin:80 - create IPUIPlugin
2023-10-23 11:29:55,424 [INFO] PluginManager:220 - loadIPPluginJar : add plateformsettings
2023-10-23 11:29:55,426 [INFO] IPUIPlugin:80 - create IPUIPlugin
2023-10-23 11:29:55,426 [INFO] PluginManager:220 - loadIPPluginJar : add ipddr
2023-10-23 11:29:55,428 [INFO] IPUIPlugin:80 - create IPUIPlugin
2023-10-23 11:29:55,429 [INFO] PluginManager:220 - loadIPPluginJar : add usart
2023-10-23 11:29:55,429 [INFO] IPUIPlugin:80 - create IPUIPlugin
2023-10-23 11:29:55,430 [INFO] PluginManager:220 - loadIPPluginJar : add ltdc
2023-10-23 11:29:55,431 [INFO] IPUIPlugin:80 - create IPUIPlugin
2023-10-23 11:29:55,431 [INFO] PluginManager:220 - loadIPPluginJar : add nvic
2023-10-23 11:29:55,432 [INFO] IPUIPlugin:80 - create IPUIPlugin
2023-10-23 11:29:55,432 [INFO] PluginManager:220 - loadIPPluginJar : add fatfs
2023-10-23 11:29:55,435 [INFO] IPUIPlugin:80 - create IPUIPlugin
2023-10-23 11:29:55,435 [INFO] PluginManager:220 - loadIPPluginJar : add linkedlist
2023-10-23 11:29:55,438 [INFO] IPUIPlugin:80 - create IPUIPlugin
2023-10-23 11:29:55,438 [INFO] PluginManager:220 - loadIPPluginJar : add dma
2023-10-23 11:29:55,439 [INFO] IPUIPlugin:80 - create IPUIPlugin
2023-10-23 11:29:55,439 [INFO] PluginManager:220 - loadIPPluginJar : add fmc
2023-10-23 11:29:55,440 [INFO] IPUIPlugin:80 - create IPUIPlugin
2023-10-23 11:29:55,441 [INFO] PluginManager:220 - loadIPPluginJar : add i2s
2023-10-23 11:29:55,441 [INFO] IPUIPlugin:80 - create IPUIPlugin
2023-10-23 11:29:55,441 [INFO] PluginManager:220 - loadIPPluginJar : add ucpd
2023-10-23 11:29:55,442 [INFO] IPUIPlugin:80 - create IPUIPlugin
2023-10-23 11:29:55,442 [INFO] PluginManager:220 - loadIPPluginJar : add lorawan
2023-10-23 11:29:55,443 [INFO] IPUIPlugin:80 - create IPUIPlugin
2023-10-23 11:29:55,444 [INFO] PluginManager:220 - loadIPPluginJar : add opamp
2023-10-23 11:29:55,445 [INFO] IPUIPlugin:80 - create IPUIPlugin
2023-10-23 11:29:55,445 [INFO] PluginManager:220 - loadIPPluginJar : add i3c
2023-10-23 11:29:55,447 [INFO] IPUIPlugin:80 - create IPUIPlugin
2023-10-23 11:29:55,447 [INFO] PluginManager:220 - loadIPPluginJar : add touchsensing
2023-10-23 11:29:55,448 [INFO] IPUIPlugin:80 - create IPUIPlugin
2023-10-23 11:29:55,448 [INFO] PluginManager:220 - loadIPPluginJar : add i2c
2023-10-23 11:29:55,450 [INFO] IPUIPlugin:80 - create IPUIPlugin
2023-10-23 11:29:55,450 [INFO] PluginManager:220 - loadIPPluginJar : add resmgrutility
2023-10-23 11:29:55,452 [INFO] IPUIPlugin:80 - create IPUIPlugin
2023-10-23 11:29:55,452 [INFO] PluginManager:220 - loadIPPluginJar : add sai
2023-10-23 11:29:55,453 [INFO] IPUIPlugin:80 - create IPUIPlugin
2023-10-23 11:29:55,453 [INFO] PluginManager:220 - loadIPPluginJar : add usbx
2023-10-23 11:29:55,563 [INFO] CADModel:165 - CPN selected for project level
2023-10-23 11:29:55,563 [INFO] CADModel:114 - Register for checkConnection events
2023-10-23 11:29:55,564 [FATAL] Updater:308 - Updater called before beeing initialized
2023-10-23 11:29:55,564 [ERROR] CADModel:125 - Updater not yet initialized, retry later 
2023-10-23 11:29:55,748 [INFO] CADModel:165 - CPN selected for project level
2023-10-23 11:29:55,748 [INFO] CADModel:114 - Register for checkConnection events
2023-10-23 11:29:55,749 [FATAL] Updater:308 - Updater called before beeing initialized
2023-10-23 11:29:55,749 [ERROR] CADModel:125 - Updater not yet initialized, retry later 
2023-10-23 11:29:55,753 [FATAL] Updater:308 - Updater called before beeing initialized
2023-10-23 11:29:55,869 [FATAL] Updater:308 - Updater called before beeing initialized
2023-10-23 11:29:55,880 [INFO] DbMcusAds:53 - JSON generation date=Tue Mar 07 02:50:55 CST 2023 (1678179055114)
2023-10-23 11:29:55,881 [FATAL] Updater:308 - Updater called before beeing initialized
2023-10-23 11:29:55,933 [WARN] DetailPanel:346 - Failed to get advertising image, set to default
2023-10-23 11:29:55,995 [FATAL] Updater:308 - Updater called before beeing initialized
2023-10-23 11:29:55,997 [FATAL] Updater:308 - Updater called before beeing initialized
2023-10-23 11:29:55,997 [FATAL] Updater:308 - Updater called before beeing initialized
2023-10-23 11:29:55,997 [WARN] DetailPanel:346 - Failed to get advertising image, set to default
2023-10-23 11:29:56,000 [FATAL] Updater:308 - Updater called before beeing initialized
2023-10-23 11:29:56,069 [ERROR] Updater:1120 - MainUpdater not yet initialized. External WinMGr cannot be set.
2023-10-23 11:29:56,102 [INFO] Updater:1056 - Updater Version found : 6.9.2
2023-10-23 11:29:56,112 [INFO] ApplicationProperties:184 - Using Application install path: /Applications/STM32CubeIDE.app/Contents/Eclipse/plugins/com.st.stm32cube.common.mx_6.9.2.202309101412
2023-10-23 11:29:56,294 [INFO] MainUpdater:2868 - connection check result : 10
2023-10-23 11:29:56,295 [INFO] MainUpdater:285 - Updater Check For Update Now.
2023-10-23 11:29:56,297 [INFO] MicroXplorer:498 - Change Database Version : DB.6.0.92
2023-10-23 11:29:56,303 [INFO] McuFinderGlobals:63 - Set McuFinder mode to 2 (CubeIDE integrated)
2023-10-23 11:29:56,303 [INFO] UserAuth:179 - activating auth plugin
2023-10-23 11:29:56,312 [INFO] UserAuth:393 - Internet connection configuration mode: 1
2023-10-23 11:29:56,324 [INFO] JxBrowserEngine:151 - Initiate JxBrowser Engine with user profile folder
2023-10-23 11:29:56,504 [INFO] CheckServerUpdateThread:120 - End of CheckServer Thread
2023-10-23 11:29:58,046 [WARN] PackLoader:240 - Cannot read IP mode file for STMicroelectronics.X-CUBE-GNSS1.6.0.0
2023-10-23 11:29:58,080 [WARN] PackLoader:240 - Cannot read IP mode file for STMicroelectronics.FP-SNS-MOTENV1.4.3.2
2023-10-23 11:29:58,119 [WARN] PackLoader:240 - Cannot read IP mode file for STMicroelectronics.X-CUBE-BLEMGR.2.0.0
2023-10-23 11:29:58,137 [WARN] PackLoader:240 - Cannot read IP mode file for STMicroelectronics.FP-SNS-FLIGHT1.5.0.2
2023-10-23 11:29:58,160 [WARN] PackLoader:240 - Cannot read IP mode file for STMicroelectronics.X-CUBE-DISPLAY.3.0.0
2023-10-23 11:29:58,192 [WARN] PackLoader:240 - Cannot read IP mode file for STMicroelectronics.X-CUBE-BLE1.7.0.0
2023-10-23 11:29:58,213 [WARN] PackLoader:240 - Cannot read IP mode file for STMicroelectronics.X-CUBE-NFC7.1.0.1
2023-10-23 11:29:58,229 [WARN] PackLoader:240 - Cannot read IP mode file for STMicroelectronics.X-CUBE-EEPRMA1.4.1.0
2023-10-23 11:29:58,254 [WARN] PackLoader:240 - Cannot read IP mode file for STMicroelectronics.X-CUBE-AI.8.1.0
2023-10-23 11:29:58,274 [WARN] PackLoader:240 - Cannot read IP mode file for STMicroelectronics.X-CUBE-BLE2.3.3.0
2023-10-23 11:29:58,284 [WARN] PackLoader:240 - Cannot read IP mode file for STMicroelectronics.X-CUBE-ISPU.1.1.0
2023-10-23 11:29:58,293 [WARN] PackLoader:240 - Cannot read IP mode file for STMicroelectronics.X-CUBE-NFC4.3.0.0
2023-10-23 11:29:58,301 [WARN] PackLoader:240 - Cannot read IP mode file for STMicroelectronics.FP-ATR-SIGFOX1.3.2.0
2023-10-23 11:29:58,314 [WARN] PackLoader:240 - Cannot read IP mode file for STMicroelectronics.X-CUBE-FREERTOS.1.1.0
2023-10-23 11:29:58,328 [WARN] PackLoader:240 - Cannot read IP mode file for STMicroelectronics.X-CUBE-ALS.1.0.1
2023-10-23 11:29:58,337 [WARN] PackLoader:240 - Cannot read IP mode file for STMicroelectronics.FP-ATR-ASTRA1.2.0.0
2023-10-23 11:29:58,338 [INFO] ThirdParty:978 - Integrity check success = true
2023-10-23 11:29:58,338 [INFO] IntegrityCheckThread:100 - exiting critical section [integrity check]
2023-10-23 11:29:58,338 [INFO] IntegrityCheckThread:103 - End integrity checks thread
2023-10-23 11:30:00,994 [INFO] WebApp:157 - Instantiating new browser for Auth
2023-10-23 11:30:02,051 [INFO] WebApp:753 - Register for checkConnection events
2023-10-23 11:30:02,052 [INFO] WebApp:390 - Apply proxy settings
2023-10-23 11:30:02,056 [INFO] WebApp:455 - Chromium authenticates against System proxy
2023-10-23 11:30:02,193 [INFO] WebApp:188 - Starting web application
2023-10-23 11:30:02,193 [INFO] WebApp:520 - Web application path used /Applications/STM32CubeIDE.app/Contents/Eclipse/plugins/com.st.stm32cube.common.mx_6.9.2.202309101412/db/plugins/mcufinder/reactClient1/index.html
2023-10-23 11:30:23,459 [ERROR] LogOutputStream:75 - [STDERR_REDIRECT] SLF4J: Failed to load class "org.slf4j.impl.StaticLoggerBinder".
2023-10-23 11:30:23,460 [ERROR] LogOutputStream:75 - [STDERR_REDIRECT] SLF4J: Defaulting to no-operation (NOP) logger implementation
2023-10-23 11:30:23,460 [ERROR] LogOutputStream:75 - [STDERR_REDIRECT] SLF4J: See http://www.slf4j.org/codes.html#StaticLoggerBinder for further details.
