2023-10-28 12:04:47,164 [INFO] Activator:176 - 


2023-10-28 12:04:47,168 [INFO] Activator:177 - !SESSION log4j initialized
2023-10-28 12:04:49,233 [ERROR] LogOutputStream:75 - [STDERR_REDIRECT] 
2023-10-28 12:04:49,777 [INFO] LogOutputStream:77 - [STDOUT_REDIRECT] 
2023-10-28 12:04:53,006 [INFO] LogOutputStream:77 - [STDOUT_REDIRECT] 
2023-10-28 12:04:56,067 [ERROR] LogOutputStream:75 - [STDERR_REDIRECT] java.net.URISyntaxException: Illegal character in path at index 55: file:/Users/brandonrobb/Documents/CPSC-3300/Programming Assignmentds/.metadata/.log4j2.xml
2023-10-28 12:04:56,068 [ERROR] LogOutputStream:75 - [STDERR_REDIRECT] 	at java.base/java.net.URI$Parser.fail(URI.java:2974)
2023-10-28 12:04:56,069 [ERROR] LogOutputStream:75 - [STDERR_REDIRECT] 	at java.base/java.net.URI$Parser.checkChars(URI.java:3145)
2023-10-28 12:04:56,070 [ERROR] LogOutputStream:75 - [STDERR_REDIRECT] 	at java.base/java.net.URI$Parser.parseHierarchical(URI.java:3227)
2023-10-28 12:04:56,071 [ERROR] LogOutputStream:75 - [STDERR_REDIRECT] 	at java.base/java.net.URI$Parser.parse(URI.java:3175)
2023-10-28 12:04:56,072 [ERROR] LogOutputStream:75 - [STDERR_REDIRECT] 	at java.base/java.net.URI.<init>(URI.java:623)
2023-10-28 12:04:56,073 [ERROR] LogOutputStream:75 - [STDERR_REDIRECT] 	at java.base/java.net.URL.toURI(URL.java:1056)
2023-10-28 12:04:56,073 [ERROR] LogOutputStream:75 - [STDERR_REDIRECT] 	at com.st.stm32cube.common.mx.core.CubeMxInstance.getInstance(CubeMxInstance.java:81)
2023-10-28 12:04:56,073 [ERROR] LogOutputStream:75 - [STDERR_REDIRECT] 	at com.st.stm32cube.common.mx.userauth.UserAuthAdapter.<init>(UserAuthAdapter.java:18)
2023-10-28 12:04:56,073 [ERROR] LogOutputStream:75 - [STDERR_REDIRECT] 	at com.st.stm32cube.common.mx.userauth.UserAuthProvider.getUserAuthAdapter(UserAuthProvider.java:9)
2023-10-28 12:04:56,073 [ERROR] LogOutputStream:75 - [STDERR_REDIRECT] 	at com.st.stm32cube.common.ecosystemintegration.ui.core.MCUEcoSystemIntegrationUiHelper.getUserAuth(MCUEcoSystemIntegrationUiHelper.java:100)
2023-10-28 12:04:56,074 [ERROR] LogOutputStream:75 - [STDERR_REDIRECT] 	at com.st.stm32cube.ide.mcu.userauth.UserAuthStartup.earlyStartup(UserAuthStartup.java:41)
2023-10-28 12:04:56,074 [ERROR] LogOutputStream:75 - [STDERR_REDIRECT] 	at org.eclipse.ui.internal.EarlyStartupRunnable.runEarlyStartup(EarlyStartupRunnable.java:79)
2023-10-28 12:04:56,074 [ERROR] LogOutputStream:75 - [STDERR_REDIRECT] 	at org.eclipse.ui.internal.EarlyStartupRunnable.run(EarlyStartupRunnable.java:55)
2023-10-28 12:04:56,074 [ERROR] LogOutputStream:75 - [STDERR_REDIRECT] 	at org.eclipse.core.runtime.SafeRunner.run(SafeRunner.java:45)
2023-10-28 12:04:56,074 [ERROR] LogOutputStream:75 - [STDERR_REDIRECT] 	at org.eclipse.ui.internal.Workbench$39.run(Workbench.java:2656)
2023-10-28 12:04:56,074 [ERROR] LogOutputStream:75 - [STDERR_REDIRECT] 	at org.eclipse.core.internal.jobs.Worker.run(Worker.java:63)
2023-10-28 12:04:56,175 [INFO] ApplicationProperties:184 - Using Application install path: /Applications/STM32CubeIDE.app/Contents/Eclipse/plugins/com.st.stm32cube.common.mx_6.9.2.202309101412
2023-10-28 12:04:56,186 [INFO] DbMcusXml:78 - Set database path to: /Applications/STM32CubeIDE.app/Contents/Eclipse/plugins/com.st.stm32cube.common.mx_6.9.2.202309101412//db//mcu/
2023-10-28 12:04:56,186 [INFO] ApiDb:274 - Set plugin database path to: /Applications/STM32CubeIDE.app/Contents/Eclipse/plugins/com.st.stm32cube.common.mx_6.9.2.202309101412//db//plugins/boardmanager/
2023-10-28 12:04:56,186 [WARN] ApiDb:259 - Overriding images path with different value:  => /Applications/STM32CubeIDE.app/Contents/Eclipse/plugins/com.st.stm32cube.common.mx_6.9.2.202309101412//db//plugins/mcufinder/images/
2023-10-28 12:04:56,197 [INFO] ApiDb:250 - Set database path to: /Users/brandonrobb/.stmcufinder/plugins/mcufinder//mcu/
2023-10-28 12:04:56,198 [INFO] DbMcusAds:125 - Set database path to: /Users/brandonrobb/.stmcufinder/plugins/mcufinder//mcu/
2023-10-28 12:04:56,200 [INFO] CrossReferenceDbSqlite:203 - Set database path to: /Users/brandonrobb/.stmcufinder/plugins/mcufinder//mcu/cs/
2023-10-28 12:04:56,379 [INFO] RulesReader:64 - Compatibility file has been processed (293 Rules)
2023-10-28 12:04:56,484 [INFO] DbMcusXml:78 - Set database path to: /Applications/STM32CubeIDE.app/Contents/Eclipse/plugins/com.st.stm32cube.common.mx_6.9.2.202309101412//db//mcu/
2023-10-28 12:04:56,485 [INFO] ApiDb:274 - Set plugin database path to: /Applications/STM32CubeIDE.app/Contents/Eclipse/plugins/com.st.stm32cube.common.mx_6.9.2.202309101412//db//plugins/boardmanager/
2023-10-28 12:04:56,487 [INFO] ApiDb:261 - Set plugin images path to: /Applications/STM32CubeIDE.app/Contents/Eclipse/plugins/com.st.stm32cube.common.mx_6.9.2.202309101412//db//plugins/mcufinder/images/
2023-10-28 12:04:56,488 [WARN] DbFile:41 - Overriding database path with different value: /Users/brandonrobb/.stmcufinder/plugins/mcufinder/ => /Users/brandonrobb/.stmcufinder/plugins/mcufinder
2023-10-28 12:04:56,488 [INFO] ApiDb:250 - Set database path to: /Users/brandonrobb/.stmcufinder/plugins/mcufinder//mcu/
2023-10-28 12:04:56,488 [WARN] DbFile:41 - Overriding database path with different value: /Users/brandonrobb/.stmcufinder/plugins/mcufinder/ => /Users/brandonrobb/.stmcufinder/plugins/mcufinder
2023-10-28 12:04:56,488 [INFO] DbMcusAds:125 - Set database path to: /Users/brandonrobb/.stmcufinder/plugins/mcufinder//mcu/
2023-10-28 12:04:56,488 [WARN] DbFile:41 - Overriding database path with different value: /Users/brandonrobb/.stmcufinder/plugins/mcufinder/ => /Users/brandonrobb/.stmcufinder/plugins/mcufinder
2023-10-28 12:04:56,488 [WARN] DbFile:41 - Overriding database path with different value: /Users/brandonrobb/.stmcufinder/plugins/mcufinder/ => /Users/brandonrobb/.stmcufinder/plugins/mcufinder
2023-10-28 12:04:56,488 [INFO] CrossReferenceDbSqlite:203 - Set database path to: /Users/brandonrobb/.stmcufinder/plugins/mcufinder//mcu/cs/
2023-10-28 12:04:56,632 [INFO] MainPanel:262 - HeapMemory: 268435456
2023-10-28 12:04:56,711 [INFO] DbMcusXml:78 - Set database path to: /Applications/STM32CubeIDE.app/Contents/Eclipse/plugins/com.st.stm32cube.common.mx_6.9.2.202309101412//db//mcu/
2023-10-28 12:04:56,712 [INFO] ApiDb:274 - Set plugin database path to: /Applications/STM32CubeIDE.app/Contents/Eclipse/plugins/com.st.stm32cube.common.mx_6.9.2.202309101412//db//plugins/boardmanager/
2023-10-28 12:04:56,713 [INFO] ApiDb:261 - Set plugin images path to: /Applications/STM32CubeIDE.app/Contents/Eclipse/plugins/com.st.stm32cube.common.mx_6.9.2.202309101412//db//plugins/mcufinder/images/
2023-10-28 12:04:56,713 [WARN] DbFile:41 - Overriding database path with different value: /Users/brandonrobb/.stmcufinder/plugins/mcufinder/ => /Users/brandonrobb/.stmcufinder/plugins/mcufinder
2023-10-28 12:04:56,714 [INFO] ApiDb:250 - Set database path to: /Users/brandonrobb/.stmcufinder/plugins/mcufinder//mcu/
2023-10-28 12:04:56,714 [WARN] DbFile:41 - Overriding database path with different value: /Users/brandonrobb/.stmcufinder/plugins/mcufinder/ => /Users/brandonrobb/.stmcufinder/plugins/mcufinder
2023-10-28 12:04:56,714 [INFO] DbMcusAds:125 - Set database path to: /Users/brandonrobb/.stmcufinder/plugins/mcufinder//mcu/
2023-10-28 12:04:56,714 [WARN] DbFile:41 - Overriding database path with different value: /Users/brandonrobb/.stmcufinder/plugins/mcufinder/ => /Users/brandonrobb/.stmcufinder/plugins/mcufinder
2023-10-28 12:04:56,714 [WARN] DbFile:41 - Overriding database path with different value: /Users/brandonrobb/.stmcufinder/plugins/mcufinder/ => /Users/brandonrobb/.stmcufinder/plugins/mcufinder
2023-10-28 12:04:56,714 [INFO] CrossReferenceDbSqlite:203 - Set database path to: /Users/brandonrobb/.stmcufinder/plugins/mcufinder//mcu/cs/
2023-10-28 12:04:56,732 [INFO] ApplicationProperties:184 - Using Application install path: /Applications/STM32CubeIDE.app/Contents/Eclipse/plugins/com.st.stm32cube.common.mx_6.9.2.202309101412
2023-10-28 12:04:56,734 [INFO] PluginManage:196 - Search for loadable plugins [exclusion list=, ]
2023-10-28 12:04:56,736 [INFO] PluginManage:310 - Check plugin analytics
2023-10-28 12:04:56,899 [INFO] AnalyticsPlugin:253 - Accepted Software Licenses: 
2023-10-28 12:04:56,899 [INFO] AnalyticsPlugin:255 - Accepted CMSIS Pack Licenses: 
2023-10-28 12:04:56,899 [INFO] AnalyticsPlugin:257 - Accepted Firmware Licenses: 
2023-10-28 12:04:56,909 [INFO] PluginManage:359 - Loaded plugin analytics (category:tool,tabindex:-1)
2023-10-28 12:04:56,911 [INFO] PluginManage:310 - Check plugin cadmodel
2023-10-28 12:04:57,241 [INFO] CADModel:105 - Init CAD model plugin
2023-10-28 12:04:57,241 [INFO] PluginManage:359 - Loaded plugin cadmodel (category:power,tabindex:5)
2023-10-28 12:04:57,241 [INFO] PluginManage:310 - Check plugin clock
2023-10-28 12:04:57,251 [INFO] PluginManage:359 - Loaded plugin clock (category:base,tabindex:2)
2023-10-28 12:04:57,251 [INFO] PluginManage:310 - Check plugin ddr
2023-10-28 12:04:57,254 [INFO] PluginManage:359 - Loaded plugin ddr (category:tool,tabindex:6)
2023-10-28 12:04:57,254 [INFO] PluginManage:310 - Check plugin filemanager
2023-10-28 12:04:57,461 [INFO] PluginManage:359 - Loaded plugin filemanager (category:base,tabindex:10)
2023-10-28 12:04:57,464 [INFO] PluginManage:310 - Check plugin ipmanager
2023-10-28 12:04:57,485 [INFO] PluginManage:359 - Loaded plugin ipmanager (category:base,tabindex:5)
2023-10-28 12:04:57,485 [INFO] PluginManage:310 - Check plugin lpbam
2023-10-28 12:04:57,493 [INFO] PluginManage:359 - Loaded plugin lpbam (category:base,tabindex:0)
2023-10-28 12:04:57,493 [INFO] PluginManage:310 - Check plugin memorymap
2023-10-28 12:04:57,505 [INFO] PluginManage:359 - Loaded plugin memorymap (category:base,tabindex:4)
2023-10-28 12:04:57,505 [INFO] PluginManage:310 - Check plugin pinoutandconfiguration
2023-10-28 12:04:57,509 [INFO] PluginManage:359 - Loaded plugin pinoutandconfiguration (category:base,tabindex:1)
2023-10-28 12:04:57,509 [INFO] PluginManage:310 - Check plugin pinoutconfig
2023-10-28 12:04:57,572 [WARN] SupportedApi:132 - Cannot load RTOS API schema: s4s-elt-must-match.1: The content of 'definitions' must match (annotation?, (simpleType | complexType)?, (unique | key | keyref)*)). A problem was found starting at: attribute.
2023-10-28 12:04:57,680 [INFO] PluginManage:359 - Loaded plugin pinoutconfig (category:base,tabindex:0)
2023-10-28 12:04:57,680 [INFO] PluginManage:310 - Check plugin power
2023-10-28 12:04:57,688 [INFO] PluginManage:359 - Loaded plugin power (category:power,tabindex:4)
2023-10-28 12:04:57,688 [INFO] PluginManage:310 - Check plugin projectmanager
2023-10-28 12:04:57,704 [INFO] PluginManage:359 - Loaded plugin projectmanager (category:projectmanager,tabindex:3)
2023-10-28 12:04:57,705 [INFO] PluginManage:310 - Check plugin thirdparty
2023-10-28 12:04:57,822 [INFO] PluginManage:359 - Loaded plugin thirdparty (category:base,tabindex:-1)
2023-10-28 12:04:57,822 [INFO] PluginManage:310 - Check plugin tools
2023-10-28 12:04:57,822 [WARN] IntegrityCheckThread:84 - waiting for thirdparty lock release [integrity check]
2023-10-28 12:04:57,823 [INFO] IntegrityCheckThread:86 - entering critical section [integrity check]
2023-10-28 12:04:57,824 [INFO] ThirdPartyUpdaterWithRetryManager:70 - Updater plugin not ready yet. [1/15]
2023-10-28 12:04:57,824 [INFO] PluginManage:359 - Loaded plugin tools (category:base,tabindex:7)
2023-10-28 12:04:57,824 [INFO] PluginManage:310 - Check plugin tutovideos
2023-10-28 12:04:57,935 [INFO] PluginManage:359 - Loaded plugin tutovideos (category:base,tabindex:-1)
2023-10-28 12:04:57,936 [INFO] PluginManage:310 - Check plugin updater
2023-10-28 12:04:57,946 [INFO] PluginManage:359 - Loaded plugin updater (category:base,tabindex:12)
2023-10-28 12:04:57,946 [INFO] PluginManage:310 - Check plugin userauth
2023-10-28 12:04:57,955 [INFO] UserAuth:113 - Init User Auth plugin
2023-10-28 12:04:57,955 [INFO] PluginManage:359 - Loaded plugin userauth (category:base,tabindex:14)
2023-10-28 12:04:57,956 [INFO] PluginManage:283 - PluginManage : Loaded plugins [17]
2023-10-28 12:04:58,150 [INFO] PinOutPanel:1499 - setPackage(No Configuration,No Configuration)
2023-10-28 12:04:58,230 [INFO] CADModel:165 - CPN selected for project level
2023-10-28 12:04:58,230 [INFO] CADModel:114 - Register for checkConnection events
2023-10-28 12:04:58,240 [INFO] IPUIPlugin:80 - create IPUIPlugin
2023-10-28 12:04:58,241 [INFO] PluginManager:220 - loadIPPluginJar : add mdma
2023-10-28 12:04:58,244 [INFO] IPUIPlugin:80 - create IPUIPlugin
2023-10-28 12:04:58,245 [INFO] PluginManager:220 - loadIPPluginJar : add freertos
2023-10-28 12:04:58,246 [INFO] IPUIPlugin:80 - create IPUIPlugin
2023-10-28 12:04:58,246 [INFO] PluginManager:220 - loadIPPluginJar : add gic
2023-10-28 12:04:58,250 [INFO] IPUIPlugin:80 - create IPUIPlugin
2023-10-28 12:04:58,250 [INFO] PluginManager:220 - loadIPPluginJar : add adc
2023-10-28 12:04:58,251 [INFO] IPUIPlugin:80 - create IPUIPlugin
2023-10-28 12:04:58,252 [INFO] PluginManager:220 - loadIPPluginJar : add gtzc
2023-10-28 12:04:58,252 [INFO] IPUIPlugin:80 - create IPUIPlugin
2023-10-28 12:04:58,252 [INFO] PluginManager:220 - loadIPPluginJar : add quadspi
2023-10-28 12:04:58,254 [INFO] IPUIPlugin:80 - create IPUIPlugin
2023-10-28 12:04:58,255 [INFO] PluginManager:220 - loadIPPluginJar : add aes
2023-10-28 12:04:58,256 [INFO] IPUIPlugin:80 - create IPUIPlugin
2023-10-28 12:04:58,256 [INFO] PluginManager:220 - loadIPPluginJar : add pdm2pcm
2023-10-28 12:04:58,257 [INFO] IPUIPlugin:80 - create IPUIPlugin
2023-10-28 12:04:58,258 [INFO] PluginManager:220 - loadIPPluginJar : add hash
2023-10-28 12:04:58,259 [INFO] IPUIPlugin:80 - create IPUIPlugin
2023-10-28 12:04:58,259 [INFO] PluginManager:220 - loadIPPluginJar : add tim
2023-10-28 12:04:58,259 [INFO] IPUIPlugin:80 - create IPUIPlugin
2023-10-28 12:04:58,259 [INFO] PluginManager:220 - loadIPPluginJar : add tsc
2023-10-28 12:04:58,260 [INFO] IPUIPlugin:80 - create IPUIPlugin
2023-10-28 12:04:58,260 [INFO] PluginManager:220 - loadIPPluginJar : add ts
2023-10-28 12:04:58,261 [INFO] IPUIPlugin:80 - create IPUIPlugin
2023-10-28 12:04:58,261 [INFO] PluginManager:220 - loadIPPluginJar : add can
2023-10-28 12:04:58,262 [INFO] IPUIPlugin:80 - create IPUIPlugin
2023-10-28 12:04:58,262 [INFO] PluginManager:220 - loadIPPluginJar : add dma3
2023-10-28 12:04:58,263 [INFO] IPUIPlugin:80 - create IPUIPlugin
2023-10-28 12:04:58,263 [INFO] PluginManager:220 - loadIPPluginJar : add dfsdm
2023-10-28 12:04:58,264 [INFO] IPUIPlugin:80 - create IPUIPlugin
2023-10-28 12:04:58,264 [INFO] PluginManager:220 - loadIPPluginJar : add spi
2023-10-28 12:04:58,265 [INFO] IPUIPlugin:80 - create IPUIPlugin
2023-10-28 12:04:58,265 [INFO] PluginManager:220 - loadIPPluginJar : add gfxmmu
2023-10-28 12:04:58,266 [INFO] IPUIPlugin:80 - create IPUIPlugin
2023-10-28 12:04:58,266 [INFO] PluginManager:220 - loadIPPluginJar : add genericplugin
2023-10-28 12:04:58,266 [INFO] IPUIPlugin:80 - create IPUIPlugin
2023-10-28 12:04:58,266 [INFO] PluginManager:220 - loadIPPluginJar : add cryp
2023-10-28 12:04:58,268 [INFO] IPUIPlugin:80 - create IPUIPlugin
2023-10-28 12:04:58,268 [INFO] PluginManager:220 - loadIPPluginJar : add gpio
2023-10-28 12:04:58,268 [INFO] IPUIPlugin:80 - create IPUIPlugin
2023-10-28 12:04:58,268 [INFO] PluginManager:220 - loadIPPluginJar : add comp
2023-10-28 12:04:58,269 [INFO] IPUIPlugin:80 - create IPUIPlugin
2023-10-28 12:04:58,269 [INFO] PluginManager:220 - loadIPPluginJar : add tracer_emb
2023-10-28 12:04:58,270 [INFO] IPUIPlugin:80 - create IPUIPlugin
2023-10-28 12:04:58,271 [INFO] PluginManager:220 - loadIPPluginJar : add openamp
2023-10-28 12:04:58,272 [INFO] IPUIPlugin:80 - create IPUIPlugin
2023-10-28 12:04:58,273 [INFO] PluginManager:220 - loadIPPluginJar : add stm32_wpan
2023-10-28 12:04:58,275 [INFO] IPUIPlugin:80 - create IPUIPlugin
2023-10-28 12:04:58,277 [INFO] PluginManager:220 - loadIPPluginJar : add plateformsettings
2023-10-28 12:04:58,279 [INFO] IPUIPlugin:80 - create IPUIPlugin
2023-10-28 12:04:58,279 [INFO] PluginManager:220 - loadIPPluginJar : add ipddr
2023-10-28 12:04:58,280 [INFO] IPUIPlugin:80 - create IPUIPlugin
2023-10-28 12:04:58,280 [INFO] PluginManager:220 - loadIPPluginJar : add usart
2023-10-28 12:04:58,282 [INFO] IPUIPlugin:80 - create IPUIPlugin
2023-10-28 12:04:58,282 [INFO] PluginManager:220 - loadIPPluginJar : add ltdc
2023-10-28 12:04:58,283 [INFO] IPUIPlugin:80 - create IPUIPlugin
2023-10-28 12:04:58,283 [INFO] PluginManager:220 - loadIPPluginJar : add nvic
2023-10-28 12:04:58,284 [INFO] IPUIPlugin:80 - create IPUIPlugin
2023-10-28 12:04:58,284 [INFO] PluginManager:220 - loadIPPluginJar : add fatfs
2023-10-28 12:04:58,287 [INFO] IPUIPlugin:80 - create IPUIPlugin
2023-10-28 12:04:58,287 [INFO] PluginManager:220 - loadIPPluginJar : add linkedlist
2023-10-28 12:04:58,290 [INFO] IPUIPlugin:80 - create IPUIPlugin
2023-10-28 12:04:58,290 [INFO] PluginManager:220 - loadIPPluginJar : add dma
2023-10-28 12:04:58,292 [INFO] IPUIPlugin:80 - create IPUIPlugin
2023-10-28 12:04:58,292 [INFO] PluginManager:220 - loadIPPluginJar : add fmc
2023-10-28 12:04:58,293 [INFO] IPUIPlugin:80 - create IPUIPlugin
2023-10-28 12:04:58,293 [INFO] PluginManager:220 - loadIPPluginJar : add i2s
2023-10-28 12:04:58,294 [INFO] IPUIPlugin:80 - create IPUIPlugin
2023-10-28 12:04:58,294 [INFO] PluginManager:220 - loadIPPluginJar : add ucpd
2023-10-28 12:04:58,295 [INFO] IPUIPlugin:80 - create IPUIPlugin
2023-10-28 12:04:58,295 [INFO] PluginManager:220 - loadIPPluginJar : add lorawan
2023-10-28 12:04:58,296 [INFO] IPUIPlugin:80 - create IPUIPlugin
2023-10-28 12:04:58,296 [INFO] PluginManager:220 - loadIPPluginJar : add opamp
2023-10-28 12:04:58,299 [INFO] IPUIPlugin:80 - create IPUIPlugin
2023-10-28 12:04:58,299 [INFO] PluginManager:220 - loadIPPluginJar : add i3c
2023-10-28 12:04:58,300 [INFO] IPUIPlugin:80 - create IPUIPlugin
2023-10-28 12:04:58,301 [INFO] PluginManager:220 - loadIPPluginJar : add touchsensing
2023-10-28 12:04:58,302 [INFO] IPUIPlugin:80 - create IPUIPlugin
2023-10-28 12:04:58,302 [INFO] PluginManager:220 - loadIPPluginJar : add i2c
2023-10-28 12:04:58,304 [INFO] IPUIPlugin:80 - create IPUIPlugin
2023-10-28 12:04:58,305 [INFO] PluginManager:220 - loadIPPluginJar : add resmgrutility
2023-10-28 12:04:58,307 [INFO] IPUIPlugin:80 - create IPUIPlugin
2023-10-28 12:04:58,307 [INFO] PluginManager:220 - loadIPPluginJar : add sai
2023-10-28 12:04:58,308 [INFO] IPUIPlugin:80 - create IPUIPlugin
2023-10-28 12:04:58,308 [INFO] PluginManager:220 - loadIPPluginJar : add usbx
2023-10-28 12:04:58,421 [INFO] CADModel:165 - CPN selected for project level
2023-10-28 12:04:58,421 [INFO] CADModel:114 - Register for checkConnection events
2023-10-28 12:04:58,421 [FATAL] Updater:308 - Updater called before beeing initialized
2023-10-28 12:04:58,421 [ERROR] CADModel:125 - Updater not yet initialized, retry later 
2023-10-28 12:04:58,613 [INFO] CADModel:165 - CPN selected for project level
2023-10-28 12:04:58,613 [INFO] CADModel:114 - Register for checkConnection events
2023-10-28 12:04:58,613 [FATAL] Updater:308 - Updater called before beeing initialized
2023-10-28 12:04:58,613 [ERROR] CADModel:125 - Updater not yet initialized, retry later 
2023-10-28 12:04:58,615 [FATAL] Updater:308 - Updater called before beeing initialized
2023-10-28 12:04:58,725 [FATAL] Updater:308 - Updater called before beeing initialized
2023-10-28 12:04:58,729 [INFO] DbMcusAds:53 - JSON generation date=Tue Mar 07 02:50:55 CST 2023 (1678179055114)
2023-10-28 12:04:58,729 [FATAL] Updater:308 - Updater called before beeing initialized
2023-10-28 12:04:58,861 [WARN] DetailPanel:346 - Failed to get advertising image, set to default
2023-10-28 12:04:58,921 [FATAL] Updater:308 - Updater called before beeing initialized
2023-10-28 12:04:58,922 [FATAL] Updater:308 - Updater called before beeing initialized
2023-10-28 12:04:58,922 [FATAL] Updater:308 - Updater called before beeing initialized
2023-10-28 12:04:58,922 [WARN] DetailPanel:346 - Failed to get advertising image, set to default
2023-10-28 12:04:58,923 [FATAL] Updater:308 - Updater called before beeing initialized
2023-10-28 12:04:58,971 [ERROR] Updater:1120 - MainUpdater not yet initialized. External WinMGr cannot be set.
2023-10-28 12:04:59,005 [INFO] Updater:1056 - Updater Version found : 6.9.2
2023-10-28 12:04:59,015 [INFO] ApplicationProperties:184 - Using Application install path: /Applications/STM32CubeIDE.app/Contents/Eclipse/plugins/com.st.stm32cube.common.mx_6.9.2.202309101412
2023-10-28 12:05:00,840 [INFO] ThirdPartyUpdaterWithRetryManager:70 - Updater plugin not ready yet. [2/15]
2023-10-28 12:05:01,246 [INFO] MainUpdater:2868 - connection check result : 10
2023-10-28 12:05:01,248 [INFO] MainUpdater:285 - Updater Check For Update Now.
2023-10-28 12:05:01,250 [INFO] MicroXplorer:498 - Change Database Version : DB.6.0.92
2023-10-28 12:05:01,260 [INFO] McuFinderGlobals:63 - Set McuFinder mode to 2 (CubeIDE integrated)
2023-10-28 12:05:01,260 [INFO] UserAuth:179 - activating auth plugin
2023-10-28 12:05:01,285 [INFO] UserAuth:393 - Internet connection configuration mode: 1
2023-10-28 12:05:01,302 [INFO] JxBrowserEngine:151 - Initiate JxBrowser Engine with user profile folder
2023-10-28 12:05:01,491 [INFO] CheckServerUpdateThread:120 - End of CheckServer Thread
2023-10-28 12:05:03,990 [WARN] PackLoader:240 - Cannot read IP mode file for STMicroelectronics.X-CUBE-SMBUS.2.1.0
2023-10-28 12:05:04,073 [WARN] PackLoader:240 - Cannot read IP mode file for STMicroelectronics.X-CUBE-AZRTOS-F7.1.1.0
2023-10-28 12:05:04,110 [WARN] PackLoader:240 - Cannot read IP mode file for STMicroelectronics.FP-SNS-MOTENV1.4.3.2
2023-10-28 12:05:04,127 [WARN] PackLoader:240 - Cannot read IP mode file for STMicroelectronics.FP-SNS-FLIGHT1.5.0.2
2023-10-28 12:05:04,147 [WARN] PackLoader:240 - Cannot read IP mode file for STMicroelectronics.X-CUBE-DISPLAY.3.0.0
2023-10-28 12:05:04,167 [WARN] PackLoader:240 - Cannot read IP mode file for STMicroelectronics.X-CUBE-BLE1.7.0.0
2023-10-28 12:05:04,190 [WARN] PackLoader:240 - Cannot read IP mode file for emotas.I-CUBE-CANOPEN.1.3.0
2023-10-28 12:05:04,200 [WARN] PackLoader:240 - Cannot read IP mode file for STMicroelectronics.X-CUBE-TOUCHGFX.4.22.1
2023-10-28 12:05:04,218 [INFO] LogOutputStream:77 - [STDOUT_REDIRECT] 1 : Invalid condition id : UX_CORESTACK_Condition cause : null
2023-10-28 12:05:04,219 [INFO] LogOutputStream:77 - [STDOUT_REDIRECT] 1 : Invalid condition id : UX_CORESTACK_Condition cause : null
2023-10-28 12:05:04,219 [INFO] LogOutputStream:77 - [STDOUT_REDIRECT] 1 : Invalid condition id : UX_CORESTACK_Condition cause : null
2023-10-28 12:05:04,219 [INFO] LogOutputStream:77 - [STDOUT_REDIRECT] 1 : Invalid condition id : UX_CORESTACK_Condition cause : null
2023-10-28 12:05:04,219 [INFO] LogOutputStream:77 - [STDOUT_REDIRECT] 1 : Invalid condition id : UX_CORESTACK_Condition cause : null
2023-10-28 12:05:04,228 [WARN] PackLoader:240 - Cannot read IP mode file for STMicroelectronics.X-CUBE-AZRTOS-WL.2.0.0
2023-10-28 12:05:04,250 [WARN] PackLoader:240 - Cannot read IP mode file for WES.I-CUBE-Cesium.1.3.0
2023-10-28 12:05:04,263 [WARN] PackLoader:240 - Cannot read IP mode file for STMicroelectronics.X-CUBE-BLE2.3.3.0
2023-10-28 12:05:04,286 [WARN] PackLoader:240 - Cannot read IP mode file for STMicroelectronics.X-CUBE-ALGOBUILD.1.3.0
2023-10-28 12:05:04,321 [WARN] PackLoader:240 - Cannot read IP mode file for STMicroelectronics.X-CUBE-AZRTOS-G0.1.1.0
2023-10-28 12:05:04,341 [WARN] PackLoader:240 - Cannot read IP mode file for STMicroelectronics.X-CUBE-NFC4.3.0.0
2023-10-28 12:05:04,358 [WARN] PackLoader:240 - Cannot read IP mode file for STMicroelectronics.FP-ATR-SIGFOX1.3.2.0
2023-10-28 12:05:04,366 [WARN] PackLoader:240 - Cannot read IP mode file for STMicroelectronics.X-CUBE-GNSS1.6.0.0
2023-10-28 12:05:04,405 [WARN] PackLoader:240 - Cannot read IP mode file for STMicroelectronics.X-CUBE-AZRTOS-F4.1.1.0
2023-10-28 12:05:04,421 [WARN] PackLoader:240 - Cannot read IP mode file for wolfSSL.I-CUBE-wolfSSL.5.6.3
2023-10-28 12:05:04,458 [WARN] PackLoader:240 - Cannot read IP mode file for STMicroelectronics.X-CUBE-AZRTOS-L5.2.0.0
2023-10-28 12:05:04,474 [WARN] PackLoader:240 - Cannot read IP mode file for STMicroelectronics.X-CUBE-EEPRMA1.4.2.0
2023-10-28 12:05:04,489 [WARN] PackLoader:240 - Cannot read IP mode file for ITTIA_DB.I-CUBE-ITTIADB.8.8.0
2023-10-28 12:05:04,513 [WARN] PackLoader:240 - Cannot read IP mode file for STMicroelectronics.X-CUBE-BLEMGR.2.0.0
2023-10-28 12:05:04,544 [WARN] ConditionMgr:438 - getConditionDescription Invalid condition id : UX DEVICE CLASS RTOS Condition cause : null
2023-10-28 12:05:04,545 [WARN] ConditionMgr:438 - getConditionDescription Invalid condition id : UX DEVICE CLASS RTOS Condition cause : null
2023-10-28 12:05:04,563 [WARN] PackLoader:240 - Cannot read IP mode file for STMicroelectronics.X-CUBE-AZRTOS-H7.3.1.0
2023-10-28 12:05:04,565 [WARN] ConditionMgr:1039 - genDependencies : Invalid condition id : UX DEVICE CLASS RTOS Condition cause : null
2023-10-28 12:05:04,566 [WARN] ConditionMgr:1039 - genDependencies : Invalid condition id : UX DEVICE CLASS RTOS Condition cause : null
2023-10-28 12:05:04,567 [WARN] ConditionMgr:1039 - genDependencies : Invalid condition id : UX DEVICE CLASS RTOS Condition cause : null
2023-10-28 12:05:04,568 [WARN] ConditionMgr:1039 - genDependencies : Invalid condition id : UX DEVICE CLASS RTOS Condition cause : null
2023-10-28 12:05:04,568 [WARN] ConditionMgr:1039 - genDependencies : Invalid condition id : UX DEVICE CLASS RTOS Condition cause : null
2023-10-28 12:05:04,594 [WARN] PackLoader:240 - Cannot read IP mode file for STMicroelectronics.X-CUBE-NFC7.1.0.1
2023-10-28 12:05:04,607 [WARN] PackLoader:240 - Cannot read IP mode file for STMicroelectronics.X-CUBE-EEPRMA1.4.1.0
2023-10-28 12:05:04,632 [WARN] PackLoader:240 - Cannot read IP mode file for STMicroelectronics.X-CUBE-AI.8.1.0
2023-10-28 12:05:04,659 [WARN] ConditionMgr:438 - getConditionDescription Invalid condition id : LAN8742 Phy interface Condition cause : null
2023-10-28 12:05:04,661 [WARN] PackLoader:240 - Cannot read IP mode file for STMicroelectronics.X-CUBE-AZRTOS-L4.2.0.0
2023-10-28 12:05:04,666 [WARN] ConditionMgr:1039 - genDependencies : Invalid condition id : LAN8742 Phy interface Condition cause : null
2023-10-28 12:05:04,667 [WARN] ConditionMgr:1039 - genDependencies : Invalid condition id : LAN8742 Phy interface Condition cause : null
2023-10-28 12:05:04,668 [WARN] ConditionMgr:1039 - genDependencies : Invalid condition id : LAN8742 Phy interface Condition cause : null
2023-10-28 12:05:04,684 [WARN] PackLoader:240 - Cannot read IP mode file for STMicroelectronics.X-CUBE-SFXS2LP1.4.0.0
2023-10-28 12:05:04,701 [WARN] PackLoader:240 - Cannot read IP mode file for STMicroelectronics.X-CUBE-ISPU.1.1.0
2023-10-28 12:05:04,715 [WARN] ConditionMgr:438 - getConditionDescription Invalid condition id : UX DEVICE CLASS RTOS Condition cause : null
2023-10-28 12:05:04,715 [WARN] ConditionMgr:438 - getConditionDescription Invalid condition id : UX DEVICE CLASS RTOS Condition cause : null
2023-10-28 12:05:04,724 [WARN] PackLoader:240 - Cannot read IP mode file for STMicroelectronics.X-CUBE-AZRTOS-WB.2.0.0
2023-10-28 12:05:04,725 [WARN] ConditionMgr:1039 - genDependencies : Invalid condition id : UX DEVICE CLASS RTOS Condition cause : null
2023-10-28 12:05:04,725 [WARN] ConditionMgr:1039 - genDependencies : Invalid condition id : UX DEVICE CLASS RTOS Condition cause : null
2023-10-28 12:05:04,726 [WARN] ConditionMgr:1039 - genDependencies : Invalid condition id : UX DEVICE CLASS RTOS Condition cause : null
2023-10-28 12:05:04,726 [WARN] ConditionMgr:1039 - genDependencies : Invalid condition id : UX DEVICE CLASS RTOS Condition cause : null
2023-10-28 12:05:04,727 [WARN] ConditionMgr:1039 - genDependencies : Invalid condition id : UX DEVICE CLASS RTOS Condition cause : null
2023-10-28 12:05:04,754 [WARN] PackLoader:240 - Cannot read IP mode file for STMicroelectronics.X-CUBE-SUBG2.5.0.0
2023-10-28 12:05:04,771 [WARN] PackLoader:240 - Cannot read IP mode file for STMicroelectronics.X-CUBE-TOF1.3.3.1
2023-10-28 12:05:04,877 [WARN] PackLoader:240 - Cannot read IP mode file for STMicroelectronics.X-CUBE-AZRTOS-G4.2.0.0
2023-10-28 12:05:04,945 [WARN] PackLoader:240 - Cannot read IP mode file for Infineon.AIROC-Wi-Fi-Bluetooth-STM32.1.5.1
2023-10-28 12:05:04,973 [WARN] PackLoader:240 - Cannot read IP mode file for STMicroelectronics.X-CUBE-FREERTOS.1.1.0
2023-10-28 12:05:04,979 [WARN] PackLoader:240 - Cannot read IP mode file for portGmbH.I-Cube-SoM-uGOAL.1.1.0
2023-10-28 12:05:04,983 [WARN] PackLoader:240 - Cannot read IP mode file for STMicroelectronics.X-CUBE-ALS.1.0.1
2023-10-28 12:05:04,986 [WARN] PackLoader:240 - Cannot read IP mode file for STMicroelectronics.FP-ATR-ASTRA1.2.0.0
2023-10-28 12:05:04,993 [INFO] ThirdParty:978 - Integrity check success = true
2023-10-28 12:05:04,993 [INFO] IntegrityCheckThread:100 - exiting critical section [integrity check]
2023-10-28 12:05:04,993 [INFO] IntegrityCheckThread:103 - End integrity checks thread
2023-10-28 12:05:08,781 [INFO] WebApp:157 - Instantiating new browser for Auth
2023-10-28 12:05:10,133 [INFO] WebApp:753 - Register for checkConnection events
2023-10-28 12:05:10,139 [INFO] WebApp:390 - Apply proxy settings
2023-10-28 12:05:10,173 [INFO] WebApp:455 - Chromium authenticates against System proxy
2023-10-28 12:05:10,396 [INFO] WebApp:188 - Starting web application
2023-10-28 12:05:10,399 [INFO] WebApp:520 - Web application path used /Applications/STM32CubeIDE.app/Contents/Eclipse/plugins/com.st.stm32cube.common.mx_6.9.2.202309101412/db/plugins/mcufinder/reactClient1/index.html
2023-10-28 12:05:32,112 [ERROR] LogOutputStream:75 - [STDERR_REDIRECT] SLF4J: Failed to load class "org.slf4j.impl.StaticLoggerBinder".
2023-10-28 12:05:32,114 [ERROR] LogOutputStream:75 - [STDERR_REDIRECT] SLF4J: Defaulting to no-operation (NOP) logger implementation
2023-10-28 12:05:32,114 [ERROR] LogOutputStream:75 - [STDERR_REDIRECT] SLF4J: See http://www.slf4j.org/codes.html#StaticLoggerBinder for further details.
2023-10-28 12:34:43,694 [ERROR] LogOutputStream:75 - [STDERR_REDIRECT] 
2023-10-28 12:35:28,288 [INFO] Activator:176 - 


2023-10-28 12:35:28,290 [INFO] Activator:177 - !SESSION log4j initialized
2023-10-28 12:35:32,700 [ERROR] LogOutputStream:75 - [STDERR_REDIRECT] 
2023-10-28 12:35:33,616 [INFO] LogOutputStream:77 - [STDOUT_REDIRECT] 
2023-10-28 12:35:35,219 [INFO] LogOutputStream:77 - [STDOUT_REDIRECT] 
2023-10-28 12:35:36,852 [ERROR] LogOutputStream:75 - [STDERR_REDIRECT] java.net.URISyntaxException: Illegal character in path at index 55: file:/Users/brandonrobb/Documents/CPSC-3300/Programming Assignmentds/.metadata/.log4j2.xml
2023-10-28 12:35:36,853 [ERROR] LogOutputStream:75 - [STDERR_REDIRECT] 	at java.base/java.net.URI$Parser.fail(URI.java:2974)
2023-10-28 12:35:36,854 [ERROR] LogOutputStream:75 - [STDERR_REDIRECT] 	at java.base/java.net.URI$Parser.checkChars(URI.java:3145)
2023-10-28 12:35:36,855 [ERROR] LogOutputStream:75 - [STDERR_REDIRECT] 	at java.base/java.net.URI$Parser.parseHierarchical(URI.java:3227)
2023-10-28 12:35:36,855 [ERROR] LogOutputStream:75 - [STDERR_REDIRECT] 	at java.base/java.net.URI$Parser.parse(URI.java:3175)
2023-10-28 12:35:36,855 [ERROR] LogOutputStream:75 - [STDERR_REDIRECT] 	at java.base/java.net.URI.<init>(URI.java:623)
2023-10-28 12:35:36,855 [ERROR] LogOutputStream:75 - [STDERR_REDIRECT] 	at java.base/java.net.URL.toURI(URL.java:1056)
2023-10-28 12:35:36,855 [ERROR] LogOutputStream:75 - [STDERR_REDIRECT] 	at com.st.stm32cube.common.mx.core.CubeMxInstance.getInstance(CubeMxInstance.java:81)
2023-10-28 12:35:36,855 [ERROR] LogOutputStream:75 - [STDERR_REDIRECT] 	at com.st.stm32cube.common.mx.userauth.UserAuthAdapter.<init>(UserAuthAdapter.java:18)
2023-10-28 12:35:36,855 [ERROR] LogOutputStream:75 - [STDERR_REDIRECT] 	at com.st.stm32cube.common.mx.userauth.UserAuthProvider.getUserAuthAdapter(UserAuthProvider.java:9)
2023-10-28 12:35:36,859 [ERROR] LogOutputStream:75 - [STDERR_REDIRECT] 	at com.st.stm32cube.common.ecosystemintegration.ui.core.MCUEcoSystemIntegrationUiHelper.getUserAuth(MCUEcoSystemIntegrationUiHelper.java:100)
2023-10-28 12:35:36,859 [ERROR] LogOutputStream:75 - [STDERR_REDIRECT] 	at com.st.stm32cube.ide.mcu.userauth.UserAuthStartup.earlyStartup(UserAuthStartup.java:41)
2023-10-28 12:35:36,859 [ERROR] LogOutputStream:75 - [STDERR_REDIRECT] 	at org.eclipse.ui.internal.EarlyStartupRunnable.runEarlyStartup(EarlyStartupRunnable.java:79)
2023-10-28 12:35:36,859 [ERROR] LogOutputStream:75 - [STDERR_REDIRECT] 	at org.eclipse.ui.internal.EarlyStartupRunnable.run(EarlyStartupRunnable.java:55)
2023-10-28 12:35:36,859 [ERROR] LogOutputStream:75 - [STDERR_REDIRECT] 	at org.eclipse.core.runtime.SafeRunner.run(SafeRunner.java:45)
2023-10-28 12:35:36,860 [ERROR] LogOutputStream:75 - [STDERR_REDIRECT] 	at org.eclipse.ui.internal.Workbench$39.run(Workbench.java:2656)
2023-10-28 12:35:36,860 [ERROR] LogOutputStream:75 - [STDERR_REDIRECT] 	at org.eclipse.core.internal.jobs.Worker.run(Worker.java:63)
2023-10-28 12:35:36,938 [INFO] ApplicationProperties:184 - Using Application install path: /Applications/STM32CubeIDE.app/Contents/Eclipse/plugins/com.st.stm32cube.common.mx_6.9.2.202309101412
2023-10-28 12:35:36,948 [INFO] DbMcusXml:78 - Set database path to: /Applications/STM32CubeIDE.app/Contents/Eclipse/plugins/com.st.stm32cube.common.mx_6.9.2.202309101412//db//mcu/
2023-10-28 12:35:36,949 [INFO] ApiDb:274 - Set plugin database path to: /Applications/STM32CubeIDE.app/Contents/Eclipse/plugins/com.st.stm32cube.common.mx_6.9.2.202309101412//db//plugins/boardmanager/
2023-10-28 12:35:36,949 [WARN] ApiDb:259 - Overriding images path with different value:  => /Applications/STM32CubeIDE.app/Contents/Eclipse/plugins/com.st.stm32cube.common.mx_6.9.2.202309101412//db//plugins/mcufinder/images/
2023-10-28 12:35:36,961 [INFO] ApiDb:250 - Set database path to: /Users/brandonrobb/.stmcufinder/plugins/mcufinder//mcu/
2023-10-28 12:35:36,962 [INFO] DbMcusAds:125 - Set database path to: /Users/brandonrobb/.stmcufinder/plugins/mcufinder//mcu/
2023-10-28 12:35:36,963 [INFO] CrossReferenceDbSqlite:203 - Set database path to: /Users/brandonrobb/.stmcufinder/plugins/mcufinder//mcu/cs/
2023-10-28 12:35:37,137 [INFO] RulesReader:64 - Compatibility file has been processed (293 Rules)
2023-10-28 12:35:37,200 [INFO] DbMcusXml:78 - Set database path to: /Applications/STM32CubeIDE.app/Contents/Eclipse/plugins/com.st.stm32cube.common.mx_6.9.2.202309101412//db//mcu/
2023-10-28 12:35:37,200 [INFO] ApiDb:274 - Set plugin database path to: /Applications/STM32CubeIDE.app/Contents/Eclipse/plugins/com.st.stm32cube.common.mx_6.9.2.202309101412//db//plugins/boardmanager/
2023-10-28 12:35:37,200 [INFO] ApiDb:261 - Set plugin images path to: /Applications/STM32CubeIDE.app/Contents/Eclipse/plugins/com.st.stm32cube.common.mx_6.9.2.202309101412//db//plugins/mcufinder/images/
2023-10-28 12:35:37,201 [WARN] DbFile:41 - Overriding database path with different value: /Users/brandonrobb/.stmcufinder/plugins/mcufinder/ => /Users/brandonrobb/.stmcufinder/plugins/mcufinder
2023-10-28 12:35:37,201 [INFO] ApiDb:250 - Set database path to: /Users/brandonrobb/.stmcufinder/plugins/mcufinder//mcu/
2023-10-28 12:35:37,201 [WARN] DbFile:41 - Overriding database path with different value: /Users/brandonrobb/.stmcufinder/plugins/mcufinder/ => /Users/brandonrobb/.stmcufinder/plugins/mcufinder
2023-10-28 12:35:37,201 [INFO] DbMcusAds:125 - Set database path to: /Users/brandonrobb/.stmcufinder/plugins/mcufinder//mcu/
2023-10-28 12:35:37,201 [WARN] DbFile:41 - Overriding database path with different value: /Users/brandonrobb/.stmcufinder/plugins/mcufinder/ => /Users/brandonrobb/.stmcufinder/plugins/mcufinder
2023-10-28 12:35:37,201 [WARN] DbFile:41 - Overriding database path with different value: /Users/brandonrobb/.stmcufinder/plugins/mcufinder/ => /Users/brandonrobb/.stmcufinder/plugins/mcufinder
2023-10-28 12:35:37,201 [INFO] CrossReferenceDbSqlite:203 - Set database path to: /Users/brandonrobb/.stmcufinder/plugins/mcufinder//mcu/cs/
2023-10-28 12:35:37,263 [INFO] MainPanel:262 - HeapMemory: 268435456
2023-10-28 12:35:37,318 [INFO] DbMcusXml:78 - Set database path to: /Applications/STM32CubeIDE.app/Contents/Eclipse/plugins/com.st.stm32cube.common.mx_6.9.2.202309101412//db//mcu/
2023-10-28 12:35:37,318 [INFO] ApiDb:274 - Set plugin database path to: /Applications/STM32CubeIDE.app/Contents/Eclipse/plugins/com.st.stm32cube.common.mx_6.9.2.202309101412//db//plugins/boardmanager/
2023-10-28 12:35:37,318 [INFO] ApiDb:261 - Set plugin images path to: /Applications/STM32CubeIDE.app/Contents/Eclipse/plugins/com.st.stm32cube.common.mx_6.9.2.202309101412//db//plugins/mcufinder/images/
2023-10-28 12:35:37,318 [WARN] DbFile:41 - Overriding database path with different value: /Users/brandonrobb/.stmcufinder/plugins/mcufinder/ => /Users/brandonrobb/.stmcufinder/plugins/mcufinder
2023-10-28 12:35:37,318 [INFO] ApiDb:250 - Set database path to: /Users/brandonrobb/.stmcufinder/plugins/mcufinder//mcu/
2023-10-28 12:35:37,319 [WARN] DbFile:41 - Overriding database path with different value: /Users/brandonrobb/.stmcufinder/plugins/mcufinder/ => /Users/brandonrobb/.stmcufinder/plugins/mcufinder
2023-10-28 12:35:37,319 [INFO] DbMcusAds:125 - Set database path to: /Users/brandonrobb/.stmcufinder/plugins/mcufinder//mcu/
2023-10-28 12:35:37,319 [WARN] DbFile:41 - Overriding database path with different value: /Users/brandonrobb/.stmcufinder/plugins/mcufinder/ => /Users/brandonrobb/.stmcufinder/plugins/mcufinder
2023-10-28 12:35:37,319 [WARN] DbFile:41 - Overriding database path with different value: /Users/brandonrobb/.stmcufinder/plugins/mcufinder/ => /Users/brandonrobb/.stmcufinder/plugins/mcufinder
2023-10-28 12:35:37,319 [INFO] CrossReferenceDbSqlite:203 - Set database path to: /Users/brandonrobb/.stmcufinder/plugins/mcufinder//mcu/cs/
2023-10-28 12:35:37,335 [INFO] ApplicationProperties:184 - Using Application install path: /Applications/STM32CubeIDE.app/Contents/Eclipse/plugins/com.st.stm32cube.common.mx_6.9.2.202309101412
2023-10-28 12:35:37,336 [INFO] PluginManage:196 - Search for loadable plugins [exclusion list=, ]
2023-10-28 12:35:37,337 [INFO] PluginManage:310 - Check plugin analytics
2023-10-28 12:35:37,491 [INFO] AnalyticsPlugin:253 - Accepted Software Licenses: 
2023-10-28 12:35:37,492 [INFO] AnalyticsPlugin:255 - Accepted CMSIS Pack Licenses: 
2023-10-28 12:35:37,492 [INFO] AnalyticsPlugin:257 - Accepted Firmware Licenses: 
2023-10-28 12:35:37,504 [INFO] PluginManage:359 - Loaded plugin analytics (category:tool,tabindex:-1)
2023-10-28 12:35:37,506 [INFO] PluginManage:310 - Check plugin cadmodel
2023-10-28 12:35:37,747 [INFO] CADModel:105 - Init CAD model plugin
2023-10-28 12:35:37,748 [INFO] PluginManage:359 - Loaded plugin cadmodel (category:power,tabindex:5)
2023-10-28 12:35:37,750 [INFO] PluginManage:310 - Check plugin clock
2023-10-28 12:35:37,783 [INFO] PluginManage:359 - Loaded plugin clock (category:base,tabindex:2)
2023-10-28 12:35:37,784 [INFO] PluginManage:310 - Check plugin ddr
2023-10-28 12:35:37,786 [INFO] PluginManage:359 - Loaded plugin ddr (category:tool,tabindex:6)
2023-10-28 12:35:37,786 [INFO] PluginManage:310 - Check plugin filemanager
2023-10-28 12:35:37,935 [INFO] PluginManage:359 - Loaded plugin filemanager (category:base,tabindex:10)
2023-10-28 12:35:37,935 [INFO] PluginManage:310 - Check plugin ipmanager
2023-10-28 12:35:37,940 [INFO] PluginManage:359 - Loaded plugin ipmanager (category:base,tabindex:5)
2023-10-28 12:35:37,940 [INFO] PluginManage:310 - Check plugin lpbam
2023-10-28 12:35:37,947 [INFO] PluginManage:359 - Loaded plugin lpbam (category:base,tabindex:0)
2023-10-28 12:35:37,947 [INFO] PluginManage:310 - Check plugin memorymap
2023-10-28 12:35:37,954 [INFO] PluginManage:359 - Loaded plugin memorymap (category:base,tabindex:4)
2023-10-28 12:35:37,954 [INFO] PluginManage:310 - Check plugin pinoutandconfiguration
2023-10-28 12:35:37,957 [INFO] PluginManage:359 - Loaded plugin pinoutandconfiguration (category:base,tabindex:1)
2023-10-28 12:35:37,958 [INFO] PluginManage:310 - Check plugin pinoutconfig
2023-10-28 12:35:38,024 [WARN] SupportedApi:132 - Cannot load RTOS API schema: s4s-elt-must-match.1: The content of 'definitions' must match (annotation?, (simpleType | complexType)?, (unique | key | keyref)*)). A problem was found starting at: attribute.
2023-10-28 12:35:38,140 [INFO] PluginManage:359 - Loaded plugin pinoutconfig (category:base,tabindex:0)
2023-10-28 12:35:38,140 [INFO] PluginManage:310 - Check plugin power
2023-10-28 12:35:38,151 [INFO] PluginManage:359 - Loaded plugin power (category:power,tabindex:4)
2023-10-28 12:35:38,152 [INFO] PluginManage:310 - Check plugin projectmanager
2023-10-28 12:35:38,174 [INFO] PluginManage:359 - Loaded plugin projectmanager (category:projectmanager,tabindex:3)
2023-10-28 12:35:38,174 [INFO] PluginManage:310 - Check plugin thirdparty
2023-10-28 12:35:38,313 [INFO] PluginManage:359 - Loaded plugin thirdparty (category:base,tabindex:-1)
2023-10-28 12:35:38,314 [INFO] PluginManage:310 - Check plugin tools
2023-10-28 12:35:38,313 [WARN] IntegrityCheckThread:84 - waiting for thirdparty lock release [integrity check]
2023-10-28 12:35:38,315 [INFO] IntegrityCheckThread:86 - entering critical section [integrity check]
2023-10-28 12:35:38,316 [INFO] ThirdPartyUpdaterWithRetryManager:70 - Updater plugin not ready yet. [1/15]
2023-10-28 12:35:38,316 [INFO] PluginManage:359 - Loaded plugin tools (category:base,tabindex:7)
2023-10-28 12:35:38,316 [INFO] PluginManage:310 - Check plugin tutovideos
2023-10-28 12:35:38,449 [INFO] PluginManage:359 - Loaded plugin tutovideos (category:base,tabindex:-1)
2023-10-28 12:35:38,449 [INFO] PluginManage:310 - Check plugin updater
2023-10-28 12:35:38,458 [INFO] PluginManage:359 - Loaded plugin updater (category:base,tabindex:12)
2023-10-28 12:35:38,458 [INFO] PluginManage:310 - Check plugin userauth
2023-10-28 12:35:38,463 [INFO] UserAuth:113 - Init User Auth plugin
2023-10-28 12:35:38,463 [INFO] PluginManage:359 - Loaded plugin userauth (category:base,tabindex:14)
2023-10-28 12:35:38,464 [INFO] PluginManage:283 - PluginManage : Loaded plugins [17]
2023-10-28 12:35:38,640 [INFO] PinOutPanel:1499 - setPackage(No Configuration,No Configuration)
2023-10-28 12:35:38,714 [INFO] CADModel:165 - CPN selected for project level
2023-10-28 12:35:38,714 [INFO] CADModel:114 - Register for checkConnection events
2023-10-28 12:35:38,724 [INFO] IPUIPlugin:80 - create IPUIPlugin
2023-10-28 12:35:38,725 [INFO] PluginManager:220 - loadIPPluginJar : add mdma
2023-10-28 12:35:38,728 [INFO] IPUIPlugin:80 - create IPUIPlugin
2023-10-28 12:35:38,729 [INFO] PluginManager:220 - loadIPPluginJar : add freertos
2023-10-28 12:35:38,731 [INFO] IPUIPlugin:80 - create IPUIPlugin
2023-10-28 12:35:38,731 [INFO] PluginManager:220 - loadIPPluginJar : add gic
2023-10-28 12:35:38,735 [INFO] IPUIPlugin:80 - create IPUIPlugin
2023-10-28 12:35:38,735 [INFO] PluginManager:220 - loadIPPluginJar : add adc
2023-10-28 12:35:38,737 [INFO] IPUIPlugin:80 - create IPUIPlugin
2023-10-28 12:35:38,737 [INFO] PluginManager:220 - loadIPPluginJar : add gtzc
2023-10-28 12:35:38,737 [INFO] IPUIPlugin:80 - create IPUIPlugin
2023-10-28 12:35:38,737 [INFO] PluginManager:220 - loadIPPluginJar : add quadspi
2023-10-28 12:35:38,738 [INFO] IPUIPlugin:80 - create IPUIPlugin
2023-10-28 12:35:38,738 [INFO] PluginManager:220 - loadIPPluginJar : add aes
2023-10-28 12:35:38,740 [INFO] IPUIPlugin:80 - create IPUIPlugin
2023-10-28 12:35:38,740 [INFO] PluginManager:220 - loadIPPluginJar : add pdm2pcm
2023-10-28 12:35:38,741 [INFO] IPUIPlugin:80 - create IPUIPlugin
2023-10-28 12:35:38,741 [INFO] PluginManager:220 - loadIPPluginJar : add hash
2023-10-28 12:35:38,741 [INFO] IPUIPlugin:80 - create IPUIPlugin
2023-10-28 12:35:38,741 [INFO] PluginManager:220 - loadIPPluginJar : add tim
2023-10-28 12:35:38,742 [INFO] IPUIPlugin:80 - create IPUIPlugin
2023-10-28 12:35:38,742 [INFO] PluginManager:220 - loadIPPluginJar : add tsc
2023-10-28 12:35:38,742 [INFO] IPUIPlugin:80 - create IPUIPlugin
2023-10-28 12:35:38,742 [INFO] PluginManager:220 - loadIPPluginJar : add ts
2023-10-28 12:35:38,743 [INFO] IPUIPlugin:80 - create IPUIPlugin
2023-10-28 12:35:38,743 [INFO] PluginManager:220 - loadIPPluginJar : add can
2023-10-28 12:35:38,744 [INFO] IPUIPlugin:80 - create IPUIPlugin
2023-10-28 12:35:38,744 [INFO] PluginManager:220 - loadIPPluginJar : add dma3
2023-10-28 12:35:38,746 [INFO] IPUIPlugin:80 - create IPUIPlugin
2023-10-28 12:35:38,746 [INFO] PluginManager:220 - loadIPPluginJar : add dfsdm
2023-10-28 12:35:38,747 [INFO] IPUIPlugin:80 - create IPUIPlugin
2023-10-28 12:35:38,747 [INFO] PluginManager:220 - loadIPPluginJar : add spi
2023-10-28 12:35:38,747 [INFO] IPUIPlugin:80 - create IPUIPlugin
2023-10-28 12:35:38,747 [INFO] PluginManager:220 - loadIPPluginJar : add gfxmmu
2023-10-28 12:35:38,748 [INFO] IPUIPlugin:80 - create IPUIPlugin
2023-10-28 12:35:38,748 [INFO] PluginManager:220 - loadIPPluginJar : add genericplugin
2023-10-28 12:35:38,749 [INFO] IPUIPlugin:80 - create IPUIPlugin
2023-10-28 12:35:38,749 [INFO] PluginManager:220 - loadIPPluginJar : add cryp
2023-10-28 12:35:38,750 [INFO] IPUIPlugin:80 - create IPUIPlugin
2023-10-28 12:35:38,750 [INFO] PluginManager:220 - loadIPPluginJar : add gpio
2023-10-28 12:35:38,751 [INFO] IPUIPlugin:80 - create IPUIPlugin
2023-10-28 12:35:38,751 [INFO] PluginManager:220 - loadIPPluginJar : add comp
2023-10-28 12:35:38,752 [INFO] IPUIPlugin:80 - create IPUIPlugin
2023-10-28 12:35:38,752 [INFO] PluginManager:220 - loadIPPluginJar : add tracer_emb
2023-10-28 12:35:38,753 [INFO] IPUIPlugin:80 - create IPUIPlugin
2023-10-28 12:35:38,753 [INFO] PluginManager:220 - loadIPPluginJar : add openamp
2023-10-28 12:35:38,755 [INFO] IPUIPlugin:80 - create IPUIPlugin
2023-10-28 12:35:38,755 [INFO] PluginManager:220 - loadIPPluginJar : add stm32_wpan
2023-10-28 12:35:38,757 [INFO] IPUIPlugin:80 - create IPUIPlugin
2023-10-28 12:35:38,759 [INFO] PluginManager:220 - loadIPPluginJar : add plateformsettings
2023-10-28 12:35:38,760 [INFO] IPUIPlugin:80 - create IPUIPlugin
2023-10-28 12:35:38,761 [INFO] PluginManager:220 - loadIPPluginJar : add ipddr
2023-10-28 12:35:38,762 [INFO] IPUIPlugin:80 - create IPUIPlugin
2023-10-28 12:35:38,762 [INFO] PluginManager:220 - loadIPPluginJar : add usart
2023-10-28 12:35:38,763 [INFO] IPUIPlugin:80 - create IPUIPlugin
2023-10-28 12:35:38,763 [INFO] PluginManager:220 - loadIPPluginJar : add ltdc
2023-10-28 12:35:38,765 [INFO] IPUIPlugin:80 - create IPUIPlugin
2023-10-28 12:35:38,765 [INFO] PluginManager:220 - loadIPPluginJar : add nvic
2023-10-28 12:35:38,766 [INFO] IPUIPlugin:80 - create IPUIPlugin
2023-10-28 12:35:38,766 [INFO] PluginManager:220 - loadIPPluginJar : add fatfs
2023-10-28 12:35:38,768 [INFO] IPUIPlugin:80 - create IPUIPlugin
2023-10-28 12:35:38,768 [INFO] PluginManager:220 - loadIPPluginJar : add linkedlist
2023-10-28 12:35:38,771 [INFO] IPUIPlugin:80 - create IPUIPlugin
2023-10-28 12:35:38,772 [INFO] PluginManager:220 - loadIPPluginJar : add dma
2023-10-28 12:35:38,773 [INFO] IPUIPlugin:80 - create IPUIPlugin
2023-10-28 12:35:38,774 [INFO] PluginManager:220 - loadIPPluginJar : add fmc
2023-10-28 12:35:38,775 [INFO] IPUIPlugin:80 - create IPUIPlugin
2023-10-28 12:35:38,776 [INFO] PluginManager:220 - loadIPPluginJar : add i2s
2023-10-28 12:35:38,777 [INFO] IPUIPlugin:80 - create IPUIPlugin
2023-10-28 12:35:38,777 [INFO] PluginManager:220 - loadIPPluginJar : add ucpd
2023-10-28 12:35:38,778 [INFO] IPUIPlugin:80 - create IPUIPlugin
2023-10-28 12:35:38,778 [INFO] PluginManager:220 - loadIPPluginJar : add lorawan
2023-10-28 12:35:38,779 [INFO] IPUIPlugin:80 - create IPUIPlugin
2023-10-28 12:35:38,779 [INFO] PluginManager:220 - loadIPPluginJar : add opamp
2023-10-28 12:35:38,780 [INFO] IPUIPlugin:80 - create IPUIPlugin
2023-10-28 12:35:38,780 [INFO] PluginManager:220 - loadIPPluginJar : add i3c
2023-10-28 12:35:38,782 [INFO] IPUIPlugin:80 - create IPUIPlugin
2023-10-28 12:35:38,782 [INFO] PluginManager:220 - loadIPPluginJar : add touchsensing
2023-10-28 12:35:38,784 [INFO] IPUIPlugin:80 - create IPUIPlugin
2023-10-28 12:35:38,784 [INFO] PluginManager:220 - loadIPPluginJar : add i2c
2023-10-28 12:35:38,789 [INFO] IPUIPlugin:80 - create IPUIPlugin
2023-10-28 12:35:38,789 [INFO] PluginManager:220 - loadIPPluginJar : add resmgrutility
2023-10-28 12:35:38,791 [INFO] IPUIPlugin:80 - create IPUIPlugin
2023-10-28 12:35:38,792 [INFO] PluginManager:220 - loadIPPluginJar : add sai
2023-10-28 12:35:38,793 [INFO] IPUIPlugin:80 - create IPUIPlugin
2023-10-28 12:35:38,793 [INFO] PluginManager:220 - loadIPPluginJar : add usbx
2023-10-28 12:35:38,917 [INFO] CADModel:165 - CPN selected for project level
2023-10-28 12:35:38,917 [INFO] CADModel:114 - Register for checkConnection events
2023-10-28 12:35:38,918 [FATAL] Updater:308 - Updater called before beeing initialized
2023-10-28 12:35:38,918 [ERROR] CADModel:125 - Updater not yet initialized, retry later 
2023-10-28 12:35:39,112 [INFO] CADModel:165 - CPN selected for project level
2023-10-28 12:35:39,112 [INFO] CADModel:114 - Register for checkConnection events
2023-10-28 12:35:39,113 [FATAL] Updater:308 - Updater called before beeing initialized
2023-10-28 12:35:39,113 [ERROR] CADModel:125 - Updater not yet initialized, retry later 
2023-10-28 12:35:39,114 [FATAL] Updater:308 - Updater called before beeing initialized
2023-10-28 12:35:39,227 [FATAL] Updater:308 - Updater called before beeing initialized
2023-10-28 12:35:39,237 [INFO] DbMcusAds:53 - JSON generation date=Tue Mar 07 02:50:55 CST 2023 (1678179055114)
2023-10-28 12:35:39,237 [FATAL] Updater:308 - Updater called before beeing initialized
2023-10-28 12:35:39,281 [WARN] DetailPanel:346 - Failed to get advertising image, set to default
2023-10-28 12:35:39,343 [FATAL] Updater:308 - Updater called before beeing initialized
2023-10-28 12:35:39,345 [FATAL] Updater:308 - Updater called before beeing initialized
2023-10-28 12:35:39,345 [FATAL] Updater:308 - Updater called before beeing initialized
2023-10-28 12:35:39,345 [WARN] DetailPanel:346 - Failed to get advertising image, set to default
2023-10-28 12:35:39,347 [FATAL] Updater:308 - Updater called before beeing initialized
2023-10-28 12:35:39,401 [ERROR] Updater:1120 - MainUpdater not yet initialized. External WinMGr cannot be set.
2023-10-28 12:35:39,436 [INFO] Updater:1056 - Updater Version found : 6.9.2
2023-10-28 12:35:39,444 [INFO] ApplicationProperties:184 - Using Application install path: /Applications/STM32CubeIDE.app/Contents/Eclipse/plugins/com.st.stm32cube.common.mx_6.9.2.202309101412
2023-10-28 12:35:39,596 [INFO] MainUpdater:2868 - connection check result : 10
2023-10-28 12:35:39,597 [INFO] MainUpdater:285 - Updater Check For Update Now.
2023-10-28 12:35:39,597 [INFO] MicroXplorer:498 - Change Database Version : DB.6.0.92
2023-10-28 12:35:39,601 [INFO] McuFinderGlobals:63 - Set McuFinder mode to 2 (CubeIDE integrated)
2023-10-28 12:35:39,602 [INFO] UserAuth:179 - activating auth plugin
2023-10-28 12:35:39,614 [INFO] UserAuth:393 - Internet connection configuration mode: 1
2023-10-28 12:35:39,623 [INFO] JxBrowserEngine:151 - Initiate JxBrowser Engine with user profile folder
2023-10-28 12:35:39,815 [INFO] CheckServerUpdateThread:120 - End of CheckServer Thread
2023-10-28 12:35:41,438 [WARN] PackLoader:240 - Cannot read IP mode file for STMicroelectronics.X-CUBE-SMBUS.2.1.0
2023-10-28 12:35:41,521 [WARN] PackLoader:240 - Cannot read IP mode file for STMicroelectronics.X-CUBE-AZRTOS-F7.1.1.0
2023-10-28 12:35:41,563 [WARN] PackLoader:240 - Cannot read IP mode file for STMicroelectronics.FP-SNS-MOTENV1.4.3.2
2023-10-28 12:35:41,583 [WARN] PackLoader:240 - Cannot read IP mode file for STMicroelectronics.FP-SNS-FLIGHT1.5.0.2
2023-10-28 12:35:41,600 [WARN] PackLoader:240 - Cannot read IP mode file for STMicroelectronics.X-CUBE-DISPLAY.3.0.0
2023-10-28 12:35:41,634 [WARN] PackLoader:240 - Cannot read IP mode file for STMicroelectronics.X-CUBE-BLE1.7.0.0
2023-10-28 12:35:41,656 [WARN] PackLoader:240 - Cannot read IP mode file for emotas.I-CUBE-CANOPEN.1.3.0
2023-10-28 12:35:41,667 [WARN] PackLoader:240 - Cannot read IP mode file for STMicroelectronics.X-CUBE-TOUCHGFX.4.22.1
2023-10-28 12:35:41,693 [INFO] LogOutputStream:77 - [STDOUT_REDIRECT] 1 : Invalid condition id : UX_CORESTACK_Condition cause : null
2023-10-28 12:35:41,697 [INFO] LogOutputStream:77 - [STDOUT_REDIRECT] 1 : Invalid condition id : UX_CORESTACK_Condition cause : null
2023-10-28 12:35:41,698 [INFO] LogOutputStream:77 - [STDOUT_REDIRECT] 1 : Invalid condition id : UX_CORESTACK_Condition cause : null
2023-10-28 12:35:41,698 [INFO] LogOutputStream:77 - [STDOUT_REDIRECT] 1 : Invalid condition id : UX_CORESTACK_Condition cause : null
2023-10-28 12:35:41,698 [INFO] LogOutputStream:77 - [STDOUT_REDIRECT] 1 : Invalid condition id : UX_CORESTACK_Condition cause : null
2023-10-28 12:35:41,711 [WARN] PackLoader:240 - Cannot read IP mode file for STMicroelectronics.X-CUBE-AZRTOS-WL.2.0.0
2023-10-28 12:35:41,763 [WARN] PackLoader:240 - Cannot read IP mode file for WES.I-CUBE-Cesium.1.3.0
2023-10-28 12:35:41,786 [WARN] PackLoader:240 - Cannot read IP mode file for STMicroelectronics.X-CUBE-BLE2.3.3.0
2023-10-28 12:35:41,826 [WARN] PackLoader:240 - Cannot read IP mode file for STMicroelectronics.X-CUBE-ALGOBUILD.1.3.0
2023-10-28 12:35:41,873 [WARN] PackLoader:240 - Cannot read IP mode file for STMicroelectronics.X-CUBE-AZRTOS-G0.1.1.0
2023-10-28 12:35:41,900 [WARN] PackLoader:240 - Cannot read IP mode file for STMicroelectronics.X-CUBE-NFC4.3.0.0
2023-10-28 12:35:41,922 [WARN] PackLoader:240 - Cannot read IP mode file for STMicroelectronics.FP-ATR-SIGFOX1.3.2.0
2023-10-28 12:35:41,932 [WARN] PackLoader:240 - Cannot read IP mode file for STMicroelectronics.X-CUBE-GNSS1.6.0.0
2023-10-28 12:35:41,973 [WARN] PackLoader:240 - Cannot read IP mode file for STMicroelectronics.X-CUBE-AZRTOS-F4.1.1.0
2023-10-28 12:35:41,985 [WARN] PackLoader:240 - Cannot read IP mode file for wolfSSL.I-CUBE-wolfSSL.5.6.3
2023-10-28 12:35:42,029 [WARN] PackLoader:240 - Cannot read IP mode file for STMicroelectronics.X-CUBE-AZRTOS-L5.2.0.0
2023-10-28 12:35:42,090 [WARN] PackLoader:240 - Cannot read IP mode file for STMicroelectronics.X-CUBE-EEPRMA1.4.2.0
2023-10-28 12:35:42,110 [WARN] PackLoader:240 - Cannot read IP mode file for ITTIA_DB.I-CUBE-ITTIADB.8.8.0
2023-10-28 12:35:42,136 [WARN] PackLoader:240 - Cannot read IP mode file for STMicroelectronics.X-CUBE-BLEMGR.2.0.0
2023-10-28 12:35:42,163 [WARN] ConditionMgr:438 - getConditionDescription Invalid condition id : UX DEVICE CLASS RTOS Condition cause : null
2023-10-28 12:35:42,164 [WARN] ConditionMgr:438 - getConditionDescription Invalid condition id : UX DEVICE CLASS RTOS Condition cause : null
2023-10-28 12:35:42,183 [WARN] PackLoader:240 - Cannot read IP mode file for STMicroelectronics.X-CUBE-AZRTOS-H7.3.1.0
2023-10-28 12:35:42,186 [WARN] ConditionMgr:1039 - genDependencies : Invalid condition id : UX DEVICE CLASS RTOS Condition cause : null
2023-10-28 12:35:42,188 [WARN] ConditionMgr:1039 - genDependencies : Invalid condition id : UX DEVICE CLASS RTOS Condition cause : null
2023-10-28 12:35:42,190 [WARN] ConditionMgr:1039 - genDependencies : Invalid condition id : UX DEVICE CLASS RTOS Condition cause : null
2023-10-28 12:35:42,191 [WARN] ConditionMgr:1039 - genDependencies : Invalid condition id : UX DEVICE CLASS RTOS Condition cause : null
2023-10-28 12:35:42,191 [WARN] ConditionMgr:1039 - genDependencies : Invalid condition id : UX DEVICE CLASS RTOS Condition cause : null
2023-10-28 12:35:42,205 [WARN] PackLoader:240 - Cannot read IP mode file for STMicroelectronics.X-CUBE-NFC7.1.0.1
2023-10-28 12:35:42,210 [WARN] PackLoader:240 - Cannot read IP mode file for STMicroelectronics.X-CUBE-EEPRMA1.4.1.0
2023-10-28 12:35:42,221 [WARN] PackLoader:240 - Cannot read IP mode file for STMicroelectronics.X-CUBE-AI.8.1.0
2023-10-28 12:35:42,243 [WARN] ConditionMgr:438 - getConditionDescription Invalid condition id : LAN8742 Phy interface Condition cause : null
2023-10-28 12:35:42,244 [WARN] PackLoader:240 - Cannot read IP mode file for STMicroelectronics.X-CUBE-AZRTOS-L4.2.0.0
2023-10-28 12:35:42,250 [WARN] ConditionMgr:1039 - genDependencies : Invalid condition id : LAN8742 Phy interface Condition cause : null
2023-10-28 12:35:42,250 [WARN] ConditionMgr:1039 - genDependencies : Invalid condition id : LAN8742 Phy interface Condition cause : null
2023-10-28 12:35:42,251 [WARN] ConditionMgr:1039 - genDependencies : Invalid condition id : LAN8742 Phy interface Condition cause : null
2023-10-28 12:35:42,263 [WARN] PackLoader:240 - Cannot read IP mode file for STMicroelectronics.X-CUBE-SFXS2LP1.4.0.0
2023-10-28 12:35:42,268 [WARN] PackLoader:240 - Cannot read IP mode file for STMicroelectronics.X-CUBE-ISPU.1.1.0
2023-10-28 12:35:42,279 [WARN] ConditionMgr:438 - getConditionDescription Invalid condition id : UX DEVICE CLASS RTOS Condition cause : null
2023-10-28 12:35:42,279 [WARN] ConditionMgr:438 - getConditionDescription Invalid condition id : UX DEVICE CLASS RTOS Condition cause : null
2023-10-28 12:35:42,282 [WARN] PackLoader:240 - Cannot read IP mode file for STMicroelectronics.X-CUBE-AZRTOS-WB.2.0.0
2023-10-28 12:35:42,283 [WARN] ConditionMgr:1039 - genDependencies : Invalid condition id : UX DEVICE CLASS RTOS Condition cause : null
2023-10-28 12:35:42,283 [WARN] ConditionMgr:1039 - genDependencies : Invalid condition id : UX DEVICE CLASS RTOS Condition cause : null
2023-10-28 12:35:42,284 [WARN] ConditionMgr:1039 - genDependencies : Invalid condition id : UX DEVICE CLASS RTOS Condition cause : null
2023-10-28 12:35:42,284 [WARN] ConditionMgr:1039 - genDependencies : Invalid condition id : UX DEVICE CLASS RTOS Condition cause : null
2023-10-28 12:35:42,284 [WARN] ConditionMgr:1039 - genDependencies : Invalid condition id : UX DEVICE CLASS RTOS Condition cause : null
2023-10-28 12:35:42,314 [WARN] PackLoader:240 - Cannot read IP mode file for STMicroelectronics.X-CUBE-SUBG2.5.0.0
2023-10-28 12:35:42,330 [WARN] PackLoader:240 - Cannot read IP mode file for STMicroelectronics.X-CUBE-TOF1.3.3.1
2023-10-28 12:35:42,381 [WARN] PackLoader:240 - Cannot read IP mode file for STMicroelectronics.X-CUBE-AZRTOS-G4.2.0.0
2023-10-28 12:35:42,407 [WARN] PackLoader:240 - Cannot read IP mode file for Infineon.AIROC-Wi-Fi-Bluetooth-STM32.1.5.1
2023-10-28 12:35:42,451 [WARN] PackLoader:240 - Cannot read IP mode file for STMicroelectronics.X-CUBE-FREERTOS.1.1.0
2023-10-28 12:35:42,471 [WARN] PackLoader:240 - Cannot read IP mode file for portGmbH.I-Cube-SoM-uGOAL.1.1.0
2023-10-28 12:35:42,482 [WARN] PackLoader:240 - Cannot read IP mode file for STMicroelectronics.X-CUBE-ALS.1.0.1
2023-10-28 12:35:42,493 [WARN] PackLoader:240 - Cannot read IP mode file for STMicroelectronics.FP-ATR-ASTRA1.2.0.0
2023-10-28 12:35:42,505 [INFO] ThirdParty:978 - Integrity check success = true
2023-10-28 12:35:42,505 [INFO] IntegrityCheckThread:100 - exiting critical section [integrity check]
2023-10-28 12:35:42,505 [INFO] IntegrityCheckThread:103 - End integrity checks thread
2023-10-28 12:35:43,724 [INFO] WebApp:157 - Instantiating new browser for Auth
2023-10-28 12:35:44,337 [INFO] WebApp:753 - Register for checkConnection events
2023-10-28 12:35:44,338 [INFO] WebApp:390 - Apply proxy settings
2023-10-28 12:35:44,354 [INFO] WebApp:455 - Chromium authenticates against System proxy
2023-10-28 12:35:44,480 [INFO] WebApp:188 - Starting web application
2023-10-28 12:35:44,481 [INFO] WebApp:520 - Web application path used /Applications/STM32CubeIDE.app/Contents/Eclipse/plugins/com.st.stm32cube.common.mx_6.9.2.202309101412/db/plugins/mcufinder/reactClient1/index.html
2023-10-28 12:36:05,780 [ERROR] LogOutputStream:75 - [STDERR_REDIRECT] SLF4J: Failed to load class "org.slf4j.impl.StaticLoggerBinder".
2023-10-28 12:36:05,783 [ERROR] LogOutputStream:75 - [STDERR_REDIRECT] SLF4J: Defaulting to no-operation (NOP) logger implementation
2023-10-28 12:36:05,784 [ERROR] LogOutputStream:75 - [STDERR_REDIRECT] SLF4J: See http://www.slf4j.org/codes.html#StaticLoggerBinder for further details.
2023-10-28 12:46:39,030 [ERROR] ConfigurationRetriever:142 - IOException on connection: Read timed out
2023-10-28 12:46:41,153 [ERROR] ConfigurationRetriever:142 - IOException on connection: Read timed out
2023-10-28 12:46:43,384 [ERROR] ConfigurationRetriever:142 - IOException on connection: Read timed out
2023-10-28 12:46:45,545 [ERROR] ConfigurationRetriever:142 - IOException on connection: Read timed out
2023-10-28 12:55:26,069 [ERROR] LogOutputStream:75 - [STDERR_REDIRECT] 
2023-10-28 12:55:39,818 [INFO] Activator:176 - 


2023-10-28 12:55:39,820 [INFO] Activator:177 - !SESSION log4j initialized
2023-10-28 12:55:44,411 [ERROR] LogOutputStream:75 - [STDERR_REDIRECT] 
2023-10-28 12:55:45,237 [INFO] LogOutputStream:77 - [STDOUT_REDIRECT] 
2023-10-28 12:55:46,992 [INFO] LogOutputStream:77 - [STDOUT_REDIRECT] 
2023-10-28 12:55:48,674 [ERROR] LogOutputStream:75 - [STDERR_REDIRECT] java.net.URISyntaxException: Illegal character in path at index 55: file:/Users/brandonrobb/Documents/CPSC-3300/Programming Assignmentds/.metadata/.log4j2.xml
2023-10-28 12:55:48,675 [ERROR] LogOutputStream:75 - [STDERR_REDIRECT] 	at java.base/java.net.URI$Parser.fail(URI.java:2974)
2023-10-28 12:55:48,676 [ERROR] LogOutputStream:75 - [STDERR_REDIRECT] 	at java.base/java.net.URI$Parser.checkChars(URI.java:3145)
2023-10-28 12:55:48,676 [ERROR] LogOutputStream:75 - [STDERR_REDIRECT] 	at java.base/java.net.URI$Parser.parseHierarchical(URI.java:3227)
2023-10-28 12:55:48,679 [ERROR] LogOutputStream:75 - [STDERR_REDIRECT] 	at java.base/java.net.URI$Parser.parse(URI.java:3175)
2023-10-28 12:55:48,682 [ERROR] LogOutputStream:75 - [STDERR_REDIRECT] 	at java.base/java.net.URI.<init>(URI.java:623)
2023-10-28 12:55:48,683 [ERROR] LogOutputStream:75 - [STDERR_REDIRECT] 	at java.base/java.net.URL.toURI(URL.java:1056)
2023-10-28 12:55:48,683 [ERROR] LogOutputStream:75 - [STDERR_REDIRECT] 	at com.st.stm32cube.common.mx.core.CubeMxInstance.getInstance(CubeMxInstance.java:81)
2023-10-28 12:55:48,683 [ERROR] LogOutputStream:75 - [STDERR_REDIRECT] 	at com.st.stm32cube.common.mx.userauth.UserAuthAdapter.<init>(UserAuthAdapter.java:18)
2023-10-28 12:55:48,683 [ERROR] LogOutputStream:75 - [STDERR_REDIRECT] 	at com.st.stm32cube.common.mx.userauth.UserAuthProvider.getUserAuthAdapter(UserAuthProvider.java:9)
2023-10-28 12:55:48,683 [ERROR] LogOutputStream:75 - [STDERR_REDIRECT] 	at com.st.stm32cube.common.ecosystemintegration.ui.core.MCUEcoSystemIntegrationUiHelper.getUserAuth(MCUEcoSystemIntegrationUiHelper.java:100)
2023-10-28 12:55:48,683 [ERROR] LogOutputStream:75 - [STDERR_REDIRECT] 	at com.st.stm32cube.ide.mcu.userauth.UserAuthStartup.earlyStartup(UserAuthStartup.java:41)
2023-10-28 12:55:48,683 [ERROR] LogOutputStream:75 - [STDERR_REDIRECT] 	at org.eclipse.ui.internal.EarlyStartupRunnable.runEarlyStartup(EarlyStartupRunnable.java:79)
2023-10-28 12:55:48,684 [ERROR] LogOutputStream:75 - [STDERR_REDIRECT] 	at org.eclipse.ui.internal.EarlyStartupRunnable.run(EarlyStartupRunnable.java:55)
2023-10-28 12:55:48,684 [ERROR] LogOutputStream:75 - [STDERR_REDIRECT] 	at org.eclipse.core.runtime.SafeRunner.run(SafeRunner.java:45)
2023-10-28 12:55:48,684 [ERROR] LogOutputStream:75 - [STDERR_REDIRECT] 	at org.eclipse.ui.internal.Workbench$39.run(Workbench.java:2656)
2023-10-28 12:55:48,684 [ERROR] LogOutputStream:75 - [STDERR_REDIRECT] 	at org.eclipse.core.internal.jobs.Worker.run(Worker.java:63)
2023-10-28 12:55:48,906 [INFO] ApplicationProperties:184 - Using Application install path: /Applications/STM32CubeIDE.app/Contents/Eclipse/plugins/com.st.stm32cube.common.mx_6.9.2.202309101412
2023-10-28 12:55:48,919 [INFO] DbMcusXml:78 - Set database path to: /Applications/STM32CubeIDE.app/Contents/Eclipse/plugins/com.st.stm32cube.common.mx_6.9.2.202309101412//db//mcu/
2023-10-28 12:55:48,919 [INFO] ApiDb:274 - Set plugin database path to: /Applications/STM32CubeIDE.app/Contents/Eclipse/plugins/com.st.stm32cube.common.mx_6.9.2.202309101412//db//plugins/boardmanager/
2023-10-28 12:55:48,920 [WARN] ApiDb:259 - Overriding images path with different value:  => /Applications/STM32CubeIDE.app/Contents/Eclipse/plugins/com.st.stm32cube.common.mx_6.9.2.202309101412//db//plugins/mcufinder/images/
2023-10-28 12:55:48,937 [INFO] ApiDb:250 - Set database path to: /Users/brandonrobb/.stmcufinder/plugins/mcufinder//mcu/
2023-10-28 12:55:48,939 [INFO] DbMcusAds:125 - Set database path to: /Users/brandonrobb/.stmcufinder/plugins/mcufinder//mcu/
2023-10-28 12:55:48,940 [INFO] CrossReferenceDbSqlite:203 - Set database path to: /Users/brandonrobb/.stmcufinder/plugins/mcufinder//mcu/cs/
2023-10-28 12:55:49,241 [INFO] RulesReader:64 - Compatibility file has been processed (293 Rules)
2023-10-28 12:55:49,337 [INFO] DbMcusXml:78 - Set database path to: /Applications/STM32CubeIDE.app/Contents/Eclipse/plugins/com.st.stm32cube.common.mx_6.9.2.202309101412//db//mcu/
2023-10-28 12:55:49,338 [INFO] ApiDb:274 - Set plugin database path to: /Applications/STM32CubeIDE.app/Contents/Eclipse/plugins/com.st.stm32cube.common.mx_6.9.2.202309101412//db//plugins/boardmanager/
2023-10-28 12:55:49,339 [INFO] ApiDb:261 - Set plugin images path to: /Applications/STM32CubeIDE.app/Contents/Eclipse/plugins/com.st.stm32cube.common.mx_6.9.2.202309101412//db//plugins/mcufinder/images/
2023-10-28 12:55:49,340 [WARN] DbFile:41 - Overriding database path with different value: /Users/brandonrobb/.stmcufinder/plugins/mcufinder/ => /Users/brandonrobb/.stmcufinder/plugins/mcufinder
2023-10-28 12:55:49,340 [INFO] ApiDb:250 - Set database path to: /Users/brandonrobb/.stmcufinder/plugins/mcufinder//mcu/
2023-10-28 12:55:49,340 [WARN] DbFile:41 - Overriding database path with different value: /Users/brandonrobb/.stmcufinder/plugins/mcufinder/ => /Users/brandonrobb/.stmcufinder/plugins/mcufinder
2023-10-28 12:55:49,340 [INFO] DbMcusAds:125 - Set database path to: /Users/brandonrobb/.stmcufinder/plugins/mcufinder//mcu/
2023-10-28 12:55:49,340 [WARN] DbFile:41 - Overriding database path with different value: /Users/brandonrobb/.stmcufinder/plugins/mcufinder/ => /Users/brandonrobb/.stmcufinder/plugins/mcufinder
2023-10-28 12:55:49,340 [WARN] DbFile:41 - Overriding database path with different value: /Users/brandonrobb/.stmcufinder/plugins/mcufinder/ => /Users/brandonrobb/.stmcufinder/plugins/mcufinder
2023-10-28 12:55:49,340 [INFO] CrossReferenceDbSqlite:203 - Set database path to: /Users/brandonrobb/.stmcufinder/plugins/mcufinder//mcu/cs/
2023-10-28 12:55:49,405 [INFO] MainPanel:262 - HeapMemory: 268435456
2023-10-28 12:55:49,473 [INFO] DbMcusXml:78 - Set database path to: /Applications/STM32CubeIDE.app/Contents/Eclipse/plugins/com.st.stm32cube.common.mx_6.9.2.202309101412//db//mcu/
2023-10-28 12:55:49,474 [INFO] ApiDb:274 - Set plugin database path to: /Applications/STM32CubeIDE.app/Contents/Eclipse/plugins/com.st.stm32cube.common.mx_6.9.2.202309101412//db//plugins/boardmanager/
2023-10-28 12:55:49,474 [INFO] ApiDb:261 - Set plugin images path to: /Applications/STM32CubeIDE.app/Contents/Eclipse/plugins/com.st.stm32cube.common.mx_6.9.2.202309101412//db//plugins/mcufinder/images/
2023-10-28 12:55:49,474 [WARN] DbFile:41 - Overriding database path with different value: /Users/brandonrobb/.stmcufinder/plugins/mcufinder/ => /Users/brandonrobb/.stmcufinder/plugins/mcufinder
2023-10-28 12:55:49,474 [INFO] ApiDb:250 - Set database path to: /Users/brandonrobb/.stmcufinder/plugins/mcufinder//mcu/
2023-10-28 12:55:49,474 [WARN] DbFile:41 - Overriding database path with different value: /Users/brandonrobb/.stmcufinder/plugins/mcufinder/ => /Users/brandonrobb/.stmcufinder/plugins/mcufinder
2023-10-28 12:55:49,474 [INFO] DbMcusAds:125 - Set database path to: /Users/brandonrobb/.stmcufinder/plugins/mcufinder//mcu/
2023-10-28 12:55:49,474 [WARN] DbFile:41 - Overriding database path with different value: /Users/brandonrobb/.stmcufinder/plugins/mcufinder/ => /Users/brandonrobb/.stmcufinder/plugins/mcufinder
2023-10-28 12:55:49,474 [WARN] DbFile:41 - Overriding database path with different value: /Users/brandonrobb/.stmcufinder/plugins/mcufinder/ => /Users/brandonrobb/.stmcufinder/plugins/mcufinder
2023-10-28 12:55:49,474 [INFO] CrossReferenceDbSqlite:203 - Set database path to: /Users/brandonrobb/.stmcufinder/plugins/mcufinder//mcu/cs/
2023-10-28 12:55:49,486 [INFO] ApplicationProperties:184 - Using Application install path: /Applications/STM32CubeIDE.app/Contents/Eclipse/plugins/com.st.stm32cube.common.mx_6.9.2.202309101412
2023-10-28 12:55:49,487 [INFO] PluginManage:196 - Search for loadable plugins [exclusion list=, ]
2023-10-28 12:55:49,489 [INFO] PluginManage:310 - Check plugin analytics
2023-10-28 12:55:49,660 [INFO] AnalyticsPlugin:253 - Accepted Software Licenses: 
2023-10-28 12:55:49,660 [INFO] AnalyticsPlugin:255 - Accepted CMSIS Pack Licenses: 
2023-10-28 12:55:49,660 [INFO] AnalyticsPlugin:257 - Accepted Firmware Licenses: 
2023-10-28 12:55:49,663 [INFO] PluginManage:359 - Loaded plugin analytics (category:tool,tabindex:-1)
2023-10-28 12:55:49,665 [INFO] PluginManage:310 - Check plugin cadmodel
2023-10-28 12:55:49,891 [INFO] CADModel:105 - Init CAD model plugin
2023-10-28 12:55:49,892 [INFO] PluginManage:359 - Loaded plugin cadmodel (category:power,tabindex:5)
2023-10-28 12:55:49,893 [INFO] PluginManage:310 - Check plugin clock
2023-10-28 12:55:49,906 [INFO] PluginManage:359 - Loaded plugin clock (category:base,tabindex:2)
2023-10-28 12:55:49,906 [INFO] PluginManage:310 - Check plugin ddr
2023-10-28 12:55:49,907 [INFO] PluginManage:359 - Loaded plugin ddr (category:tool,tabindex:6)
2023-10-28 12:55:49,907 [INFO] PluginManage:310 - Check plugin filemanager
2023-10-28 12:55:50,020 [INFO] PluginManage:359 - Loaded plugin filemanager (category:base,tabindex:10)
2023-10-28 12:55:50,020 [INFO] PluginManage:310 - Check plugin ipmanager
2023-10-28 12:55:50,028 [INFO] PluginManage:359 - Loaded plugin ipmanager (category:base,tabindex:5)
2023-10-28 12:55:50,028 [INFO] PluginManage:310 - Check plugin lpbam
2023-10-28 12:55:50,035 [INFO] PluginManage:359 - Loaded plugin lpbam (category:base,tabindex:0)
2023-10-28 12:55:50,035 [INFO] PluginManage:310 - Check plugin memorymap
2023-10-28 12:55:50,042 [INFO] PluginManage:359 - Loaded plugin memorymap (category:base,tabindex:4)
2023-10-28 12:55:50,042 [INFO] PluginManage:310 - Check plugin pinoutandconfiguration
2023-10-28 12:55:50,046 [INFO] PluginManage:359 - Loaded plugin pinoutandconfiguration (category:base,tabindex:1)
2023-10-28 12:55:50,046 [INFO] PluginManage:310 - Check plugin pinoutconfig
2023-10-28 12:55:50,111 [WARN] SupportedApi:132 - Cannot load RTOS API schema: s4s-elt-must-match.1: The content of 'definitions' must match (annotation?, (simpleType | complexType)?, (unique | key | keyref)*)). A problem was found starting at: attribute.
2023-10-28 12:55:50,228 [INFO] PluginManage:359 - Loaded plugin pinoutconfig (category:base,tabindex:0)
2023-10-28 12:55:50,229 [INFO] PluginManage:310 - Check plugin power
2023-10-28 12:55:50,237 [INFO] PluginManage:359 - Loaded plugin power (category:power,tabindex:4)
2023-10-28 12:55:50,237 [INFO] PluginManage:310 - Check plugin projectmanager
2023-10-28 12:55:50,260 [INFO] PluginManage:359 - Loaded plugin projectmanager (category:projectmanager,tabindex:3)
2023-10-28 12:55:50,260 [INFO] PluginManage:310 - Check plugin thirdparty
2023-10-28 12:55:50,387 [INFO] PluginManage:359 - Loaded plugin thirdparty (category:base,tabindex:-1)
2023-10-28 12:55:50,387 [INFO] PluginManage:310 - Check plugin tools
2023-10-28 12:55:50,387 [WARN] IntegrityCheckThread:84 - waiting for thirdparty lock release [integrity check]
2023-10-28 12:55:50,388 [INFO] IntegrityCheckThread:86 - entering critical section [integrity check]
2023-10-28 12:55:50,390 [INFO] ThirdPartyUpdaterWithRetryManager:70 - Updater plugin not ready yet. [1/15]
2023-10-28 12:55:50,391 [INFO] PluginManage:359 - Loaded plugin tools (category:base,tabindex:7)
2023-10-28 12:55:50,391 [INFO] PluginManage:310 - Check plugin tutovideos
2023-10-28 12:55:50,525 [INFO] PluginManage:359 - Loaded plugin tutovideos (category:base,tabindex:-1)
2023-10-28 12:55:50,526 [INFO] PluginManage:310 - Check plugin updater
2023-10-28 12:55:50,539 [INFO] PluginManage:359 - Loaded plugin updater (category:base,tabindex:12)
2023-10-28 12:55:50,539 [INFO] PluginManage:310 - Check plugin userauth
2023-10-28 12:55:50,543 [INFO] UserAuth:113 - Init User Auth plugin
2023-10-28 12:55:50,543 [INFO] PluginManage:359 - Loaded plugin userauth (category:base,tabindex:14)
2023-10-28 12:55:50,543 [INFO] PluginManage:283 - PluginManage : Loaded plugins [17]
2023-10-28 12:55:50,748 [INFO] PinOutPanel:1499 - setPackage(No Configuration,No Configuration)
2023-10-28 12:55:50,818 [INFO] CADModel:165 - CPN selected for project level
2023-10-28 12:55:50,818 [INFO] CADModel:114 - Register for checkConnection events
2023-10-28 12:55:50,832 [INFO] IPUIPlugin:80 - create IPUIPlugin
2023-10-28 12:55:50,832 [INFO] PluginManager:220 - loadIPPluginJar : add mdma
2023-10-28 12:55:50,837 [INFO] IPUIPlugin:80 - create IPUIPlugin
2023-10-28 12:55:50,837 [INFO] PluginManager:220 - loadIPPluginJar : add freertos
2023-10-28 12:55:50,840 [INFO] IPUIPlugin:80 - create IPUIPlugin
2023-10-28 12:55:50,840 [INFO] PluginManager:220 - loadIPPluginJar : add gic
2023-10-28 12:55:50,845 [INFO] IPUIPlugin:80 - create IPUIPlugin
2023-10-28 12:55:50,845 [INFO] PluginManager:220 - loadIPPluginJar : add adc
2023-10-28 12:55:50,846 [INFO] IPUIPlugin:80 - create IPUIPlugin
2023-10-28 12:55:50,847 [INFO] PluginManager:220 - loadIPPluginJar : add gtzc
2023-10-28 12:55:50,847 [INFO] IPUIPlugin:80 - create IPUIPlugin
2023-10-28 12:55:50,847 [INFO] PluginManager:220 - loadIPPluginJar : add quadspi
2023-10-28 12:55:50,848 [INFO] IPUIPlugin:80 - create IPUIPlugin
2023-10-28 12:55:50,848 [INFO] PluginManager:220 - loadIPPluginJar : add aes
2023-10-28 12:55:50,850 [INFO] IPUIPlugin:80 - create IPUIPlugin
2023-10-28 12:55:50,850 [INFO] PluginManager:220 - loadIPPluginJar : add pdm2pcm
2023-10-28 12:55:50,851 [INFO] IPUIPlugin:80 - create IPUIPlugin
2023-10-28 12:55:50,851 [INFO] PluginManager:220 - loadIPPluginJar : add hash
2023-10-28 12:55:50,852 [INFO] IPUIPlugin:80 - create IPUIPlugin
2023-10-28 12:55:50,852 [INFO] PluginManager:220 - loadIPPluginJar : add tim
2023-10-28 12:55:50,852 [INFO] IPUIPlugin:80 - create IPUIPlugin
2023-10-28 12:55:50,852 [INFO] PluginManager:220 - loadIPPluginJar : add tsc
2023-10-28 12:55:50,853 [INFO] IPUIPlugin:80 - create IPUIPlugin
2023-10-28 12:55:50,853 [INFO] PluginManager:220 - loadIPPluginJar : add ts
2023-10-28 12:55:50,854 [INFO] IPUIPlugin:80 - create IPUIPlugin
2023-10-28 12:55:50,854 [INFO] PluginManager:220 - loadIPPluginJar : add can
2023-10-28 12:55:50,855 [INFO] IPUIPlugin:80 - create IPUIPlugin
2023-10-28 12:55:50,855 [INFO] PluginManager:220 - loadIPPluginJar : add dma3
2023-10-28 12:55:50,856 [INFO] IPUIPlugin:80 - create IPUIPlugin
2023-10-28 12:55:50,857 [INFO] PluginManager:220 - loadIPPluginJar : add dfsdm
2023-10-28 12:55:50,857 [INFO] IPUIPlugin:80 - create IPUIPlugin
2023-10-28 12:55:50,857 [INFO] PluginManager:220 - loadIPPluginJar : add spi
2023-10-28 12:55:50,858 [INFO] IPUIPlugin:80 - create IPUIPlugin
2023-10-28 12:55:50,858 [INFO] PluginManager:220 - loadIPPluginJar : add gfxmmu
2023-10-28 12:55:50,859 [INFO] IPUIPlugin:80 - create IPUIPlugin
2023-10-28 12:55:50,859 [INFO] PluginManager:220 - loadIPPluginJar : add genericplugin
2023-10-28 12:55:50,860 [INFO] IPUIPlugin:80 - create IPUIPlugin
2023-10-28 12:55:50,860 [INFO] PluginManager:220 - loadIPPluginJar : add cryp
2023-10-28 12:55:50,862 [INFO] IPUIPlugin:80 - create IPUIPlugin
2023-10-28 12:55:50,862 [INFO] PluginManager:220 - loadIPPluginJar : add gpio
2023-10-28 12:55:50,862 [INFO] IPUIPlugin:80 - create IPUIPlugin
2023-10-28 12:55:50,862 [INFO] PluginManager:220 - loadIPPluginJar : add comp
2023-10-28 12:55:50,863 [INFO] IPUIPlugin:80 - create IPUIPlugin
2023-10-28 12:55:50,863 [INFO] PluginManager:220 - loadIPPluginJar : add tracer_emb
2023-10-28 12:55:50,865 [INFO] IPUIPlugin:80 - create IPUIPlugin
2023-10-28 12:55:50,865 [INFO] PluginManager:220 - loadIPPluginJar : add openamp
2023-10-28 12:55:50,867 [INFO] IPUIPlugin:80 - create IPUIPlugin
2023-10-28 12:55:50,867 [INFO] PluginManager:220 - loadIPPluginJar : add stm32_wpan
2023-10-28 12:55:50,870 [INFO] IPUIPlugin:80 - create IPUIPlugin
2023-10-28 12:55:50,871 [INFO] PluginManager:220 - loadIPPluginJar : add plateformsettings
2023-10-28 12:55:50,877 [INFO] IPUIPlugin:80 - create IPUIPlugin
2023-10-28 12:55:50,877 [INFO] PluginManager:220 - loadIPPluginJar : add ipddr
2023-10-28 12:55:50,881 [INFO] IPUIPlugin:80 - create IPUIPlugin
2023-10-28 12:55:50,881 [INFO] PluginManager:220 - loadIPPluginJar : add usart
2023-10-28 12:55:50,881 [INFO] IPUIPlugin:80 - create IPUIPlugin
2023-10-28 12:55:50,881 [INFO] PluginManager:220 - loadIPPluginJar : add ltdc
2023-10-28 12:55:50,883 [INFO] IPUIPlugin:80 - create IPUIPlugin
2023-10-28 12:55:50,883 [INFO] PluginManager:220 - loadIPPluginJar : add nvic
2023-10-28 12:55:50,883 [INFO] IPUIPlugin:80 - create IPUIPlugin
2023-10-28 12:55:50,884 [INFO] PluginManager:220 - loadIPPluginJar : add fatfs
2023-10-28 12:55:50,887 [INFO] IPUIPlugin:80 - create IPUIPlugin
2023-10-28 12:55:50,887 [INFO] PluginManager:220 - loadIPPluginJar : add linkedlist
2023-10-28 12:55:50,890 [INFO] IPUIPlugin:80 - create IPUIPlugin
2023-10-28 12:55:50,890 [INFO] PluginManager:220 - loadIPPluginJar : add dma
2023-10-28 12:55:50,892 [INFO] IPUIPlugin:80 - create IPUIPlugin
2023-10-28 12:55:50,892 [INFO] PluginManager:220 - loadIPPluginJar : add fmc
2023-10-28 12:55:50,893 [INFO] IPUIPlugin:80 - create IPUIPlugin
2023-10-28 12:55:50,893 [INFO] PluginManager:220 - loadIPPluginJar : add i2s
2023-10-28 12:55:50,894 [INFO] IPUIPlugin:80 - create IPUIPlugin
2023-10-28 12:55:50,894 [INFO] PluginManager:220 - loadIPPluginJar : add ucpd
2023-10-28 12:55:50,895 [INFO] IPUIPlugin:80 - create IPUIPlugin
2023-10-28 12:55:50,896 [INFO] PluginManager:220 - loadIPPluginJar : add lorawan
2023-10-28 12:55:50,897 [INFO] IPUIPlugin:80 - create IPUIPlugin
2023-10-28 12:55:50,897 [INFO] PluginManager:220 - loadIPPluginJar : add opamp
2023-10-28 12:55:50,898 [INFO] IPUIPlugin:80 - create IPUIPlugin
2023-10-28 12:55:50,898 [INFO] PluginManager:220 - loadIPPluginJar : add i3c
2023-10-28 12:55:50,900 [INFO] IPUIPlugin:80 - create IPUIPlugin
2023-10-28 12:55:50,900 [INFO] PluginManager:220 - loadIPPluginJar : add touchsensing
2023-10-28 12:55:50,902 [INFO] IPUIPlugin:80 - create IPUIPlugin
2023-10-28 12:55:50,902 [INFO] PluginManager:220 - loadIPPluginJar : add i2c
2023-10-28 12:55:50,904 [INFO] IPUIPlugin:80 - create IPUIPlugin
2023-10-28 12:55:50,904 [INFO] PluginManager:220 - loadIPPluginJar : add resmgrutility
2023-10-28 12:55:50,905 [INFO] IPUIPlugin:80 - create IPUIPlugin
2023-10-28 12:55:50,906 [INFO] PluginManager:220 - loadIPPluginJar : add sai
2023-10-28 12:55:50,907 [INFO] IPUIPlugin:80 - create IPUIPlugin
2023-10-28 12:55:50,907 [INFO] PluginManager:220 - loadIPPluginJar : add usbx
2023-10-28 12:55:51,035 [INFO] CADModel:165 - CPN selected for project level
2023-10-28 12:55:51,036 [INFO] CADModel:114 - Register for checkConnection events
2023-10-28 12:55:51,036 [FATAL] Updater:308 - Updater called before beeing initialized
2023-10-28 12:55:51,036 [ERROR] CADModel:125 - Updater not yet initialized, retry later 
2023-10-28 12:55:51,233 [INFO] CADModel:165 - CPN selected for project level
2023-10-28 12:55:51,233 [INFO] CADModel:114 - Register for checkConnection events
2023-10-28 12:55:51,233 [FATAL] Updater:308 - Updater called before beeing initialized
2023-10-28 12:55:51,233 [ERROR] CADModel:125 - Updater not yet initialized, retry later 
2023-10-28 12:55:51,235 [FATAL] Updater:308 - Updater called before beeing initialized
2023-10-28 12:55:51,371 [FATAL] Updater:308 - Updater called before beeing initialized
2023-10-28 12:55:51,380 [INFO] DbMcusAds:53 - JSON generation date=Tue Mar 07 02:50:55 CST 2023 (1678179055114)
2023-10-28 12:55:51,381 [FATAL] Updater:308 - Updater called before beeing initialized
2023-10-28 12:55:51,426 [WARN] DetailPanel:346 - Failed to get advertising image, set to default
2023-10-28 12:55:51,490 [FATAL] Updater:308 - Updater called before beeing initialized
2023-10-28 12:55:51,491 [FATAL] Updater:308 - Updater called before beeing initialized
2023-10-28 12:55:51,491 [FATAL] Updater:308 - Updater called before beeing initialized
2023-10-28 12:55:51,491 [WARN] DetailPanel:346 - Failed to get advertising image, set to default
2023-10-28 12:55:51,494 [FATAL] Updater:308 - Updater called before beeing initialized
2023-10-28 12:55:51,564 [ERROR] Updater:1120 - MainUpdater not yet initialized. External WinMGr cannot be set.
2023-10-28 12:55:51,603 [INFO] Updater:1056 - Updater Version found : 6.9.2
2023-10-28 12:55:51,613 [INFO] ApplicationProperties:184 - Using Application install path: /Applications/STM32CubeIDE.app/Contents/Eclipse/plugins/com.st.stm32cube.common.mx_6.9.2.202309101412
2023-10-28 12:55:51,792 [INFO] MainUpdater:2868 - connection check result : 10
2023-10-28 12:55:51,793 [INFO] MainUpdater:285 - Updater Check For Update Now.
2023-10-28 12:55:51,793 [INFO] MicroXplorer:498 - Change Database Version : DB.6.0.92
2023-10-28 12:55:51,798 [INFO] McuFinderGlobals:63 - Set McuFinder mode to 2 (CubeIDE integrated)
2023-10-28 12:55:51,799 [INFO] UserAuth:179 - activating auth plugin
2023-10-28 12:55:51,805 [INFO] UserAuth:393 - Internet connection configuration mode: 1
2023-10-28 12:55:51,816 [INFO] JxBrowserEngine:151 - Initiate JxBrowser Engine with user profile folder
2023-10-28 12:55:52,063 [INFO] CheckServerUpdateThread:120 - End of CheckServer Thread
2023-10-28 12:55:53,607 [WARN] PackLoader:240 - Cannot read IP mode file for STMicroelectronics.X-CUBE-SMBUS.2.1.0
2023-10-28 12:55:53,685 [WARN] PackLoader:240 - Cannot read IP mode file for STMicroelectronics.X-CUBE-AZRTOS-F7.1.1.0
2023-10-28 12:55:53,717 [WARN] PackLoader:240 - Cannot read IP mode file for STMicroelectronics.FP-SNS-MOTENV1.4.3.2
2023-10-28 12:55:53,737 [WARN] PackLoader:240 - Cannot read IP mode file for STMicroelectronics.FP-SNS-FLIGHT1.5.0.2
2023-10-28 12:55:53,752 [WARN] PackLoader:240 - Cannot read IP mode file for STMicroelectronics.X-CUBE-DISPLAY.3.0.0
2023-10-28 12:55:53,777 [WARN] PackLoader:240 - Cannot read IP mode file for STMicroelectronics.X-CUBE-BLE1.7.0.0
2023-10-28 12:55:53,798 [WARN] PackLoader:240 - Cannot read IP mode file for emotas.I-CUBE-CANOPEN.1.3.0
2023-10-28 12:55:53,806 [WARN] PackLoader:240 - Cannot read IP mode file for STMicroelectronics.X-CUBE-TOUCHGFX.4.22.1
2023-10-28 12:55:53,825 [INFO] LogOutputStream:77 - [STDOUT_REDIRECT] 1 : Invalid condition id : UX_CORESTACK_Condition cause : null
2023-10-28 12:55:53,827 [INFO] LogOutputStream:77 - [STDOUT_REDIRECT] 1 : Invalid condition id : UX_CORESTACK_Condition cause : null
2023-10-28 12:55:53,827 [INFO] LogOutputStream:77 - [STDOUT_REDIRECT] 1 : Invalid condition id : UX_CORESTACK_Condition cause : null
2023-10-28 12:55:53,828 [INFO] LogOutputStream:77 - [STDOUT_REDIRECT] 1 : Invalid condition id : UX_CORESTACK_Condition cause : null
2023-10-28 12:55:53,828 [INFO] LogOutputStream:77 - [STDOUT_REDIRECT] 1 : Invalid condition id : UX_CORESTACK_Condition cause : null
2023-10-28 12:55:53,839 [WARN] PackLoader:240 - Cannot read IP mode file for STMicroelectronics.X-CUBE-AZRTOS-WL.2.0.0
2023-10-28 12:55:53,865 [WARN] PackLoader:240 - Cannot read IP mode file for WES.I-CUBE-Cesium.1.3.0
2023-10-28 12:55:53,884 [WARN] PackLoader:240 - Cannot read IP mode file for STMicroelectronics.X-CUBE-BLE2.3.3.0
2023-10-28 12:55:53,914 [WARN] PackLoader:240 - Cannot read IP mode file for STMicroelectronics.X-CUBE-ALGOBUILD.1.3.0
2023-10-28 12:55:53,951 [WARN] PackLoader:240 - Cannot read IP mode file for STMicroelectronics.X-CUBE-AZRTOS-G0.1.1.0
2023-10-28 12:55:53,970 [WARN] PackLoader:240 - Cannot read IP mode file for STMicroelectronics.X-CUBE-NFC4.3.0.0
2023-10-28 12:55:53,988 [WARN] PackLoader:240 - Cannot read IP mode file for STMicroelectronics.FP-ATR-SIGFOX1.3.2.0
2023-10-28 12:55:53,995 [WARN] PackLoader:240 - Cannot read IP mode file for STMicroelectronics.X-CUBE-GNSS1.6.0.0
2023-10-28 12:55:54,039 [WARN] PackLoader:240 - Cannot read IP mode file for STMicroelectronics.X-CUBE-AZRTOS-F4.1.1.0
2023-10-28 12:55:54,050 [WARN] PackLoader:240 - Cannot read IP mode file for wolfSSL.I-CUBE-wolfSSL.5.6.3
2023-10-28 12:55:54,086 [WARN] PackLoader:240 - Cannot read IP mode file for STMicroelectronics.X-CUBE-AZRTOS-L5.2.0.0
2023-10-28 12:55:54,102 [WARN] PackLoader:240 - Cannot read IP mode file for STMicroelectronics.X-CUBE-EEPRMA1.4.2.0
2023-10-28 12:55:54,123 [WARN] PackLoader:240 - Cannot read IP mode file for ITTIA_DB.I-CUBE-ITTIADB.8.8.0
2023-10-28 12:55:54,148 [WARN] PackLoader:240 - Cannot read IP mode file for STMicroelectronics.X-CUBE-BLEMGR.2.0.0
2023-10-28 12:55:54,189 [WARN] ConditionMgr:438 - getConditionDescription Invalid condition id : UX DEVICE CLASS RTOS Condition cause : null
2023-10-28 12:55:54,190 [WARN] ConditionMgr:438 - getConditionDescription Invalid condition id : UX DEVICE CLASS RTOS Condition cause : null
2023-10-28 12:55:54,207 [WARN] PackLoader:240 - Cannot read IP mode file for STMicroelectronics.X-CUBE-AZRTOS-H7.3.1.0
2023-10-28 12:55:54,210 [WARN] ConditionMgr:1039 - genDependencies : Invalid condition id : UX DEVICE CLASS RTOS Condition cause : null
2023-10-28 12:55:54,210 [WARN] ConditionMgr:1039 - genDependencies : Invalid condition id : UX DEVICE CLASS RTOS Condition cause : null
2023-10-28 12:55:54,211 [WARN] ConditionMgr:1039 - genDependencies : Invalid condition id : UX DEVICE CLASS RTOS Condition cause : null
2023-10-28 12:55:54,215 [WARN] ConditionMgr:1039 - genDependencies : Invalid condition id : UX DEVICE CLASS RTOS Condition cause : null
2023-10-28 12:55:54,216 [WARN] ConditionMgr:1039 - genDependencies : Invalid condition id : UX DEVICE CLASS RTOS Condition cause : null
2023-10-28 12:55:54,241 [WARN] PackLoader:240 - Cannot read IP mode file for STMicroelectronics.X-CUBE-NFC7.1.0.1
2023-10-28 12:55:54,248 [WARN] PackLoader:240 - Cannot read IP mode file for STMicroelectronics.X-CUBE-EEPRMA1.4.1.0
2023-10-28 12:55:54,262 [WARN] PackLoader:240 - Cannot read IP mode file for STMicroelectronics.X-CUBE-AI.8.1.0
2023-10-28 12:55:54,310 [WARN] ConditionMgr:438 - getConditionDescription Invalid condition id : LAN8742 Phy interface Condition cause : null
2023-10-28 12:55:54,311 [WARN] PackLoader:240 - Cannot read IP mode file for STMicroelectronics.X-CUBE-AZRTOS-L4.2.0.0
2023-10-28 12:55:54,315 [WARN] ConditionMgr:1039 - genDependencies : Invalid condition id : LAN8742 Phy interface Condition cause : null
2023-10-28 12:55:54,371 [WARN] ConditionMgr:1039 - genDependencies : Invalid condition id : LAN8742 Phy interface Condition cause : null
2023-10-28 12:55:54,385 [WARN] ConditionMgr:1039 - genDependencies : Invalid condition id : LAN8742 Phy interface Condition cause : null
2023-10-28 12:55:54,432 [WARN] PackLoader:240 - Cannot read IP mode file for STMicroelectronics.X-CUBE-SFXS2LP1.4.0.0
2023-10-28 12:55:54,445 [WARN] PackLoader:240 - Cannot read IP mode file for STMicroelectronics.X-CUBE-ISPU.1.1.0
2023-10-28 12:55:54,456 [WARN] ConditionMgr:438 - getConditionDescription Invalid condition id : UX DEVICE CLASS RTOS Condition cause : null
2023-10-28 12:55:54,456 [WARN] ConditionMgr:438 - getConditionDescription Invalid condition id : UX DEVICE CLASS RTOS Condition cause : null
2023-10-28 12:55:54,461 [WARN] PackLoader:240 - Cannot read IP mode file for STMicroelectronics.X-CUBE-AZRTOS-WB.2.0.0
2023-10-28 12:55:54,462 [WARN] ConditionMgr:1039 - genDependencies : Invalid condition id : UX DEVICE CLASS RTOS Condition cause : null
2023-10-28 12:55:54,462 [WARN] ConditionMgr:1039 - genDependencies : Invalid condition id : UX DEVICE CLASS RTOS Condition cause : null
2023-10-28 12:55:54,463 [WARN] ConditionMgr:1039 - genDependencies : Invalid condition id : UX DEVICE CLASS RTOS Condition cause : null
2023-10-28 12:55:54,464 [WARN] ConditionMgr:1039 - genDependencies : Invalid condition id : UX DEVICE CLASS RTOS Condition cause : null
2023-10-28 12:55:54,464 [WARN] ConditionMgr:1039 - genDependencies : Invalid condition id : UX DEVICE CLASS RTOS Condition cause : null
2023-10-28 12:55:54,493 [WARN] PackLoader:240 - Cannot read IP mode file for STMicroelectronics.X-CUBE-SUBG2.5.0.0
2023-10-28 12:55:54,512 [WARN] PackLoader:240 - Cannot read IP mode file for STMicroelectronics.X-CUBE-TOF1.3.3.1
2023-10-28 12:55:54,559 [WARN] PackLoader:240 - Cannot read IP mode file for STMicroelectronics.X-CUBE-AZRTOS-G4.2.0.0
2023-10-28 12:55:54,597 [WARN] PackLoader:240 - Cannot read IP mode file for Infineon.AIROC-Wi-Fi-Bluetooth-STM32.1.5.1
2023-10-28 12:55:54,628 [WARN] PackLoader:240 - Cannot read IP mode file for STMicroelectronics.X-CUBE-FREERTOS.1.1.0
2023-10-28 12:55:54,635 [WARN] PackLoader:240 - Cannot read IP mode file for portGmbH.I-Cube-SoM-uGOAL.1.1.0
2023-10-28 12:55:54,638 [WARN] PackLoader:240 - Cannot read IP mode file for STMicroelectronics.X-CUBE-ALS.1.0.1
2023-10-28 12:55:54,641 [WARN] PackLoader:240 - Cannot read IP mode file for STMicroelectronics.FP-ATR-ASTRA1.2.0.0
2023-10-28 12:55:54,649 [INFO] ThirdParty:978 - Integrity check success = true
2023-10-28 12:55:54,649 [INFO] IntegrityCheckThread:100 - exiting critical section [integrity check]
2023-10-28 12:55:54,649 [INFO] IntegrityCheckThread:103 - End integrity checks thread
2023-10-28 12:55:55,750 [INFO] WebApp:157 - Instantiating new browser for Auth
2023-10-28 12:55:56,386 [INFO] WebApp:753 - Register for checkConnection events
2023-10-28 12:55:56,386 [INFO] WebApp:390 - Apply proxy settings
2023-10-28 12:55:56,394 [INFO] WebApp:455 - Chromium authenticates against System proxy
2023-10-28 12:55:56,513 [INFO] WebApp:188 - Starting web application
2023-10-28 12:55:56,515 [INFO] WebApp:520 - Web application path used /Applications/STM32CubeIDE.app/Contents/Eclipse/plugins/com.st.stm32cube.common.mx_6.9.2.202309101412/db/plugins/mcufinder/reactClient1/index.html
2023-10-28 12:56:17,517 [ERROR] LogOutputStream:75 - [STDERR_REDIRECT] SLF4J: Failed to load class "org.slf4j.impl.StaticLoggerBinder".
2023-10-28 12:56:17,518 [ERROR] LogOutputStream:75 - [STDERR_REDIRECT] SLF4J: Defaulting to no-operation (NOP) logger implementation
2023-10-28 12:56:17,519 [ERROR] LogOutputStream:75 - [STDERR_REDIRECT] SLF4J: See http://www.slf4j.org/codes.html#StaticLoggerBinder for further details.
2023-10-28 13:06:19,456 [ERROR] ConfigurationRetriever:142 - IOException on connection: Read timed out
2023-10-28 13:06:21,515 [ERROR] ConfigurationRetriever:142 - IOException on connection: Read timed out
