2023-10-29 01:55:04,452 [ERROR] LogOutputStream:75 - [STDERR_REDIRECT] 
2023-10-29 11:38:54,589 [INFO] Activator:176 - 


2023-10-29 11:38:54,592 [INFO] Activator:177 - !SESSION log4j initialized
2023-10-29 11:38:59,071 [ERROR] LogOutputStream:75 - [STDERR_REDIRECT] 
2023-10-29 11:38:59,849 [INFO] LogOutputStream:77 - [STDOUT_REDIRECT] 
2023-10-29 11:39:01,978 [INFO] LogOutputStream:77 - [STDOUT_REDIRECT] 
2023-10-29 11:39:03,836 [ERROR] LogOutputStream:75 - [STDERR_REDIRECT] java.net.URISyntaxException: Illegal character in path at index 55: file:/Users/brandonrobb/Documents/CPSC-3300/Programming Assignmentds/.metadata/.log4j2.xml
2023-10-29 11:39:03,840 [ERROR] LogOutputStream:75 - [STDERR_REDIRECT] 	at java.base/java.net.URI$Parser.fail(URI.java:2974)
2023-10-29 11:39:03,841 [ERROR] LogOutputStream:75 - [STDERR_REDIRECT] 	at java.base/java.net.URI$Parser.checkChars(URI.java:3145)
2023-10-29 11:39:03,841 [ERROR] LogOutputStream:75 - [STDERR_REDIRECT] 	at java.base/java.net.URI$Parser.parseHierarchical(URI.java:3227)
2023-10-29 11:39:03,845 [ERROR] LogOutputStream:75 - [STDERR_REDIRECT] 	at java.base/java.net.URI$Parser.parse(URI.java:3175)
2023-10-29 11:39:03,847 [ERROR] LogOutputStream:75 - [STDERR_REDIRECT] 	at java.base/java.net.URI.<init>(URI.java:623)
2023-10-29 11:39:03,848 [ERROR] LogOutputStream:75 - [STDERR_REDIRECT] 	at java.base/java.net.URL.toURI(URL.java:1056)
2023-10-29 11:39:03,848 [ERROR] LogOutputStream:75 - [STDERR_REDIRECT] 	at com.st.stm32cube.common.mx.core.CubeMxInstance.getInstance(CubeMxInstance.java:81)
2023-10-29 11:39:03,848 [ERROR] LogOutputStream:75 - [STDERR_REDIRECT] 	at com.st.stm32cube.common.mx.userauth.UserAuthAdapter.<init>(UserAuthAdapter.java:18)
2023-10-29 11:39:03,848 [ERROR] LogOutputStream:75 - [STDERR_REDIRECT] 	at com.st.stm32cube.common.mx.userauth.UserAuthProvider.getUserAuthAdapter(UserAuthProvider.java:9)
2023-10-29 11:39:03,849 [ERROR] LogOutputStream:75 - [STDERR_REDIRECT] 	at com.st.stm32cube.common.ecosystemintegration.ui.core.MCUEcoSystemIntegrationUiHelper.getUserAuth(MCUEcoSystemIntegrationUiHelper.java:100)
2023-10-29 11:39:03,849 [ERROR] LogOutputStream:75 - [STDERR_REDIRECT] 	at com.st.stm32cube.ide.mcu.userauth.UserAuthStartup.earlyStartup(UserAuthStartup.java:41)
2023-10-29 11:39:03,850 [ERROR] LogOutputStream:75 - [STDERR_REDIRECT] 	at org.eclipse.ui.internal.EarlyStartupRunnable.runEarlyStartup(EarlyStartupRunnable.java:79)
2023-10-29 11:39:03,850 [ERROR] LogOutputStream:75 - [STDERR_REDIRECT] 	at org.eclipse.ui.internal.EarlyStartupRunnable.run(EarlyStartupRunnable.java:55)
2023-10-29 11:39:03,850 [ERROR] LogOutputStream:75 - [STDERR_REDIRECT] 	at org.eclipse.core.runtime.SafeRunner.run(SafeRunner.java:45)
2023-10-29 11:39:03,850 [ERROR] LogOutputStream:75 - [STDERR_REDIRECT] 	at org.eclipse.ui.internal.Workbench$39.run(Workbench.java:2656)
2023-10-29 11:39:03,850 [ERROR] LogOutputStream:75 - [STDERR_REDIRECT] 	at org.eclipse.core.internal.jobs.Worker.run(Worker.java:63)
2023-10-29 11:39:04,023 [INFO] ApplicationProperties:184 - Using Application install path: /Applications/STM32CubeIDE.app/Contents/Eclipse/plugins/com.st.stm32cube.common.mx_6.9.2.202309101412
2023-10-29 11:39:04,039 [INFO] DbMcusXml:78 - Set database path to: /Applications/STM32CubeIDE.app/Contents/Eclipse/plugins/com.st.stm32cube.common.mx_6.9.2.202309101412//db//mcu/
2023-10-29 11:39:04,039 [INFO] ApiDb:274 - Set plugin database path to: /Applications/STM32CubeIDE.app/Contents/Eclipse/plugins/com.st.stm32cube.common.mx_6.9.2.202309101412//db//plugins/boardmanager/
2023-10-29 11:39:04,040 [WARN] ApiDb:259 - Overriding images path with different value:  => /Applications/STM32CubeIDE.app/Contents/Eclipse/plugins/com.st.stm32cube.common.mx_6.9.2.202309101412//db//plugins/mcufinder/images/
2023-10-29 11:39:04,056 [INFO] ApiDb:250 - Set database path to: /Users/brandonrobb/.stmcufinder/plugins/mcufinder//mcu/
2023-10-29 11:39:04,057 [INFO] DbMcusAds:125 - Set database path to: /Users/brandonrobb/.stmcufinder/plugins/mcufinder//mcu/
2023-10-29 11:39:04,058 [INFO] CrossReferenceDbSqlite:203 - Set database path to: /Users/brandonrobb/.stmcufinder/plugins/mcufinder//mcu/cs/
2023-10-29 11:39:04,176 [INFO] RulesReader:64 - Compatibility file has been processed (293 Rules)
2023-10-29 11:39:04,230 [INFO] DbMcusXml:78 - Set database path to: /Applications/STM32CubeIDE.app/Contents/Eclipse/plugins/com.st.stm32cube.common.mx_6.9.2.202309101412//db//mcu/
2023-10-29 11:39:04,231 [INFO] ApiDb:274 - Set plugin database path to: /Applications/STM32CubeIDE.app/Contents/Eclipse/plugins/com.st.stm32cube.common.mx_6.9.2.202309101412//db//plugins/boardmanager/
2023-10-29 11:39:04,231 [INFO] ApiDb:261 - Set plugin images path to: /Applications/STM32CubeIDE.app/Contents/Eclipse/plugins/com.st.stm32cube.common.mx_6.9.2.202309101412//db//plugins/mcufinder/images/
2023-10-29 11:39:04,231 [WARN] DbFile:41 - Overriding database path with different value: /Users/brandonrobb/.stmcufinder/plugins/mcufinder/ => /Users/brandonrobb/.stmcufinder/plugins/mcufinder
2023-10-29 11:39:04,231 [INFO] ApiDb:250 - Set database path to: /Users/brandonrobb/.stmcufinder/plugins/mcufinder//mcu/
2023-10-29 11:39:04,231 [WARN] DbFile:41 - Overriding database path with different value: /Users/brandonrobb/.stmcufinder/plugins/mcufinder/ => /Users/brandonrobb/.stmcufinder/plugins/mcufinder
2023-10-29 11:39:04,231 [INFO] DbMcusAds:125 - Set database path to: /Users/brandonrobb/.stmcufinder/plugins/mcufinder//mcu/
2023-10-29 11:39:04,231 [WARN] DbFile:41 - Overriding database path with different value: /Users/brandonrobb/.stmcufinder/plugins/mcufinder/ => /Users/brandonrobb/.stmcufinder/plugins/mcufinder
2023-10-29 11:39:04,231 [WARN] DbFile:41 - Overriding database path with different value: /Users/brandonrobb/.stmcufinder/plugins/mcufinder/ => /Users/brandonrobb/.stmcufinder/plugins/mcufinder
2023-10-29 11:39:04,231 [INFO] CrossReferenceDbSqlite:203 - Set database path to: /Users/brandonrobb/.stmcufinder/plugins/mcufinder//mcu/cs/
2023-10-29 11:39:04,390 [INFO] MainPanel:262 - HeapMemory: 268435456
2023-10-29 11:39:04,466 [INFO] DbMcusXml:78 - Set database path to: /Applications/STM32CubeIDE.app/Contents/Eclipse/plugins/com.st.stm32cube.common.mx_6.9.2.202309101412//db//mcu/
2023-10-29 11:39:04,466 [INFO] ApiDb:274 - Set plugin database path to: /Applications/STM32CubeIDE.app/Contents/Eclipse/plugins/com.st.stm32cube.common.mx_6.9.2.202309101412//db//plugins/boardmanager/
2023-10-29 11:39:04,467 [INFO] ApiDb:261 - Set plugin images path to: /Applications/STM32CubeIDE.app/Contents/Eclipse/plugins/com.st.stm32cube.common.mx_6.9.2.202309101412//db//plugins/mcufinder/images/
2023-10-29 11:39:04,468 [WARN] DbFile:41 - Overriding database path with different value: /Users/brandonrobb/.stmcufinder/plugins/mcufinder/ => /Users/brandonrobb/.stmcufinder/plugins/mcufinder
2023-10-29 11:39:04,468 [INFO] ApiDb:250 - Set database path to: /Users/brandonrobb/.stmcufinder/plugins/mcufinder//mcu/
2023-10-29 11:39:04,468 [WARN] DbFile:41 - Overriding database path with different value: /Users/brandonrobb/.stmcufinder/plugins/mcufinder/ => /Users/brandonrobb/.stmcufinder/plugins/mcufinder
2023-10-29 11:39:04,468 [INFO] DbMcusAds:125 - Set database path to: /Users/brandonrobb/.stmcufinder/plugins/mcufinder//mcu/
2023-10-29 11:39:04,468 [WARN] DbFile:41 - Overriding database path with different value: /Users/brandonrobb/.stmcufinder/plugins/mcufinder/ => /Users/brandonrobb/.stmcufinder/plugins/mcufinder
2023-10-29 11:39:04,468 [WARN] DbFile:41 - Overriding database path with different value: /Users/brandonrobb/.stmcufinder/plugins/mcufinder/ => /Users/brandonrobb/.stmcufinder/plugins/mcufinder
2023-10-29 11:39:04,468 [INFO] CrossReferenceDbSqlite:203 - Set database path to: /Users/brandonrobb/.stmcufinder/plugins/mcufinder//mcu/cs/
2023-10-29 11:39:04,486 [INFO] ApplicationProperties:184 - Using Application install path: /Applications/STM32CubeIDE.app/Contents/Eclipse/plugins/com.st.stm32cube.common.mx_6.9.2.202309101412
2023-10-29 11:39:04,487 [INFO] PluginManage:196 - Search for loadable plugins [exclusion list=, ]
2023-10-29 11:39:04,489 [INFO] PluginManage:310 - Check plugin analytics
2023-10-29 11:39:04,655 [INFO] AnalyticsPlugin:253 - Accepted Software Licenses: 
2023-10-29 11:39:04,657 [INFO] AnalyticsPlugin:255 - Accepted CMSIS Pack Licenses: 
2023-10-29 11:39:04,657 [INFO] AnalyticsPlugin:257 - Accepted Firmware Licenses: 
2023-10-29 11:39:04,665 [INFO] PluginManage:359 - Loaded plugin analytics (category:tool,tabindex:-1)
2023-10-29 11:39:04,667 [INFO] PluginManage:310 - Check plugin cadmodel
2023-10-29 11:39:05,091 [INFO] CADModel:105 - Init CAD model plugin
2023-10-29 11:39:05,091 [INFO] PluginManage:359 - Loaded plugin cadmodel (category:power,tabindex:5)
2023-10-29 11:39:05,092 [INFO] PluginManage:310 - Check plugin clock
2023-10-29 11:39:05,100 [INFO] PluginManage:359 - Loaded plugin clock (category:base,tabindex:2)
2023-10-29 11:39:05,100 [INFO] PluginManage:310 - Check plugin ddr
2023-10-29 11:39:05,102 [INFO] PluginManage:359 - Loaded plugin ddr (category:tool,tabindex:6)
2023-10-29 11:39:05,102 [INFO] PluginManage:310 - Check plugin filemanager
2023-10-29 11:39:05,219 [INFO] PluginManage:359 - Loaded plugin filemanager (category:base,tabindex:10)
2023-10-29 11:39:05,219 [INFO] PluginManage:310 - Check plugin ipmanager
2023-10-29 11:39:05,225 [INFO] PluginManage:359 - Loaded plugin ipmanager (category:base,tabindex:5)
2023-10-29 11:39:05,225 [INFO] PluginManage:310 - Check plugin lpbam
2023-10-29 11:39:05,230 [INFO] PluginManage:359 - Loaded plugin lpbam (category:base,tabindex:0)
2023-10-29 11:39:05,230 [INFO] PluginManage:310 - Check plugin memorymap
2023-10-29 11:39:05,238 [INFO] PluginManage:359 - Loaded plugin memorymap (category:base,tabindex:4)
2023-10-29 11:39:05,238 [INFO] PluginManage:310 - Check plugin pinoutandconfiguration
2023-10-29 11:39:05,241 [INFO] PluginManage:359 - Loaded plugin pinoutandconfiguration (category:base,tabindex:1)
2023-10-29 11:39:05,241 [INFO] PluginManage:310 - Check plugin pinoutconfig
2023-10-29 11:39:05,329 [WARN] SupportedApi:132 - Cannot load RTOS API schema: s4s-elt-must-match.1: The content of 'definitions' must match (annotation?, (simpleType | complexType)?, (unique | key | keyref)*)). A problem was found starting at: attribute.
2023-10-29 11:39:05,439 [INFO] PluginManage:359 - Loaded plugin pinoutconfig (category:base,tabindex:0)
2023-10-29 11:39:05,439 [INFO] PluginManage:310 - Check plugin power
2023-10-29 11:39:05,447 [INFO] PluginManage:359 - Loaded plugin power (category:power,tabindex:4)
2023-10-29 11:39:05,447 [INFO] PluginManage:310 - Check plugin projectmanager
2023-10-29 11:39:05,471 [INFO] PluginManage:359 - Loaded plugin projectmanager (category:projectmanager,tabindex:3)
2023-10-29 11:39:05,471 [INFO] PluginManage:310 - Check plugin thirdparty
2023-10-29 11:39:05,770 [INFO] PluginManage:359 - Loaded plugin thirdparty (category:base,tabindex:-1)
2023-10-29 11:39:05,770 [WARN] IntegrityCheckThread:84 - waiting for thirdparty lock release [integrity check]
2023-10-29 11:39:05,772 [INFO] IntegrityCheckThread:86 - entering critical section [integrity check]
2023-10-29 11:39:05,772 [INFO] PluginManage:310 - Check plugin tools
2023-10-29 11:39:05,772 [INFO] ThirdPartyUpdaterWithRetryManager:70 - Updater plugin not ready yet. [1/15]
2023-10-29 11:39:05,779 [INFO] PluginManage:359 - Loaded plugin tools (category:base,tabindex:7)
2023-10-29 11:39:05,779 [INFO] PluginManage:310 - Check plugin tutovideos
2023-10-29 11:39:05,919 [INFO] PluginManage:359 - Loaded plugin tutovideos (category:base,tabindex:-1)
2023-10-29 11:39:05,919 [INFO] PluginManage:310 - Check plugin updater
2023-10-29 11:39:05,931 [INFO] PluginManage:359 - Loaded plugin updater (category:base,tabindex:12)
2023-10-29 11:39:05,931 [INFO] PluginManage:310 - Check plugin userauth
2023-10-29 11:39:05,935 [INFO] UserAuth:113 - Init User Auth plugin
2023-10-29 11:39:05,935 [INFO] PluginManage:359 - Loaded plugin userauth (category:base,tabindex:14)
2023-10-29 11:39:05,936 [INFO] PluginManage:283 - PluginManage : Loaded plugins [17]
2023-10-29 11:39:06,356 [INFO] PinOutPanel:1499 - setPackage(No Configuration,No Configuration)
2023-10-29 11:39:06,462 [INFO] CADModel:165 - CPN selected for project level
2023-10-29 11:39:06,462 [INFO] CADModel:114 - Register for checkConnection events
2023-10-29 11:39:06,473 [INFO] IPUIPlugin:80 - create IPUIPlugin
2023-10-29 11:39:06,474 [INFO] PluginManager:220 - loadIPPluginJar : add mdma
2023-10-29 11:39:06,478 [INFO] IPUIPlugin:80 - create IPUIPlugin
2023-10-29 11:39:06,478 [INFO] PluginManager:220 - loadIPPluginJar : add freertos
2023-10-29 11:39:06,481 [INFO] IPUIPlugin:80 - create IPUIPlugin
2023-10-29 11:39:06,481 [INFO] PluginManager:220 - loadIPPluginJar : add gic
2023-10-29 11:39:06,485 [INFO] IPUIPlugin:80 - create IPUIPlugin
2023-10-29 11:39:06,485 [INFO] PluginManager:220 - loadIPPluginJar : add adc
2023-10-29 11:39:06,487 [INFO] IPUIPlugin:80 - create IPUIPlugin
2023-10-29 11:39:06,487 [INFO] PluginManager:220 - loadIPPluginJar : add gtzc
2023-10-29 11:39:06,488 [INFO] IPUIPlugin:80 - create IPUIPlugin
2023-10-29 11:39:06,488 [INFO] PluginManager:220 - loadIPPluginJar : add quadspi
2023-10-29 11:39:06,489 [INFO] IPUIPlugin:80 - create IPUIPlugin
2023-10-29 11:39:06,489 [INFO] PluginManager:220 - loadIPPluginJar : add aes
2023-10-29 11:39:06,491 [INFO] IPUIPlugin:80 - create IPUIPlugin
2023-10-29 11:39:06,491 [INFO] PluginManager:220 - loadIPPluginJar : add pdm2pcm
2023-10-29 11:39:06,493 [INFO] IPUIPlugin:80 - create IPUIPlugin
2023-10-29 11:39:06,493 [INFO] PluginManager:220 - loadIPPluginJar : add hash
2023-10-29 11:39:06,494 [INFO] IPUIPlugin:80 - create IPUIPlugin
2023-10-29 11:39:06,494 [INFO] PluginManager:220 - loadIPPluginJar : add tim
2023-10-29 11:39:06,494 [INFO] IPUIPlugin:80 - create IPUIPlugin
2023-10-29 11:39:06,494 [INFO] PluginManager:220 - loadIPPluginJar : add tsc
2023-10-29 11:39:06,496 [INFO] IPUIPlugin:80 - create IPUIPlugin
2023-10-29 11:39:06,496 [INFO] PluginManager:220 - loadIPPluginJar : add ts
2023-10-29 11:39:06,497 [INFO] IPUIPlugin:80 - create IPUIPlugin
2023-10-29 11:39:06,497 [INFO] PluginManager:220 - loadIPPluginJar : add can
2023-10-29 11:39:06,498 [INFO] IPUIPlugin:80 - create IPUIPlugin
2023-10-29 11:39:06,499 [INFO] PluginManager:220 - loadIPPluginJar : add dma3
2023-10-29 11:39:06,501 [INFO] IPUIPlugin:80 - create IPUIPlugin
2023-10-29 11:39:06,501 [INFO] PluginManager:220 - loadIPPluginJar : add dfsdm
2023-10-29 11:39:06,501 [INFO] IPUIPlugin:80 - create IPUIPlugin
2023-10-29 11:39:06,502 [INFO] PluginManager:220 - loadIPPluginJar : add spi
2023-10-29 11:39:06,503 [INFO] IPUIPlugin:80 - create IPUIPlugin
2023-10-29 11:39:06,504 [INFO] PluginManager:220 - loadIPPluginJar : add gfxmmu
2023-10-29 11:39:06,504 [INFO] IPUIPlugin:80 - create IPUIPlugin
2023-10-29 11:39:06,504 [INFO] PluginManager:220 - loadIPPluginJar : add genericplugin
2023-10-29 11:39:06,505 [INFO] IPUIPlugin:80 - create IPUIPlugin
2023-10-29 11:39:06,506 [INFO] PluginManager:220 - loadIPPluginJar : add cryp
2023-10-29 11:39:06,507 [INFO] IPUIPlugin:80 - create IPUIPlugin
2023-10-29 11:39:06,507 [INFO] PluginManager:220 - loadIPPluginJar : add gpio
2023-10-29 11:39:06,508 [INFO] IPUIPlugin:80 - create IPUIPlugin
2023-10-29 11:39:06,508 [INFO] PluginManager:220 - loadIPPluginJar : add comp
2023-10-29 11:39:06,509 [INFO] IPUIPlugin:80 - create IPUIPlugin
2023-10-29 11:39:06,509 [INFO] PluginManager:220 - loadIPPluginJar : add tracer_emb
2023-10-29 11:39:06,511 [INFO] IPUIPlugin:80 - create IPUIPlugin
2023-10-29 11:39:06,511 [INFO] PluginManager:220 - loadIPPluginJar : add openamp
2023-10-29 11:39:06,514 [INFO] IPUIPlugin:80 - create IPUIPlugin
2023-10-29 11:39:06,514 [INFO] PluginManager:220 - loadIPPluginJar : add stm32_wpan
2023-10-29 11:39:06,516 [INFO] IPUIPlugin:80 - create IPUIPlugin
2023-10-29 11:39:06,519 [INFO] PluginManager:220 - loadIPPluginJar : add plateformsettings
2023-10-29 11:39:06,521 [INFO] IPUIPlugin:80 - create IPUIPlugin
2023-10-29 11:39:06,522 [INFO] PluginManager:220 - loadIPPluginJar : add ipddr
2023-10-29 11:39:06,523 [INFO] IPUIPlugin:80 - create IPUIPlugin
2023-10-29 11:39:06,523 [INFO] PluginManager:220 - loadIPPluginJar : add usart
2023-10-29 11:39:06,524 [INFO] IPUIPlugin:80 - create IPUIPlugin
2023-10-29 11:39:06,524 [INFO] PluginManager:220 - loadIPPluginJar : add ltdc
2023-10-29 11:39:06,525 [INFO] IPUIPlugin:80 - create IPUIPlugin
2023-10-29 11:39:06,525 [INFO] PluginManager:220 - loadIPPluginJar : add nvic
2023-10-29 11:39:06,526 [INFO] IPUIPlugin:80 - create IPUIPlugin
2023-10-29 11:39:06,526 [INFO] PluginManager:220 - loadIPPluginJar : add fatfs
2023-10-29 11:39:06,529 [INFO] IPUIPlugin:80 - create IPUIPlugin
2023-10-29 11:39:06,529 [INFO] PluginManager:220 - loadIPPluginJar : add linkedlist
2023-10-29 11:39:06,532 [INFO] IPUIPlugin:80 - create IPUIPlugin
2023-10-29 11:39:06,532 [INFO] PluginManager:220 - loadIPPluginJar : add dma
2023-10-29 11:39:06,534 [INFO] IPUIPlugin:80 - create IPUIPlugin
2023-10-29 11:39:06,535 [INFO] PluginManager:220 - loadIPPluginJar : add fmc
2023-10-29 11:39:06,536 [INFO] IPUIPlugin:80 - create IPUIPlugin
2023-10-29 11:39:06,536 [INFO] PluginManager:220 - loadIPPluginJar : add i2s
2023-10-29 11:39:06,537 [INFO] IPUIPlugin:80 - create IPUIPlugin
2023-10-29 11:39:06,538 [INFO] PluginManager:220 - loadIPPluginJar : add ucpd
2023-10-29 11:39:06,539 [INFO] IPUIPlugin:80 - create IPUIPlugin
2023-10-29 11:39:06,539 [INFO] PluginManager:220 - loadIPPluginJar : add lorawan
2023-10-29 11:39:06,540 [INFO] IPUIPlugin:80 - create IPUIPlugin
2023-10-29 11:39:06,540 [INFO] PluginManager:220 - loadIPPluginJar : add opamp
2023-10-29 11:39:06,541 [INFO] IPUIPlugin:80 - create IPUIPlugin
2023-10-29 11:39:06,541 [INFO] PluginManager:220 - loadIPPluginJar : add i3c
2023-10-29 11:39:06,542 [INFO] IPUIPlugin:80 - create IPUIPlugin
2023-10-29 11:39:06,542 [INFO] PluginManager:220 - loadIPPluginJar : add touchsensing
2023-10-29 11:39:06,543 [INFO] IPUIPlugin:80 - create IPUIPlugin
2023-10-29 11:39:06,543 [INFO] PluginManager:220 - loadIPPluginJar : add i2c
2023-10-29 11:39:06,544 [INFO] IPUIPlugin:80 - create IPUIPlugin
2023-10-29 11:39:06,545 [INFO] PluginManager:220 - loadIPPluginJar : add resmgrutility
2023-10-29 11:39:06,546 [INFO] IPUIPlugin:80 - create IPUIPlugin
2023-10-29 11:39:06,546 [INFO] PluginManager:220 - loadIPPluginJar : add sai
2023-10-29 11:39:06,548 [INFO] IPUIPlugin:80 - create IPUIPlugin
2023-10-29 11:39:06,548 [INFO] PluginManager:220 - loadIPPluginJar : add usbx
2023-10-29 11:39:06,659 [INFO] CADModel:165 - CPN selected for project level
2023-10-29 11:39:06,659 [INFO] CADModel:114 - Register for checkConnection events
2023-10-29 11:39:06,659 [FATAL] Updater:308 - Updater called before beeing initialized
2023-10-29 11:39:06,659 [ERROR] CADModel:125 - Updater not yet initialized, retry later 
2023-10-29 11:39:06,866 [INFO] CADModel:165 - CPN selected for project level
2023-10-29 11:39:06,866 [INFO] CADModel:114 - Register for checkConnection events
2023-10-29 11:39:06,866 [FATAL] Updater:308 - Updater called before beeing initialized
2023-10-29 11:39:06,867 [ERROR] CADModel:125 - Updater not yet initialized, retry later 
2023-10-29 11:39:06,868 [FATAL] Updater:308 - Updater called before beeing initialized
2023-10-29 11:39:06,986 [FATAL] Updater:308 - Updater called before beeing initialized
2023-10-29 11:39:06,996 [INFO] DbMcusAds:53 - JSON generation date=Tue Mar 07 02:50:55 CST 2023 (1678179055114)
2023-10-29 11:39:06,999 [FATAL] Updater:308 - Updater called before beeing initialized
2023-10-29 11:39:07,125 [WARN] DetailPanel:346 - Failed to get advertising image, set to default
2023-10-29 11:39:07,184 [FATAL] Updater:308 - Updater called before beeing initialized
2023-10-29 11:39:07,186 [FATAL] Updater:308 - Updater called before beeing initialized
2023-10-29 11:39:07,186 [FATAL] Updater:308 - Updater called before beeing initialized
2023-10-29 11:39:07,186 [WARN] DetailPanel:346 - Failed to get advertising image, set to default
2023-10-29 11:39:07,188 [FATAL] Updater:308 - Updater called before beeing initialized
2023-10-29 11:39:07,312 [ERROR] Updater:1120 - MainUpdater not yet initialized. External WinMGr cannot be set.
2023-10-29 11:39:07,369 [INFO] Updater:1056 - Updater Version found : 6.9.2
2023-10-29 11:39:07,387 [INFO] ApplicationProperties:184 - Using Application install path: /Applications/STM32CubeIDE.app/Contents/Eclipse/plugins/com.st.stm32cube.common.mx_6.9.2.202309101412
2023-10-29 11:39:07,587 [INFO] MainUpdater:2868 - connection check result : 10
2023-10-29 11:39:07,588 [INFO] MainUpdater:285 - Updater Check For Update Now.
2023-10-29 11:39:07,588 [INFO] MicroXplorer:498 - Change Database Version : DB.6.0.92
2023-10-29 11:39:07,595 [INFO] McuFinderGlobals:63 - Set McuFinder mode to 2 (CubeIDE integrated)
2023-10-29 11:39:07,595 [INFO] UserAuth:179 - activating auth plugin
2023-10-29 11:39:07,608 [INFO] UserAuth:393 - Internet connection configuration mode: 1
2023-10-29 11:39:07,624 [INFO] JxBrowserEngine:151 - Initiate JxBrowser Engine with user profile folder
2023-10-29 11:39:07,825 [INFO] CheckServerUpdateThread:120 - End of CheckServer Thread
2023-10-29 11:39:08,970 [WARN] PackLoader:240 - Cannot read IP mode file for STMicroelectronics.X-CUBE-SMBUS.2.1.0
2023-10-29 11:39:09,083 [WARN] PackLoader:240 - Cannot read IP mode file for STMicroelectronics.X-CUBE-AZRTOS-F7.1.1.0
2023-10-29 11:39:09,126 [WARN] PackLoader:240 - Cannot read IP mode file for STMicroelectronics.FP-SNS-MOTENV1.4.3.2
2023-10-29 11:39:09,147 [WARN] PackLoader:240 - Cannot read IP mode file for STMicroelectronics.FP-SNS-FLIGHT1.5.0.2
2023-10-29 11:39:09,164 [WARN] PackLoader:240 - Cannot read IP mode file for STMicroelectronics.X-CUBE-DISPLAY.3.0.0
2023-10-29 11:39:09,206 [WARN] PackLoader:240 - Cannot read IP mode file for STMicroelectronics.X-CUBE-BLE1.7.0.0
2023-10-29 11:39:09,222 [WARN] PackLoader:240 - Cannot read IP mode file for emotas.I-CUBE-CANOPEN.1.3.0
2023-10-29 11:39:09,227 [WARN] PackLoader:240 - Cannot read IP mode file for STMicroelectronics.X-CUBE-TOUCHGFX.4.22.1
2023-10-29 11:39:09,282 [INFO] LogOutputStream:77 - [STDOUT_REDIRECT] 1 : Invalid condition id : UX_CORESTACK_Condition cause : null
2023-10-29 11:39:09,285 [INFO] LogOutputStream:77 - [STDOUT_REDIRECT] 1 : Invalid condition id : UX_CORESTACK_Condition cause : null
2023-10-29 11:39:09,285 [INFO] LogOutputStream:77 - [STDOUT_REDIRECT] 1 : Invalid condition id : UX_CORESTACK_Condition cause : null
2023-10-29 11:39:09,285 [INFO] LogOutputStream:77 - [STDOUT_REDIRECT] 1 : Invalid condition id : UX_CORESTACK_Condition cause : null
2023-10-29 11:39:09,285 [INFO] LogOutputStream:77 - [STDOUT_REDIRECT] 1 : Invalid condition id : UX_CORESTACK_Condition cause : null
2023-10-29 11:39:09,302 [WARN] PackLoader:240 - Cannot read IP mode file for STMicroelectronics.X-CUBE-AZRTOS-WL.2.0.0
2023-10-29 11:39:09,348 [WARN] PackLoader:240 - Cannot read IP mode file for WES.I-CUBE-Cesium.1.3.0
2023-10-29 11:39:09,363 [WARN] PackLoader:240 - Cannot read IP mode file for STMicroelectronics.X-CUBE-BLE2.3.3.0
2023-10-29 11:39:09,395 [WARN] PackLoader:240 - Cannot read IP mode file for STMicroelectronics.X-CUBE-ALGOBUILD.1.3.0
2023-10-29 11:39:09,429 [WARN] PackLoader:240 - Cannot read IP mode file for STMicroelectronics.X-CUBE-AZRTOS-G0.1.1.0
2023-10-29 11:39:09,443 [WARN] PackLoader:240 - Cannot read IP mode file for STMicroelectronics.X-CUBE-NFC4.3.0.0
2023-10-29 11:39:09,465 [WARN] PackLoader:240 - Cannot read IP mode file for STMicroelectronics.FP-ATR-SIGFOX1.3.2.0
2023-10-29 11:39:09,472 [WARN] PackLoader:240 - Cannot read IP mode file for STMicroelectronics.X-CUBE-GNSS1.6.0.0
2023-10-29 11:39:09,523 [WARN] PackLoader:240 - Cannot read IP mode file for STMicroelectronics.X-CUBE-AZRTOS-F4.1.1.0
2023-10-29 11:39:09,536 [WARN] PackLoader:240 - Cannot read IP mode file for wolfSSL.I-CUBE-wolfSSL.5.6.3
2023-10-29 11:39:09,584 [WARN] PackLoader:240 - Cannot read IP mode file for STMicroelectronics.X-CUBE-AZRTOS-L5.2.0.0
2023-10-29 11:39:09,597 [WARN] PackLoader:240 - Cannot read IP mode file for STMicroelectronics.X-CUBE-EEPRMA1.4.2.0
2023-10-29 11:39:09,610 [WARN] PackLoader:240 - Cannot read IP mode file for ITTIA_DB.I-CUBE-ITTIADB.8.8.0
2023-10-29 11:39:09,624 [WARN] PackLoader:240 - Cannot read IP mode file for STMicroelectronics.X-CUBE-BLEMGR.2.0.0
2023-10-29 11:39:09,647 [WARN] ConditionMgr:438 - getConditionDescription Invalid condition id : UX DEVICE CLASS RTOS Condition cause : null
2023-10-29 11:39:09,648 [WARN] ConditionMgr:438 - getConditionDescription Invalid condition id : UX DEVICE CLASS RTOS Condition cause : null
2023-10-29 11:39:09,659 [WARN] PackLoader:240 - Cannot read IP mode file for STMicroelectronics.X-CUBE-AZRTOS-H7.3.1.0
2023-10-29 11:39:09,662 [WARN] ConditionMgr:1039 - genDependencies : Invalid condition id : UX DEVICE CLASS RTOS Condition cause : null
2023-10-29 11:39:09,662 [WARN] ConditionMgr:1039 - genDependencies : Invalid condition id : UX DEVICE CLASS RTOS Condition cause : null
2023-10-29 11:39:09,663 [WARN] ConditionMgr:1039 - genDependencies : Invalid condition id : UX DEVICE CLASS RTOS Condition cause : null
2023-10-29 11:39:09,664 [WARN] ConditionMgr:1039 - genDependencies : Invalid condition id : UX DEVICE CLASS RTOS Condition cause : null
2023-10-29 11:39:09,664 [WARN] ConditionMgr:1039 - genDependencies : Invalid condition id : UX DEVICE CLASS RTOS Condition cause : null
2023-10-29 11:39:09,675 [WARN] PackLoader:240 - Cannot read IP mode file for STMicroelectronics.X-CUBE-NFC7.1.0.1
2023-10-29 11:39:09,681 [WARN] PackLoader:240 - Cannot read IP mode file for STMicroelectronics.X-CUBE-EEPRMA1.4.1.0
2023-10-29 11:39:09,687 [WARN] PackLoader:240 - Cannot read IP mode file for STMicroelectronics.X-CUBE-AI.8.1.0
2023-10-29 11:39:09,708 [WARN] ConditionMgr:438 - getConditionDescription Invalid condition id : LAN8742 Phy interface Condition cause : null
2023-10-29 11:39:09,709 [WARN] PackLoader:240 - Cannot read IP mode file for STMicroelectronics.X-CUBE-AZRTOS-L4.2.0.0
2023-10-29 11:39:09,711 [WARN] ConditionMgr:1039 - genDependencies : Invalid condition id : LAN8742 Phy interface Condition cause : null
2023-10-29 11:39:09,711 [WARN] ConditionMgr:1039 - genDependencies : Invalid condition id : LAN8742 Phy interface Condition cause : null
2023-10-29 11:39:09,713 [WARN] ConditionMgr:1039 - genDependencies : Invalid condition id : LAN8742 Phy interface Condition cause : null
2023-10-29 11:39:09,723 [WARN] PackLoader:240 - Cannot read IP mode file for STMicroelectronics.X-CUBE-SFXS2LP1.4.0.0
2023-10-29 11:39:09,728 [WARN] PackLoader:240 - Cannot read IP mode file for STMicroelectronics.X-CUBE-ISPU.1.1.0
2023-10-29 11:39:09,739 [WARN] ConditionMgr:438 - getConditionDescription Invalid condition id : UX DEVICE CLASS RTOS Condition cause : null
2023-10-29 11:39:09,740 [WARN] ConditionMgr:438 - getConditionDescription Invalid condition id : UX DEVICE CLASS RTOS Condition cause : null
2023-10-29 11:39:09,743 [WARN] PackLoader:240 - Cannot read IP mode file for STMicroelectronics.X-CUBE-AZRTOS-WB.2.0.0
2023-10-29 11:39:09,744 [WARN] ConditionMgr:1039 - genDependencies : Invalid condition id : UX DEVICE CLASS RTOS Condition cause : null
2023-10-29 11:39:09,744 [WARN] ConditionMgr:1039 - genDependencies : Invalid condition id : UX DEVICE CLASS RTOS Condition cause : null
2023-10-29 11:39:09,745 [WARN] ConditionMgr:1039 - genDependencies : Invalid condition id : UX DEVICE CLASS RTOS Condition cause : null
2023-10-29 11:39:09,745 [WARN] ConditionMgr:1039 - genDependencies : Invalid condition id : UX DEVICE CLASS RTOS Condition cause : null
2023-10-29 11:39:09,745 [WARN] ConditionMgr:1039 - genDependencies : Invalid condition id : UX DEVICE CLASS RTOS Condition cause : null
2023-10-29 11:39:09,773 [WARN] PackLoader:240 - Cannot read IP mode file for STMicroelectronics.X-CUBE-SUBG2.5.0.0
2023-10-29 11:39:09,796 [WARN] PackLoader:240 - Cannot read IP mode file for STMicroelectronics.X-CUBE-TOF1.3.3.1
2023-10-29 11:39:09,838 [WARN] PackLoader:240 - Cannot read IP mode file for STMicroelectronics.X-CUBE-AZRTOS-G4.2.0.0
2023-10-29 11:39:09,862 [WARN] PackLoader:240 - Cannot read IP mode file for Infineon.AIROC-Wi-Fi-Bluetooth-STM32.1.5.1
2023-10-29 11:39:09,880 [WARN] PackLoader:240 - Cannot read IP mode file for STMicroelectronics.X-CUBE-FREERTOS.1.1.0
2023-10-29 11:39:09,884 [WARN] PackLoader:240 - Cannot read IP mode file for portGmbH.I-Cube-SoM-uGOAL.1.1.0
2023-10-29 11:39:09,888 [WARN] PackLoader:240 - Cannot read IP mode file for STMicroelectronics.X-CUBE-ALS.1.0.1
2023-10-29 11:39:09,895 [WARN] PackLoader:240 - Cannot read IP mode file for STMicroelectronics.FP-ATR-ASTRA1.2.0.0
2023-10-29 11:39:09,896 [INFO] ThirdParty:978 - Integrity check success = true
2023-10-29 11:39:09,896 [INFO] IntegrityCheckThread:100 - exiting critical section [integrity check]
2023-10-29 11:39:09,896 [INFO] IntegrityCheckThread:103 - End integrity checks thread
2023-10-29 11:39:14,391 [INFO] WebApp:157 - Instantiating new browser for Auth
2023-10-29 11:39:15,349 [INFO] WebApp:753 - Register for checkConnection events
2023-10-29 11:39:15,350 [INFO] WebApp:390 - Apply proxy settings
2023-10-29 11:39:15,356 [INFO] WebApp:455 - Chromium authenticates against System proxy
2023-10-29 11:39:15,484 [INFO] WebApp:188 - Starting web application
2023-10-29 11:39:15,485 [INFO] WebApp:520 - Web application path used /Applications/STM32CubeIDE.app/Contents/Eclipse/plugins/com.st.stm32cube.common.mx_6.9.2.202309101412/db/plugins/mcufinder/reactClient1/index.html
2023-10-29 11:39:36,589 [ERROR] LogOutputStream:75 - [STDERR_REDIRECT] SLF4J: Failed to load class "org.slf4j.impl.StaticLoggerBinder".
2023-10-29 11:39:36,591 [ERROR] LogOutputStream:75 - [STDERR_REDIRECT] SLF4J: Defaulting to no-operation (NOP) logger implementation
2023-10-29 11:39:36,591 [ERROR] LogOutputStream:75 - [STDERR_REDIRECT] SLF4J: See http://www.slf4j.org/codes.html#StaticLoggerBinder for further details.
2023-10-29 18:38:00,056 [ERROR] LogOutputStream:75 - [STDERR_REDIRECT] 
