2023-10-26 19:34:14,141 [INFO] Activator:176 - 


2023-10-26 19:34:14,146 [INFO] Activator:177 - !SESSION log4j initialized
2023-10-26 19:34:16,095 [ERROR] LogOutputStream:75 - [STDERR_REDIRECT] 
2023-10-26 19:34:16,456 [INFO] LogOutputStream:77 - [STDOUT_REDIRECT] 
2023-10-26 19:34:18,186 [INFO] LogOutputStream:77 - [STDOUT_REDIRECT] 
2023-10-26 19:34:21,181 [ERROR] LogOutputStream:75 - [STDERR_REDIRECT] java.net.URISyntaxException: Illegal character in path at index 55: file:/Users/brandonrobb/Documents/CPSC-3300/Programming Assignmentds/.metadata/.log4j2.xml
2023-10-26 19:34:21,182 [ERROR] LogOutputStream:75 - [STDERR_REDIRECT] 	at java.base/java.net.URI$Parser.fail(URI.java:2974)
2023-10-26 19:34:21,183 [ERROR] LogOutputStream:75 - [STDERR_REDIRECT] 	at java.base/java.net.URI$Parser.checkChars(URI.java:3145)
2023-10-26 19:34:21,183 [ERROR] LogOutputStream:75 - [STDERR_REDIRECT] 	at java.base/java.net.URI$Parser.parseHierarchical(URI.java:3227)
2023-10-26 19:34:21,183 [ERROR] LogOutputStream:75 - [STDERR_REDIRECT] 	at java.base/java.net.URI$Parser.parse(URI.java:3175)
2023-10-26 19:34:21,184 [ERROR] LogOutputStream:75 - [STDERR_REDIRECT] 	at java.base/java.net.URI.<init>(URI.java:623)
2023-10-26 19:34:21,185 [ERROR] LogOutputStream:75 - [STDERR_REDIRECT] 	at java.base/java.net.URL.toURI(URL.java:1056)
2023-10-26 19:34:21,185 [ERROR] LogOutputStream:75 - [STDERR_REDIRECT] 	at com.st.stm32cube.common.mx.core.CubeMxInstance.getInstance(CubeMxInstance.java:81)
2023-10-26 19:34:21,185 [ERROR] LogOutputStream:75 - [STDERR_REDIRECT] 	at com.st.stm32cube.common.mx.userauth.UserAuthAdapter.<init>(UserAuthAdapter.java:18)
2023-10-26 19:34:21,185 [ERROR] LogOutputStream:75 - [STDERR_REDIRECT] 	at com.st.stm32cube.common.mx.userauth.UserAuthProvider.getUserAuthAdapter(UserAuthProvider.java:9)
2023-10-26 19:34:21,185 [ERROR] LogOutputStream:75 - [STDERR_REDIRECT] 	at com.st.stm32cube.common.ecosystemintegration.ui.core.MCUEcoSystemIntegrationUiHelper.getUserAuth(MCUEcoSystemIntegrationUiHelper.java:100)
2023-10-26 19:34:21,185 [ERROR] LogOutputStream:75 - [STDERR_REDIRECT] 	at com.st.stm32cube.ide.mcu.userauth.UserAuthStartup.earlyStartup(UserAuthStartup.java:41)
2023-10-26 19:34:21,185 [ERROR] LogOutputStream:75 - [STDERR_REDIRECT] 	at org.eclipse.ui.internal.EarlyStartupRunnable.runEarlyStartup(EarlyStartupRunnable.java:79)
2023-10-26 19:34:21,185 [ERROR] LogOutputStream:75 - [STDERR_REDIRECT] 	at org.eclipse.ui.internal.EarlyStartupRunnable.run(EarlyStartupRunnable.java:55)
2023-10-26 19:34:21,186 [ERROR] LogOutputStream:75 - [STDERR_REDIRECT] 	at org.eclipse.core.runtime.SafeRunner.run(SafeRunner.java:45)
2023-10-26 19:34:21,186 [ERROR] LogOutputStream:75 - [STDERR_REDIRECT] 	at org.eclipse.ui.internal.Workbench$39.run(Workbench.java:2656)
2023-10-26 19:34:21,186 [ERROR] LogOutputStream:75 - [STDERR_REDIRECT] 	at org.eclipse.core.internal.jobs.Worker.run(Worker.java:63)
2023-10-26 19:34:21,267 [INFO] ApplicationProperties:184 - Using Application install path: /Applications/STM32CubeIDE.app/Contents/Eclipse/plugins/com.st.stm32cube.common.mx_6.9.2.202309101412
2023-10-26 19:34:21,278 [INFO] DbMcusXml:78 - Set database path to: /Applications/STM32CubeIDE.app/Contents/Eclipse/plugins/com.st.stm32cube.common.mx_6.9.2.202309101412//db//mcu/
2023-10-26 19:34:21,278 [INFO] ApiDb:274 - Set plugin database path to: /Applications/STM32CubeIDE.app/Contents/Eclipse/plugins/com.st.stm32cube.common.mx_6.9.2.202309101412//db//plugins/boardmanager/
2023-10-26 19:34:21,279 [WARN] ApiDb:259 - Overriding images path with different value:  => /Applications/STM32CubeIDE.app/Contents/Eclipse/plugins/com.st.stm32cube.common.mx_6.9.2.202309101412//db//plugins/mcufinder/images/
2023-10-26 19:34:21,291 [INFO] ApiDb:250 - Set database path to: /Users/brandonrobb/.stmcufinder/plugins/mcufinder//mcu/
2023-10-26 19:34:21,291 [INFO] DbMcusAds:125 - Set database path to: /Users/brandonrobb/.stmcufinder/plugins/mcufinder//mcu/
2023-10-26 19:34:21,292 [INFO] CrossReferenceDbSqlite:203 - Set database path to: /Users/brandonrobb/.stmcufinder/plugins/mcufinder//mcu/cs/
2023-10-26 19:34:21,405 [INFO] RulesReader:64 - Compatibility file has been processed (293 Rules)
2023-10-26 19:34:21,456 [INFO] DbMcusXml:78 - Set database path to: /Applications/STM32CubeIDE.app/Contents/Eclipse/plugins/com.st.stm32cube.common.mx_6.9.2.202309101412//db//mcu/
2023-10-26 19:34:21,456 [INFO] ApiDb:274 - Set plugin database path to: /Applications/STM32CubeIDE.app/Contents/Eclipse/plugins/com.st.stm32cube.common.mx_6.9.2.202309101412//db//plugins/boardmanager/
2023-10-26 19:34:21,457 [INFO] ApiDb:261 - Set plugin images path to: /Applications/STM32CubeIDE.app/Contents/Eclipse/plugins/com.st.stm32cube.common.mx_6.9.2.202309101412//db//plugins/mcufinder/images/
2023-10-26 19:34:21,457 [WARN] DbFile:41 - Overriding database path with different value: /Users/brandonrobb/.stmcufinder/plugins/mcufinder/ => /Users/brandonrobb/.stmcufinder/plugins/mcufinder
2023-10-26 19:34:21,457 [INFO] ApiDb:250 - Set database path to: /Users/brandonrobb/.stmcufinder/plugins/mcufinder//mcu/
2023-10-26 19:34:21,457 [WARN] DbFile:41 - Overriding database path with different value: /Users/brandonrobb/.stmcufinder/plugins/mcufinder/ => /Users/brandonrobb/.stmcufinder/plugins/mcufinder
2023-10-26 19:34:21,457 [INFO] DbMcusAds:125 - Set database path to: /Users/brandonrobb/.stmcufinder/plugins/mcufinder//mcu/
2023-10-26 19:34:21,457 [WARN] DbFile:41 - Overriding database path with different value: /Users/brandonrobb/.stmcufinder/plugins/mcufinder/ => /Users/brandonrobb/.stmcufinder/plugins/mcufinder
2023-10-26 19:34:21,457 [WARN] DbFile:41 - Overriding database path with different value: /Users/brandonrobb/.stmcufinder/plugins/mcufinder/ => /Users/brandonrobb/.stmcufinder/plugins/mcufinder
2023-10-26 19:34:21,457 [INFO] CrossReferenceDbSqlite:203 - Set database path to: /Users/brandonrobb/.stmcufinder/plugins/mcufinder//mcu/cs/
2023-10-26 19:34:21,527 [INFO] MainPanel:262 - HeapMemory: 268435456
2023-10-26 19:34:21,592 [INFO] DbMcusXml:78 - Set database path to: /Applications/STM32CubeIDE.app/Contents/Eclipse/plugins/com.st.stm32cube.common.mx_6.9.2.202309101412//db//mcu/
2023-10-26 19:34:21,593 [INFO] ApiDb:274 - Set plugin database path to: /Applications/STM32CubeIDE.app/Contents/Eclipse/plugins/com.st.stm32cube.common.mx_6.9.2.202309101412//db//plugins/boardmanager/
2023-10-26 19:34:21,593 [INFO] ApiDb:261 - Set plugin images path to: /Applications/STM32CubeIDE.app/Contents/Eclipse/plugins/com.st.stm32cube.common.mx_6.9.2.202309101412//db//plugins/mcufinder/images/
2023-10-26 19:34:21,593 [WARN] DbFile:41 - Overriding database path with different value: /Users/brandonrobb/.stmcufinder/plugins/mcufinder/ => /Users/brandonrobb/.stmcufinder/plugins/mcufinder
2023-10-26 19:34:21,593 [INFO] ApiDb:250 - Set database path to: /Users/brandonrobb/.stmcufinder/plugins/mcufinder//mcu/
2023-10-26 19:34:21,593 [WARN] DbFile:41 - Overriding database path with different value: /Users/brandonrobb/.stmcufinder/plugins/mcufinder/ => /Users/brandonrobb/.stmcufinder/plugins/mcufinder
2023-10-26 19:34:21,593 [INFO] DbMcusAds:125 - Set database path to: /Users/brandonrobb/.stmcufinder/plugins/mcufinder//mcu/
2023-10-26 19:34:21,593 [WARN] DbFile:41 - Overriding database path with different value: /Users/brandonrobb/.stmcufinder/plugins/mcufinder/ => /Users/brandonrobb/.stmcufinder/plugins/mcufinder
2023-10-26 19:34:21,593 [WARN] DbFile:41 - Overriding database path with different value: /Users/brandonrobb/.stmcufinder/plugins/mcufinder/ => /Users/brandonrobb/.stmcufinder/plugins/mcufinder
2023-10-26 19:34:21,594 [INFO] CrossReferenceDbSqlite:203 - Set database path to: /Users/brandonrobb/.stmcufinder/plugins/mcufinder//mcu/cs/
2023-10-26 19:34:21,606 [INFO] ApplicationProperties:184 - Using Application install path: /Applications/STM32CubeIDE.app/Contents/Eclipse/plugins/com.st.stm32cube.common.mx_6.9.2.202309101412
2023-10-26 19:34:21,606 [INFO] PluginManage:196 - Search for loadable plugins [exclusion list=, ]
2023-10-26 19:34:21,608 [INFO] PluginManage:310 - Check plugin analytics
2023-10-26 19:34:21,811 [INFO] AnalyticsPlugin:253 - Accepted Software Licenses: 
2023-10-26 19:34:21,811 [INFO] AnalyticsPlugin:255 - Accepted CMSIS Pack Licenses: 
2023-10-26 19:34:21,811 [INFO] AnalyticsPlugin:257 - Accepted Firmware Licenses: 
2023-10-26 19:34:21,823 [INFO] PluginManage:359 - Loaded plugin analytics (category:tool,tabindex:-1)
2023-10-26 19:34:21,825 [INFO] PluginManage:310 - Check plugin cadmodel
2023-10-26 19:34:22,089 [INFO] CADModel:105 - Init CAD model plugin
2023-10-26 19:34:22,091 [INFO] PluginManage:359 - Loaded plugin cadmodel (category:power,tabindex:5)
2023-10-26 19:34:22,092 [INFO] PluginManage:310 - Check plugin clock
2023-10-26 19:34:22,118 [INFO] PluginManage:359 - Loaded plugin clock (category:base,tabindex:2)
2023-10-26 19:34:22,118 [INFO] PluginManage:310 - Check plugin ddr
2023-10-26 19:34:22,120 [INFO] PluginManage:359 - Loaded plugin ddr (category:tool,tabindex:6)
2023-10-26 19:34:22,120 [INFO] PluginManage:310 - Check plugin filemanager
2023-10-26 19:34:22,386 [INFO] PluginManage:359 - Loaded plugin filemanager (category:base,tabindex:10)
2023-10-26 19:34:22,388 [INFO] PluginManage:310 - Check plugin ipmanager
2023-10-26 19:34:22,404 [INFO] PluginManage:359 - Loaded plugin ipmanager (category:base,tabindex:5)
2023-10-26 19:34:22,405 [INFO] PluginManage:310 - Check plugin lpbam
2023-10-26 19:34:22,414 [INFO] PluginManage:359 - Loaded plugin lpbam (category:base,tabindex:0)
2023-10-26 19:34:22,414 [INFO] PluginManage:310 - Check plugin memorymap
2023-10-26 19:34:22,425 [INFO] PluginManage:359 - Loaded plugin memorymap (category:base,tabindex:4)
2023-10-26 19:34:22,425 [INFO] PluginManage:310 - Check plugin pinoutandconfiguration
2023-10-26 19:34:22,434 [INFO] PluginManage:359 - Loaded plugin pinoutandconfiguration (category:base,tabindex:1)
2023-10-26 19:34:22,434 [INFO] PluginManage:310 - Check plugin pinoutconfig
2023-10-26 19:34:22,495 [WARN] SupportedApi:132 - Cannot load RTOS API schema: s4s-elt-must-match.1: The content of 'definitions' must match (annotation?, (simpleType | complexType)?, (unique | key | keyref)*)). A problem was found starting at: attribute.
2023-10-26 19:34:22,623 [INFO] PluginManage:359 - Loaded plugin pinoutconfig (category:base,tabindex:0)
2023-10-26 19:34:22,624 [INFO] PluginManage:310 - Check plugin power
2023-10-26 19:34:22,633 [INFO] PluginManage:359 - Loaded plugin power (category:power,tabindex:4)
2023-10-26 19:34:22,633 [INFO] PluginManage:310 - Check plugin projectmanager
2023-10-26 19:34:22,653 [INFO] PluginManage:359 - Loaded plugin projectmanager (category:projectmanager,tabindex:3)
2023-10-26 19:34:22,653 [INFO] PluginManage:310 - Check plugin thirdparty
2023-10-26 19:34:22,781 [INFO] PluginManage:359 - Loaded plugin thirdparty (category:base,tabindex:-1)
2023-10-26 19:34:22,782 [INFO] PluginManage:310 - Check plugin tools
2023-10-26 19:34:22,781 [WARN] IntegrityCheckThread:84 - waiting for thirdparty lock release [integrity check]
2023-10-26 19:34:22,783 [INFO] IntegrityCheckThread:86 - entering critical section [integrity check]
2023-10-26 19:34:22,784 [INFO] ThirdPartyUpdaterWithRetryManager:70 - Updater plugin not ready yet. [1/15]
2023-10-26 19:34:22,785 [INFO] PluginManage:359 - Loaded plugin tools (category:base,tabindex:7)
2023-10-26 19:34:22,785 [INFO] PluginManage:310 - Check plugin tutovideos
2023-10-26 19:34:22,892 [INFO] PluginManage:359 - Loaded plugin tutovideos (category:base,tabindex:-1)
2023-10-26 19:34:22,892 [INFO] PluginManage:310 - Check plugin updater
2023-10-26 19:34:22,903 [INFO] PluginManage:359 - Loaded plugin updater (category:base,tabindex:12)
2023-10-26 19:34:22,903 [INFO] PluginManage:310 - Check plugin userauth
2023-10-26 19:34:22,908 [INFO] UserAuth:113 - Init User Auth plugin
2023-10-26 19:34:22,908 [INFO] PluginManage:359 - Loaded plugin userauth (category:base,tabindex:14)
2023-10-26 19:34:22,909 [INFO] PluginManage:283 - PluginManage : Loaded plugins [17]
2023-10-26 19:34:23,132 [INFO] PinOutPanel:1499 - setPackage(No Configuration,No Configuration)
2023-10-26 19:34:23,277 [INFO] CADModel:165 - CPN selected for project level
2023-10-26 19:34:23,277 [INFO] CADModel:114 - Register for checkConnection events
2023-10-26 19:34:23,287 [INFO] IPUIPlugin:80 - create IPUIPlugin
2023-10-26 19:34:23,287 [INFO] PluginManager:220 - loadIPPluginJar : add mdma
2023-10-26 19:34:23,291 [INFO] IPUIPlugin:80 - create IPUIPlugin
2023-10-26 19:34:23,291 [INFO] PluginManager:220 - loadIPPluginJar : add freertos
2023-10-26 19:34:23,294 [INFO] IPUIPlugin:80 - create IPUIPlugin
2023-10-26 19:34:23,295 [INFO] PluginManager:220 - loadIPPluginJar : add gic
2023-10-26 19:34:23,300 [INFO] IPUIPlugin:80 - create IPUIPlugin
2023-10-26 19:34:23,300 [INFO] PluginManager:220 - loadIPPluginJar : add adc
2023-10-26 19:34:23,302 [INFO] IPUIPlugin:80 - create IPUIPlugin
2023-10-26 19:34:23,302 [INFO] PluginManager:220 - loadIPPluginJar : add gtzc
2023-10-26 19:34:23,303 [INFO] IPUIPlugin:80 - create IPUIPlugin
2023-10-26 19:34:23,303 [INFO] PluginManager:220 - loadIPPluginJar : add quadspi
2023-10-26 19:34:23,304 [INFO] IPUIPlugin:80 - create IPUIPlugin
2023-10-26 19:34:23,305 [INFO] PluginManager:220 - loadIPPluginJar : add aes
2023-10-26 19:34:23,306 [INFO] IPUIPlugin:80 - create IPUIPlugin
2023-10-26 19:34:23,307 [INFO] PluginManager:220 - loadIPPluginJar : add pdm2pcm
2023-10-26 19:34:23,308 [INFO] IPUIPlugin:80 - create IPUIPlugin
2023-10-26 19:34:23,308 [INFO] PluginManager:220 - loadIPPluginJar : add hash
2023-10-26 19:34:23,310 [INFO] IPUIPlugin:80 - create IPUIPlugin
2023-10-26 19:34:23,310 [INFO] PluginManager:220 - loadIPPluginJar : add tim
2023-10-26 19:34:23,310 [INFO] IPUIPlugin:80 - create IPUIPlugin
2023-10-26 19:34:23,310 [INFO] PluginManager:220 - loadIPPluginJar : add tsc
2023-10-26 19:34:23,311 [INFO] IPUIPlugin:80 - create IPUIPlugin
2023-10-26 19:34:23,311 [INFO] PluginManager:220 - loadIPPluginJar : add ts
2023-10-26 19:34:23,312 [INFO] IPUIPlugin:80 - create IPUIPlugin
2023-10-26 19:34:23,313 [INFO] PluginManager:220 - loadIPPluginJar : add can
2023-10-26 19:34:23,314 [INFO] IPUIPlugin:80 - create IPUIPlugin
2023-10-26 19:34:23,315 [INFO] PluginManager:220 - loadIPPluginJar : add dma3
2023-10-26 19:34:23,317 [INFO] IPUIPlugin:80 - create IPUIPlugin
2023-10-26 19:34:23,317 [INFO] PluginManager:220 - loadIPPluginJar : add dfsdm
2023-10-26 19:34:23,318 [INFO] IPUIPlugin:80 - create IPUIPlugin
2023-10-26 19:34:23,318 [INFO] PluginManager:220 - loadIPPluginJar : add spi
2023-10-26 19:34:23,319 [INFO] IPUIPlugin:80 - create IPUIPlugin
2023-10-26 19:34:23,319 [INFO] PluginManager:220 - loadIPPluginJar : add gfxmmu
2023-10-26 19:34:23,319 [INFO] IPUIPlugin:80 - create IPUIPlugin
2023-10-26 19:34:23,320 [INFO] PluginManager:220 - loadIPPluginJar : add genericplugin
2023-10-26 19:34:23,320 [INFO] IPUIPlugin:80 - create IPUIPlugin
2023-10-26 19:34:23,320 [INFO] PluginManager:220 - loadIPPluginJar : add cryp
2023-10-26 19:34:23,322 [INFO] IPUIPlugin:80 - create IPUIPlugin
2023-10-26 19:34:23,322 [INFO] PluginManager:220 - loadIPPluginJar : add gpio
2023-10-26 19:34:23,323 [INFO] IPUIPlugin:80 - create IPUIPlugin
2023-10-26 19:34:23,323 [INFO] PluginManager:220 - loadIPPluginJar : add comp
2023-10-26 19:34:23,324 [INFO] IPUIPlugin:80 - create IPUIPlugin
2023-10-26 19:34:23,324 [INFO] PluginManager:220 - loadIPPluginJar : add tracer_emb
2023-10-26 19:34:23,326 [INFO] IPUIPlugin:80 - create IPUIPlugin
2023-10-26 19:34:23,326 [INFO] PluginManager:220 - loadIPPluginJar : add openamp
2023-10-26 19:34:23,328 [INFO] IPUIPlugin:80 - create IPUIPlugin
2023-10-26 19:34:23,329 [INFO] PluginManager:220 - loadIPPluginJar : add stm32_wpan
2023-10-26 19:34:23,332 [INFO] IPUIPlugin:80 - create IPUIPlugin
2023-10-26 19:34:23,335 [INFO] PluginManager:220 - loadIPPluginJar : add plateformsettings
2023-10-26 19:34:23,336 [INFO] IPUIPlugin:80 - create IPUIPlugin
2023-10-26 19:34:23,337 [INFO] PluginManager:220 - loadIPPluginJar : add ipddr
2023-10-26 19:34:23,338 [INFO] IPUIPlugin:80 - create IPUIPlugin
2023-10-26 19:34:23,338 [INFO] PluginManager:220 - loadIPPluginJar : add usart
2023-10-26 19:34:23,339 [INFO] IPUIPlugin:80 - create IPUIPlugin
2023-10-26 19:34:23,339 [INFO] PluginManager:220 - loadIPPluginJar : add ltdc
2023-10-26 19:34:23,341 [INFO] IPUIPlugin:80 - create IPUIPlugin
2023-10-26 19:34:23,341 [INFO] PluginManager:220 - loadIPPluginJar : add nvic
2023-10-26 19:34:23,341 [INFO] IPUIPlugin:80 - create IPUIPlugin
2023-10-26 19:34:23,341 [INFO] PluginManager:220 - loadIPPluginJar : add fatfs
2023-10-26 19:34:23,344 [INFO] IPUIPlugin:80 - create IPUIPlugin
2023-10-26 19:34:23,344 [INFO] PluginManager:220 - loadIPPluginJar : add linkedlist
2023-10-26 19:34:23,348 [INFO] IPUIPlugin:80 - create IPUIPlugin
2023-10-26 19:34:23,348 [INFO] PluginManager:220 - loadIPPluginJar : add dma
2023-10-26 19:34:23,351 [INFO] IPUIPlugin:80 - create IPUIPlugin
2023-10-26 19:34:23,352 [INFO] PluginManager:220 - loadIPPluginJar : add fmc
2023-10-26 19:34:23,354 [INFO] IPUIPlugin:80 - create IPUIPlugin
2023-10-26 19:34:23,354 [INFO] PluginManager:220 - loadIPPluginJar : add i2s
2023-10-26 19:34:23,355 [INFO] IPUIPlugin:80 - create IPUIPlugin
2023-10-26 19:34:23,355 [INFO] PluginManager:220 - loadIPPluginJar : add ucpd
2023-10-26 19:34:23,356 [INFO] IPUIPlugin:80 - create IPUIPlugin
2023-10-26 19:34:23,356 [INFO] PluginManager:220 - loadIPPluginJar : add lorawan
2023-10-26 19:34:23,357 [INFO] IPUIPlugin:80 - create IPUIPlugin
2023-10-26 19:34:23,357 [INFO] PluginManager:220 - loadIPPluginJar : add opamp
2023-10-26 19:34:23,358 [INFO] IPUIPlugin:80 - create IPUIPlugin
2023-10-26 19:34:23,359 [INFO] PluginManager:220 - loadIPPluginJar : add i3c
2023-10-26 19:34:23,360 [INFO] IPUIPlugin:80 - create IPUIPlugin
2023-10-26 19:34:23,360 [INFO] PluginManager:220 - loadIPPluginJar : add touchsensing
2023-10-26 19:34:23,361 [INFO] IPUIPlugin:80 - create IPUIPlugin
2023-10-26 19:34:23,361 [INFO] PluginManager:220 - loadIPPluginJar : add i2c
2023-10-26 19:34:23,365 [INFO] IPUIPlugin:80 - create IPUIPlugin
2023-10-26 19:34:23,365 [INFO] PluginManager:220 - loadIPPluginJar : add resmgrutility
2023-10-26 19:34:23,367 [INFO] IPUIPlugin:80 - create IPUIPlugin
2023-10-26 19:34:23,367 [INFO] PluginManager:220 - loadIPPluginJar : add sai
2023-10-26 19:34:23,369 [INFO] IPUIPlugin:80 - create IPUIPlugin
2023-10-26 19:34:23,369 [INFO] PluginManager:220 - loadIPPluginJar : add usbx
2023-10-26 19:34:23,494 [INFO] CADModel:165 - CPN selected for project level
2023-10-26 19:34:23,494 [INFO] CADModel:114 - Register for checkConnection events
2023-10-26 19:34:23,495 [FATAL] Updater:308 - Updater called before beeing initialized
2023-10-26 19:34:23,495 [ERROR] CADModel:125 - Updater not yet initialized, retry later 
2023-10-26 19:34:23,705 [INFO] CADModel:165 - CPN selected for project level
2023-10-26 19:34:23,705 [INFO] CADModel:114 - Register for checkConnection events
2023-10-26 19:34:23,706 [FATAL] Updater:308 - Updater called before beeing initialized
2023-10-26 19:34:23,706 [ERROR] CADModel:125 - Updater not yet initialized, retry later 
2023-10-26 19:34:23,708 [FATAL] Updater:308 - Updater called before beeing initialized
2023-10-26 19:34:23,824 [FATAL] Updater:308 - Updater called before beeing initialized
2023-10-26 19:34:23,831 [INFO] DbMcusAds:53 - JSON generation date=Tue Mar 07 02:50:55 CST 2023 (1678179055114)
2023-10-26 19:34:23,831 [FATAL] Updater:308 - Updater called before beeing initialized
2023-10-26 19:34:23,882 [WARN] DetailPanel:346 - Failed to get advertising image, set to default
2023-10-26 19:34:23,952 [FATAL] Updater:308 - Updater called before beeing initialized
2023-10-26 19:34:23,953 [FATAL] Updater:308 - Updater called before beeing initialized
2023-10-26 19:34:23,953 [FATAL] Updater:308 - Updater called before beeing initialized
2023-10-26 19:34:23,954 [WARN] DetailPanel:346 - Failed to get advertising image, set to default
2023-10-26 19:34:23,958 [FATAL] Updater:308 - Updater called before beeing initialized
2023-10-26 19:34:24,091 [ERROR] Updater:1120 - MainUpdater not yet initialized. External WinMGr cannot be set.
2023-10-26 19:34:24,134 [INFO] Updater:1056 - Updater Version found : 6.9.2
2023-10-26 19:34:24,145 [INFO] ApplicationProperties:184 - Using Application install path: /Applications/STM32CubeIDE.app/Contents/Eclipse/plugins/com.st.stm32cube.common.mx_6.9.2.202309101412
2023-10-26 19:34:24,383 [INFO] MainUpdater:2868 - connection check result : 10
2023-10-26 19:34:24,383 [INFO] MainUpdater:3562 - Updater definition file requires update
2023-10-26 19:34:24,384 [INFO] MainUpdater:285 - Updater Check For Update Now.
2023-10-26 19:34:24,384 [INFO] MicroXplorer:498 - Change Database Version : DB.6.0.92
2023-10-26 19:34:24,389 [INFO] McuFinderGlobals:63 - Set McuFinder mode to 2 (CubeIDE integrated)
2023-10-26 19:34:24,389 [INFO] UserAuth:179 - activating auth plugin
2023-10-26 19:34:24,392 [INFO] UserAuth:393 - Internet connection configuration mode: 1
2023-10-26 19:34:24,402 [INFO] JxBrowserEngine:151 - Initiate JxBrowser Engine with user profile folder
2023-10-26 19:34:24,455 [INFO] ServerAccessManage:473 - Download File updaters.zip
2023-10-26 19:34:24,574 [INFO] FileExtend:240 - Unzip File : updaters.zip
2023-10-26 19:34:24,575 [INFO] FileExtend:255 - Standard Zip Deflate
2023-10-26 19:34:24,836 [INFO] ServerAccessManage:473 - Download File PacksControlFlags.xml
2023-10-26 19:34:24,962 [INFO] ServerAccessManage:473 - Download File cubemx.pidx
2023-10-26 19:34:25,590 [INFO] ServerAccessManage:473 - Download File STMicroelectronics.X-CUBE-EEPRMA1.pdsc
2023-10-26 19:34:25,786 [WARN] MainUpdater:1189 - Updater busy. Cannot search thirdparties
2023-10-26 19:34:25,787 [INFO] ThirdPartyUpdaterWithRetryManager:96 - Updater plugin is busy. [1/15]
2023-10-26 19:34:27,145 [ERROR] ServerAccessManage:1089 - Problem, file not found on Server
2023-10-26 19:34:27,801 [INFO] ServerAccessManage:473 - Download File STMicroelectronics.X-CUBE-SFXS2LP1.pdsc
2023-10-26 19:34:28,238 [INFO] ServerAccessManage:473 - Download File STMicroelectronics.X-CUBE-SUBG2.pdsc
2023-10-26 19:34:28,795 [WARN] MainUpdater:1189 - Updater busy. Cannot search thirdparties
2023-10-26 19:34:28,796 [INFO] ThirdPartyUpdaterWithRetryManager:96 - Updater plugin is busy. [2/15]
2023-10-26 19:34:29,030 [INFO] WebApp:157 - Instantiating new browser for Auth
2023-10-26 19:34:29,180 [INFO] ServerAccessManage:473 - Download File STMicroelectronics.X-CUBE-SMBUS.pdsc
2023-10-26 19:34:29,913 [ERROR] ServerAccessManage:1089 - Problem, file not found on Server
2023-10-26 19:34:30,027 [INFO] ServerAccessManage:473 - Download File STMicroelectronics.X-CUBE-TOF1.pdsc
2023-10-26 19:34:30,091 [INFO] WebApp:753 - Register for checkConnection events
2023-10-26 19:34:30,091 [INFO] WebApp:390 - Apply proxy settings
2023-10-26 19:34:30,096 [INFO] WebApp:455 - Chromium authenticates against System proxy
2023-10-26 19:34:30,226 [INFO] WebApp:188 - Starting web application
2023-10-26 19:34:30,226 [INFO] WebApp:520 - Web application path used /Applications/STM32CubeIDE.app/Contents/Eclipse/plugins/com.st.stm32cube.common.mx_6.9.2.202309101412/db/plugins/mcufinder/reactClient1/index.html
2023-10-26 19:34:31,345 [ERROR] ServerAccessManage:1089 - Problem, file not found on Server
2023-10-26 19:34:31,506 [INFO] ServerAccessManage:473 - Download File STMicroelectronics.X-CUBE-TOUCHGFX.pdsc
2023-10-26 19:34:31,803 [WARN] MainUpdater:1189 - Updater busy. Cannot search thirdparties
2023-10-26 19:34:31,804 [INFO] ThirdPartyUpdaterWithRetryManager:96 - Updater plugin is busy. [3/15]
2023-10-26 19:34:34,810 [WARN] MainUpdater:1189 - Updater busy. Cannot search thirdparties
2023-10-26 19:34:34,810 [INFO] ThirdPartyUpdaterWithRetryManager:96 - Updater plugin is busy. [4/15]
2023-10-26 19:34:35,613 [INFO] ServerAccessManage:473 - Download File STMicroelectronics.X-CUBE-ALGOBUILD.pdsc
2023-10-26 19:34:37,049 [INFO] ServerAccessManage:473 - Download File STMicroelectronics.X-CUBE-AZRTOS-H7.pdsc
2023-10-26 19:34:37,816 [WARN] MainUpdater:1189 - Updater busy. Cannot search thirdparties
2023-10-26 19:34:37,817 [INFO] ThirdPartyUpdaterWithRetryManager:96 - Updater plugin is busy. [5/15]
2023-10-26 19:34:37,935 [INFO] ServerAccessManage:473 - Download File STMicroelectronics.X-CUBE-AZRTOS-F4.pdsc
2023-10-26 19:34:38,212 [INFO] ServerAccessManage:473 - Download File STMicroelectronics.X-CUBE-AZRTOS-F7.pdsc
2023-10-26 19:34:38,534 [INFO] ServerAccessManage:473 - Download File STMicroelectronics.X-CUBE-AZRTOS-L4.pdsc
2023-10-26 19:34:38,802 [INFO] ServerAccessManage:473 - Download File STMicroelectronics.X-CUBE-AZRTOS-L5.pdsc
2023-10-26 19:34:39,206 [INFO] ServerAccessManage:473 - Download File STMicroelectronics.X-CUBE-AZRTOS-G0.pdsc
2023-10-26 19:34:39,487 [INFO] ServerAccessManage:473 - Download File STMicroelectronics.X-CUBE-AZRTOS-G4.pdsc
2023-10-26 19:34:39,795 [INFO] ServerAccessManage:473 - Download File STMicroelectronics.X-CUBE-AZRTOS-WB.pdsc
2023-10-26 19:34:40,093 [INFO] ServerAccessManage:473 - Download File STMicroelectronics.X-CUBE-AZRTOS-WL.pdsc
2023-10-26 19:34:40,824 [WARN] MainUpdater:1189 - Updater busy. Cannot search thirdparties
2023-10-26 19:34:40,827 [INFO] ThirdPartyUpdaterWithRetryManager:96 - Updater plugin is busy. [6/15]
2023-10-26 19:34:40,829 [INFO] ServerAccessManage:473 - Download File wolfSSL.I-CUBE-wolfSSL.pdsc
2023-10-26 19:34:42,957 [ERROR] ServerAccessManage:1089 - Problem, file not found on Server
2023-10-26 19:34:43,260 [ERROR] ServerAccessManage:1089 - Problem, file not found on Server
2023-10-26 19:34:43,612 [ERROR] ServerAccessManage:1089 - Problem, file not found on Server
2023-10-26 19:34:43,828 [WARN] MainUpdater:1189 - Updater busy. Cannot search thirdparties
2023-10-26 19:34:43,828 [INFO] ThirdPartyUpdaterWithRetryManager:96 - Updater plugin is busy. [7/15]
2023-10-26 19:34:43,979 [ERROR] ServerAccessManage:1096 - Problem, Http access forbiden
2023-10-26 19:34:43,981 [ERROR] ServerAccessManage:651 - Problem, Http access forbiden : RoweBots.I-CUBE-UNISONRTOS.pdsc.
2023-10-26 19:34:44,444 [ERROR] ServerAccessManage:1172 - Problem during Server Connection :  IO error PKIX path building failed: sun.security.provider.certpath.SunCertPathBuilderException: unable to find valid certification path to requested target
2023-10-26 19:34:44,445 [ERROR] ServerAccessManage:651 - Problem during Server Connection :  : SEGGER.I-CUBE-embOS.pdsc.
2023-10-26 19:34:45,353 [INFO] ServerAccessManage:473 - Download File portGmbH.I-Cube-SoM-uGOAL.pdsc
2023-10-26 19:34:46,833 [WARN] MainUpdater:1189 - Updater busy. Cannot search thirdparties
2023-10-26 19:34:46,834 [INFO] ThirdPartyUpdaterWithRetryManager:96 - Updater plugin is busy. [8/15]
2023-10-26 19:34:46,846 [ERROR] ServerAccessManage:1089 - Problem, file not found on Server
2023-10-26 19:34:46,994 [ERROR] ServerAccessManage:1089 - Problem, file not found on Server
2023-10-26 19:34:47,141 [ERROR] ServerAccessManage:1089 - Problem, file not found on Server
2023-10-26 19:34:47,975 [INFO] ServerAccessManage:473 - Download File emotas.I-CUBE-CANOPEN.pdsc
2023-10-26 19:34:48,885 [INFO] ServerAccessManage:473 - Download File WES.I-CUBE-Cesium.pdsc
2023-10-26 19:34:49,631 [ERROR] ServerAccessManage:1089 - Problem, file not found on Server
2023-10-26 19:34:49,839 [WARN] MainUpdater:1189 - Updater busy. Cannot search thirdparties
2023-10-26 19:34:49,840 [INFO] ThirdPartyUpdaterWithRetryManager:96 - Updater plugin is busy. [9/15]
2023-10-26 19:34:49,967 [ERROR] ServerAccessManage:1089 - Problem, file not found on Server
2023-10-26 19:34:50,357 [INFO] ServerAccessManage:473 - Download File ITTIA_DB.I-CUBE-ITTIADB.pdsc
2023-10-26 19:34:51,218 [ERROR] LogOutputStream:75 - [STDERR_REDIRECT] SLF4J: Failed to load class "org.slf4j.impl.StaticLoggerBinder".
2023-10-26 19:34:51,219 [ERROR] LogOutputStream:75 - [STDERR_REDIRECT] SLF4J: Defaulting to no-operation (NOP) logger implementation
2023-10-26 19:34:51,219 [ERROR] LogOutputStream:75 - [STDERR_REDIRECT] SLF4J: See http://www.slf4j.org/codes.html#StaticLoggerBinder for further details.
2023-10-26 19:34:51,704 [INFO] ServerAccessManage:473 - Download File Infineon.AIROC-Wi-Fi-Bluetooth-STM32.pdsc
2023-10-26 19:34:52,751 [WARN] PackLoader:240 - Cannot read IP mode file for STMicroelectronics.X-CUBE-EEPRMA1.4.2.0
2023-10-26 19:34:52,830 [WARN] PackLoader:240 - Cannot read IP mode file for STMicroelectronics.X-CUBE-SFXS2LP1.4.0.0
2023-10-26 19:34:52,844 [WARN] MainUpdater:1189 - Updater busy. Cannot search thirdparties
2023-10-26 19:34:52,844 [INFO] ThirdPartyUpdaterWithRetryManager:96 - Updater plugin is busy. [10/15]
2023-10-26 19:34:52,898 [WARN] PackLoader:240 - Cannot read IP mode file for STMicroelectronics.X-CUBE-SUBG2.5.0.0
2023-10-26 19:34:52,930 [WARN] PackLoader:240 - Cannot read IP mode file for STMicroelectronics.X-CUBE-SMBUS.2.1.0
2023-10-26 19:34:52,934 [INFO] CheckServerUpdateThread:120 - End of CheckServer Thread
2023-10-26 19:34:52,962 [WARN] PackLoader:240 - Cannot read IP mode file for STMicroelectronics.X-CUBE-TOF1.3.3.1
2023-10-26 19:34:53,009 [WARN] PackLoader:240 - Cannot read IP mode file for STMicroelectronics.X-CUBE-TOUCHGFX.4.22.1
2023-10-26 19:34:53,019 [WARN] PackLoader:240 - Cannot read IP mode file for STMicroelectronics.X-CUBE-ALGOBUILD.1.3.0
2023-10-26 19:34:53,091 [WARN] ConditionMgr:438 - getConditionDescription Invalid condition id : UX DEVICE CLASS RTOS Condition cause : null
2023-10-26 19:34:53,092 [WARN] ConditionMgr:438 - getConditionDescription Invalid condition id : UX DEVICE CLASS RTOS Condition cause : null
2023-10-26 19:34:53,104 [WARN] PackLoader:240 - Cannot read IP mode file for STMicroelectronics.X-CUBE-AZRTOS-H7.3.1.0
2023-10-26 19:34:53,148 [WARN] ConditionMgr:1039 - genDependencies : Invalid condition id : UX DEVICE CLASS RTOS Condition cause : null
2023-10-26 19:34:53,150 [WARN] ConditionMgr:1039 - genDependencies : Invalid condition id : UX DEVICE CLASS RTOS Condition cause : null
2023-10-26 19:34:53,152 [WARN] ConditionMgr:1039 - genDependencies : Invalid condition id : UX DEVICE CLASS RTOS Condition cause : null
2023-10-26 19:34:53,153 [WARN] ConditionMgr:1039 - genDependencies : Invalid condition id : UX DEVICE CLASS RTOS Condition cause : null
2023-10-26 19:34:53,153 [WARN] ConditionMgr:1039 - genDependencies : Invalid condition id : UX DEVICE CLASS RTOS Condition cause : null
2023-10-26 19:34:53,229 [WARN] PackLoader:240 - Cannot read IP mode file for STMicroelectronics.X-CUBE-AZRTOS-F4.1.1.0
2023-10-26 19:34:53,272 [WARN] PackLoader:240 - Cannot read IP mode file for STMicroelectronics.X-CUBE-AZRTOS-F7.1.1.0
2023-10-26 19:34:53,327 [WARN] ConditionMgr:438 - getConditionDescription Invalid condition id : LAN8742 Phy interface Condition cause : null
2023-10-26 19:34:53,332 [WARN] PackLoader:240 - Cannot read IP mode file for STMicroelectronics.X-CUBE-AZRTOS-L4.2.0.0
2023-10-26 19:34:53,334 [WARN] ConditionMgr:1039 - genDependencies : Invalid condition id : LAN8742 Phy interface Condition cause : null
2023-10-26 19:34:53,335 [WARN] ConditionMgr:1039 - genDependencies : Invalid condition id : LAN8742 Phy interface Condition cause : null
2023-10-26 19:34:53,336 [WARN] ConditionMgr:1039 - genDependencies : Invalid condition id : LAN8742 Phy interface Condition cause : null
2023-10-26 19:34:53,375 [WARN] PackLoader:240 - Cannot read IP mode file for STMicroelectronics.X-CUBE-AZRTOS-L5.2.0.0
2023-10-26 19:34:53,427 [WARN] PackLoader:240 - Cannot read IP mode file for STMicroelectronics.X-CUBE-AZRTOS-G0.1.1.0
2023-10-26 19:34:53,453 [WARN] PackLoader:240 - Cannot read IP mode file for STMicroelectronics.X-CUBE-AZRTOS-G4.2.0.0
2023-10-26 19:34:53,468 [WARN] ConditionMgr:438 - getConditionDescription Invalid condition id : UX DEVICE CLASS RTOS Condition cause : null
2023-10-26 19:34:53,468 [WARN] ConditionMgr:438 - getConditionDescription Invalid condition id : UX DEVICE CLASS RTOS Condition cause : null
2023-10-26 19:34:53,472 [WARN] PackLoader:240 - Cannot read IP mode file for STMicroelectronics.X-CUBE-AZRTOS-WB.2.0.0
2023-10-26 19:34:53,473 [WARN] ConditionMgr:1039 - genDependencies : Invalid condition id : UX DEVICE CLASS RTOS Condition cause : null
2023-10-26 19:34:53,473 [WARN] ConditionMgr:1039 - genDependencies : Invalid condition id : UX DEVICE CLASS RTOS Condition cause : null
2023-10-26 19:34:53,473 [WARN] ConditionMgr:1039 - genDependencies : Invalid condition id : UX DEVICE CLASS RTOS Condition cause : null
2023-10-26 19:34:53,474 [WARN] ConditionMgr:1039 - genDependencies : Invalid condition id : UX DEVICE CLASS RTOS Condition cause : null
2023-10-26 19:34:53,474 [WARN] ConditionMgr:1039 - genDependencies : Invalid condition id : UX DEVICE CLASS RTOS Condition cause : null
2023-10-26 19:34:53,486 [INFO] LogOutputStream:77 - [STDOUT_REDIRECT] 1 : Invalid condition id : UX_CORESTACK_Condition cause : null
2023-10-26 19:34:53,487 [INFO] LogOutputStream:77 - [STDOUT_REDIRECT] 1 : Invalid condition id : UX_CORESTACK_Condition cause : null
2023-10-26 19:34:53,487 [INFO] LogOutputStream:77 - [STDOUT_REDIRECT] 1 : Invalid condition id : UX_CORESTACK_Condition cause : null
2023-10-26 19:34:53,487 [INFO] LogOutputStream:77 - [STDOUT_REDIRECT] 1 : Invalid condition id : UX_CORESTACK_Condition cause : null
2023-10-26 19:34:53,487 [INFO] LogOutputStream:77 - [STDOUT_REDIRECT] 1 : Invalid condition id : UX_CORESTACK_Condition cause : null
2023-10-26 19:34:53,493 [WARN] PackLoader:240 - Cannot read IP mode file for STMicroelectronics.X-CUBE-AZRTOS-WL.2.0.0
2023-10-26 19:34:53,499 [WARN] PackLoader:240 - Cannot read IP mode file for wolfSSL.I-CUBE-wolfSSL.5.6.3
2023-10-26 19:34:53,507 [WARN] PackLoader:240 - Cannot read IP mode file for portGmbH.I-Cube-SoM-uGOAL.1.1.0
2023-10-26 19:34:53,522 [WARN] PackLoader:240 - Cannot read IP mode file for emotas.I-CUBE-CANOPEN.1.3.0
2023-10-26 19:34:53,532 [WARN] PackLoader:240 - Cannot read IP mode file for WES.I-CUBE-Cesium.1.3.0
2023-10-26 19:34:53,542 [WARN] PackLoader:240 - Cannot read IP mode file for ITTIA_DB.I-CUBE-ITTIADB.8.8.0
2023-10-26 19:34:53,557 [WARN] PackLoader:240 - Cannot read IP mode file for Infineon.AIROC-Wi-Fi-Bluetooth-STM32.1.5.1
2023-10-26 19:34:53,564 [INFO] PopulateThirdPartyThread:66 - Ending populate Thread
2023-10-26 19:34:53,567 [INFO] ThirdParty:1030 - CMSIS Pack Vendor :STMicroelectronics X-CUBE-ALGOBUILD 1.3.0
2023-10-26 19:34:53,568 [INFO] ThirdParty:1030 - CMSIS Pack Vendor :STMicroelectronics X-CUBE-AZRTOS-WL 2.0.0
2023-10-26 19:34:53,568 [INFO] ThirdParty:1030 - CMSIS Pack Vendor :STMicroelectronics X-CUBE-AZRTOS-F4 1.1.0
2023-10-26 19:34:53,568 [INFO] ThirdParty:1030 - CMSIS Pack Vendor :wolfSSL I-CUBE-wolfSSL 5.6.3
2023-10-26 19:34:53,568 [INFO] ThirdParty:1030 - CMSIS Pack Vendor :STMicroelectronics X-CUBE-AZRTOS-G0 1.1.0
2023-10-26 19:34:53,568 [INFO] ThirdParty:1030 - CMSIS Pack Vendor :STMicroelectronics X-CUBE-SMBUS 2.1.0
2023-10-26 19:34:53,568 [INFO] ThirdParty:1030 - CMSIS Pack Vendor :STMicroelectronics X-CUBE-SUBG2 5.0.0
2023-10-26 19:34:53,568 [INFO] ThirdParty:1030 - CMSIS Pack Vendor :STMicroelectronics X-CUBE-AZRTOS-L4 2.0.0
2023-10-26 19:34:53,568 [INFO] ThirdParty:1030 - CMSIS Pack Vendor :STMicroelectronics X-CUBE-AZRTOS-WB 2.0.0
2023-10-26 19:34:53,568 [INFO] ThirdParty:1030 - CMSIS Pack Vendor :emotas I-CUBE-CANOPEN 1.3.0
2023-10-26 19:34:53,568 [INFO] ThirdParty:1030 - CMSIS Pack Vendor :WES I-CUBE-Cesium 1.3.0
2023-10-26 19:34:53,568 [INFO] ThirdParty:1030 - CMSIS Pack Vendor :STMicroelectronics X-CUBE-SFXS2LP1 4.0.0
2023-10-26 19:34:53,568 [INFO] ThirdParty:1030 - CMSIS Pack Vendor :STMicroelectronics X-CUBE-TOUCHGFX 4.22.1
2023-10-26 19:34:53,568 [INFO] ThirdParty:1030 - CMSIS Pack Vendor :STMicroelectronics X-CUBE-TOF1 3.3.1
2023-10-26 19:34:53,568 [INFO] ThirdParty:1030 - CMSIS Pack Vendor :STMicroelectronics X-CUBE-AZRTOS-F7 1.1.0
2023-10-26 19:34:53,568 [INFO] ThirdParty:1030 - CMSIS Pack Vendor :STMicroelectronics X-CUBE-AZRTOS-L5 2.0.0
2023-10-26 19:34:53,568 [INFO] ThirdParty:1030 - CMSIS Pack Vendor :STMicroelectronics X-CUBE-AZRTOS-G4 2.0.0
2023-10-26 19:34:53,568 [INFO] ThirdParty:1030 - CMSIS Pack Vendor :STMicroelectronics X-CUBE-AZRTOS-H7 3.1.0
2023-10-26 19:34:53,568 [INFO] ThirdParty:1030 - CMSIS Pack Vendor :portGmbH I-Cube-SoM-uGOAL 1.1.0
2023-10-26 19:34:53,568 [INFO] ThirdParty:1030 - CMSIS Pack Vendor :Infineon AIROC-Wi-Fi-Bluetooth-STM32 1.5.1
2023-10-26 19:34:53,568 [INFO] ThirdParty:1030 - CMSIS Pack Vendor :STMicroelectronics X-CUBE-EEPRMA1 4.2.0
2023-10-26 19:34:53,568 [INFO] ThirdParty:1030 - CMSIS Pack Vendor :ITTIA_DB I-CUBE-ITTIADB 8.8.0
2023-10-26 19:34:53,568 [INFO] LoadServerUpdatesThread:373 - End of LoadServerUpdate Thread
2023-10-26 19:34:55,938 [WARN] PackLoader:240 - Cannot read IP mode file for STMicroelectronics.X-CUBE-SMBUS.2.1.0
2023-10-26 19:34:55,975 [WARN] PackLoader:240 - Cannot read IP mode file for STMicroelectronics.X-CUBE-AZRTOS-F7.1.1.0
2023-10-26 19:34:55,994 [WARN] PackLoader:240 - Cannot read IP mode file for STMicroelectronics.FP-SNS-MOTENV1.4.3.2
2023-10-26 19:34:55,999 [WARN] PackLoader:240 - Cannot read IP mode file for STMicroelectronics.FP-SNS-FLIGHT1.5.0.2
2023-10-26 19:34:56,011 [WARN] PackLoader:240 - Cannot read IP mode file for STMicroelectronics.X-CUBE-DISPLAY.3.0.0
2023-10-26 19:34:56,029 [WARN] PackLoader:240 - Cannot read IP mode file for STMicroelectronics.X-CUBE-BLE1.7.0.0
2023-10-26 19:34:56,041 [WARN] PackLoader:240 - Cannot read IP mode file for emotas.I-CUBE-CANOPEN.1.3.0
2023-10-26 19:34:56,048 [WARN] PackLoader:240 - Cannot read IP mode file for STMicroelectronics.X-CUBE-TOUCHGFX.4.22.1
2023-10-26 19:34:56,058 [INFO] LogOutputStream:77 - [STDOUT_REDIRECT] 1 : Invalid condition id : UX_CORESTACK_Condition cause : null
2023-10-26 19:34:56,059 [INFO] LogOutputStream:77 - [STDOUT_REDIRECT] 1 : Invalid condition id : UX_CORESTACK_Condition cause : null
2023-10-26 19:34:56,060 [INFO] LogOutputStream:77 - [STDOUT_REDIRECT] 1 : Invalid condition id : UX_CORESTACK_Condition cause : null
2023-10-26 19:34:56,060 [INFO] LogOutputStream:77 - [STDOUT_REDIRECT] 1 : Invalid condition id : UX_CORESTACK_Condition cause : null
2023-10-26 19:34:56,061 [INFO] LogOutputStream:77 - [STDOUT_REDIRECT] 1 : Invalid condition id : UX_CORESTACK_Condition cause : null
2023-10-26 19:34:56,067 [WARN] PackLoader:240 - Cannot read IP mode file for STMicroelectronics.X-CUBE-AZRTOS-WL.2.0.0
2023-10-26 19:34:56,074 [WARN] PackLoader:240 - Cannot read IP mode file for WES.I-CUBE-Cesium.1.3.0
2023-10-26 19:34:56,080 [WARN] PackLoader:240 - Cannot read IP mode file for STMicroelectronics.X-CUBE-BLE2.3.3.0
2023-10-26 19:34:56,086 [WARN] PackLoader:240 - Cannot read IP mode file for STMicroelectronics.X-CUBE-ALGOBUILD.1.3.0
2023-10-26 19:34:56,101 [WARN] PackLoader:240 - Cannot read IP mode file for STMicroelectronics.X-CUBE-AZRTOS-G0.1.1.0
2023-10-26 19:34:56,109 [WARN] PackLoader:240 - Cannot read IP mode file for STMicroelectronics.X-CUBE-NFC4.3.0.0
2023-10-26 19:34:56,114 [WARN] PackLoader:240 - Cannot read IP mode file for STMicroelectronics.FP-ATR-SIGFOX1.3.2.0
2023-10-26 19:34:56,121 [WARN] PackLoader:240 - Cannot read IP mode file for STMicroelectronics.X-CUBE-GNSS1.6.0.0
2023-10-26 19:34:56,145 [WARN] PackLoader:240 - Cannot read IP mode file for STMicroelectronics.X-CUBE-AZRTOS-F4.1.1.0
2023-10-26 19:34:56,153 [WARN] PackLoader:240 - Cannot read IP mode file for wolfSSL.I-CUBE-wolfSSL.5.6.3
2023-10-26 19:34:56,173 [WARN] PackLoader:240 - Cannot read IP mode file for STMicroelectronics.X-CUBE-AZRTOS-L5.2.0.0
2023-10-26 19:34:56,180 [WARN] PackLoader:240 - Cannot read IP mode file for STMicroelectronics.X-CUBE-EEPRMA1.4.2.0
2023-10-26 19:34:56,184 [WARN] PackLoader:240 - Cannot read IP mode file for ITTIA_DB.I-CUBE-ITTIADB.8.8.0
2023-10-26 19:34:56,194 [WARN] PackLoader:240 - Cannot read IP mode file for STMicroelectronics.X-CUBE-BLEMGR.2.0.0
2023-10-26 19:34:56,216 [WARN] ConditionMgr:438 - getConditionDescription Invalid condition id : UX DEVICE CLASS RTOS Condition cause : null
2023-10-26 19:34:56,216 [WARN] ConditionMgr:438 - getConditionDescription Invalid condition id : UX DEVICE CLASS RTOS Condition cause : null
2023-10-26 19:34:56,222 [WARN] PackLoader:240 - Cannot read IP mode file for STMicroelectronics.X-CUBE-AZRTOS-H7.3.1.0
2023-10-26 19:34:56,225 [WARN] ConditionMgr:1039 - genDependencies : Invalid condition id : UX DEVICE CLASS RTOS Condition cause : null
2023-10-26 19:34:56,226 [WARN] ConditionMgr:1039 - genDependencies : Invalid condition id : UX DEVICE CLASS RTOS Condition cause : null
2023-10-26 19:34:56,227 [WARN] ConditionMgr:1039 - genDependencies : Invalid condition id : UX DEVICE CLASS RTOS Condition cause : null
2023-10-26 19:34:56,227 [WARN] ConditionMgr:1039 - genDependencies : Invalid condition id : UX DEVICE CLASS RTOS Condition cause : null
2023-10-26 19:34:56,227 [WARN] ConditionMgr:1039 - genDependencies : Invalid condition id : UX DEVICE CLASS RTOS Condition cause : null
2023-10-26 19:34:56,242 [WARN] PackLoader:240 - Cannot read IP mode file for STMicroelectronics.X-CUBE-NFC7.1.0.1
2023-10-26 19:34:56,259 [WARN] PackLoader:240 - Cannot read IP mode file for STMicroelectronics.X-CUBE-EEPRMA1.4.1.0
2023-10-26 19:34:56,264 [WARN] PackLoader:240 - Cannot read IP mode file for STMicroelectronics.X-CUBE-AI.8.1.0
2023-10-26 19:34:56,283 [WARN] ConditionMgr:438 - getConditionDescription Invalid condition id : LAN8742 Phy interface Condition cause : null
2023-10-26 19:34:56,284 [WARN] PackLoader:240 - Cannot read IP mode file for STMicroelectronics.X-CUBE-AZRTOS-L4.2.0.0
2023-10-26 19:34:56,287 [WARN] ConditionMgr:1039 - genDependencies : Invalid condition id : LAN8742 Phy interface Condition cause : null
2023-10-26 19:34:56,287 [WARN] ConditionMgr:1039 - genDependencies : Invalid condition id : LAN8742 Phy interface Condition cause : null
2023-10-26 19:34:56,288 [WARN] ConditionMgr:1039 - genDependencies : Invalid condition id : LAN8742 Phy interface Condition cause : null
2023-10-26 19:34:56,296 [WARN] PackLoader:240 - Cannot read IP mode file for STMicroelectronics.X-CUBE-SFXS2LP1.4.0.0
2023-10-26 19:34:56,302 [WARN] PackLoader:240 - Cannot read IP mode file for STMicroelectronics.X-CUBE-ISPU.1.1.0
2023-10-26 19:34:56,313 [WARN] ConditionMgr:438 - getConditionDescription Invalid condition id : UX DEVICE CLASS RTOS Condition cause : null
2023-10-26 19:34:56,314 [WARN] ConditionMgr:438 - getConditionDescription Invalid condition id : UX DEVICE CLASS RTOS Condition cause : null
2023-10-26 19:34:56,317 [WARN] PackLoader:240 - Cannot read IP mode file for STMicroelectronics.X-CUBE-AZRTOS-WB.2.0.0
2023-10-26 19:34:56,318 [WARN] ConditionMgr:1039 - genDependencies : Invalid condition id : UX DEVICE CLASS RTOS Condition cause : null
2023-10-26 19:34:56,318 [WARN] ConditionMgr:1039 - genDependencies : Invalid condition id : UX DEVICE CLASS RTOS Condition cause : null
2023-10-26 19:34:56,319 [WARN] ConditionMgr:1039 - genDependencies : Invalid condition id : UX DEVICE CLASS RTOS Condition cause : null
2023-10-26 19:34:56,319 [WARN] ConditionMgr:1039 - genDependencies : Invalid condition id : UX DEVICE CLASS RTOS Condition cause : null
2023-10-26 19:34:56,320 [WARN] ConditionMgr:1039 - genDependencies : Invalid condition id : UX DEVICE CLASS RTOS Condition cause : null
2023-10-26 19:34:56,331 [WARN] PackLoader:240 - Cannot read IP mode file for STMicroelectronics.X-CUBE-SUBG2.5.0.0
2023-10-26 19:34:56,349 [WARN] PackLoader:240 - Cannot read IP mode file for STMicroelectronics.X-CUBE-TOF1.3.3.1
2023-10-26 19:34:56,381 [WARN] PackLoader:240 - Cannot read IP mode file for STMicroelectronics.X-CUBE-AZRTOS-G4.2.0.0
2023-10-26 19:34:56,399 [WARN] PackLoader:240 - Cannot read IP mode file for Infineon.AIROC-Wi-Fi-Bluetooth-STM32.1.5.1
2023-10-26 19:34:56,414 [WARN] PackLoader:240 - Cannot read IP mode file for STMicroelectronics.X-CUBE-FREERTOS.1.1.0
2023-10-26 19:34:56,422 [WARN] PackLoader:240 - Cannot read IP mode file for portGmbH.I-Cube-SoM-uGOAL.1.1.0
2023-10-26 19:34:56,428 [WARN] PackLoader:240 - Cannot read IP mode file for STMicroelectronics.X-CUBE-ALS.1.0.1
2023-10-26 19:34:56,431 [WARN] PackLoader:240 - Cannot read IP mode file for STMicroelectronics.FP-ATR-ASTRA1.2.0.0
2023-10-26 19:34:56,432 [INFO] ThirdParty:978 - Integrity check success = true
2023-10-26 19:34:56,432 [INFO] IntegrityCheckThread:100 - exiting critical section [integrity check]
2023-10-26 19:34:56,432 [INFO] IntegrityCheckThread:103 - End integrity checks thread
